2024-03-30 07:26:56,428 - MMSA [INFO] - train samples: (16326,)
2024-03-30 07:27:01,711 - MMSA [INFO] - valid samples: (1871,)
2024-03-30 07:27:06,820 - MMSA [INFO] - test samples: (4659,)
2024-04-01 13:46:20,305 - MMSA [INFO] - train samples: (16326,)
2024-04-01 13:46:21,779 - MMSA [INFO] - valid samples: (1871,)
2024-04-01 13:46:23,123 - MMSA [INFO] - test samples: (4659,)
2024-04-01 14:31:57,684 - MMSA [INFO] - train samples: (16326,)
2024-04-01 14:31:59,031 - MMSA [INFO] - valid samples: (1871,)
2024-04-01 14:32:00,361 - MMSA [INFO] - test samples: (4659,)
2024-04-01 14:37:03,956 - MMSA [INFO] - TRAIN-(dicmor) [1/1/1] >> loss: 4.195  Acc_2: 0.9594  F1_score: 0.9592  Acc_7: 0.9177  MAE: 0.1460 
2024-04-01 14:37:13,915 - MMSA [INFO] - VAL-(dicmor) >>  Acc_2: 0.8199  F1_score: 0.8172  Acc_7: 0.5249  MAE: 0.5584  Loss: 0.5584 
2024-04-01 14:37:38,888 - MMSA [INFO] - TEST-(dicmor) >>  Acc_2: 0.8261  F1_score: 0.8257  Acc_7: 0.5179  MAE: 0.5628  Loss: 0.5625 
2024-04-01 14:42:39,810 - MMSA [INFO] - TRAIN-(dicmor) [1/2/1] >> loss: 3.5608  Acc_2: 0.9558  F1_score: 0.9555  Acc_7: 0.9149  MAE: 0.1544 
2024-04-01 14:42:50,035 - MMSA [INFO] - VAL-(dicmor) >>  Acc_2: 0.8268  F1_score: 0.8226  Acc_7: 0.5152  MAE: 0.5550  Loss: 0.5548 
2024-04-01 14:43:14,966 - MMSA [INFO] - TEST-(dicmor) >>  Acc_2: 0.8302  F1_score: 0.8271  Acc_7: 0.5106  MAE: 0.5733  Loss: 0.5738 
2024-04-01 14:48:24,830 - MMSA [INFO] - TRAIN-(dicmor) [1/3/1] >> loss: 3.5425  Acc_2: 0.9580  F1_score: 0.9578  Acc_7: 0.9198  MAE: 0.1469 
2024-04-01 14:48:36,452 - MMSA [INFO] - VAL-(dicmor) >>  Acc_2: 0.8317  F1_score: 0.8302  Acc_7: 0.5206  MAE: 0.5460  Loss: 0.5461 
2024-04-01 14:49:02,622 - MMSA [INFO] - TEST-(dicmor) >>  Acc_2: 0.8316  F1_score: 0.8300  Acc_7: 0.5119  MAE: 0.5694  Loss: 0.5697 
2024-04-01 14:54:14,580 - MMSA [INFO] - TRAIN-(dicmor) [1/4/1] >> loss: 3.3016  Acc_2: 0.9644  F1_score: 0.9641  Acc_7: 0.9217  MAE: 0.1427 
2024-04-01 14:54:26,158 - MMSA [INFO] - VAL-(dicmor) >>  Acc_2: 0.8275  F1_score: 0.8246  Acc_7: 0.5265  MAE: 0.5634  Loss: 0.5633 
2024-04-01 14:54:52,419 - MMSA [INFO] - TEST-(dicmor) >>  Acc_2: 0.8324  F1_score: 0.8303  Acc_7: 0.5188  MAE: 0.5724  Loss: 0.5734 
2024-04-01 15:00:05,649 - MMSA [INFO] - TRAIN-(dicmor) [2/5/1] >> loss: 3.0062  Acc_2: 0.9600  F1_score: 0.9597  Acc_7: 0.9212  MAE: 0.1445 
2024-04-01 15:00:17,546 - MMSA [INFO] - VAL-(dicmor) >>  Acc_2: 0.8317  F1_score: 0.8300  Acc_7: 0.5307  MAE: 0.5458  Loss: 0.5458 
2024-04-01 15:00:43,556 - MMSA [INFO] - TEST-(dicmor) >>  Acc_2: 0.8302  F1_score: 0.8289  Acc_7: 0.5194  MAE: 0.5684  Loss: 0.5674 
2024-04-01 15:05:59,408 - MMSA [INFO] - TRAIN-(dicmor) [1/6/1] >> loss: 2.9384  Acc_2: 0.9611  F1_score: 0.9607  Acc_7: 0.9226  MAE: 0.1434 
2024-04-01 15:06:11,177 - MMSA [INFO] - VAL-(dicmor) >>  Acc_2: 0.8255  F1_score: 0.8231  Acc_7: 0.5110  MAE: 0.5638  Loss: 0.5637 
2024-04-01 15:06:37,635 - MMSA [INFO] - TEST-(dicmor) >>  Acc_2: 0.8343  F1_score: 0.8333  Acc_7: 0.5194  MAE: 0.5601  Loss: 0.5601 
2024-04-01 15:11:50,561 - MMSA [INFO] - TRAIN-(dicmor) [2/7/1] >> loss: 2.7526  Acc_2: 0.9640  F1_score: 0.9638  Acc_7: 0.9256  MAE: 0.1383 
2024-04-01 15:12:02,351 - MMSA [INFO] - VAL-(dicmor) >>  Acc_2: 0.8282  F1_score: 0.8256  Acc_7: 0.5136  MAE: 0.5583  Loss: 0.5583 
2024-04-01 15:12:28,724 - MMSA [INFO] - TEST-(dicmor) >>  Acc_2: 0.8266  F1_score: 0.8245  Acc_7: 0.5111  MAE: 0.5725  Loss: 0.5716 
2024-04-01 15:17:42,578 - MMSA [INFO] - TRAIN-(dicmor) [3/8/1] >> loss: 2.6029  Acc_2: 0.9651  F1_score: 0.9649  Acc_7: 0.9255  MAE: 0.1354 
2024-04-01 15:17:54,645 - MMSA [INFO] - VAL-(dicmor) >>  Acc_2: 0.8206  F1_score: 0.8184  Acc_7: 0.5190  MAE: 0.5612  Loss: 0.5613 
2024-04-01 15:18:21,156 - MMSA [INFO] - TEST-(dicmor) >>  Acc_2: 0.8258  F1_score: 0.8244  Acc_7: 0.5160  MAE: 0.5693  Loss: 0.5690 
2024-04-01 15:23:32,293 - MMSA [INFO] - TRAIN-(dicmor) [4/9/1] >> loss: 2.4877  Acc_2: 0.9585  F1_score: 0.9582  Acc_7: 0.9190  MAE: 0.1474 
2024-04-01 15:23:44,429 - MMSA [INFO] - VAL-(dicmor) >>  Acc_2: 0.8282  F1_score: 0.8252  Acc_7: 0.5243  MAE: 0.5486  Loss: 0.5485 
2024-04-01 15:24:11,416 - MMSA [INFO] - TEST-(dicmor) >>  Acc_2: 0.8288  F1_score: 0.8263  Acc_7: 0.5145  MAE: 0.5708  Loss: 0.5695 
2024-04-01 15:29:24,990 - MMSA [INFO] - TRAIN-(dicmor) [5/10/1] >> loss: 2.3494  Acc_2: 0.9591  F1_score: 0.9587  Acc_7: 0.9208  MAE: 0.1455 
2024-04-01 15:29:37,092 - MMSA [INFO] - VAL-(dicmor) >>  Acc_2: 0.8261  F1_score: 0.8243  Acc_7: 0.5265  MAE: 0.5570  Loss: 0.5569 
2024-04-01 15:30:04,143 - MMSA [INFO] - TEST-(dicmor) >>  Acc_2: 0.8211  F1_score: 0.8191  Acc_7: 0.5147  MAE: 0.5711  Loss: 0.5707 
2024-04-01 15:35:16,677 - MMSA [INFO] - TRAIN-(dicmor) [6/11/1] >> loss: 2.2411  Acc_2: 0.9625  F1_score: 0.9622  Acc_7: 0.9253  MAE: 0.1379 
2024-04-01 15:35:28,714 - MMSA [INFO] - VAL-(dicmor) >>  Acc_2: 0.8234  F1_score: 0.8195  Acc_7: 0.4965  MAE: 0.5682  Loss: 0.5680 
2024-04-01 15:35:54,770 - MMSA [INFO] - TEST-(dicmor) >>  Acc_2: 0.8283  F1_score: 0.8258  Acc_7: 0.5091  MAE: 0.5746  Loss: 0.5755 
2024-04-01 15:41:09,089 - MMSA [INFO] - TRAIN-(dicmor) [7/12/1] >> loss: 2.1282  Acc_2: 0.9650  F1_score: 0.9647  Acc_7: 0.9263  MAE: 0.1365 
2024-04-01 15:41:21,234 - MMSA [INFO] - VAL-(dicmor) >>  Acc_2: 0.8206  F1_score: 0.8169  Acc_7: 0.5195  MAE: 0.5584  Loss: 0.5583 
2024-04-01 15:41:47,655 - MMSA [INFO] - TEST-(dicmor) >>  Acc_2: 0.8343  F1_score: 0.8327  Acc_7: 0.5171  MAE: 0.5569  Loss: 0.5563 
2024-04-01 15:47:03,136 - MMSA [INFO] - TRAIN-(dicmor) [8/13/1] >> loss: 2.0796  Acc_2: 0.9562  F1_score: 0.9559  Acc_7: 0.9196  MAE: 0.1447 
2024-04-01 15:47:15,260 - MMSA [INFO] - VAL-(dicmor) >>  Acc_2: 0.8317  F1_score: 0.8282  Acc_7: 0.5275  MAE: 0.5513  Loss: 0.5514 
2024-04-01 15:47:42,160 - MMSA [INFO] - TEST-(dicmor) >>  Acc_2: 0.8253  F1_score: 0.8226  Acc_7: 0.5132  MAE: 0.5700  Loss: 0.5700 
2024-04-01 15:52:57,963 - MMSA [INFO] - TRAIN-(dicmor) [9/14/1] >> loss: 2.0241  Acc_2: 0.9606  F1_score: 0.9602  Acc_7: 0.9210  MAE: 0.1441 
2024-04-01 15:53:10,163 - MMSA [INFO] - VAL-(dicmor) >>  Acc_2: 0.8310  F1_score: 0.8282  Acc_7: 0.5216  MAE: 0.5523  Loss: 0.5525 
2024-04-01 15:53:37,056 - MMSA [INFO] - TEST-(dicmor) >>  Acc_2: 0.8316  F1_score: 0.8290  Acc_7: 0.5168  MAE: 0.5690  Loss: 0.5684 
2024-04-01 15:58:52,785 - MMSA [INFO] - TRAIN-(dicmor) [10/15/1] >> loss: 1.9711  Acc_2: 0.9610  F1_score: 0.9605  Acc_7: 0.9226  MAE: 0.1407 
2024-04-01 15:59:04,991 - MMSA [INFO] - VAL-(dicmor) >>  Acc_2: 0.8164  F1_score: 0.8119  Acc_7: 0.5147  MAE: 0.5673  Loss: 0.5673 
2024-04-01 15:59:31,893 - MMSA [INFO] - TEST-(dicmor) >>  Acc_2: 0.8283  F1_score: 0.8259  Acc_7: 0.5128  MAE: 0.5744  Loss: 0.5742 
2024-04-01 15:59:59,553 - MMSA [INFO] - TEST-(dicmor) >>  Acc_2: 0.8277  F1_score: 0.8258  Acc_7: 0.5162  MAE: 0.5651  Loss: 0.5668 
2024-04-01 16:00:02,015 - MMSA [INFO] - train samples: (16326,)
2024-04-01 16:00:03,454 - MMSA [INFO] - valid samples: (1871,)
2024-04-01 16:00:04,875 - MMSA [INFO] - test samples: (4659,)
2024-04-01 16:05:09,346 - MMSA [INFO] - TRAIN-(dicmor) [1/1/2] >> loss: 4.2045  Acc_2: 0.9602  F1_score: 0.9600  Acc_7: 0.9191  MAE: 0.1437 
2024-04-01 16:05:21,073 - MMSA [INFO] - VAL-(dicmor) >>  Acc_2: 0.8303  F1_score: 0.8281  Acc_7: 0.5195  MAE: 0.5558  Loss: 0.5558 
2024-04-01 16:05:47,398 - MMSA [INFO] - TEST-(dicmor) >>  Acc_2: 0.8280  F1_score: 0.8267  Acc_7: 0.5102  MAE: 0.5749  Loss: 0.5748 
2024-04-01 16:11:03,379 - MMSA [INFO] - TRAIN-(dicmor) [1/2/2] >> loss: 4.1059  Acc_2: 0.9606  F1_score: 0.9603  Acc_7: 0.9199  MAE: 0.1446 
2024-04-01 16:11:15,157 - MMSA [INFO] - VAL-(dicmor) >>  Acc_2: 0.7865  F1_score: 0.7909  Acc_7: 0.5243  MAE: 0.5681  Loss: 0.5680 
2024-04-01 16:11:41,594 - MMSA [INFO] - TEST-(dicmor) >>  Acc_2: 0.8032  F1_score: 0.8060  Acc_7: 0.5220  MAE: 0.5670  Loss: 0.5661 
2024-04-01 16:16:55,383 - MMSA [INFO] - TRAIN-(dicmor) [2/3/2] >> loss: 3.3364  Acc_2: 0.9575  F1_score: 0.9573  Acc_7: 0.9191  MAE: 0.1467 
2024-04-01 16:17:07,160 - MMSA [INFO] - VAL-(dicmor) >>  Acc_2: 0.8366  F1_score: 0.8348  Acc_7: 0.5275  MAE: 0.5463  Loss: 0.5463 
2024-04-01 16:17:33,870 - MMSA [INFO] - TEST-(dicmor) >>  Acc_2: 0.8283  F1_score: 0.8272  Acc_7: 0.5177  MAE: 0.5676  Loss: 0.5689 
2024-04-01 16:22:50,465 - MMSA [INFO] - TRAIN-(dicmor) [1/4/2] >> loss: 3.2001  Acc_2: 0.9594  F1_score: 0.9590  Acc_7: 0.9111  MAE: 0.1555 
2024-04-01 16:23:02,317 - MMSA [INFO] - VAL-(dicmor) >>  Acc_2: 0.8220  F1_score: 0.8199  Acc_7: 0.5275  MAE: 0.5458  Loss: 0.5457 
2024-04-01 16:23:28,921 - MMSA [INFO] - TEST-(dicmor) >>  Acc_2: 0.8335  F1_score: 0.8332  Acc_7: 0.5190  MAE: 0.5608  Loss: 0.5608 
2024-04-01 16:28:46,755 - MMSA [INFO] - TRAIN-(dicmor) [1/5/2] >> loss: 3.0095  Acc_2: 0.9619  F1_score: 0.9616  Acc_7: 0.9234  MAE: 0.1402 
2024-04-01 16:28:58,711 - MMSA [INFO] - VAL-(dicmor) >>  Acc_2: 0.7886  F1_score: 0.7923  Acc_7: 0.5158  MAE: 0.5769  Loss: 0.5769 
2024-04-01 16:29:25,531 - MMSA [INFO] - TEST-(dicmor) >>  Acc_2: 0.8016  F1_score: 0.8040  Acc_7: 0.5108  MAE: 0.5788  Loss: 0.5781 
2024-04-01 16:34:39,310 - MMSA [INFO] - TRAIN-(dicmor) [2/6/2] >> loss: 2.9105  Acc_2: 0.9589  F1_score: 0.9586  Acc_7: 0.9220  MAE: 0.1451 
2024-04-01 16:34:51,240 - MMSA [INFO] - VAL-(dicmor) >>  Acc_2: 0.8081  F1_score: 0.8098  Acc_7: 0.5216  MAE: 0.5577  Loss: 0.5577 
2024-04-01 16:35:17,842 - MMSA [INFO] - TEST-(dicmor) >>  Acc_2: 0.8126  F1_score: 0.8141  Acc_7: 0.5177  MAE: 0.5672  Loss: 0.5668 
2024-04-01 16:40:32,879 - MMSA [INFO] - TRAIN-(dicmor) [3/7/2] >> loss: 2.7185  Acc_2: 0.9590  F1_score: 0.9586  Acc_7: 0.9186  MAE: 0.1482 
2024-04-01 16:40:44,953 - MMSA [INFO] - VAL-(dicmor) >>  Acc_2: 0.8373  F1_score: 0.8355  Acc_7: 0.5232  MAE: 0.5464  Loss: 0.5463 
2024-04-01 16:41:12,022 - MMSA [INFO] - TEST-(dicmor) >>  Acc_2: 0.8253  F1_score: 0.8235  Acc_7: 0.5089  MAE: 0.5705  Loss: 0.5704 
2024-04-01 16:46:29,110 - MMSA [INFO] - TRAIN-(dicmor) [4/8/2] >> loss: 2.568  Acc_2: 0.9591  F1_score: 0.9588  Acc_7: 0.9238  MAE: 0.1396 
2024-04-01 16:46:41,349 - MMSA [INFO] - VAL-(dicmor) >>  Acc_2: 0.8178  F1_score: 0.8195  Acc_7: 0.5286  MAE: 0.5515  Loss: 0.5515 
2024-04-01 16:47:08,343 - MMSA [INFO] - TEST-(dicmor) >>  Acc_2: 0.8074  F1_score: 0.8090  Acc_7: 0.5192  MAE: 0.5701  Loss: 0.5709 
2024-04-01 16:52:26,768 - MMSA [INFO] - TRAIN-(dicmor) [5/9/2] >> loss: 2.464  Acc_2: 0.9571  F1_score: 0.9567  Acc_7: 0.9186  MAE: 0.1472 
2024-04-01 16:52:38,946 - MMSA [INFO] - VAL-(dicmor) >>  Acc_2: 0.8387  F1_score: 0.8369  Acc_7: 0.5323  MAE: 0.5409  Loss: 0.5409 
2024-04-01 16:53:05,555 - MMSA [INFO] - TEST-(dicmor) >>  Acc_2: 0.8310  F1_score: 0.8298  Acc_7: 0.5083  MAE: 0.5677  Loss: 0.5673 
2024-04-01 16:58:26,721 - MMSA [INFO] - TRAIN-(dicmor) [1/10/2] >> loss: 2.3682  Acc_2: 0.9604  F1_score: 0.9600  Acc_7: 0.9231  MAE: 0.1425 
2024-04-01 16:58:38,781 - MMSA [INFO] - VAL-(dicmor) >>  Acc_2: 0.8213  F1_score: 0.8233  Acc_7: 0.5243  MAE: 0.5495  Loss: 0.5495 
2024-04-01 16:59:05,797 - MMSA [INFO] - TEST-(dicmor) >>  Acc_2: 0.8192  F1_score: 0.8205  Acc_7: 0.5241  MAE: 0.5687  Loss: 0.5681 
2024-04-01 17:04:20,894 - MMSA [INFO] - TRAIN-(dicmor) [2/11/2] >> loss: 2.226  Acc_2: 0.9628  F1_score: 0.9624  Acc_7: 0.9229  MAE: 0.1397 
2024-04-01 17:04:32,935 - MMSA [INFO] - VAL-(dicmor) >>  Acc_2: 0.8220  F1_score: 0.8186  Acc_7: 0.5318  MAE: 0.5584  Loss: 0.5585 
2024-04-01 17:04:59,827 - MMSA [INFO] - TEST-(dicmor) >>  Acc_2: 0.8288  F1_score: 0.8271  Acc_7: 0.5209  MAE: 0.5632  Loss: 0.5637 
2024-04-01 17:10:18,730 - MMSA [INFO] - TRAIN-(dicmor) [3/12/2] >> loss: 2.1164  Acc_2: 0.9567  F1_score: 0.9563  Acc_7: 0.9229  MAE: 0.1446 
2024-04-01 17:10:30,941 - MMSA [INFO] - VAL-(dicmor) >>  Acc_2: 0.8248  F1_score: 0.8229  Acc_7: 0.5254  MAE: 0.5493  Loss: 0.5493 
2024-04-01 17:10:57,500 - MMSA [INFO] - TEST-(dicmor) >>  Acc_2: 0.8280  F1_score: 0.8266  Acc_7: 0.5175  MAE: 0.5684  Loss: 0.5680 
2024-04-01 17:16:17,074 - MMSA [INFO] - TRAIN-(dicmor) [4/13/2] >> loss: 2.0164  Acc_2: 0.9627  F1_score: 0.9623  Acc_7: 0.9230  MAE: 0.1390 
2024-04-01 17:16:29,409 - MMSA [INFO] - VAL-(dicmor) >>  Acc_2: 0.8227  F1_score: 0.8195  Acc_7: 0.5195  MAE: 0.5639  Loss: 0.5640 
2024-04-01 17:16:56,528 - MMSA [INFO] - TEST-(dicmor) >>  Acc_2: 0.8288  F1_score: 0.8268  Acc_7: 0.5141  MAE: 0.5684  Loss: 0.5682 
2024-04-01 17:22:15,140 - MMSA [INFO] - TRAIN-(dicmor) [5/14/2] >> loss: 1.8963  Acc_2: 0.9618  F1_score: 0.9614  Acc_7: 0.9223  MAE: 0.1427 
2024-04-01 17:22:27,404 - MMSA [INFO] - VAL-(dicmor) >>  Acc_2: 0.8220  F1_score: 0.8198  Acc_7: 0.5270  MAE: 0.5596  Loss: 0.5595 
2024-04-01 17:22:54,439 - MMSA [INFO] - TEST-(dicmor) >>  Acc_2: 0.8283  F1_score: 0.8272  Acc_7: 0.5168  MAE: 0.5665  Loss: 0.5661 
2024-04-01 17:28:12,192 - MMSA [INFO] - TRAIN-(dicmor) [6/15/2] >> loss: 1.7837  Acc_2: 0.9579  F1_score: 0.9575  Acc_7: 0.9214  MAE: 0.1438 
2024-04-01 17:28:24,329 - MMSA [INFO] - VAL-(dicmor) >>  Acc_2: 0.8331  F1_score: 0.8291  Acc_7: 0.5190  MAE: 0.5511  Loss: 0.5510 
2024-04-01 17:28:51,419 - MMSA [INFO] - TEST-(dicmor) >>  Acc_2: 0.8272  F1_score: 0.8237  Acc_7: 0.5160  MAE: 0.5706  Loss: 0.5695 
2024-04-01 17:34:09,704 - MMSA [INFO] - TRAIN-(dicmor) [7/16/2] >> loss: 1.7214  Acc_2: 0.9581  F1_score: 0.9576  Acc_7: 0.9193  MAE: 0.1480 
2024-04-01 17:34:22,039 - MMSA [INFO] - VAL-(dicmor) >>  Acc_2: 0.8136  F1_score: 0.8113  Acc_7: 0.5136  MAE: 0.5627  Loss: 0.5627 
2024-04-01 17:34:48,861 - MMSA [INFO] - TEST-(dicmor) >>  Acc_2: 0.8255  F1_score: 0.8248  Acc_7: 0.5207  MAE: 0.5620  Loss: 0.5609 
2024-04-01 17:40:04,950 - MMSA [INFO] - TRAIN-(dicmor) [8/17/2] >> loss: 1.675  Acc_2: 0.9607  F1_score: 0.9604  Acc_7: 0.9269  MAE: 0.1361 
2024-04-01 17:40:17,335 - MMSA [INFO] - VAL-(dicmor) >>  Acc_2: 0.8255  F1_score: 0.8229  Acc_7: 0.5136  MAE: 0.5600  Loss: 0.5599 
2024-04-01 17:40:44,499 - MMSA [INFO] - TEST-(dicmor) >>  Acc_2: 0.8332  F1_score: 0.8317  Acc_7: 0.5173  MAE: 0.5623  Loss: 0.5629 
2024-04-01 17:46:00,801 - MMSA [INFO] - TRAIN-(dicmor) [9/18/2] >> loss: 1.6395  Acc_2: 0.9628  F1_score: 0.9624  Acc_7: 0.9280  MAE: 0.1342 
2024-04-01 17:46:13,080 - MMSA [INFO] - VAL-(dicmor) >>  Acc_2: 0.8185  F1_score: 0.8197  Acc_7: 0.5249  MAE: 0.5461  Loss: 0.5460 
2024-04-01 17:46:40,245 - MMSA [INFO] - TEST-(dicmor) >>  Acc_2: 0.8233  F1_score: 0.8242  Acc_7: 0.5188  MAE: 0.5730  Loss: 0.5727 
2024-04-01 17:51:57,135 - MMSA [INFO] - TRAIN-(dicmor) [10/19/2] >> loss: 1.5789  Acc_2: 0.9627  F1_score: 0.9624  Acc_7: 0.9258  MAE: 0.1350 
2024-04-01 17:52:09,541 - MMSA [INFO] - VAL-(dicmor) >>  Acc_2: 0.8317  F1_score: 0.8289  Acc_7: 0.5195  MAE: 0.5619  Loss: 0.5620 
2024-04-01 17:52:36,915 - MMSA [INFO] - TEST-(dicmor) >>  Acc_2: 0.8305  F1_score: 0.8279  Acc_7: 0.5096  MAE: 0.5754  Loss: 0.5740 
2024-04-01 17:53:04,696 - MMSA [INFO] - TEST-(dicmor) >>  Acc_2: 0.8261  F1_score: 0.8246  Acc_7: 0.5123  MAE: 0.5678  Loss: 0.5675 
2024-04-01 17:53:07,167 - MMSA [INFO] - train samples: (16326,)
2024-04-01 17:53:08,628 - MMSA [INFO] - valid samples: (1871,)
2024-04-01 17:53:10,073 - MMSA [INFO] - test samples: (4659,)
2024-04-01 17:58:18,520 - MMSA [INFO] - TRAIN-(dicmor) [1/1/3] >> loss: 4.1622  Acc_2: 0.9575  F1_score: 0.9572  Acc_7: 0.9163  MAE: 0.1482 
2024-04-01 17:58:30,337 - MMSA [INFO] - VAL-(dicmor) >>  Acc_2: 0.8248  F1_score: 0.8233  Acc_7: 0.5286  MAE: 0.5451  Loss: 0.5450 
2024-04-01 17:58:56,587 - MMSA [INFO] - TEST-(dicmor) >>  Acc_2: 0.8291  F1_score: 0.8280  Acc_7: 0.5179  MAE: 0.5639  Loss: 0.5635 
2024-04-01 18:04:12,095 - MMSA [INFO] - TRAIN-(dicmor) [1/2/3] >> loss: 3.532  Acc_2: 0.9614  F1_score: 0.9611  Acc_7: 0.9220  MAE: 0.1411 
2024-04-01 18:04:23,665 - MMSA [INFO] - VAL-(dicmor) >>  Acc_2: 0.8248  F1_score: 0.8213  Acc_7: 0.5077  MAE: 0.5624  Loss: 0.5623 
2024-04-01 18:04:50,285 - MMSA [INFO] - TEST-(dicmor) >>  Acc_2: 0.8288  F1_score: 0.8263  Acc_7: 0.5031  MAE: 0.5784  Loss: 0.5787 
2024-04-01 18:10:05,457 - MMSA [INFO] - TRAIN-(dicmor) [2/3/3] >> loss: 3.3335  Acc_2: 0.9650  F1_score: 0.9648  Acc_7: 0.9231  MAE: 0.1405 
2024-04-01 18:10:17,220 - MMSA [INFO] - VAL-(dicmor) >>  Acc_2: 0.8011  F1_score: 0.8004  Acc_7: 0.5238  MAE: 0.5666  Loss: 0.5666 
2024-04-01 18:10:43,307 - MMSA [INFO] - TEST-(dicmor) >>  Acc_2: 0.8280  F1_score: 0.8274  Acc_7: 0.5050  MAE: 0.5721  Loss: 0.5720 
2024-04-01 18:15:56,364 - MMSA [INFO] - TRAIN-(dicmor) [3/4/3] >> loss: 3.1009  Acc_2: 0.9600  F1_score: 0.9597  Acc_7: 0.9231  MAE: 0.1449 
2024-04-01 18:16:08,364 - MMSA [INFO] - VAL-(dicmor) >>  Acc_2: 0.8248  F1_score: 0.8219  Acc_7: 0.5281  MAE: 0.5550  Loss: 0.5549 
2024-04-01 18:16:35,031 - MMSA [INFO] - TEST-(dicmor) >>  Acc_2: 0.8277  F1_score: 0.8262  Acc_7: 0.5205  MAE: 0.5689  Loss: 0.5686 
2024-04-01 18:21:49,410 - MMSA [INFO] - TRAIN-(dicmor) [4/5/3] >> loss: 2.9596  Acc_2: 0.9603  F1_score: 0.9601  Acc_7: 0.9231  MAE: 0.1420 
2024-04-01 18:22:01,332 - MMSA [INFO] - VAL-(dicmor) >>  Acc_2: 0.8310  F1_score: 0.8274  Acc_7: 0.5232  MAE: 0.5557  Loss: 0.5558 
2024-04-01 18:22:27,960 - MMSA [INFO] - TEST-(dicmor) >>  Acc_2: 0.8368  F1_score: 0.8341  Acc_7: 0.5151  MAE: 0.5656  Loss: 0.5661 
2024-04-01 18:27:42,748 - MMSA [INFO] - TRAIN-(dicmor) [5/6/3] >> loss: 2.8299  Acc_2: 0.9585  F1_score: 0.9581  Acc_7: 0.9147  MAE: 0.1519 
2024-04-01 18:27:54,776 - MMSA [INFO] - VAL-(dicmor) >>  Acc_2: 0.8164  F1_score: 0.8146  Acc_7: 0.5286  MAE: 0.5596  Loss: 0.5597 
2024-04-01 18:28:21,730 - MMSA [INFO] - TEST-(dicmor) >>  Acc_2: 0.8236  F1_score: 0.8223  Acc_7: 0.5254  MAE: 0.5631  Loss: 0.5634 
2024-04-01 18:33:37,821 - MMSA [INFO] - TRAIN-(dicmor) [6/7/3] >> loss: 2.6821  Acc_2: 0.9639  F1_score: 0.9635  Acc_7: 0.9247  MAE: 0.1396 
2024-04-01 18:33:49,831 - MMSA [INFO] - VAL-(dicmor) >>  Acc_2: 0.8338  F1_score: 0.8309  Acc_7: 0.5238  MAE: 0.5551  Loss: 0.5551 
2024-04-01 18:34:16,140 - MMSA [INFO] - TEST-(dicmor) >>  Acc_2: 0.8280  F1_score: 0.8252  Acc_7: 0.5160  MAE: 0.5702  Loss: 0.5705 
2024-04-01 18:39:33,457 - MMSA [INFO] - TRAIN-(dicmor) [7/8/3] >> loss: 2.5868  Acc_2: 0.9632  F1_score: 0.9630  Acc_7: 0.9288  MAE: 0.1331 
2024-04-01 18:39:45,733 - MMSA [INFO] - VAL-(dicmor) >>  Acc_2: 0.8310  F1_score: 0.8291  Acc_7: 0.5222  MAE: 0.5518  Loss: 0.5518 
2024-04-01 18:40:12,689 - MMSA [INFO] - TEST-(dicmor) >>  Acc_2: 0.8272  F1_score: 0.8252  Acc_7: 0.5181  MAE: 0.5722  Loss: 0.5716 
2024-04-01 18:45:29,364 - MMSA [INFO] - TRAIN-(dicmor) [8/9/3] >> loss: 2.5562  Acc_2: 0.9628  F1_score: 0.9624  Acc_7: 0.9273  MAE: 0.1361 
2024-04-01 18:45:41,464 - MMSA [INFO] - VAL-(dicmor) >>  Acc_2: 0.8296  F1_score: 0.8271  Acc_7: 0.5163  MAE: 0.5550  Loss: 0.5549 
2024-04-01 18:46:08,079 - MMSA [INFO] - TEST-(dicmor) >>  Acc_2: 0.8242  F1_score: 0.8221  Acc_7: 0.5138  MAE: 0.5722  Loss: 0.5720 
2024-04-01 18:51:26,188 - MMSA [INFO] - TRAIN-(dicmor) [9/10/3] >> loss: 2.4831  Acc_2: 0.9607  F1_score: 0.9603  Acc_7: 0.9258  MAE: 0.1360 
2024-04-01 18:51:38,493 - MMSA [INFO] - VAL-(dicmor) >>  Acc_2: 0.8282  F1_score: 0.8250  Acc_7: 0.5206  MAE: 0.5539  Loss: 0.5539 
2024-04-01 18:52:05,175 - MMSA [INFO] - TEST-(dicmor) >>  Acc_2: 0.8324  F1_score: 0.8307  Acc_7: 0.5098  MAE: 0.5714  Loss: 0.5712 
2024-04-01 18:57:22,523 - MMSA [INFO] - TRAIN-(dicmor) [10/11/3] >> loss: 2.417  Acc_2: 0.9615  F1_score: 0.9611  Acc_7: 0.9239  MAE: 0.1384 
2024-04-01 18:57:34,736 - MMSA [INFO] - VAL-(dicmor) >>  Acc_2: 0.8331  F1_score: 0.8318  Acc_7: 0.5265  MAE: 0.5426  Loss: 0.5426 
2024-04-01 18:58:01,771 - MMSA [INFO] - TEST-(dicmor) >>  Acc_2: 0.8319  F1_score: 0.8311  Acc_7: 0.5248  MAE: 0.5583  Loss: 0.5591 
2024-04-01 19:03:22,238 - MMSA [INFO] - TRAIN-(dicmor) [1/12/3] >> loss: 2.3472  Acc_2: 0.9611  F1_score: 0.9607  Acc_7: 0.9263  MAE: 0.1369 
2024-04-01 19:03:34,672 - MMSA [INFO] - VAL-(dicmor) >>  Acc_2: 0.8185  F1_score: 0.8156  Acc_7: 0.5249  MAE: 0.5569  Loss: 0.5569 
2024-04-01 19:04:01,706 - MMSA [INFO] - TEST-(dicmor) >>  Acc_2: 0.8324  F1_score: 0.8310  Acc_7: 0.5186  MAE: 0.5634  Loss: 0.5642 
2024-04-01 19:09:20,841 - MMSA [INFO] - TRAIN-(dicmor) [2/13/3] >> loss: 2.3202  Acc_2: 0.9602  F1_score: 0.9598  Acc_7: 0.9226  MAE: 0.1436 
2024-04-01 19:09:33,036 - MMSA [INFO] - VAL-(dicmor) >>  Acc_2: 0.8373  F1_score: 0.8352  Acc_7: 0.5184  MAE: 0.5482  Loss: 0.5481 
2024-04-01 19:09:59,770 - MMSA [INFO] - TEST-(dicmor) >>  Acc_2: 0.8255  F1_score: 0.8231  Acc_7: 0.5160  MAE: 0.5696  Loss: 0.5691 
2024-04-01 19:15:18,945 - MMSA [INFO] - TRAIN-(dicmor) [3/14/3] >> loss: 2.2632  Acc_2: 0.9632  F1_score: 0.9628  Acc_7: 0.9244  MAE: 0.1373 
2024-04-01 19:15:31,317 - MMSA [INFO] - VAL-(dicmor) >>  Acc_2: 0.8261  F1_score: 0.8248  Acc_7: 0.5232  MAE: 0.5576  Loss: 0.5577 
2024-04-01 19:15:58,439 - MMSA [INFO] - TEST-(dicmor) >>  Acc_2: 0.8321  F1_score: 0.8308  Acc_7: 0.5166  MAE: 0.5643  Loss: 0.5639 
2024-04-01 19:21:16,202 - MMSA [INFO] - TRAIN-(dicmor) [4/15/3] >> loss: 2.2301  Acc_2: 0.9611  F1_score: 0.9607  Acc_7: 0.9264  MAE: 0.1394 
2024-04-01 19:21:28,520 - MMSA [INFO] - VAL-(dicmor) >>  Acc_2: 0.8331  F1_score: 0.8305  Acc_7: 0.5281  MAE: 0.5449  Loss: 0.5448 
2024-04-01 19:21:55,304 - MMSA [INFO] - TEST-(dicmor) >>  Acc_2: 0.8294  F1_score: 0.8276  Acc_7: 0.5181  MAE: 0.5646  Loss: 0.5646 
2024-04-01 19:27:13,683 - MMSA [INFO] - TRAIN-(dicmor) [5/16/3] >> loss: 2.1622  Acc_2: 0.9672  F1_score: 0.9670  Acc_7: 0.9302  MAE: 0.1316 
2024-04-01 19:27:25,869 - MMSA [INFO] - VAL-(dicmor) >>  Acc_2: 0.8227  F1_score: 0.8221  Acc_7: 0.5291  MAE: 0.5531  Loss: 0.5530 
2024-04-01 19:27:52,389 - MMSA [INFO] - TEST-(dicmor) >>  Acc_2: 0.8291  F1_score: 0.8290  Acc_7: 0.5184  MAE: 0.5619  Loss: 0.5627 
2024-04-01 19:33:11,755 - MMSA [INFO] - TRAIN-(dicmor) [6/17/3] >> loss: 2.0954  Acc_2: 0.9602  F1_score: 0.9599  Acc_7: 0.9293  MAE: 0.1321 
2024-04-01 19:33:24,184 - MMSA [INFO] - VAL-(dicmor) >>  Acc_2: 0.8289  F1_score: 0.8264  Acc_7: 0.5254  MAE: 0.5453  Loss: 0.5452 
2024-04-01 19:33:50,857 - MMSA [INFO] - TEST-(dicmor) >>  Acc_2: 0.8275  F1_score: 0.8249  Acc_7: 0.5115  MAE: 0.5696  Loss: 0.5700 
2024-04-01 19:39:11,459 - MMSA [INFO] - TRAIN-(dicmor) [7/18/3] >> loss: 2.063  Acc_2: 0.9628  F1_score: 0.9623  Acc_7: 0.9258  MAE: 0.1363 
2024-04-01 19:39:23,719 - MMSA [INFO] - VAL-(dicmor) >>  Acc_2: 0.8241  F1_score: 0.8217  Acc_7: 0.5179  MAE: 0.5558  Loss: 0.5558 
2024-04-01 19:39:51,026 - MMSA [INFO] - TEST-(dicmor) >>  Acc_2: 0.8313  F1_score: 0.8300  Acc_7: 0.5175  MAE: 0.5623  Loss: 0.5615 
2024-04-01 19:45:09,157 - MMSA [INFO] - TRAIN-(dicmor) [8/19/3] >> loss: 2.0312  Acc_2: 0.9605  F1_score: 0.9601  Acc_7: 0.9242  MAE: 0.1408 
2024-04-01 19:45:21,599 - MMSA [INFO] - VAL-(dicmor) >>  Acc_2: 0.8241  F1_score: 0.8226  Acc_7: 0.5281  MAE: 0.5487  Loss: 0.5486 
2024-04-01 19:45:48,716 - MMSA [INFO] - TEST-(dicmor) >>  Acc_2: 0.8308  F1_score: 0.8300  Acc_7: 0.5166  MAE: 0.5628  Loss: 0.5625 
2024-04-01 19:51:07,012 - MMSA [INFO] - TRAIN-(dicmor) [9/20/3] >> loss: 1.9852  Acc_2: 0.9603  F1_score: 0.9599  Acc_7: 0.9271  MAE: 0.1375 
2024-04-01 19:51:19,633 - MMSA [INFO] - VAL-(dicmor) >>  Acc_2: 0.8248  F1_score: 0.8243  Acc_7: 0.5270  MAE: 0.5485  Loss: 0.5484 
2024-04-01 19:51:46,811 - MMSA [INFO] - TEST-(dicmor) >>  Acc_2: 0.8258  F1_score: 0.8257  Acc_7: 0.5171  MAE: 0.5717  Loss: 0.5706 
2024-04-01 19:57:02,345 - MMSA [INFO] - TRAIN-(dicmor) [10/21/3] >> loss: 1.9645  Acc_2: 0.9660  F1_score: 0.9657  Acc_7: 0.9294  MAE: 0.1318 
2024-04-01 19:57:14,826 - MMSA [INFO] - VAL-(dicmor) >>  Acc_2: 0.8275  F1_score: 0.8255  Acc_7: 0.5329  MAE: 0.5484  Loss: 0.5483 
2024-04-01 19:57:41,791 - MMSA [INFO] - TEST-(dicmor) >>  Acc_2: 0.8313  F1_score: 0.8292  Acc_7: 0.5160  MAE: 0.5647  Loss: 0.5638 
2024-04-01 19:58:09,517 - MMSA [INFO] - TEST-(dicmor) >>  Acc_2: 0.8283  F1_score: 0.8268  Acc_7: 0.5216  MAE: 0.5638  Loss: 0.5625 
2024-04-01 19:58:11,996 - MMSA [INFO] - train samples: (16326,)
2024-04-01 19:58:13,433 - MMSA [INFO] - valid samples: (1871,)
2024-04-01 19:58:14,857 - MMSA [INFO] - test samples: (4659,)
2024-04-01 20:03:21,037 - MMSA [INFO] - TRAIN-(dicmor) [1/1/4] >> loss: 4.24  Acc_2: 0.9565  F1_score: 0.9563  Acc_7: 0.9166  MAE: 0.1475 
2024-04-01 20:03:32,925 - MMSA [INFO] - VAL-(dicmor) >>  Acc_2: 0.8282  F1_score: 0.8250  Acc_7: 0.5131  MAE: 0.5553  Loss: 0.5553 
2024-04-01 20:03:59,376 - MMSA [INFO] - TEST-(dicmor) >>  Acc_2: 0.8242  F1_score: 0.8210  Acc_7: 0.5132  MAE: 0.5770  Loss: 0.5757 
2024-04-01 20:09:13,321 - MMSA [INFO] - TRAIN-(dicmor) [1/2/4] >> loss: 3.6196  Acc_2: 0.9669  F1_score: 0.9667  Acc_7: 0.9286  MAE: 0.1324 
2024-04-01 20:09:24,888 - MMSA [INFO] - VAL-(dicmor) >>  Acc_2: 0.8220  F1_score: 0.8204  Acc_7: 0.5077  MAE: 0.5539  Loss: 0.5538 
2024-04-01 20:09:50,640 - MMSA [INFO] - TEST-(dicmor) >>  Acc_2: 0.8261  F1_score: 0.8245  Acc_7: 0.5115  MAE: 0.5743  Loss: 0.5750 
2024-04-01 20:15:06,875 - MMSA [INFO] - TRAIN-(dicmor) [1/3/4] >> loss: 3.6222  Acc_2: 0.9611  F1_score: 0.9608  Acc_7: 0.9152  MAE: 0.1497 
2024-04-01 20:15:18,512 - MMSA [INFO] - VAL-(dicmor) >>  Acc_2: 0.8241  F1_score: 0.8205  Acc_7: 0.5200  MAE: 0.5614  Loss: 0.5614 
2024-04-01 20:15:44,963 - MMSA [INFO] - TEST-(dicmor) >>  Acc_2: 0.8266  F1_score: 0.8242  Acc_7: 0.5074  MAE: 0.5774  Loss: 0.5769 
2024-04-01 20:20:58,834 - MMSA [INFO] - TRAIN-(dicmor) [2/4/4] >> loss: 3.4214  Acc_2: 0.9640  F1_score: 0.9638  Acc_7: 0.9253  MAE: 0.1370 
2024-04-01 20:21:10,885 - MMSA [INFO] - VAL-(dicmor) >>  Acc_2: 0.8227  F1_score: 0.8213  Acc_7: 0.5265  MAE: 0.5567  Loss: 0.5568 
2024-04-01 20:21:37,496 - MMSA [INFO] - TEST-(dicmor) >>  Acc_2: 0.8258  F1_score: 0.8249  Acc_7: 0.5179  MAE: 0.5691  Loss: 0.5690 
2024-04-01 20:26:53,751 - MMSA [INFO] - TRAIN-(dicmor) [3/5/4] >> loss: 3.0659  Acc_2: 0.9596  F1_score: 0.9592  Acc_7: 0.9217  MAE: 0.1436 
2024-04-01 20:27:05,718 - MMSA [INFO] - VAL-(dicmor) >>  Acc_2: 0.8011  F1_score: 0.8045  Acc_7: 0.5281  MAE: 0.5637  Loss: 0.5637 
2024-04-01 20:27:32,444 - MMSA [INFO] - TEST-(dicmor) >>  Acc_2: 0.8038  F1_score: 0.8060  Acc_7: 0.5130  MAE: 0.5734  Loss: 0.5730 
2024-04-01 20:32:48,434 - MMSA [INFO] - TRAIN-(dicmor) [4/6/4] >> loss: 2.8623  Acc_2: 0.9602  F1_score: 0.9599  Acc_7: 0.9216  MAE: 0.1443 
2024-04-01 20:33:00,335 - MMSA [INFO] - VAL-(dicmor) >>  Acc_2: 0.8220  F1_score: 0.8199  Acc_7: 0.5259  MAE: 0.5563  Loss: 0.5563 
2024-04-01 20:33:26,960 - MMSA [INFO] - TEST-(dicmor) >>  Acc_2: 0.8225  F1_score: 0.8210  Acc_7: 0.5177  MAE: 0.5731  Loss: 0.5725 
2024-04-01 20:38:40,591 - MMSA [INFO] - TRAIN-(dicmor) [5/7/4] >> loss: 2.7048  Acc_2: 0.9599  F1_score: 0.9594  Acc_7: 0.9179  MAE: 0.1468 
2024-04-01 20:38:52,305 - MMSA [INFO] - VAL-(dicmor) >>  Acc_2: 0.8192  F1_score: 0.8166  Acc_7: 0.5211  MAE: 0.5685  Loss: 0.5684 
2024-04-01 20:39:18,396 - MMSA [INFO] - TEST-(dicmor) >>  Acc_2: 0.8269  F1_score: 0.8252  Acc_7: 0.5201  MAE: 0.5689  Loss: 0.5681 
2024-04-01 20:44:33,272 - MMSA [INFO] - TRAIN-(dicmor) [6/8/4] >> loss: 2.5815  Acc_2: 0.9636  F1_score: 0.9633  Acc_7: 0.9245  MAE: 0.1416 
2024-04-01 20:44:45,138 - MMSA [INFO] - VAL-(dicmor) >>  Acc_2: 0.8268  F1_score: 0.8250  Acc_7: 0.5291  MAE: 0.5479  Loss: 0.5478 
2024-04-01 20:45:11,874 - MMSA [INFO] - TEST-(dicmor) >>  Acc_2: 0.8321  F1_score: 0.8310  Acc_7: 0.5237  MAE: 0.5613  Loss: 0.5608 
2024-04-01 20:50:33,729 - MMSA [INFO] - TRAIN-(dicmor) [1/9/4] >> loss: 2.4756  Acc_2: 0.9619  F1_score: 0.9615  Acc_7: 0.9187  MAE: 0.1439 
2024-04-01 20:50:45,616 - MMSA [INFO] - VAL-(dicmor) >>  Acc_2: 0.8303  F1_score: 0.8283  Acc_7: 0.5265  MAE: 0.5523  Loss: 0.5522 
2024-04-01 20:51:12,254 - MMSA [INFO] - TEST-(dicmor) >>  Acc_2: 0.8291  F1_score: 0.8271  Acc_7: 0.5117  MAE: 0.5701  Loss: 0.5697 
2024-04-01 20:56:29,836 - MMSA [INFO] - TRAIN-(dicmor) [2/10/4] >> loss: 2.3488  Acc_2: 0.9658  F1_score: 0.9656  Acc_7: 0.9275  MAE: 0.1335 
2024-04-01 20:56:41,624 - MMSA [INFO] - VAL-(dicmor) >>  Acc_2: 0.8380  F1_score: 0.8360  Acc_7: 0.5259  MAE: 0.5470  Loss: 0.5469 
2024-04-01 20:57:08,110 - MMSA [INFO] - TEST-(dicmor) >>  Acc_2: 0.8266  F1_score: 0.8244  Acc_7: 0.5117  MAE: 0.5750  Loss: 0.5740 
2024-04-01 21:02:29,942 - MMSA [INFO] - TRAIN-(dicmor) [1/11/4] >> loss: 2.2463  Acc_2: 0.9639  F1_score: 0.9635  Acc_7: 0.9257  MAE: 0.1370 
2024-04-01 21:02:41,777 - MMSA [INFO] - VAL-(dicmor) >>  Acc_2: 0.8282  F1_score: 0.8248  Acc_7: 0.5227  MAE: 0.5552  Loss: 0.5551 
2024-04-01 21:03:08,324 - MMSA [INFO] - TEST-(dicmor) >>  Acc_2: 0.8297  F1_score: 0.8273  Acc_7: 0.5100  MAE: 0.5685  Loss: 0.5684 
2024-04-01 21:08:23,987 - MMSA [INFO] - TRAIN-(dicmor) [2/12/4] >> loss: 2.1202  Acc_2: 0.9585  F1_score: 0.9581  Acc_7: 0.9217  MAE: 0.1399 
2024-04-01 21:08:35,972 - MMSA [INFO] - VAL-(dicmor) >>  Acc_2: 0.8289  F1_score: 0.8263  Acc_7: 0.5168  MAE: 0.5542  Loss: 0.5541 
2024-04-01 21:09:02,915 - MMSA [INFO] - TEST-(dicmor) >>  Acc_2: 0.8250  F1_score: 0.8222  Acc_7: 0.5091  MAE: 0.5717  Loss: 0.5721 
2024-04-01 21:14:20,612 - MMSA [INFO] - TRAIN-(dicmor) [3/13/4] >> loss: 2.0157  Acc_2: 0.9625  F1_score: 0.9622  Acc_7: 0.9263  MAE: 0.1373 
2024-04-01 21:14:32,720 - MMSA [INFO] - VAL-(dicmor) >>  Acc_2: 0.8275  F1_score: 0.8235  Acc_7: 0.5190  MAE: 0.5604  Loss: 0.5604 
2024-04-01 21:14:59,283 - MMSA [INFO] - TEST-(dicmor) >>  Acc_2: 0.8327  F1_score: 0.8304  Acc_7: 0.5096  MAE: 0.5674  Loss: 0.5677 
2024-04-01 21:20:19,225 - MMSA [INFO] - TRAIN-(dicmor) [4/14/4] >> loss: 1.9254  Acc_2: 0.9615  F1_score: 0.9611  Acc_7: 0.9221  MAE: 0.1427 
2024-04-01 21:20:31,501 - MMSA [INFO] - VAL-(dicmor) >>  Acc_2: 0.8338  F1_score: 0.8336  Acc_7: 0.5334  MAE: 0.5430  Loss: 0.5430 
2024-04-01 21:20:58,198 - MMSA [INFO] - TEST-(dicmor) >>  Acc_2: 0.8198  F1_score: 0.8192  Acc_7: 0.5196  MAE: 0.5713  Loss: 0.5710 
2024-04-01 21:26:17,788 - MMSA [INFO] - TRAIN-(dicmor) [1/15/4] >> loss: 1.827  Acc_2: 0.9646  F1_score: 0.9642  Acc_7: 0.9242  MAE: 0.1363 
2024-04-01 21:26:29,775 - MMSA [INFO] - VAL-(dicmor) >>  Acc_2: 0.8261  F1_score: 0.8237  Acc_7: 0.5211  MAE: 0.5576  Loss: 0.5577 
2024-04-01 21:26:56,657 - MMSA [INFO] - TEST-(dicmor) >>  Acc_2: 0.8277  F1_score: 0.8257  Acc_7: 0.5126  MAE: 0.5716  Loss: 0.5716 
2024-04-01 21:32:09,689 - MMSA [INFO] - TRAIN-(dicmor) [2/16/4] >> loss: 1.7044  Acc_2: 0.9604  F1_score: 0.9600  Acc_7: 0.9231  MAE: 0.1403 
2024-04-01 21:32:22,054 - MMSA [INFO] - VAL-(dicmor) >>  Acc_2: 0.8366  F1_score: 0.8357  Acc_7: 0.5313  MAE: 0.5416  Loss: 0.5416 
2024-04-01 21:32:48,418 - MMSA [INFO] - TEST-(dicmor) >>  Acc_2: 0.8255  F1_score: 0.8238  Acc_7: 0.5196  MAE: 0.5685  Loss: 0.5696 
2024-04-01 21:38:06,568 - MMSA [INFO] - TRAIN-(dicmor) [1/17/4] >> loss: 1.5987  Acc_2: 0.9620  F1_score: 0.9616  Acc_7: 0.9242  MAE: 0.1404 
2024-04-01 21:38:18,900 - MMSA [INFO] - VAL-(dicmor) >>  Acc_2: 0.8227  F1_score: 0.8214  Acc_7: 0.5313  MAE: 0.5485  Loss: 0.5484 
2024-04-01 21:38:46,035 - MMSA [INFO] - TEST-(dicmor) >>  Acc_2: 0.8310  F1_score: 0.8299  Acc_7: 0.5209  MAE: 0.5628  Loss: 0.5651 
2024-04-01 21:44:03,404 - MMSA [INFO] - TRAIN-(dicmor) [2/18/4] >> loss: 1.5283  Acc_2: 0.9681  F1_score: 0.9678  Acc_7: 0.9282  MAE: 0.1313 
2024-04-01 21:44:15,693 - MMSA [INFO] - VAL-(dicmor) >>  Acc_2: 0.8345  F1_score: 0.8311  Acc_7: 0.5249  MAE: 0.5547  Loss: 0.5547 
2024-04-01 21:44:42,163 - MMSA [INFO] - TEST-(dicmor) >>  Acc_2: 0.8250  F1_score: 0.8220  Acc_7: 0.5102  MAE: 0.5742  Loss: 0.5740 
2024-04-01 21:49:58,533 - MMSA [INFO] - TRAIN-(dicmor) [3/19/4] >> loss: 1.4356  Acc_2: 0.9584  F1_score: 0.9579  Acc_7: 0.9184  MAE: 0.1495 
2024-04-01 21:50:10,808 - MMSA [INFO] - VAL-(dicmor) >>  Acc_2: 0.8282  F1_score: 0.8289  Acc_7: 0.5184  MAE: 0.5476  Loss: 0.5475 
2024-04-01 21:50:37,924 - MMSA [INFO] - TEST-(dicmor) >>  Acc_2: 0.8187  F1_score: 0.8193  Acc_7: 0.5214  MAE: 0.5645  Loss: 0.5642 
2024-04-01 21:55:53,031 - MMSA [INFO] - TRAIN-(dicmor) [4/20/4] >> loss: 1.3326  Acc_2: 0.9573  F1_score: 0.9569  Acc_7: 0.9230  MAE: 0.1423 
2024-04-01 21:56:05,262 - MMSA [INFO] - VAL-(dicmor) >>  Acc_2: 0.8143  F1_score: 0.8147  Acc_7: 0.5206  MAE: 0.5516  Loss: 0.5515 
2024-04-01 21:56:32,119 - MMSA [INFO] - TEST-(dicmor) >>  Acc_2: 0.8206  F1_score: 0.8215  Acc_7: 0.5106  MAE: 0.5704  Loss: 0.5702 
2024-04-01 22:01:51,389 - MMSA [INFO] - TRAIN-(dicmor) [5/21/4] >> loss: 1.2695  Acc_2: 0.9595  F1_score: 0.9591  Acc_7: 0.9227  MAE: 0.1414 
2024-04-01 22:02:03,892 - MMSA [INFO] - VAL-(dicmor) >>  Acc_2: 0.8255  F1_score: 0.8237  Acc_7: 0.5126  MAE: 0.5593  Loss: 0.5593 
2024-04-01 22:02:30,836 - MMSA [INFO] - TEST-(dicmor) >>  Acc_2: 0.8291  F1_score: 0.8272  Acc_7: 0.5132  MAE: 0.5700  Loss: 0.5691 
2024-04-01 22:07:49,850 - MMSA [INFO] - TRAIN-(dicmor) [6/22/4] >> loss: 1.2154  Acc_2: 0.9605  F1_score: 0.9602  Acc_7: 0.9227  MAE: 0.1379 
2024-04-01 22:08:02,353 - MMSA [INFO] - VAL-(dicmor) >>  Acc_2: 0.8296  F1_score: 0.8273  Acc_7: 0.5334  MAE: 0.5524  Loss: 0.5523 
2024-04-01 22:08:29,184 - MMSA [INFO] - TEST-(dicmor) >>  Acc_2: 0.8286  F1_score: 0.8263  Acc_7: 0.5179  MAE: 0.5654  Loss: 0.5652 
2024-04-01 22:13:45,268 - MMSA [INFO] - TRAIN-(dicmor) [7/23/4] >> loss: 1.1631  Acc_2: 0.9603  F1_score: 0.9599  Acc_7: 0.9247  MAE: 0.1382 
2024-04-01 22:13:57,636 - MMSA [INFO] - VAL-(dicmor) >>  Acc_2: 0.8234  F1_score: 0.8233  Acc_7: 0.5238  MAE: 0.5489  Loss: 0.5489 
2024-04-01 22:14:25,095 - MMSA [INFO] - TEST-(dicmor) >>  Acc_2: 0.8239  F1_score: 0.8238  Acc_7: 0.5162  MAE: 0.5655  Loss: 0.5651 
2024-04-01 22:19:40,973 - MMSA [INFO] - TRAIN-(dicmor) [8/24/4] >> loss: 1.1633  Acc_2: 0.9669  F1_score: 0.9666  Acc_7: 0.9343  MAE: 0.1264 
2024-04-01 22:19:53,364 - MMSA [INFO] - VAL-(dicmor) >>  Acc_2: 0.8331  F1_score: 0.8297  Acc_7: 0.5163  MAE: 0.5480  Loss: 0.5479 
2024-04-01 22:20:20,762 - MMSA [INFO] - TEST-(dicmor) >>  Acc_2: 0.8321  F1_score: 0.8294  Acc_7: 0.5119  MAE: 0.5669  Loss: 0.5674 
2024-04-01 22:25:35,773 - MMSA [INFO] - TRAIN-(dicmor) [9/25/4] >> loss: 1.1271  Acc_2: 0.9632  F1_score: 0.9627  Acc_7: 0.9244  MAE: 0.1397 
2024-04-01 22:25:48,037 - MMSA [INFO] - VAL-(dicmor) >>  Acc_2: 0.8241  F1_score: 0.8213  Acc_7: 0.5211  MAE: 0.5516  Loss: 0.5516 
2024-04-01 22:26:14,539 - MMSA [INFO] - TEST-(dicmor) >>  Acc_2: 0.8310  F1_score: 0.8295  Acc_7: 0.5209  MAE: 0.5604  Loss: 0.5603 
2024-04-01 22:31:30,308 - MMSA [INFO] - TRAIN-(dicmor) [10/26/4] >> loss: 1.1222  Acc_2: 0.9633  F1_score: 0.9629  Acc_7: 0.9270  MAE: 0.1349 
2024-04-01 22:31:42,773 - MMSA [INFO] - VAL-(dicmor) >>  Acc_2: 0.8373  F1_score: 0.8353  Acc_7: 0.5265  MAE: 0.5450  Loss: 0.5449 
2024-04-01 22:32:09,503 - MMSA [INFO] - TEST-(dicmor) >>  Acc_2: 0.8244  F1_score: 0.8226  Acc_7: 0.5168  MAE: 0.5720  Loss: 0.5712 
2024-04-01 22:32:37,471 - MMSA [INFO] - TEST-(dicmor) >>  Acc_2: 0.8275  F1_score: 0.8266  Acc_7: 0.5201  MAE: 0.5591  Loss: 0.5589 
2024-04-01 22:32:39,944 - MMSA [INFO] - train samples: (16326,)
2024-04-01 22:32:41,376 - MMSA [INFO] - valid samples: (1871,)
2024-04-01 22:32:42,791 - MMSA [INFO] - test samples: (4659,)
2024-04-01 22:37:48,736 - MMSA [INFO] - TRAIN-(dicmor) [1/1/5] >> loss: 4.2556  Acc_2: 0.9613  F1_score: 0.9611  Acc_7: 0.9221  MAE: 0.1395 
2024-04-01 22:38:00,229 - MMSA [INFO] - VAL-(dicmor) >>  Acc_2: 0.7990  F1_score: 0.8005  Acc_7: 0.5211  MAE: 0.5645  Loss: 0.5644 
2024-04-01 22:38:26,485 - MMSA [INFO] - TEST-(dicmor) >>  Acc_2: 0.8137  F1_score: 0.8142  Acc_7: 0.5151  MAE: 0.5766  Loss: 0.5758 
2024-04-01 22:43:40,900 - MMSA [INFO] - TRAIN-(dicmor) [1/2/5] >> loss: 3.6254  Acc_2: 0.9593  F1_score: 0.9591  Acc_7: 0.9154  MAE: 0.1461 
2024-04-01 22:43:52,460 - MMSA [INFO] - VAL-(dicmor) >>  Acc_2: 0.8136  F1_score: 0.8157  Acc_7: 0.5238  MAE: 0.5531  Loss: 0.5531 
2024-04-01 22:44:18,932 - MMSA [INFO] - TEST-(dicmor) >>  Acc_2: 0.8151  F1_score: 0.8156  Acc_7: 0.5181  MAE: 0.5695  Loss: 0.5691 
2024-04-01 22:49:38,328 - MMSA [INFO] - TRAIN-(dicmor) [1/3/5] >> loss: 3.4121  Acc_2: 0.9592  F1_score: 0.9589  Acc_7: 0.9188  MAE: 0.1482 
2024-04-01 22:49:50,340 - MMSA [INFO] - VAL-(dicmor) >>  Acc_2: 0.8275  F1_score: 0.8247  Acc_7: 0.5179  MAE: 0.5537  Loss: 0.5537 
2024-04-01 22:50:16,964 - MMSA [INFO] - TEST-(dicmor) >>  Acc_2: 0.8225  F1_score: 0.8216  Acc_7: 0.5119  MAE: 0.5701  Loss: 0.5702 
2024-04-01 22:55:32,936 - MMSA [INFO] - TRAIN-(dicmor) [2/4/5] >> loss: 3.1547  Acc_2: 0.9558  F1_score: 0.9554  Acc_7: 0.9176  MAE: 0.1509 
2024-04-01 22:55:44,744 - MMSA [INFO] - VAL-(dicmor) >>  Acc_2: 0.8011  F1_score: 0.8043  Acc_7: 0.5179  MAE: 0.5667  Loss: 0.5667 
2024-04-01 22:56:10,981 - MMSA [INFO] - TEST-(dicmor) >>  Acc_2: 0.8159  F1_score: 0.8179  Acc_7: 0.5128  MAE: 0.5762  Loss: 0.5783 
2024-04-01 23:01:26,818 - MMSA [INFO] - TRAIN-(dicmor) [3/5/5] >> loss: 2.9848  Acc_2: 0.9601  F1_score: 0.9600  Acc_7: 0.9258  MAE: 0.1423 
2024-04-01 23:01:38,741 - MMSA [INFO] - VAL-(dicmor) >>  Acc_2: 0.8268  F1_score: 0.8216  Acc_7: 0.5243  MAE: 0.5612  Loss: 0.5611 
2024-04-01 23:02:05,287 - MMSA [INFO] - TEST-(dicmor) >>  Acc_2: 0.8297  F1_score: 0.8265  Acc_7: 0.5119  MAE: 0.5668  Loss: 0.5659 
2024-04-01 23:07:21,469 - MMSA [INFO] - TRAIN-(dicmor) [4/6/5] >> loss: 2.8337  Acc_2: 0.9660  F1_score: 0.9657  Acc_7: 0.9305  MAE: 0.1321 
2024-04-01 23:07:33,348 - MMSA [INFO] - VAL-(dicmor) >>  Acc_2: 0.8282  F1_score: 0.8252  Acc_7: 0.5286  MAE: 0.5524  Loss: 0.5524 
2024-04-01 23:08:00,147 - MMSA [INFO] - TEST-(dicmor) >>  Acc_2: 0.8258  F1_score: 0.8238  Acc_7: 0.5184  MAE: 0.5675  Loss: 0.5688 
2024-04-01 23:13:18,830 - MMSA [INFO] - TRAIN-(dicmor) [1/7/5] >> loss: 2.7118  Acc_2: 0.9636  F1_score: 0.9633  Acc_7: 0.9233  MAE: 0.1398 
2024-04-01 23:13:30,937 - MMSA [INFO] - VAL-(dicmor) >>  Acc_2: 0.8241  F1_score: 0.8255  Acc_7: 0.5387  MAE: 0.5431  Loss: 0.5430 
2024-04-01 23:13:57,339 - MMSA [INFO] - TEST-(dicmor) >>  Acc_2: 0.8233  F1_score: 0.8242  Acc_7: 0.5177  MAE: 0.5670  Loss: 0.5667 
2024-04-01 23:19:15,125 - MMSA [INFO] - TRAIN-(dicmor) [1/8/5] >> loss: 2.5672  Acc_2: 0.9623  F1_score: 0.9621  Acc_7: 0.9267  MAE: 0.1356 
2024-04-01 23:19:27,076 - MMSA [INFO] - VAL-(dicmor) >>  Acc_2: 0.8310  F1_score: 0.8285  Acc_7: 0.5286  MAE: 0.5478  Loss: 0.5479 
2024-04-01 23:19:53,581 - MMSA [INFO] - TEST-(dicmor) >>  Acc_2: 0.8225  F1_score: 0.8200  Acc_7: 0.5113  MAE: 0.5761  Loss: 0.5766 
2024-04-01 23:25:11,313 - MMSA [INFO] - TRAIN-(dicmor) [2/9/5] >> loss: 2.4379  Acc_2: 0.9630  F1_score: 0.9627  Acc_7: 0.9275  MAE: 0.1376 
2024-04-01 23:25:23,393 - MMSA [INFO] - VAL-(dicmor) >>  Acc_2: 0.8220  F1_score: 0.8211  Acc_7: 0.5249  MAE: 0.5559  Loss: 0.5560 
2024-04-01 23:25:50,263 - MMSA [INFO] - TEST-(dicmor) >>  Acc_2: 0.8200  F1_score: 0.8187  Acc_7: 0.5184  MAE: 0.5666  Loss: 0.5662 
2024-04-01 23:31:06,452 - MMSA [INFO] - TRAIN-(dicmor) [3/10/5] >> loss: 2.3484  Acc_2: 0.9646  F1_score: 0.9643  Acc_7: 0.9237  MAE: 0.1388 
2024-04-01 23:31:18,682 - MMSA [INFO] - VAL-(dicmor) >>  Acc_2: 0.8303  F1_score: 0.8281  Acc_7: 0.5243  MAE: 0.5524  Loss: 0.5523 
2024-04-01 23:31:45,631 - MMSA [INFO] - TEST-(dicmor) >>  Acc_2: 0.8302  F1_score: 0.8281  Acc_7: 0.5096  MAE: 0.5732  Loss: 0.5731 
2024-04-01 23:37:04,858 - MMSA [INFO] - TRAIN-(dicmor) [4/11/5] >> loss: 2.2411  Acc_2: 0.9615  F1_score: 0.9612  Acc_7: 0.9251  MAE: 0.1392 
2024-04-01 23:37:16,924 - MMSA [INFO] - VAL-(dicmor) >>  Acc_2: 0.8255  F1_score: 0.8237  Acc_7: 0.5281  MAE: 0.5475  Loss: 0.5474 
2024-04-01 23:37:43,282 - MMSA [INFO] - TEST-(dicmor) >>  Acc_2: 0.8236  F1_score: 0.8225  Acc_7: 0.5201  MAE: 0.5659  Loss: 0.5656 
2024-04-01 23:43:01,514 - MMSA [INFO] - TRAIN-(dicmor) [5/12/5] >> loss: 2.1112  Acc_2: 0.9582  F1_score: 0.9578  Acc_7: 0.9215  MAE: 0.1437 
2024-04-01 23:43:13,693 - MMSA [INFO] - VAL-(dicmor) >>  Acc_2: 0.8324  F1_score: 0.8308  Acc_7: 0.5200  MAE: 0.5592  Loss: 0.5592 
2024-04-01 23:43:40,459 - MMSA [INFO] - TEST-(dicmor) >>  Acc_2: 0.8305  F1_score: 0.8294  Acc_7: 0.5171  MAE: 0.5625  Loss: 0.5640 
2024-04-01 23:49:00,201 - MMSA [INFO] - TRAIN-(dicmor) [6/13/5] >> loss: 2.03  Acc_2: 0.9550  F1_score: 0.9546  Acc_7: 0.9152  MAE: 0.1516 
2024-04-01 23:49:12,699 - MMSA [INFO] - VAL-(dicmor) >>  Acc_2: 0.8255  F1_score: 0.8217  Acc_7: 0.5275  MAE: 0.5550  Loss: 0.5550 
2024-04-01 23:49:38,901 - MMSA [INFO] - TEST-(dicmor) >>  Acc_2: 0.8222  F1_score: 0.8199  Acc_7: 0.5136  MAE: 0.5743  Loss: 0.5741 
2024-04-01 23:54:56,976 - MMSA [INFO] - TRAIN-(dicmor) [7/14/5] >> loss: 1.9282  Acc_2: 0.9621  F1_score: 0.9618  Acc_7: 0.9266  MAE: 0.1351 
2024-04-01 23:55:09,270 - MMSA [INFO] - VAL-(dicmor) >>  Acc_2: 0.8331  F1_score: 0.8304  Acc_7: 0.5307  MAE: 0.5496  Loss: 0.5496 
2024-04-01 23:55:36,184 - MMSA [INFO] - TEST-(dicmor) >>  Acc_2: 0.8269  F1_score: 0.8247  Acc_7: 0.5168  MAE: 0.5661  Loss: 0.5662 
2024-04-02 00:00:55,124 - MMSA [INFO] - TRAIN-(dicmor) [8/15/5] >> loss: 1.8488  Acc_2: 0.9627  F1_score: 0.9623  Acc_7: 0.9282  MAE: 0.1333 
2024-04-02 00:01:07,481 - MMSA [INFO] - VAL-(dicmor) >>  Acc_2: 0.8296  F1_score: 0.8289  Acc_7: 0.5291  MAE: 0.5442  Loss: 0.5443 
2024-04-02 00:01:34,075 - MMSA [INFO] - TEST-(dicmor) >>  Acc_2: 0.8225  F1_score: 0.8212  Acc_7: 0.5151  MAE: 0.5709  Loss: 0.5701 
2024-04-02 00:06:52,247 - MMSA [INFO] - TRAIN-(dicmor) [9/16/5] >> loss: 1.796  Acc_2: 0.9592  F1_score: 0.9589  Acc_7: 0.9272  MAE: 0.1361 
2024-04-02 00:07:04,545 - MMSA [INFO] - VAL-(dicmor) >>  Acc_2: 0.8275  F1_score: 0.8255  Acc_7: 0.5232  MAE: 0.5449  Loss: 0.5450 
2024-04-02 00:07:31,435 - MMSA [INFO] - TEST-(dicmor) >>  Acc_2: 0.8280  F1_score: 0.8266  Acc_7: 0.5168  MAE: 0.5705  Loss: 0.5711 
2024-04-02 00:12:50,651 - MMSA [INFO] - TRAIN-(dicmor) [10/17/5] >> loss: 1.7712  Acc_2: 0.9639  F1_score: 0.9636  Acc_7: 0.9283  MAE: 0.1328 
2024-04-02 00:13:03,055 - MMSA [INFO] - VAL-(dicmor) >>  Acc_2: 0.8317  F1_score: 0.8285  Acc_7: 0.5222  MAE: 0.5538  Loss: 0.5538 
2024-04-02 00:13:30,284 - MMSA [INFO] - TEST-(dicmor) >>  Acc_2: 0.8236  F1_score: 0.8203  Acc_7: 0.5113  MAE: 0.5753  Loss: 0.5758 
2024-04-02 00:13:59,704 - MMSA [INFO] - TEST-(dicmor) >>  Acc_2: 0.8154  F1_score: 0.8166  Acc_7: 0.5192  MAE: 0.5685  Loss: 0.5693 
2024-04-02 00:14:02,198 - MMSA [INFO] - train samples: (16326,)
2024-04-02 00:14:03,667 - MMSA [INFO] - valid samples: (1871,)
2024-04-02 00:14:05,133 - MMSA [INFO] - test samples: (4659,)
2024-04-02 00:19:12,710 - MMSA [INFO] - TRAIN-(dicmor) [1/1/6] >> loss: 4.2227  Acc_2: 0.9546  F1_score: 0.9544  Acc_7: 0.9167  MAE: 0.1531 
2024-04-02 00:19:24,264 - MMSA [INFO] - VAL-(dicmor) >>  Acc_2: 0.8310  F1_score: 0.8272  Acc_7: 0.5227  MAE: 0.5520  Loss: 0.5519 
2024-04-02 00:19:50,383 - MMSA [INFO] - TEST-(dicmor) >>  Acc_2: 0.8264  F1_score: 0.8239  Acc_7: 0.5158  MAE: 0.5645  Loss: 0.5634 
2024-04-02 00:25:05,548 - MMSA [INFO] - TRAIN-(dicmor) [1/2/6] >> loss: 3.5437  Acc_2: 0.9585  F1_score: 0.9583  Acc_7: 0.9212  MAE: 0.1433 
2024-04-02 00:25:17,343 - MMSA [INFO] - VAL-(dicmor) >>  Acc_2: 0.8373  F1_score: 0.8351  Acc_7: 0.5211  MAE: 0.5470  Loss: 0.5470 
2024-04-02 00:25:43,364 - MMSA [INFO] - TEST-(dicmor) >>  Acc_2: 0.8376  F1_score: 0.8362  Acc_7: 0.5207  MAE: 0.5565  Loss: 0.5555 
2024-04-02 00:30:57,544 - MMSA [INFO] - TRAIN-(dicmor) [1/3/6] >> loss: 3.5255  Acc_2: 0.9621  F1_score: 0.9618  Acc_7: 0.9187  MAE: 0.1441 
2024-04-02 00:31:09,698 - MMSA [INFO] - VAL-(dicmor) >>  Acc_2: 0.8366  F1_score: 0.8355  Acc_7: 0.5318  MAE: 0.5434  Loss: 0.5434 
2024-04-02 00:31:36,273 - MMSA [INFO] - TEST-(dicmor) >>  Acc_2: 0.8294  F1_score: 0.8287  Acc_7: 0.5132  MAE: 0.5703  Loss: 0.5711 
2024-04-02 00:36:57,130 - MMSA [INFO] - TRAIN-(dicmor) [1/4/6] >> loss: 3.1227  Acc_2: 0.9565  F1_score: 0.9561  Acc_7: 0.9174  MAE: 0.1537 
2024-04-02 00:37:08,883 - MMSA [INFO] - VAL-(dicmor) >>  Acc_2: 0.8255  F1_score: 0.8252  Acc_7: 0.5259  MAE: 0.5505  Loss: 0.5505 
2024-04-02 00:37:35,003 - MMSA [INFO] - TEST-(dicmor) >>  Acc_2: 0.8233  F1_score: 0.8234  Acc_7: 0.5177  MAE: 0.5672  Loss: 0.5669 
2024-04-02 00:42:52,005 - MMSA [INFO] - TRAIN-(dicmor) [2/5/6] >> loss: 2.9745  Acc_2: 0.9586  F1_score: 0.9583  Acc_7: 0.9201  MAE: 0.1442 
2024-04-02 00:43:03,947 - MMSA [INFO] - VAL-(dicmor) >>  Acc_2: 0.8241  F1_score: 0.8226  Acc_7: 0.5238  MAE: 0.5490  Loss: 0.5491 
2024-04-02 00:43:30,234 - MMSA [INFO] - TEST-(dicmor) >>  Acc_2: 0.8297  F1_score: 0.8287  Acc_7: 0.5123  MAE: 0.5712  Loss: 0.5708 
2024-04-02 00:48:44,251 - MMSA [INFO] - TRAIN-(dicmor) [3/6/6] >> loss: 2.819  Acc_2: 0.9629  F1_score: 0.9626  Acc_7: 0.9239  MAE: 0.1396 
2024-04-02 00:48:56,317 - MMSA [INFO] - VAL-(dicmor) >>  Acc_2: 0.8338  F1_score: 0.8314  Acc_7: 0.5270  MAE: 0.5494  Loss: 0.5493 
2024-04-02 00:49:23,151 - MMSA [INFO] - TEST-(dicmor) >>  Acc_2: 0.8327  F1_score: 0.8310  Acc_7: 0.5216  MAE: 0.5654  Loss: 0.5652 
2024-04-02 00:54:39,086 - MMSA [INFO] - TRAIN-(dicmor) [4/7/6] >> loss: 2.6716  Acc_2: 0.9573  F1_score: 0.9569  Acc_7: 0.9142  MAE: 0.1539 
2024-04-02 00:54:51,132 - MMSA [INFO] - VAL-(dicmor) >>  Acc_2: 0.8206  F1_score: 0.8192  Acc_7: 0.5216  MAE: 0.5565  Loss: 0.5566 
2024-04-02 00:55:17,472 - MMSA [INFO] - TEST-(dicmor) >>  Acc_2: 0.8280  F1_score: 0.8272  Acc_7: 0.5179  MAE: 0.5663  Loss: 0.5658 
2024-04-02 01:00:31,787 - MMSA [INFO] - TRAIN-(dicmor) [5/8/6] >> loss: 2.5897  Acc_2: 0.9702  F1_score: 0.9700  Acc_7: 0.9292  MAE: 0.1334 
2024-04-02 01:00:43,828 - MMSA [INFO] - VAL-(dicmor) >>  Acc_2: 0.8401  F1_score: 0.8377  Acc_7: 0.5174  MAE: 0.5488  Loss: 0.5488 
2024-04-02 01:01:10,054 - MMSA [INFO] - TEST-(dicmor) >>  Acc_2: 0.8269  F1_score: 0.8253  Acc_7: 0.5143  MAE: 0.5708  Loss: 0.5705 
2024-04-02 01:06:28,209 - MMSA [INFO] - TRAIN-(dicmor) [6/9/6] >> loss: 2.4527  Acc_2: 0.9665  F1_score: 0.9663  Acc_7: 0.9263  MAE: 0.1347 
2024-04-02 01:06:40,652 - MMSA [INFO] - VAL-(dicmor) >>  Acc_2: 0.8095  F1_score: 0.8106  Acc_7: 0.5275  MAE: 0.5587  Loss: 0.5587 
2024-04-02 01:07:07,835 - MMSA [INFO] - TEST-(dicmor) >>  Acc_2: 0.8258  F1_score: 0.8262  Acc_7: 0.5214  MAE: 0.5636  Loss: 0.5633 
2024-04-02 01:12:23,623 - MMSA [INFO] - TRAIN-(dicmor) [7/10/6] >> loss: 2.4047  Acc_2: 0.9618  F1_score: 0.9616  Acc_7: 0.9247  MAE: 0.1382 
2024-04-02 01:12:35,753 - MMSA [INFO] - VAL-(dicmor) >>  Acc_2: 0.8331  F1_score: 0.8301  Acc_7: 0.5227  MAE: 0.5505  Loss: 0.5505 
2024-04-02 01:13:02,288 - MMSA [INFO] - TEST-(dicmor) >>  Acc_2: 0.8253  F1_score: 0.8228  Acc_7: 0.5149  MAE: 0.5724  Loss: 0.5734 
2024-04-02 01:18:17,823 - MMSA [INFO] - TRAIN-(dicmor) [8/11/6] >> loss: 2.3406  Acc_2: 0.9620  F1_score: 0.9616  Acc_7: 0.9250  MAE: 0.1396 
2024-04-02 01:18:29,808 - MMSA [INFO] - VAL-(dicmor) >>  Acc_2: 0.8255  F1_score: 0.8238  Acc_7: 0.5238  MAE: 0.5464  Loss: 0.5464 
2024-04-02 01:18:56,726 - MMSA [INFO] - TEST-(dicmor) >>  Acc_2: 0.8294  F1_score: 0.8275  Acc_7: 0.5153  MAE: 0.5681  Loss: 0.5678 
2024-04-02 01:24:14,716 - MMSA [INFO] - TRAIN-(dicmor) [9/12/6] >> loss: 2.2383  Acc_2: 0.9636  F1_score: 0.9632  Acc_7: 0.9277  MAE: 0.1340 
2024-04-02 01:24:26,818 - MMSA [INFO] - VAL-(dicmor) >>  Acc_2: 0.8171  F1_score: 0.8157  Acc_7: 0.5163  MAE: 0.5617  Loss: 0.5618 
2024-04-02 01:24:52,926 - MMSA [INFO] - TEST-(dicmor) >>  Acc_2: 0.8239  F1_score: 0.8226  Acc_7: 0.5203  MAE: 0.5670  Loss: 0.5660 
2024-04-02 01:30:09,779 - MMSA [INFO] - TRAIN-(dicmor) [10/13/6] >> loss: 2.185  Acc_2: 0.9642  F1_score: 0.9639  Acc_7: 0.9269  MAE: 0.1372 
2024-04-02 01:30:21,848 - MMSA [INFO] - VAL-(dicmor) >>  Acc_2: 0.8185  F1_score: 0.8158  Acc_7: 0.5184  MAE: 0.5601  Loss: 0.5600 
2024-04-02 01:30:48,673 - MMSA [INFO] - TEST-(dicmor) >>  Acc_2: 0.8206  F1_score: 0.8181  Acc_7: 0.5151  MAE: 0.5700  Loss: 0.5691 
2024-04-02 01:31:18,496 - MMSA [INFO] - TEST-(dicmor) >>  Acc_2: 0.8288  F1_score: 0.8285  Acc_7: 0.5093  MAE: 0.5675  Loss: 0.5684 
2024-04-02 01:31:20,977 - MMSA [INFO] - train samples: (16326,)
2024-04-02 01:31:22,432 - MMSA [INFO] - valid samples: (1871,)
2024-04-02 01:31:23,864 - MMSA [INFO] - test samples: (4659,)
2024-04-02 01:36:32,834 - MMSA [INFO] - TRAIN-(dicmor) [1/1/7] >> loss: 4.1965  Acc_2: 0.9524  F1_score: 0.9520  Acc_7: 0.9103  MAE: 0.1569 
2024-04-02 01:36:44,684 - MMSA [INFO] - VAL-(dicmor) >>  Acc_2: 0.8296  F1_score: 0.8296  Acc_7: 0.5120  MAE: 0.5641  Loss: 0.5642 
2024-04-02 01:37:11,142 - MMSA [INFO] - TEST-(dicmor) >>  Acc_2: 0.8242  F1_score: 0.8236  Acc_7: 0.5164  MAE: 0.5725  Loss: 0.5746 
2024-04-02 01:42:28,702 - MMSA [INFO] - TRAIN-(dicmor) [1/2/7] >> loss: 3.5329  Acc_2: 0.9582  F1_score: 0.9579  Acc_7: 0.9161  MAE: 0.1482 
2024-04-02 01:42:40,608 - MMSA [INFO] - VAL-(dicmor) >>  Acc_2: 0.8261  F1_score: 0.8245  Acc_7: 0.5281  MAE: 0.5537  Loss: 0.5538 
2024-04-02 01:43:06,799 - MMSA [INFO] - TEST-(dicmor) >>  Acc_2: 0.8266  F1_score: 0.8251  Acc_7: 0.5134  MAE: 0.5705  Loss: 0.5692 
2024-04-02 01:48:25,189 - MMSA [INFO] - TRAIN-(dicmor) [1/3/7] >> loss: 3.4048  Acc_2: 0.9639  F1_score: 0.9636  Acc_7: 0.9210  MAE: 0.1428 
2024-04-02 01:48:37,328 - MMSA [INFO] - VAL-(dicmor) >>  Acc_2: 0.8303  F1_score: 0.8286  Acc_7: 0.5265  MAE: 0.5496  Loss: 0.5495 
2024-04-02 01:49:03,691 - MMSA [INFO] - TEST-(dicmor) >>  Acc_2: 0.8255  F1_score: 0.8236  Acc_7: 0.5244  MAE: 0.5618  Loss: 0.5635 
2024-04-02 01:54:21,996 - MMSA [INFO] - TRAIN-(dicmor) [1/4/7] >> loss: 3.1339  Acc_2: 0.9582  F1_score: 0.9580  Acc_7: 0.9241  MAE: 0.1416 
2024-04-02 01:54:33,937 - MMSA [INFO] - VAL-(dicmor) >>  Acc_2: 0.8289  F1_score: 0.8244  Acc_7: 0.5035  MAE: 0.5645  Loss: 0.5646 
2024-04-02 01:55:00,552 - MMSA [INFO] - TEST-(dicmor) >>  Acc_2: 0.8277  F1_score: 0.8246  Acc_7: 0.5128  MAE: 0.5716  Loss: 0.5704 
2024-04-02 02:00:15,786 - MMSA [INFO] - TRAIN-(dicmor) [2/5/7] >> loss: 3.0752  Acc_2: 0.9611  F1_score: 0.9608  Acc_7: 0.9211  MAE: 0.1464 
2024-04-02 02:00:27,693 - MMSA [INFO] - VAL-(dicmor) >>  Acc_2: 0.8102  F1_score: 0.8125  Acc_7: 0.5302  MAE: 0.5537  Loss: 0.5537 
2024-04-02 02:00:54,406 - MMSA [INFO] - TEST-(dicmor) >>  Acc_2: 0.8154  F1_score: 0.8166  Acc_7: 0.5226  MAE: 0.5686  Loss: 0.5692 
2024-04-02 02:06:09,076 - MMSA [INFO] - TRAIN-(dicmor) [3/6/7] >> loss: 2.8327  Acc_2: 0.9543  F1_score: 0.9541  Acc_7: 0.9198  MAE: 0.1507 
2024-04-02 02:06:21,261 - MMSA [INFO] - VAL-(dicmor) >>  Acc_2: 0.8366  F1_score: 0.8335  Acc_7: 0.5168  MAE: 0.5495  Loss: 0.5495 
2024-04-02 02:06:47,823 - MMSA [INFO] - TEST-(dicmor) >>  Acc_2: 0.8299  F1_score: 0.8272  Acc_7: 0.5166  MAE: 0.5687  Loss: 0.5682 
2024-04-02 02:12:05,784 - MMSA [INFO] - TRAIN-(dicmor) [4/7/7] >> loss: 2.6999  Acc_2: 0.9609  F1_score: 0.9606  Acc_7: 0.9229  MAE: 0.1392 
2024-04-02 02:12:18,005 - MMSA [INFO] - VAL-(dicmor) >>  Acc_2: 0.8199  F1_score: 0.8177  Acc_7: 0.5238  MAE: 0.5546  Loss: 0.5545 
2024-04-02 02:12:44,710 - MMSA [INFO] - TEST-(dicmor) >>  Acc_2: 0.8220  F1_score: 0.8203  Acc_7: 0.5153  MAE: 0.5683  Loss: 0.5685 
2024-04-02 02:18:01,853 - MMSA [INFO] - TRAIN-(dicmor) [5/8/7] >> loss: 2.5749  Acc_2: 0.9614  F1_score: 0.9610  Acc_7: 0.9229  MAE: 0.1387 
2024-04-02 02:18:13,836 - MMSA [INFO] - VAL-(dicmor) >>  Acc_2: 0.8185  F1_score: 0.8152  Acc_7: 0.5211  MAE: 0.5601  Loss: 0.5600 
2024-04-02 02:18:39,856 - MMSA [INFO] - TEST-(dicmor) >>  Acc_2: 0.8272  F1_score: 0.8252  Acc_7: 0.5166  MAE: 0.5664  Loss: 0.5665 
2024-04-02 02:23:58,906 - MMSA [INFO] - TRAIN-(dicmor) [6/9/7] >> loss: 2.4739  Acc_2: 0.9606  F1_score: 0.9602  Acc_7: 0.9161  MAE: 0.1518 
2024-04-02 02:24:11,057 - MMSA [INFO] - VAL-(dicmor) >>  Acc_2: 0.8289  F1_score: 0.8269  Acc_7: 0.5238  MAE: 0.5531  Loss: 0.5532 
2024-04-02 02:24:38,027 - MMSA [INFO] - TEST-(dicmor) >>  Acc_2: 0.8258  F1_score: 0.8239  Acc_7: 0.5188  MAE: 0.5701  Loss: 0.5707 
2024-04-02 02:29:55,573 - MMSA [INFO] - TRAIN-(dicmor) [7/10/7] >> loss: 2.3836  Acc_2: 0.9656  F1_score: 0.9653  Acc_7: 0.9286  MAE: 0.1335 
2024-04-02 02:30:07,740 - MMSA [INFO] - VAL-(dicmor) >>  Acc_2: 0.8303  F1_score: 0.8273  Acc_7: 0.5243  MAE: 0.5554  Loss: 0.5554 
2024-04-02 02:30:34,618 - MMSA [INFO] - TEST-(dicmor) >>  Acc_2: 0.8272  F1_score: 0.8249  Acc_7: 0.5153  MAE: 0.5698  Loss: 0.5695 
2024-04-02 02:35:52,509 - MMSA [INFO] - TRAIN-(dicmor) [8/11/7] >> loss: 2.3053  Acc_2: 0.9578  F1_score: 0.9573  Acc_7: 0.9180  MAE: 0.1451 
2024-04-02 02:36:04,692 - MMSA [INFO] - VAL-(dicmor) >>  Acc_2: 0.8338  F1_score: 0.8313  Acc_7: 0.5211  MAE: 0.5533  Loss: 0.5533 
2024-04-02 02:36:31,372 - MMSA [INFO] - TEST-(dicmor) >>  Acc_2: 0.8275  F1_score: 0.8252  Acc_7: 0.5149  MAE: 0.5717  Loss: 0.5718 
2024-04-02 02:41:50,558 - MMSA [INFO] - TRAIN-(dicmor) [9/12/7] >> loss: 2.2612  Acc_2: 0.9584  F1_score: 0.9580  Acc_7: 0.9240  MAE: 0.1403 
2024-04-02 02:42:03,013 - MMSA [INFO] - VAL-(dicmor) >>  Acc_2: 0.8345  F1_score: 0.8315  Acc_7: 0.5281  MAE: 0.5543  Loss: 0.5542 
2024-04-02 02:42:29,651 - MMSA [INFO] - TEST-(dicmor) >>  Acc_2: 0.8343  F1_score: 0.8319  Acc_7: 0.5123  MAE: 0.5686  Loss: 0.5685 
2024-04-02 02:47:46,423 - MMSA [INFO] - TRAIN-(dicmor) [10/13/7] >> loss: 2.2095  Acc_2: 0.9639  F1_score: 0.9636  Acc_7: 0.9259  MAE: 0.1372 
2024-04-02 02:47:58,552 - MMSA [INFO] - VAL-(dicmor) >>  Acc_2: 0.8387  F1_score: 0.8354  Acc_7: 0.5211  MAE: 0.5484  Loss: 0.5483 
2024-04-02 02:48:25,167 - MMSA [INFO] - TEST-(dicmor) >>  Acc_2: 0.8294  F1_score: 0.8264  Acc_7: 0.5130  MAE: 0.5703  Loss: 0.5719 
2024-04-02 02:53:48,754 - MMSA [INFO] - TRAIN-(dicmor) [1/14/7] >> loss: 2.1211  Acc_2: 0.9589  F1_score: 0.9585  Acc_7: 0.9166  MAE: 0.1472 
2024-04-02 02:54:01,057 - MMSA [INFO] - VAL-(dicmor) >>  Acc_2: 0.8282  F1_score: 0.8252  Acc_7: 0.5163  MAE: 0.5609  Loss: 0.5609 
2024-04-02 02:54:28,199 - MMSA [INFO] - TEST-(dicmor) >>  Acc_2: 0.8346  F1_score: 0.8324  Acc_7: 0.5203  MAE: 0.5603  Loss: 0.5596 
2024-04-02 02:59:45,536 - MMSA [INFO] - TRAIN-(dicmor) [2/15/7] >> loss: 2.0799  Acc_2: 0.9644  F1_score: 0.9641  Acc_7: 0.9269  MAE: 0.1359 
2024-04-02 02:59:57,651 - MMSA [INFO] - VAL-(dicmor) >>  Acc_2: 0.8275  F1_score: 0.8246  Acc_7: 0.5211  MAE: 0.5495  Loss: 0.5493 
2024-04-02 03:00:24,278 - MMSA [INFO] - TEST-(dicmor) >>  Acc_2: 0.8305  F1_score: 0.8283  Acc_7: 0.5162  MAE: 0.5675  Loss: 0.5667 
2024-04-02 03:05:43,087 - MMSA [INFO] - TRAIN-(dicmor) [3/16/7] >> loss: 2.0347  Acc_2: 0.9621  F1_score: 0.9618  Acc_7: 0.9266  MAE: 0.1375 
2024-04-02 03:05:55,361 - MMSA [INFO] - VAL-(dicmor) >>  Acc_2: 0.8394  F1_score: 0.8368  Acc_7: 0.5238  MAE: 0.5503  Loss: 0.5504 
2024-04-02 03:06:22,215 - MMSA [INFO] - TEST-(dicmor) >>  Acc_2: 0.8332  F1_score: 0.8311  Acc_7: 0.5211  MAE: 0.5607  Loss: 0.5608 
2024-04-02 03:11:42,150 - MMSA [INFO] - TRAIN-(dicmor) [4/17/7] >> loss: 1.9886  Acc_2: 0.9614  F1_score: 0.9610  Acc_7: 0.9245  MAE: 0.1390 
2024-04-02 03:11:54,696 - MMSA [INFO] - VAL-(dicmor) >>  Acc_2: 0.8241  F1_score: 0.8208  Acc_7: 0.5152  MAE: 0.5586  Loss: 0.5585 
2024-04-02 03:12:21,682 - MMSA [INFO] - TEST-(dicmor) >>  Acc_2: 0.8255  F1_score: 0.8237  Acc_7: 0.5233  MAE: 0.5643  Loss: 0.5637 
2024-04-02 03:17:38,354 - MMSA [INFO] - TRAIN-(dicmor) [5/18/7] >> loss: 1.948  Acc_2: 0.9646  F1_score: 0.9643  Acc_7: 0.9331  MAE: 0.1308 
2024-04-02 03:17:50,664 - MMSA [INFO] - VAL-(dicmor) >>  Acc_2: 0.8241  F1_score: 0.8226  Acc_7: 0.5270  MAE: 0.5534  Loss: 0.5534 
2024-04-02 03:18:17,284 - MMSA [INFO] - TEST-(dicmor) >>  Acc_2: 0.8266  F1_score: 0.8252  Acc_7: 0.5194  MAE: 0.5680  Loss: 0.5683 
2024-04-02 03:23:35,583 - MMSA [INFO] - TRAIN-(dicmor) [6/19/7] >> loss: 1.883  Acc_2: 0.9583  F1_score: 0.9579  Acc_7: 0.9209  MAE: 0.1442 
2024-04-02 03:23:48,064 - MMSA [INFO] - VAL-(dicmor) >>  Acc_2: 0.8275  F1_score: 0.8254  Acc_7: 0.5291  MAE: 0.5444  Loss: 0.5445 
2024-04-02 03:24:14,951 - MMSA [INFO] - TEST-(dicmor) >>  Acc_2: 0.8327  F1_score: 0.8310  Acc_7: 0.5222  MAE: 0.5620  Loss: 0.5617 
2024-04-02 03:29:39,425 - MMSA [INFO] - TRAIN-(dicmor) [1/20/7] >> loss: 1.824  Acc_2: 0.9615  F1_score: 0.9611  Acc_7: 0.9229  MAE: 0.1399 
2024-04-02 03:29:51,955 - MMSA [INFO] - VAL-(dicmor) >>  Acc_2: 0.8331  F1_score: 0.8297  Acc_7: 0.5195  MAE: 0.5511  Loss: 0.5510 
2024-04-02 03:30:18,786 - MMSA [INFO] - TEST-(dicmor) >>  Acc_2: 0.8324  F1_score: 0.8296  Acc_7: 0.5119  MAE: 0.5655  Loss: 0.5643 
2024-04-02 03:35:37,367 - MMSA [INFO] - TRAIN-(dicmor) [2/21/7] >> loss: 1.7854  Acc_2: 0.9634  F1_score: 0.9631  Acc_7: 0.9258  MAE: 0.1352 
2024-04-02 03:35:49,768 - MMSA [INFO] - VAL-(dicmor) >>  Acc_2: 0.8115  F1_score: 0.8103  Acc_7: 0.5190  MAE: 0.5605  Loss: 0.5605 
2024-04-02 03:36:16,938 - MMSA [INFO] - TEST-(dicmor) >>  Acc_2: 0.8247  F1_score: 0.8242  Acc_7: 0.5158  MAE: 0.5642  Loss: 0.5642 
2024-04-02 03:41:35,698 - MMSA [INFO] - TRAIN-(dicmor) [3/22/7] >> loss: 1.729  Acc_2: 0.9546  F1_score: 0.9542  Acc_7: 0.9210  MAE: 0.1441 
2024-04-02 03:41:47,933 - MMSA [INFO] - VAL-(dicmor) >>  Acc_2: 0.8248  F1_score: 0.8217  Acc_7: 0.5200  MAE: 0.5552  Loss: 0.5551 
2024-04-02 03:42:15,075 - MMSA [INFO] - TEST-(dicmor) >>  Acc_2: 0.8365  F1_score: 0.8353  Acc_7: 0.5207  MAE: 0.5564  Loss: 0.5557 
2024-04-02 03:47:33,480 - MMSA [INFO] - TRAIN-(dicmor) [4/23/7] >> loss: 1.7032  Acc_2: 0.9589  F1_score: 0.9585  Acc_7: 0.9200  MAE: 0.1436 
2024-04-02 03:47:45,713 - MMSA [INFO] - VAL-(dicmor) >>  Acc_2: 0.8303  F1_score: 0.8296  Acc_7: 0.5200  MAE: 0.5537  Loss: 0.5537 
2024-04-02 03:48:12,659 - MMSA [INFO] - TEST-(dicmor) >>  Acc_2: 0.8313  F1_score: 0.8301  Acc_7: 0.5216  MAE: 0.5608  Loss: 0.5598 
2024-04-02 03:53:30,702 - MMSA [INFO] - TRAIN-(dicmor) [5/24/7] >> loss: 1.6348  Acc_2: 0.9638  F1_score: 0.9635  Acc_7: 0.9286  MAE: 0.1309 
2024-04-02 03:53:43,236 - MMSA [INFO] - VAL-(dicmor) >>  Acc_2: 0.8282  F1_score: 0.8262  Acc_7: 0.5249  MAE: 0.5552  Loss: 0.5552 
2024-04-02 03:54:10,164 - MMSA [INFO] - TEST-(dicmor) >>  Acc_2: 0.8302  F1_score: 0.8285  Acc_7: 0.5214  MAE: 0.5630  Loss: 0.5621 
2024-04-02 03:59:30,555 - MMSA [INFO] - TRAIN-(dicmor) [6/25/7] >> loss: 1.602  Acc_2: 0.9628  F1_score: 0.9625  Acc_7: 0.9282  MAE: 0.1333 
2024-04-02 03:59:43,023 - MMSA [INFO] - VAL-(dicmor) >>  Acc_2: 0.8164  F1_score: 0.8149  Acc_7: 0.5286  MAE: 0.5562  Loss: 0.5561 
2024-04-02 04:00:10,487 - MMSA [INFO] - TEST-(dicmor) >>  Acc_2: 0.8239  F1_score: 0.8230  Acc_7: 0.5188  MAE: 0.5673  Loss: 0.5664 
2024-04-02 04:05:30,935 - MMSA [INFO] - TRAIN-(dicmor) [7/26/7] >> loss: 1.5469  Acc_2: 0.9613  F1_score: 0.9609  Acc_7: 0.9256  MAE: 0.1356 
2024-04-02 04:05:43,158 - MMSA [INFO] - VAL-(dicmor) >>  Acc_2: 0.8380  F1_score: 0.8355  Acc_7: 0.5254  MAE: 0.5525  Loss: 0.5525 
2024-04-02 04:06:10,327 - MMSA [INFO] - TEST-(dicmor) >>  Acc_2: 0.8346  F1_score: 0.8330  Acc_7: 0.5233  MAE: 0.5576  Loss: 0.5572 
2024-04-02 04:11:29,568 - MMSA [INFO] - TRAIN-(dicmor) [8/27/7] >> loss: 1.5367  Acc_2: 0.9606  F1_score: 0.9601  Acc_7: 0.9231  MAE: 0.1388 
2024-04-02 04:11:42,054 - MMSA [INFO] - VAL-(dicmor) >>  Acc_2: 0.8248  F1_score: 0.8219  Acc_7: 0.5174  MAE: 0.5513  Loss: 0.5513 
2024-04-02 04:12:08,850 - MMSA [INFO] - TEST-(dicmor) >>  Acc_2: 0.8283  F1_score: 0.8264  Acc_7: 0.5147  MAE: 0.5656  Loss: 0.5654 
2024-04-02 04:17:25,659 - MMSA [INFO] - TRAIN-(dicmor) [9/28/7] >> loss: 1.5  Acc_2: 0.9635  F1_score: 0.9631  Acc_7: 0.9263  MAE: 0.1326 
2024-04-02 04:17:38,129 - MMSA [INFO] - VAL-(dicmor) >>  Acc_2: 0.8289  F1_score: 0.8261  Acc_7: 0.5216  MAE: 0.5527  Loss: 0.5528 
2024-04-02 04:18:05,323 - MMSA [INFO] - TEST-(dicmor) >>  Acc_2: 0.8283  F1_score: 0.8262  Acc_7: 0.5194  MAE: 0.5661  Loss: 0.5653 
2024-04-02 04:23:23,189 - MMSA [INFO] - TRAIN-(dicmor) [10/29/7] >> loss: 1.4869  Acc_2: 0.9619  F1_score: 0.9615  Acc_7: 0.9240  MAE: 0.1369 
2024-04-02 04:23:35,719 - MMSA [INFO] - VAL-(dicmor) >>  Acc_2: 0.8241  F1_score: 0.8213  Acc_7: 0.5222  MAE: 0.5581  Loss: 0.5581 
2024-04-02 04:24:03,167 - MMSA [INFO] - TEST-(dicmor) >>  Acc_2: 0.8255  F1_score: 0.8238  Acc_7: 0.5121  MAE: 0.5720  Loss: 0.5718 
2024-04-02 04:24:31,121 - MMSA [INFO] - TEST-(dicmor) >>  Acc_2: 0.8291  F1_score: 0.8274  Acc_7: 0.5184  MAE: 0.5689  Loss: 0.5685 
2024-04-02 04:24:33,588 - MMSA [INFO] - train samples: (16326,)
2024-04-02 04:24:35,009 - MMSA [INFO] - valid samples: (1871,)
2024-04-02 04:24:36,409 - MMSA [INFO] - test samples: (4659,)
2024-04-02 04:29:45,736 - MMSA [INFO] - TRAIN-(dicmor) [1/1/8] >> loss: 4.2231  Acc_2: 0.9557  F1_score: 0.9555  Acc_7: 0.9170  MAE: 0.1514 
2024-04-02 04:29:57,319 - MMSA [INFO] - VAL-(dicmor) >>  Acc_2: 0.8060  F1_score: 0.8033  Acc_7: 0.5281  MAE: 0.5658  Loss: 0.5657 
2024-04-02 04:30:23,513 - MMSA [INFO] - TEST-(dicmor) >>  Acc_2: 0.8200  F1_score: 0.8187  Acc_7: 0.5205  MAE: 0.5759  Loss: 0.5759 
2024-04-02 04:35:36,928 - MMSA [INFO] - TRAIN-(dicmor) [1/2/8] >> loss: 4.7778  Acc_2: 0.9564  F1_score: 0.9560  Acc_7: 0.9165  MAE: 0.1529 
2024-04-02 04:35:48,633 - MMSA [INFO] - VAL-(dicmor) >>  Acc_2: 0.8303  F1_score: 0.8281  Acc_7: 0.5275  MAE: 0.5448  Loss: 0.5448 
2024-04-02 04:36:14,877 - MMSA [INFO] - TEST-(dicmor) >>  Acc_2: 0.8277  F1_score: 0.8257  Acc_7: 0.5207  MAE: 0.5646  Loss: 0.5643 
2024-04-02 04:41:33,059 - MMSA [INFO] - TRAIN-(dicmor) [1/3/8] >> loss: 3.3756  Acc_2: 0.9626  F1_score: 0.9623  Acc_7: 0.9147  MAE: 0.1487 
2024-04-02 04:41:44,815 - MMSA [INFO] - VAL-(dicmor) >>  Acc_2: 0.8192  F1_score: 0.8175  Acc_7: 0.5206  MAE: 0.5624  Loss: 0.5624 
2024-04-02 04:42:11,307 - MMSA [INFO] - TEST-(dicmor) >>  Acc_2: 0.8272  F1_score: 0.8264  Acc_7: 0.5207  MAE: 0.5680  Loss: 0.5698 
2024-04-02 04:47:22,831 - MMSA [INFO] - TRAIN-(dicmor) [2/4/8] >> loss: 3.1399  Acc_2: 0.9608  F1_score: 0.9605  Acc_7: 0.9161  MAE: 0.1479 
2024-04-02 04:47:34,709 - MMSA [INFO] - VAL-(dicmor) >>  Acc_2: 0.8164  F1_score: 0.8153  Acc_7: 0.5174  MAE: 0.5610  Loss: 0.5609 
2024-04-02 04:48:00,796 - MMSA [INFO] - TEST-(dicmor) >>  Acc_2: 0.8264  F1_score: 0.8251  Acc_7: 0.5149  MAE: 0.5684  Loss: 0.5683 
2024-04-02 04:53:16,212 - MMSA [INFO] - TRAIN-(dicmor) [3/5/8] >> loss: 3.0058  Acc_2: 0.9593  F1_score: 0.9589  Acc_7: 0.9192  MAE: 0.1476 
2024-04-02 04:53:28,202 - MMSA [INFO] - VAL-(dicmor) >>  Acc_2: 0.8234  F1_score: 0.8214  Acc_7: 0.5126  MAE: 0.5549  Loss: 0.5549 
2024-04-02 04:53:54,789 - MMSA [INFO] - TEST-(dicmor) >>  Acc_2: 0.8206  F1_score: 0.8190  Acc_7: 0.5158  MAE: 0.5739  Loss: 0.5747 
2024-04-02 04:59:11,489 - MMSA [INFO] - TRAIN-(dicmor) [4/6/8] >> loss: 2.846  Acc_2: 0.9608  F1_score: 0.9605  Acc_7: 0.9229  MAE: 0.1402 
2024-04-02 04:59:23,406 - MMSA [INFO] - VAL-(dicmor) >>  Acc_2: 0.8268  F1_score: 0.8245  Acc_7: 0.5259  MAE: 0.5465  Loss: 0.5464 
2024-04-02 04:59:50,203 - MMSA [INFO] - TEST-(dicmor) >>  Acc_2: 0.8330  F1_score: 0.8315  Acc_7: 0.5184  MAE: 0.5640  Loss: 0.5636 
2024-04-02 05:05:08,379 - MMSA [INFO] - TRAIN-(dicmor) [5/7/8] >> loss: 2.7219  Acc_2: 0.9641  F1_score: 0.9638  Acc_7: 0.9255  MAE: 0.1389 
2024-04-02 05:05:20,492 - MMSA [INFO] - VAL-(dicmor) >>  Acc_2: 0.8268  F1_score: 0.8231  Acc_7: 0.5216  MAE: 0.5603  Loss: 0.5603 
2024-04-02 05:05:47,369 - MMSA [INFO] - TEST-(dicmor) >>  Acc_2: 0.8206  F1_score: 0.8181  Acc_7: 0.5164  MAE: 0.5713  Loss: 0.5710 
2024-04-02 05:11:05,345 - MMSA [INFO] - TRAIN-(dicmor) [6/8/8] >> loss: 2.6076  Acc_2: 0.9592  F1_score: 0.9587  Acc_7: 0.9177  MAE: 0.1496 
2024-04-02 05:11:17,357 - MMSA [INFO] - VAL-(dicmor) >>  Acc_2: 0.8296  F1_score: 0.8289  Acc_7: 0.5291  MAE: 0.5468  Loss: 0.5467 
2024-04-02 05:11:43,876 - MMSA [INFO] - TEST-(dicmor) >>  Acc_2: 0.8288  F1_score: 0.8285  Acc_7: 0.5166  MAE: 0.5660  Loss: 0.5651 
2024-04-02 05:17:02,276 - MMSA [INFO] - TRAIN-(dicmor) [7/9/8] >> loss: 2.4982  Acc_2: 0.9618  F1_score: 0.9615  Acc_7: 0.9267  MAE: 0.1361 
2024-04-02 05:17:14,498 - MMSA [INFO] - VAL-(dicmor) >>  Acc_2: 0.8373  F1_score: 0.8345  Acc_7: 0.5184  MAE: 0.5491  Loss: 0.5491 
2024-04-02 05:17:41,033 - MMSA [INFO] - TEST-(dicmor) >>  Acc_2: 0.8313  F1_score: 0.8292  Acc_7: 0.5160  MAE: 0.5662  Loss: 0.5664 
2024-04-02 05:23:00,069 - MMSA [INFO] - TRAIN-(dicmor) [8/10/8] >> loss: 2.4276  Acc_2: 0.9550  F1_score: 0.9545  Acc_7: 0.9173  MAE: 0.1475 
2024-04-02 05:23:12,342 - MMSA [INFO] - VAL-(dicmor) >>  Acc_2: 0.8380  F1_score: 0.8363  Acc_7: 0.5334  MAE: 0.5381  Loss: 0.5382 
2024-04-02 05:23:39,036 - MMSA [INFO] - TEST-(dicmor) >>  Acc_2: 0.8269  F1_score: 0.8247  Acc_7: 0.5177  MAE: 0.5681  Loss: 0.5679 
2024-04-02 05:28:59,767 - MMSA [INFO] - TRAIN-(dicmor) [1/11/8] >> loss: 2.3703  Acc_2: 0.9632  F1_score: 0.9629  Acc_7: 0.9277  MAE: 0.1336 
2024-04-02 05:29:11,912 - MMSA [INFO] - VAL-(dicmor) >>  Acc_2: 0.8241  F1_score: 0.8223  Acc_7: 0.5232  MAE: 0.5565  Loss: 0.5565 
2024-04-02 05:29:38,735 - MMSA [INFO] - TEST-(dicmor) >>  Acc_2: 0.8244  F1_score: 0.8229  Acc_7: 0.5171  MAE: 0.5668  Loss: 0.5657 
2024-04-02 05:34:55,455 - MMSA [INFO] - TRAIN-(dicmor) [2/12/8] >> loss: 2.299  Acc_2: 0.9577  F1_score: 0.9574  Acc_7: 0.9219  MAE: 0.1413 
2024-04-02 05:35:07,468 - MMSA [INFO] - VAL-(dicmor) >>  Acc_2: 0.8380  F1_score: 0.8353  Acc_7: 0.5318  MAE: 0.5453  Loss: 0.5452 
2024-04-02 05:35:34,290 - MMSA [INFO] - TEST-(dicmor) >>  Acc_2: 0.8324  F1_score: 0.8305  Acc_7: 0.5153  MAE: 0.5637  Loss: 0.5632 
2024-04-02 05:40:50,666 - MMSA [INFO] - TRAIN-(dicmor) [3/13/8] >> loss: 2.2657  Acc_2: 0.9625  F1_score: 0.9621  Acc_7: 0.9245  MAE: 0.1366 
2024-04-02 05:41:02,544 - MMSA [INFO] - VAL-(dicmor) >>  Acc_2: 0.8317  F1_score: 0.8299  Acc_7: 0.5206  MAE: 0.5544  Loss: 0.5543 
2024-04-02 05:41:29,234 - MMSA [INFO] - TEST-(dicmor) >>  Acc_2: 0.8316  F1_score: 0.8300  Acc_7: 0.5194  MAE: 0.5587  Loss: 0.5583 
2024-04-02 05:46:46,244 - MMSA [INFO] - TRAIN-(dicmor) [4/14/8] >> loss: 2.2094  Acc_2: 0.9568  F1_score: 0.9564  Acc_7: 0.9238  MAE: 0.1403 
2024-04-02 05:46:58,289 - MMSA [INFO] - VAL-(dicmor) >>  Acc_2: 0.8143  F1_score: 0.8121  Acc_7: 0.5249  MAE: 0.5566  Loss: 0.5567 
2024-04-02 05:47:24,787 - MMSA [INFO] - TEST-(dicmor) >>  Acc_2: 0.8343  F1_score: 0.8328  Acc_7: 0.5205  MAE: 0.5596  Loss: 0.5590 
2024-04-02 05:52:41,903 - MMSA [INFO] - TRAIN-(dicmor) [5/15/8] >> loss: 2.1374  Acc_2: 0.9620  F1_score: 0.9616  Acc_7: 0.9247  MAE: 0.1361 
2024-04-02 05:52:54,220 - MMSA [INFO] - VAL-(dicmor) >>  Acc_2: 0.8150  F1_score: 0.8115  Acc_7: 0.5099  MAE: 0.5746  Loss: 0.5746 
2024-04-02 05:53:20,607 - MMSA [INFO] - TEST-(dicmor) >>  Acc_2: 0.8231  F1_score: 0.8211  Acc_7: 0.5164  MAE: 0.5670  Loss: 0.5674 
2024-04-02 05:58:33,383 - MMSA [INFO] - TRAIN-(dicmor) [6/16/8] >> loss: 2.0954  Acc_2: 0.9602  F1_score: 0.9598  Acc_7: 0.9222  MAE: 0.1429 
2024-04-02 05:58:45,402 - MMSA [INFO] - VAL-(dicmor) >>  Acc_2: 0.8248  F1_score: 0.8216  Acc_7: 0.5216  MAE: 0.5579  Loss: 0.5579 
2024-04-02 05:59:12,155 - MMSA [INFO] - TEST-(dicmor) >>  Acc_2: 0.8266  F1_score: 0.8241  Acc_7: 0.5126  MAE: 0.5739  Loss: 0.5734 
2024-04-02 06:04:32,216 - MMSA [INFO] - TRAIN-(dicmor) [7/17/8] >> loss: 2.054  Acc_2: 0.9636  F1_score: 0.9632  Acc_7: 0.9256  MAE: 0.1342 
2024-04-02 06:04:44,193 - MMSA [INFO] - VAL-(dicmor) >>  Acc_2: 0.8268  F1_score: 0.8245  Acc_7: 0.5270  MAE: 0.5518  Loss: 0.5518 
2024-04-02 06:05:10,925 - MMSA [INFO] - TEST-(dicmor) >>  Acc_2: 0.8310  F1_score: 0.8293  Acc_7: 0.5190  MAE: 0.5676  Loss: 0.5667 
2024-04-02 06:10:30,109 - MMSA [INFO] - TRAIN-(dicmor) [8/18/8] >> loss: 2.028  Acc_2: 0.9596  F1_score: 0.9591  Acc_7: 0.9199  MAE: 0.1428 
2024-04-02 06:10:42,256 - MMSA [INFO] - VAL-(dicmor) >>  Acc_2: 0.8310  F1_score: 0.8289  Acc_7: 0.5243  MAE: 0.5486  Loss: 0.5485 
2024-04-02 06:11:09,284 - MMSA [INFO] - TEST-(dicmor) >>  Acc_2: 0.8291  F1_score: 0.8275  Acc_7: 0.5188  MAE: 0.5627  Loss: 0.5618 
2024-04-02 06:16:30,814 - MMSA [INFO] - TRAIN-(dicmor) [9/19/8] >> loss: 1.9866  Acc_2: 0.9643  F1_score: 0.9640  Acc_7: 0.9308  MAE: 0.1296 
2024-04-02 06:16:42,947 - MMSA [INFO] - VAL-(dicmor) >>  Acc_2: 0.8275  F1_score: 0.8249  Acc_7: 0.5302  MAE: 0.5506  Loss: 0.5504 
2024-04-02 06:17:09,879 - MMSA [INFO] - TEST-(dicmor) >>  Acc_2: 0.8266  F1_score: 0.8247  Acc_7: 0.5173  MAE: 0.5681  Loss: 0.5671 
2024-04-02 06:22:27,701 - MMSA [INFO] - TRAIN-(dicmor) [10/20/8] >> loss: 1.9508  Acc_2: 0.9667  F1_score: 0.9663  Acc_7: 0.9306  MAE: 0.1285 
2024-04-02 06:22:39,947 - MMSA [INFO] - VAL-(dicmor) >>  Acc_2: 0.8227  F1_score: 0.8196  Acc_7: 0.5270  MAE: 0.5534  Loss: 0.5535 
2024-04-02 06:23:06,708 - MMSA [INFO] - TEST-(dicmor) >>  Acc_2: 0.8327  F1_score: 0.8308  Acc_7: 0.5179  MAE: 0.5652  Loss: 0.5654 
2024-04-02 06:23:36,610 - MMSA [INFO] - TEST-(dicmor) >>  Acc_2: 0.8280  F1_score: 0.8258  Acc_7: 0.5190  MAE: 0.5669  Loss: 0.5668 
2024-04-02 06:23:39,091 - MMSA [INFO] - train samples: (16326,)
2024-04-02 06:23:40,506 - MMSA [INFO] - valid samples: (1871,)
2024-04-02 06:23:41,925 - MMSA [INFO] - test samples: (4659,)
2024-04-02 06:28:50,489 - MMSA [INFO] - TRAIN-(dicmor) [1/1/9] >> loss: 4.2958  Acc_2: 0.9604  F1_score: 0.9601  Acc_7: 0.9147  MAE: 0.1486 
2024-04-02 06:29:02,180 - MMSA [INFO] - VAL-(dicmor) >>  Acc_2: 0.8206  F1_score: 0.8201  Acc_7: 0.5286  MAE: 0.5536  Loss: 0.5537 
2024-04-02 06:29:28,495 - MMSA [INFO] - TEST-(dicmor) >>  Acc_2: 0.8156  F1_score: 0.8151  Acc_7: 0.5123  MAE: 0.5758  Loss: 0.5758 
2024-04-02 06:34:43,740 - MMSA [INFO] - TRAIN-(dicmor) [1/2/9] >> loss: 3.5606  Acc_2: 0.9536  F1_score: 0.9532  Acc_7: 0.9125  MAE: 0.1565 
2024-04-02 06:34:55,444 - MMSA [INFO] - VAL-(dicmor) >>  Acc_2: 0.8088  F1_score: 0.8096  Acc_7: 0.5184  MAE: 0.5644  Loss: 0.5644 
2024-04-02 06:35:22,024 - MMSA [INFO] - TEST-(dicmor) >>  Acc_2: 0.8198  F1_score: 0.8212  Acc_7: 0.5162  MAE: 0.5680  Loss: 0.5673 
2024-04-02 06:40:34,981 - MMSA [INFO] - TRAIN-(dicmor) [2/3/9] >> loss: 3.5264  Acc_2: 0.9587  F1_score: 0.9585  Acc_7: 0.9177  MAE: 0.1458 
2024-04-02 06:40:46,860 - MMSA [INFO] - VAL-(dicmor) >>  Acc_2: 0.8324  F1_score: 0.8314  Acc_7: 0.5291  MAE: 0.5488  Loss: 0.5489 
2024-04-02 06:41:13,548 - MMSA [INFO] - TEST-(dicmor) >>  Acc_2: 0.8291  F1_score: 0.8281  Acc_7: 0.5160  MAE: 0.5688  Loss: 0.5676 
2024-04-02 06:46:29,133 - MMSA [INFO] - TRAIN-(dicmor) [1/4/9] >> loss: 3.1981  Acc_2: 0.9603  F1_score: 0.9600  Acc_7: 0.9158  MAE: 0.1497 
2024-04-02 06:46:41,024 - MMSA [INFO] - VAL-(dicmor) >>  Acc_2: 0.8234  F1_score: 0.8183  Acc_7: 0.5040  MAE: 0.5720  Loss: 0.5719 
2024-04-02 06:47:07,495 - MMSA [INFO] - TEST-(dicmor) >>  Acc_2: 0.8297  F1_score: 0.8258  Acc_7: 0.5059  MAE: 0.5803  Loss: 0.5797 
2024-04-02 06:52:22,487 - MMSA [INFO] - TRAIN-(dicmor) [2/5/9] >> loss: 2.9848  Acc_2: 0.9606  F1_score: 0.9601  Acc_7: 0.9185  MAE: 0.1496 
2024-04-02 06:52:34,329 - MMSA [INFO] - VAL-(dicmor) >>  Acc_2: 0.8136  F1_score: 0.8137  Acc_7: 0.5206  MAE: 0.5561  Loss: 0.5560 
2024-04-02 06:53:00,870 - MMSA [INFO] - TEST-(dicmor) >>  Acc_2: 0.8225  F1_score: 0.8230  Acc_7: 0.5108  MAE: 0.5732  Loss: 0.5733 
2024-04-02 06:58:15,455 - MMSA [INFO] - TRAIN-(dicmor) [3/6/9] >> loss: 2.8348  Acc_2: 0.9571  F1_score: 0.9568  Acc_7: 0.9147  MAE: 0.1516 
2024-04-02 06:58:27,427 - MMSA [INFO] - VAL-(dicmor) >>  Acc_2: 0.8289  F1_score: 0.8277  Acc_7: 0.5323  MAE: 0.5446  Loss: 0.5445 
2024-04-02 06:58:54,019 - MMSA [INFO] - TEST-(dicmor) >>  Acc_2: 0.8178  F1_score: 0.8166  Acc_7: 0.5164  MAE: 0.5687  Loss: 0.5676 
2024-04-02 07:04:13,861 - MMSA [INFO] - TRAIN-(dicmor) [1/7/9] >> loss: 2.7425  Acc_2: 0.9639  F1_score: 0.9636  Acc_7: 0.9239  MAE: 0.1387 
2024-04-02 07:04:26,027 - MMSA [INFO] - VAL-(dicmor) >>  Acc_2: 0.8296  F1_score: 0.8285  Acc_7: 0.5232  MAE: 0.5508  Loss: 0.5507 
2024-04-02 07:04:52,639 - MMSA [INFO] - TEST-(dicmor) >>  Acc_2: 0.8233  F1_score: 0.8215  Acc_7: 0.5126  MAE: 0.5729  Loss: 0.5732 
2024-04-02 07:10:09,413 - MMSA [INFO] - TRAIN-(dicmor) [2/8/9] >> loss: 2.5829  Acc_2: 0.9637  F1_score: 0.9634  Acc_7: 0.9277  MAE: 0.1371 
2024-04-02 07:10:21,783 - MMSA [INFO] - VAL-(dicmor) >>  Acc_2: 0.8296  F1_score: 0.8283  Acc_7: 0.5313  MAE: 0.5470  Loss: 0.5469 
2024-04-02 07:10:48,127 - MMSA [INFO] - TEST-(dicmor) >>  Acc_2: 0.8272  F1_score: 0.8258  Acc_7: 0.5179  MAE: 0.5669  Loss: 0.5672 
2024-04-02 07:16:03,647 - MMSA [INFO] - TRAIN-(dicmor) [3/9/9] >> loss: 2.4464  Acc_2: 0.9629  F1_score: 0.9626  Acc_7: 0.9228  MAE: 0.1415 
2024-04-02 07:16:15,681 - MMSA [INFO] - VAL-(dicmor) >>  Acc_2: 0.8255  F1_score: 0.8238  Acc_7: 0.5265  MAE: 0.5514  Loss: 0.5514 
2024-04-02 07:16:42,815 - MMSA [INFO] - TEST-(dicmor) >>  Acc_2: 0.8327  F1_score: 0.8314  Acc_7: 0.5205  MAE: 0.5596  Loss: 0.5603 
2024-04-02 07:21:59,362 - MMSA [INFO] - TRAIN-(dicmor) [4/10/9] >> loss: 2.3521  Acc_2: 0.9575  F1_score: 0.9570  Acc_7: 0.9123  MAE: 0.1541 
2024-04-02 07:22:11,519 - MMSA [INFO] - VAL-(dicmor) >>  Acc_2: 0.8234  F1_score: 0.8197  Acc_7: 0.5179  MAE: 0.5609  Loss: 0.5609 
2024-04-02 07:22:38,001 - MMSA [INFO] - TEST-(dicmor) >>  Acc_2: 0.8374  F1_score: 0.8361  Acc_7: 0.5158  MAE: 0.5588  Loss: 0.5589 
2024-04-02 07:27:57,574 - MMSA [INFO] - TRAIN-(dicmor) [5/11/9] >> loss: 2.2535  Acc_2: 0.9601  F1_score: 0.9596  Acc_7: 0.9184  MAE: 0.1474 
2024-04-02 07:28:09,656 - MMSA [INFO] - VAL-(dicmor) >>  Acc_2: 0.8081  F1_score: 0.8079  Acc_7: 0.5147  MAE: 0.5593  Loss: 0.5593 
2024-04-02 07:28:36,247 - MMSA [INFO] - TEST-(dicmor) >>  Acc_2: 0.8203  F1_score: 0.8207  Acc_7: 0.5192  MAE: 0.5693  Loss: 0.5698 
2024-04-02 07:33:53,830 - MMSA [INFO] - TRAIN-(dicmor) [6/12/9] >> loss: 2.1176  Acc_2: 0.9604  F1_score: 0.9602  Acc_7: 0.9258  MAE: 0.1377 
2024-04-02 07:34:05,922 - MMSA [INFO] - VAL-(dicmor) >>  Acc_2: 0.8324  F1_score: 0.8295  Acc_7: 0.5270  MAE: 0.5453  Loss: 0.5453 
2024-04-02 07:34:32,555 - MMSA [INFO] - TEST-(dicmor) >>  Acc_2: 0.8203  F1_score: 0.8176  Acc_7: 0.5091  MAE: 0.5748  Loss: 0.5745 
2024-04-02 07:39:51,593 - MMSA [INFO] - TRAIN-(dicmor) [7/13/9] >> loss: 2.016  Acc_2: 0.9618  F1_score: 0.9614  Acc_7: 0.9214  MAE: 0.1429 
2024-04-02 07:40:04,004 - MMSA [INFO] - VAL-(dicmor) >>  Acc_2: 0.8338  F1_score: 0.8320  Acc_7: 0.5120  MAE: 0.5475  Loss: 0.5475 
2024-04-02 07:40:30,972 - MMSA [INFO] - TEST-(dicmor) >>  Acc_2: 0.8294  F1_score: 0.8274  Acc_7: 0.5164  MAE: 0.5701  Loss: 0.5712 
2024-04-02 07:45:51,296 - MMSA [INFO] - TRAIN-(dicmor) [8/14/9] >> loss: 1.9785  Acc_2: 0.9605  F1_score: 0.9601  Acc_7: 0.9210  MAE: 0.1464 
2024-04-02 07:46:03,553 - MMSA [INFO] - VAL-(dicmor) >>  Acc_2: 0.8296  F1_score: 0.8271  Acc_7: 0.5238  MAE: 0.5519  Loss: 0.5520 
2024-04-02 07:46:30,504 - MMSA [INFO] - TEST-(dicmor) >>  Acc_2: 0.8286  F1_score: 0.8263  Acc_7: 0.5164  MAE: 0.5664  Loss: 0.5655 
2024-04-02 07:51:49,334 - MMSA [INFO] - TRAIN-(dicmor) [9/15/9] >> loss: 1.9277  Acc_2: 0.9633  F1_score: 0.9630  Acc_7: 0.9272  MAE: 0.1356 
2024-04-02 07:52:01,632 - MMSA [INFO] - VAL-(dicmor) >>  Acc_2: 0.8324  F1_score: 0.8309  Acc_7: 0.5227  MAE: 0.5539  Loss: 0.5539 
2024-04-02 07:52:28,597 - MMSA [INFO] - TEST-(dicmor) >>  Acc_2: 0.8310  F1_score: 0.8299  Acc_7: 0.5190  MAE: 0.5615  Loss: 0.5614 
2024-04-02 07:57:47,920 - MMSA [INFO] - TRAIN-(dicmor) [10/16/9] >> loss: 1.8801  Acc_2: 0.9654  F1_score: 0.9650  Acc_7: 0.9267  MAE: 0.1320 
2024-04-02 07:58:00,365 - MMSA [INFO] - VAL-(dicmor) >>  Acc_2: 0.8345  F1_score: 0.8325  Acc_7: 0.5318  MAE: 0.5413  Loss: 0.5413 
2024-04-02 07:58:27,602 - MMSA [INFO] - TEST-(dicmor) >>  Acc_2: 0.8255  F1_score: 0.8230  Acc_7: 0.5126  MAE: 0.5744  Loss: 0.5735 
2024-04-02 08:03:49,758 - MMSA [INFO] - TRAIN-(dicmor) [1/17/9] >> loss: 1.8332  Acc_2: 0.9635  F1_score: 0.9631  Acc_7: 0.9265  MAE: 0.1367 
2024-04-02 08:04:02,064 - MMSA [INFO] - VAL-(dicmor) >>  Acc_2: 0.8241  F1_score: 0.8214  Acc_7: 0.5120  MAE: 0.5631  Loss: 0.5630 
2024-04-02 08:04:29,059 - MMSA [INFO] - TEST-(dicmor) >>  Acc_2: 0.8308  F1_score: 0.8291  Acc_7: 0.5128  MAE: 0.5620  Loss: 0.5620 
2024-04-02 08:09:49,198 - MMSA [INFO] - TRAIN-(dicmor) [2/18/9] >> loss: 1.7745  Acc_2: 0.9583  F1_score: 0.9579  Acc_7: 0.9214  MAE: 0.1411 
2024-04-02 08:10:01,528 - MMSA [INFO] - VAL-(dicmor) >>  Acc_2: 0.8282  F1_score: 0.8266  Acc_7: 0.5329  MAE: 0.5455  Loss: 0.5454 
2024-04-02 08:10:28,770 - MMSA [INFO] - TEST-(dicmor) >>  Acc_2: 0.8357  F1_score: 0.8347  Acc_7: 0.5261  MAE: 0.5523  Loss: 0.5529 
2024-04-02 08:15:45,618 - MMSA [INFO] - TRAIN-(dicmor) [3/19/9] >> loss: 1.7096  Acc_2: 0.9636  F1_score: 0.9632  Acc_7: 0.9267  MAE: 0.1348 
2024-04-02 08:15:57,859 - MMSA [INFO] - VAL-(dicmor) >>  Acc_2: 0.8331  F1_score: 0.8320  Acc_7: 0.5345  MAE: 0.5434  Loss: 0.5434 
2024-04-02 08:16:24,907 - MMSA [INFO] - TEST-(dicmor) >>  Acc_2: 0.8258  F1_score: 0.8251  Acc_7: 0.5143  MAE: 0.5662  Loss: 0.5670 
2024-04-02 08:21:41,491 - MMSA [INFO] - TRAIN-(dicmor) [4/20/9] >> loss: 1.6638  Acc_2: 0.9618  F1_score: 0.9616  Acc_7: 0.9267  MAE: 0.1379 
2024-04-02 08:21:53,757 - MMSA [INFO] - VAL-(dicmor) >>  Acc_2: 0.8248  F1_score: 0.8227  Acc_7: 0.5243  MAE: 0.5470  Loss: 0.5471 
2024-04-02 08:22:21,140 - MMSA [INFO] - TEST-(dicmor) >>  Acc_2: 0.8247  F1_score: 0.8232  Acc_7: 0.5138  MAE: 0.5669  Loss: 0.5657 
2024-04-02 08:27:41,129 - MMSA [INFO] - TRAIN-(dicmor) [5/21/9] >> loss: 1.6556  Acc_2: 0.9616  F1_score: 0.9613  Acc_7: 0.9231  MAE: 0.1402 
2024-04-02 08:27:53,371 - MMSA [INFO] - VAL-(dicmor) >>  Acc_2: 0.8289  F1_score: 0.8269  Acc_7: 0.5286  MAE: 0.5460  Loss: 0.5460 
2024-04-02 08:28:20,537 - MMSA [INFO] - TEST-(dicmor) >>  Acc_2: 0.8264  F1_score: 0.8243  Acc_7: 0.5175  MAE: 0.5693  Loss: 0.5708 
2024-04-02 08:33:36,361 - MMSA [INFO] - TRAIN-(dicmor) [6/22/9] >> loss: 1.5767  Acc_2: 0.9654  F1_score: 0.9650  Acc_7: 0.9324  MAE: 0.1287 
2024-04-02 08:33:48,621 - MMSA [INFO] - VAL-(dicmor) >>  Acc_2: 0.8268  F1_score: 0.8255  Acc_7: 0.5281  MAE: 0.5531  Loss: 0.5531 
2024-04-02 08:34:15,703 - MMSA [INFO] - TEST-(dicmor) >>  Acc_2: 0.8308  F1_score: 0.8295  Acc_7: 0.5147  MAE: 0.5675  Loss: 0.5673 
2024-04-02 08:39:34,358 - MMSA [INFO] - TRAIN-(dicmor) [7/23/9] >> loss: 1.5343  Acc_2: 0.9618  F1_score: 0.9614  Acc_7: 0.9247  MAE: 0.1376 
2024-04-02 08:39:46,868 - MMSA [INFO] - VAL-(dicmor) >>  Acc_2: 0.8331  F1_score: 0.8318  Acc_7: 0.5275  MAE: 0.5387  Loss: 0.5389 
2024-04-02 08:40:14,415 - MMSA [INFO] - TEST-(dicmor) >>  Acc_2: 0.8354  F1_score: 0.8345  Acc_7: 0.5207  MAE: 0.5578  Loss: 0.5584 
2024-04-02 08:45:37,683 - MMSA [INFO] - TRAIN-(dicmor) [1/24/9] >> loss: 1.5091  Acc_2: 0.9607  F1_score: 0.9602  Acc_7: 0.9268  MAE: 0.1342 
2024-04-02 08:45:49,959 - MMSA [INFO] - VAL-(dicmor) >>  Acc_2: 0.8261  F1_score: 0.8247  Acc_7: 0.5200  MAE: 0.5551  Loss: 0.5551 
2024-04-02 08:46:16,536 - MMSA [INFO] - TEST-(dicmor) >>  Acc_2: 0.8313  F1_score: 0.8300  Acc_7: 0.5194  MAE: 0.5654  Loss: 0.5658 
2024-04-02 08:51:35,131 - MMSA [INFO] - TRAIN-(dicmor) [2/25/9] >> loss: 1.4777  Acc_2: 0.9593  F1_score: 0.9588  Acc_7: 0.9226  MAE: 0.1438 
2024-04-02 08:51:47,313 - MMSA [INFO] - VAL-(dicmor) >>  Acc_2: 0.8157  F1_score: 0.8157  Acc_7: 0.5270  MAE: 0.5511  Loss: 0.5510 
2024-04-02 08:52:13,868 - MMSA [INFO] - TEST-(dicmor) >>  Acc_2: 0.8250  F1_score: 0.8247  Acc_7: 0.5181  MAE: 0.5665  Loss: 0.5672 
2024-04-02 08:57:35,465 - MMSA [INFO] - TRAIN-(dicmor) [3/26/9] >> loss: 1.4507  Acc_2: 0.9642  F1_score: 0.9639  Acc_7: 0.9291  MAE: 0.1306 
2024-04-02 08:57:47,765 - MMSA [INFO] - VAL-(dicmor) >>  Acc_2: 0.8282  F1_score: 0.8259  Acc_7: 0.5270  MAE: 0.5505  Loss: 0.5505 
2024-04-02 08:58:14,619 - MMSA [INFO] - TEST-(dicmor) >>  Acc_2: 0.8231  F1_score: 0.8220  Acc_7: 0.5231  MAE: 0.5651  Loss: 0.5645 
2024-04-02 09:03:36,450 - MMSA [INFO] - TRAIN-(dicmor) [4/27/9] >> loss: 1.4408  Acc_2: 0.9618  F1_score: 0.9614  Acc_7: 0.9269  MAE: 0.1356 
2024-04-02 09:03:48,890 - MMSA [INFO] - VAL-(dicmor) >>  Acc_2: 0.8241  F1_score: 0.8208  Acc_7: 0.5291  MAE: 0.5578  Loss: 0.5578 
2024-04-02 09:04:15,942 - MMSA [INFO] - TEST-(dicmor) >>  Acc_2: 0.8302  F1_score: 0.8283  Acc_7: 0.5164  MAE: 0.5664  Loss: 0.5656 
2024-04-02 09:09:37,787 - MMSA [INFO] - TRAIN-(dicmor) [5/28/9] >> loss: 1.4322  Acc_2: 0.9626  F1_score: 0.9622  Acc_7: 0.9261  MAE: 0.1380 
2024-04-02 09:09:50,305 - MMSA [INFO] - VAL-(dicmor) >>  Acc_2: 0.8310  F1_score: 0.8280  Acc_7: 0.5163  MAE: 0.5494  Loss: 0.5493 
2024-04-02 09:10:17,545 - MMSA [INFO] - TEST-(dicmor) >>  Acc_2: 0.8261  F1_score: 0.8234  Acc_7: 0.5091  MAE: 0.5725  Loss: 0.5716 
2024-04-02 09:15:37,121 - MMSA [INFO] - TRAIN-(dicmor) [6/29/9] >> loss: 1.4108  Acc_2: 0.9608  F1_score: 0.9605  Acc_7: 0.9267  MAE: 0.1375 
2024-04-02 09:15:49,406 - MMSA [INFO] - VAL-(dicmor) >>  Acc_2: 0.8408  F1_score: 0.8388  Acc_7: 0.5297  MAE: 0.5379  Loss: 0.5379 
2024-04-02 09:16:16,974 - MMSA [INFO] - TEST-(dicmor) >>  Acc_2: 0.8258  F1_score: 0.8232  Acc_7: 0.5147  MAE: 0.5659  Loss: 0.5647 
2024-04-02 09:21:43,310 - MMSA [INFO] - TRAIN-(dicmor) [1/30/9] >> loss: 1.4142  Acc_2: 0.9639  F1_score: 0.9635  Acc_7: 0.9278  MAE: 0.1334 
2024-04-02 09:21:55,792 - MMSA [INFO] - VAL-(dicmor) >>  Acc_2: 0.8373  F1_score: 0.8349  Acc_7: 0.5265  MAE: 0.5442  Loss: 0.5443 
2024-04-02 09:22:23,163 - MMSA [INFO] - TEST-(dicmor) >>  Acc_2: 0.8275  F1_score: 0.8253  Acc_7: 0.5108  MAE: 0.5703  Loss: 0.5709 
2024-04-02 09:27:36,829 - MMSA [INFO] - TRAIN-(dicmor) [2/31/9] >> loss: 1.3754  Acc_2: 0.9584  F1_score: 0.9580  Acc_7: 0.9225  MAE: 0.1389 
2024-04-02 09:27:49,024 - MMSA [INFO] - VAL-(dicmor) >>  Acc_2: 0.8282  F1_score: 0.8268  Acc_7: 0.5206  MAE: 0.5536  Loss: 0.5537 
2024-04-02 09:28:15,840 - MMSA [INFO] - TEST-(dicmor) >>  Acc_2: 0.8305  F1_score: 0.8293  Acc_7: 0.5156  MAE: 0.5666  Loss: 0.5661 
2024-04-02 09:33:34,533 - MMSA [INFO] - TRAIN-(dicmor) [3/32/9] >> loss: 1.3533  Acc_2: 0.9590  F1_score: 0.9586  Acc_7: 0.9247  MAE: 0.1377 
2024-04-02 09:33:47,168 - MMSA [INFO] - VAL-(dicmor) >>  Acc_2: 0.8282  F1_score: 0.8262  Acc_7: 0.5249  MAE: 0.5484  Loss: 0.5484 
2024-04-02 09:34:13,966 - MMSA [INFO] - TEST-(dicmor) >>  Acc_2: 0.8291  F1_score: 0.8269  Acc_7: 0.5166  MAE: 0.5699  Loss: 0.5690 
2024-04-02 09:39:32,126 - MMSA [INFO] - TRAIN-(dicmor) [4/33/9] >> loss: 1.3442  Acc_2: 0.9628  F1_score: 0.9624  Acc_7: 0.9250  MAE: 0.1367 
2024-04-02 09:39:44,469 - MMSA [INFO] - VAL-(dicmor) >>  Acc_2: 0.8303  F1_score: 0.8283  Acc_7: 0.5254  MAE: 0.5496  Loss: 0.5496 
2024-04-02 09:40:11,800 - MMSA [INFO] - TEST-(dicmor) >>  Acc_2: 0.8277  F1_score: 0.8258  Acc_7: 0.5190  MAE: 0.5679  Loss: 0.5673 
2024-04-02 09:45:29,631 - MMSA [INFO] - TRAIN-(dicmor) [5/34/9] >> loss: 1.3039  Acc_2: 0.9665  F1_score: 0.9662  Acc_7: 0.9329  MAE: 0.1252 
2024-04-02 09:45:41,986 - MMSA [INFO] - VAL-(dicmor) >>  Acc_2: 0.8289  F1_score: 0.8263  Acc_7: 0.5355  MAE: 0.5444  Loss: 0.5444 
2024-04-02 09:46:08,948 - MMSA [INFO] - TEST-(dicmor) >>  Acc_2: 0.8302  F1_score: 0.8283  Acc_7: 0.5211  MAE: 0.5649  Loss: 0.5663 
2024-04-02 09:51:27,878 - MMSA [INFO] - TRAIN-(dicmor) [6/35/9] >> loss: 1.3021  Acc_2: 0.9646  F1_score: 0.9643  Acc_7: 0.9291  MAE: 0.1333 
2024-04-02 09:51:40,704 - MMSA [INFO] - VAL-(dicmor) >>  Acc_2: 0.8164  F1_score: 0.8126  Acc_7: 0.5254  MAE: 0.5609  Loss: 0.5609 
2024-04-02 09:52:08,131 - MMSA [INFO] - TEST-(dicmor) >>  Acc_2: 0.8316  F1_score: 0.8297  Acc_7: 0.5186  MAE: 0.5610  Loss: 0.5603 
2024-04-02 09:57:27,795 - MMSA [INFO] - TRAIN-(dicmor) [7/36/9] >> loss: 1.2895  Acc_2: 0.9621  F1_score: 0.9618  Acc_7: 0.9231  MAE: 0.1385 
2024-04-02 09:57:40,348 - MMSA [INFO] - VAL-(dicmor) >>  Acc_2: 0.8255  F1_score: 0.8217  Acc_7: 0.5216  MAE: 0.5596  Loss: 0.5596 
2024-04-02 09:58:07,315 - MMSA [INFO] - TEST-(dicmor) >>  Acc_2: 0.8335  F1_score: 0.8313  Acc_7: 0.5115  MAE: 0.5645  Loss: 0.5656 
2024-04-02 10:03:25,246 - MMSA [INFO] - TRAIN-(dicmor) [8/37/9] >> loss: 1.2685  Acc_2: 0.9623  F1_score: 0.9620  Acc_7: 0.9258  MAE: 0.1336 
2024-04-02 10:03:37,836 - MMSA [INFO] - VAL-(dicmor) >>  Acc_2: 0.8303  F1_score: 0.8281  Acc_7: 0.5297  MAE: 0.5455  Loss: 0.5454 
2024-04-02 10:04:05,187 - MMSA [INFO] - TEST-(dicmor) >>  Acc_2: 0.8266  F1_score: 0.8249  Acc_7: 0.5134  MAE: 0.5668  Loss: 0.5667 
2024-04-02 10:09:23,317 - MMSA [INFO] - TRAIN-(dicmor) [9/38/9] >> loss: 1.2587  Acc_2: 0.9605  F1_score: 0.9601  Acc_7: 0.9215  MAE: 0.1409 
2024-04-02 10:09:35,985 - MMSA [INFO] - VAL-(dicmor) >>  Acc_2: 0.8324  F1_score: 0.8304  Acc_7: 0.5318  MAE: 0.5412  Loss: 0.5412 
2024-04-02 10:10:03,066 - MMSA [INFO] - TEST-(dicmor) >>  Acc_2: 0.8316  F1_score: 0.8292  Acc_7: 0.5151  MAE: 0.5682  Loss: 0.5678 
2024-04-02 10:15:21,805 - MMSA [INFO] - TRAIN-(dicmor) [10/39/9] >> loss: 1.2433  Acc_2: 0.9668  F1_score: 0.9665  Acc_7: 0.9296  MAE: 0.1282 
2024-04-02 10:15:34,347 - MMSA [INFO] - VAL-(dicmor) >>  Acc_2: 0.8303  F1_score: 0.8288  Acc_7: 0.5387  MAE: 0.5363  Loss: 0.5364 
2024-04-02 10:16:01,247 - MMSA [INFO] - TEST-(dicmor) >>  Acc_2: 0.8253  F1_score: 0.8236  Acc_7: 0.5201  MAE: 0.5674  Loss: 0.5672 
2024-04-02 10:21:23,816 - MMSA [INFO] - TRAIN-(dicmor) [1/40/9] >> loss: 1.2388  Acc_2: 0.9610  F1_score: 0.9606  Acc_7: 0.9278  MAE: 0.1301 
2024-04-02 10:21:36,263 - MMSA [INFO] - VAL-(dicmor) >>  Acc_2: 0.8108  F1_score: 0.8074  Acc_7: 0.5238  MAE: 0.5639  Loss: 0.5638 
2024-04-02 10:22:03,371 - MMSA [INFO] - TEST-(dicmor) >>  Acc_2: 0.8297  F1_score: 0.8285  Acc_7: 0.5190  MAE: 0.5638  Loss: 0.5644 
2024-04-02 10:27:22,144 - MMSA [INFO] - TRAIN-(dicmor) [2/41/9] >> loss: 1.2156  Acc_2: 0.9621  F1_score: 0.9617  Acc_7: 0.9256  MAE: 0.1337 
2024-04-02 10:27:34,493 - MMSA [INFO] - VAL-(dicmor) >>  Acc_2: 0.8234  F1_score: 0.8240  Acc_7: 0.5259  MAE: 0.5517  Loss: 0.5517 
2024-04-02 10:28:01,359 - MMSA [INFO] - TEST-(dicmor) >>  Acc_2: 0.8305  F1_score: 0.8302  Acc_7: 0.5188  MAE: 0.5651  Loss: 0.5649 
2024-04-02 10:33:19,837 - MMSA [INFO] - TRAIN-(dicmor) [3/42/9] >> loss: 1.2171  Acc_2: 0.9625  F1_score: 0.9623  Acc_7: 0.9319  MAE: 0.1294 
2024-04-02 10:33:32,267 - MMSA [INFO] - VAL-(dicmor) >>  Acc_2: 0.8275  F1_score: 0.8249  Acc_7: 0.5291  MAE: 0.5467  Loss: 0.5467 
2024-04-02 10:33:59,337 - MMSA [INFO] - TEST-(dicmor) >>  Acc_2: 0.8297  F1_score: 0.8276  Acc_7: 0.5205  MAE: 0.5658  Loss: 0.5653 
2024-04-02 10:39:18,037 - MMSA [INFO] - TRAIN-(dicmor) [4/43/9] >> loss: 1.2097  Acc_2: 0.9611  F1_score: 0.9608  Acc_7: 0.9259  MAE: 0.1358 
2024-04-02 10:39:30,566 - MMSA [INFO] - VAL-(dicmor) >>  Acc_2: 0.8282  F1_score: 0.8259  Acc_7: 0.5318  MAE: 0.5553  Loss: 0.5553 
2024-04-02 10:39:57,793 - MMSA [INFO] - TEST-(dicmor) >>  Acc_2: 0.8173  F1_score: 0.8146  Acc_7: 0.5156  MAE: 0.5731  Loss: 0.5729 
2024-04-02 10:45:17,044 - MMSA [INFO] - TRAIN-(dicmor) [5/44/9] >> loss: 1.1996  Acc_2: 0.9637  F1_score: 0.9634  Acc_7: 0.9286  MAE: 0.1314 
2024-04-02 10:45:29,445 - MMSA [INFO] - VAL-(dicmor) >>  Acc_2: 0.8303  F1_score: 0.8292  Acc_7: 0.5254  MAE: 0.5474  Loss: 0.5474 
2024-04-02 10:45:56,871 - MMSA [INFO] - TEST-(dicmor) >>  Acc_2: 0.8283  F1_score: 0.8271  Acc_7: 0.5151  MAE: 0.5693  Loss: 0.5701 
2024-04-02 10:51:13,064 - MMSA [INFO] - TRAIN-(dicmor) [6/45/9] >> loss: 1.1912  Acc_2: 0.9631  F1_score: 0.9627  Acc_7: 0.9305  MAE: 0.1308 
2024-04-02 10:51:25,479 - MMSA [INFO] - VAL-(dicmor) >>  Acc_2: 0.8206  F1_score: 0.8183  Acc_7: 0.5259  MAE: 0.5497  Loss: 0.5497 
2024-04-02 10:51:52,966 - MMSA [INFO] - TEST-(dicmor) >>  Acc_2: 0.8349  F1_score: 0.8336  Acc_7: 0.5205  MAE: 0.5571  Loss: 0.5580 
2024-04-02 10:57:14,309 - MMSA [INFO] - TRAIN-(dicmor) [7/46/9] >> loss: 1.1904  Acc_2: 0.9598  F1_score: 0.9594  Acc_7: 0.9212  MAE: 0.1409 
2024-04-02 10:57:26,719 - MMSA [INFO] - VAL-(dicmor) >>  Acc_2: 0.8338  F1_score: 0.8325  Acc_7: 0.5281  MAE: 0.5455  Loss: 0.5455 
2024-04-02 10:57:53,872 - MMSA [INFO] - TEST-(dicmor) >>  Acc_2: 0.8324  F1_score: 0.8311  Acc_7: 0.5220  MAE: 0.5571  Loss: 0.5560 
2024-04-02 11:03:11,112 - MMSA [INFO] - TRAIN-(dicmor) [8/47/9] >> loss: 1.1869  Acc_2: 0.9674  F1_score: 0.9671  Acc_7: 0.9335  MAE: 0.1240 
2024-04-02 11:03:23,342 - MMSA [INFO] - VAL-(dicmor) >>  Acc_2: 0.8296  F1_score: 0.8279  Acc_7: 0.5297  MAE: 0.5480  Loss: 0.5479 
2024-04-02 11:03:50,165 - MMSA [INFO] - TEST-(dicmor) >>  Acc_2: 0.8299  F1_score: 0.8287  Acc_7: 0.5166  MAE: 0.5607  Loss: 0.5604 
2024-04-02 11:09:07,296 - MMSA [INFO] - TRAIN-(dicmor) [9/48/9] >> loss: 1.1886  Acc_2: 0.9658  F1_score: 0.9656  Acc_7: 0.9316  MAE: 0.1264 
2024-04-02 11:09:19,603 - MMSA [INFO] - VAL-(dicmor) >>  Acc_2: 0.8345  F1_score: 0.8339  Acc_7: 0.5227  MAE: 0.5406  Loss: 0.5406 
2024-04-02 11:09:46,458 - MMSA [INFO] - TEST-(dicmor) >>  Acc_2: 0.8258  F1_score: 0.8245  Acc_7: 0.5184  MAE: 0.5678  Loss: 0.5677 
2024-04-02 11:15:07,232 - MMSA [INFO] - TRAIN-(dicmor) [10/49/9] >> loss: 1.1737  Acc_2: 0.9632  F1_score: 0.9630  Acc_7: 0.9305  MAE: 0.1294 
2024-04-02 11:15:19,585 - MMSA [INFO] - VAL-(dicmor) >>  Acc_2: 0.8143  F1_score: 0.8112  Acc_7: 0.5259  MAE: 0.5605  Loss: 0.5605 
2024-04-02 11:15:46,174 - MMSA [INFO] - TEST-(dicmor) >>  Acc_2: 0.8217  F1_score: 0.8198  Acc_7: 0.5214  MAE: 0.5702  Loss: 0.5715 
2024-04-02 11:16:14,428 - MMSA [INFO] - TEST-(dicmor) >>  Acc_2: 0.8242  F1_score: 0.8223  Acc_7: 0.5224  MAE: 0.5671  Loss: 0.5685 
2024-04-02 11:16:15,599 - MMSA [INFO] - Results saved to result/normal/mosei.csv.
