2024-04-05 15:31:23,216 - MMSA [INFO] - train samples: (16326,)
2024-04-05 15:31:24,656 - MMSA [INFO] - valid samples: (1871,)
2024-04-05 15:31:26,072 - MMSA [INFO] - test samples: (4659,)
2024-04-05 15:37:39,513 - MMSA [INFO] - TRAIN-(dicmor) [1/1/1] >> loss: 5.9562  Acc_2: 0.6527  F1_score: 0.6047  Acc_7: 0.4647  MAE: 0.7706 
2024-04-05 15:37:54,374 - MMSA [INFO] - VAL-(dicmor) >>  Acc_2: 0.6572  F1_score: 0.6258  Acc_7: 0.4559  MAE: 0.7313  Loss: 0.7314 
2024-04-05 15:38:27,069 - MMSA [INFO] - TEST-(dicmor) >>  Acc_2: 0.6307  F1_score: 0.5869  Acc_7: 0.4203  MAE: 0.8051  Loss: 0.8040 
2024-04-05 15:44:47,192 - MMSA [INFO] - TRAIN-(dicmor) [1/2/1] >> loss: 4.9296  Acc_2: 0.6536  F1_score: 0.6129  Acc_7: 0.4674  MAE: 0.7594 
2024-04-05 15:45:02,097 - MMSA [INFO] - VAL-(dicmor) >>  Acc_2: 0.6669  F1_score: 0.5728  Acc_7: 0.4532  MAE: 0.7353  Loss: 0.7352 
2024-04-05 15:45:35,700 - MMSA [INFO] - TEST-(dicmor) >>  Acc_2: 0.6610  F1_score: 0.5719  Acc_7: 0.4366  MAE: 0.7852  Loss: 0.7850 
2024-04-05 15:51:55,398 - MMSA [INFO] - TRAIN-(dicmor) [2/3/1] >> loss: 4.5757  Acc_2: 0.6621  F1_score: 0.6275  Acc_7: 0.4667  MAE: 0.7581 
2024-04-05 15:52:10,333 - MMSA [INFO] - VAL-(dicmor) >>  Acc_2: 0.6586  F1_score: 0.5783  Acc_7: 0.4484  MAE: 0.7487  Loss: 0.7488 
2024-04-05 15:52:44,110 - MMSA [INFO] - TEST-(dicmor) >>  Acc_2: 0.6524  F1_score: 0.5718  Acc_7: 0.4288  MAE: 0.7904  Loss: 0.7901 
2024-04-05 15:59:06,412 - MMSA [INFO] - TRAIN-(dicmor) [3/4/1] >> loss: 4.3624  Acc_2: 0.6619  F1_score: 0.6283  Acc_7: 0.4621  MAE: 0.7626 
2024-04-05 15:59:21,333 - MMSA [INFO] - VAL-(dicmor) >>  Acc_2: 0.6669  F1_score: 0.5831  Acc_7: 0.4538  MAE: 0.7456  Loss: 0.7457 
2024-04-05 15:59:55,009 - MMSA [INFO] - TEST-(dicmor) >>  Acc_2: 0.6486  F1_score: 0.5591  Acc_7: 0.4254  MAE: 0.7994  Loss: 0.7999 
2024-04-05 16:06:17,694 - MMSA [INFO] - TRAIN-(dicmor) [4/5/1] >> loss: 4.1613  Acc_2: 0.6679  F1_score: 0.6391  Acc_7: 0.4731  MAE: 0.7479 
2024-04-05 16:06:32,716 - MMSA [INFO] - VAL-(dicmor) >>  Acc_2: 0.6704  F1_score: 0.5769  Acc_7: 0.4463  MAE: 0.7529  Loss: 0.7529 
2024-04-05 16:07:06,503 - MMSA [INFO] - TEST-(dicmor) >>  Acc_2: 0.6505  F1_score: 0.5511  Acc_7: 0.4153  MAE: 0.8182  Loss: 0.8169 
2024-04-05 16:13:30,042 - MMSA [INFO] - TRAIN-(dicmor) [5/6/1] >> loss: 3.9962  Acc_2: 0.6814  F1_score: 0.6500  Acc_7: 0.4742  MAE: 0.7416 
2024-04-05 16:13:45,263 - MMSA [INFO] - VAL-(dicmor) >>  Acc_2: 0.6766  F1_score: 0.5879  Acc_7: 0.4618  MAE: 0.7264  Loss: 0.7262 
2024-04-05 16:14:19,975 - MMSA [INFO] - TEST-(dicmor) >>  Acc_2: 0.6511  F1_score: 0.5478  Acc_7: 0.4220  MAE: 0.7997  Loss: 0.7986 
2024-04-05 16:20:46,316 - MMSA [INFO] - TRAIN-(dicmor) [1/7/1] >> loss: 3.8463  Acc_2: 0.6843  F1_score: 0.6581  Acc_7: 0.4782  MAE: 0.7373 
2024-04-05 16:21:01,655 - MMSA [INFO] - VAL-(dicmor) >>  Acc_2: 0.6857  F1_score: 0.6157  Acc_7: 0.4607  MAE: 0.7294  Loss: 0.7296 
2024-04-05 16:21:35,712 - MMSA [INFO] - TEST-(dicmor) >>  Acc_2: 0.6549  F1_score: 0.5738  Acc_7: 0.4228  MAE: 0.7916  Loss: 0.7901 
2024-04-05 16:27:56,950 - MMSA [INFO] - TRAIN-(dicmor) [2/8/1] >> loss: 3.6857  Acc_2: 0.6864  F1_score: 0.6612  Acc_7: 0.4787  MAE: 0.7353 
2024-04-05 16:28:11,950 - MMSA [INFO] - VAL-(dicmor) >>  Acc_2: 0.6460  F1_score: 0.6153  Acc_7: 0.4474  MAE: 0.7541  Loss: 0.7542 
2024-04-05 16:28:46,197 - MMSA [INFO] - TEST-(dicmor) >>  Acc_2: 0.6643  F1_score: 0.6383  Acc_7: 0.4297  MAE: 0.7858  Loss: 0.7848 
2024-04-05 16:35:09,145 - MMSA [INFO] - TRAIN-(dicmor) [3/9/1] >> loss: 3.555  Acc_2: 0.6944  F1_score: 0.6722  Acc_7: 0.4730  MAE: 0.7357 
2024-04-05 16:35:24,652 - MMSA [INFO] - VAL-(dicmor) >>  Acc_2: 0.6460  F1_score: 0.6392  Acc_7: 0.4548  MAE: 0.7356  Loss: 0.7355 
2024-04-05 16:35:59,204 - MMSA [INFO] - TEST-(dicmor) >>  Acc_2: 0.6555  F1_score: 0.6426  Acc_7: 0.4323  MAE: 0.7884  Loss: 0.7870 
2024-04-05 16:42:23,419 - MMSA [INFO] - TRAIN-(dicmor) [4/10/1] >> loss: 3.4296  Acc_2: 0.7019  F1_score: 0.6832  Acc_7: 0.4844  MAE: 0.7222 
2024-04-05 16:42:38,596 - MMSA [INFO] - VAL-(dicmor) >>  Acc_2: 0.6676  F1_score: 0.6296  Acc_7: 0.4527  MAE: 0.7446  Loss: 0.7445 
2024-04-05 16:43:13,023 - MMSA [INFO] - TEST-(dicmor) >>  Acc_2: 0.6588  F1_score: 0.6200  Acc_7: 0.4248  MAE: 0.7828  Loss: 0.7814 
2024-04-05 16:49:35,939 - MMSA [INFO] - TRAIN-(dicmor) [5/11/1] >> loss: 3.2979  Acc_2: 0.7062  F1_score: 0.6872  Acc_7: 0.4748  MAE: 0.7326 
2024-04-05 16:49:51,385 - MMSA [INFO] - VAL-(dicmor) >>  Acc_2: 0.6704  F1_score: 0.6612  Acc_7: 0.4522  MAE: 0.7430  Loss: 0.7429 
2024-04-05 16:50:25,762 - MMSA [INFO] - TEST-(dicmor) >>  Acc_2: 0.6684  F1_score: 0.6552  Acc_7: 0.4183  MAE: 0.7935  Loss: 0.7935 
2024-04-05 16:56:50,066 - MMSA [INFO] - TRAIN-(dicmor) [6/12/1] >> loss: 3.171  Acc_2: 0.7166  F1_score: 0.6975  Acc_7: 0.4815  MAE: 0.7148 
2024-04-05 16:57:05,369 - MMSA [INFO] - VAL-(dicmor) >>  Acc_2: 0.6732  F1_score: 0.6248  Acc_7: 0.4425  MAE: 0.7534  Loss: 0.7534 
2024-04-05 16:57:39,435 - MMSA [INFO] - TEST-(dicmor) >>  Acc_2: 0.6577  F1_score: 0.5979  Acc_7: 0.4215  MAE: 0.7976  Loss: 0.7965 
2024-04-05 17:04:07,090 - MMSA [INFO] - TRAIN-(dicmor) [7/13/1] >> loss: 3.061  Acc_2: 0.7204  F1_score: 0.7035  Acc_7: 0.4807  MAE: 0.7180 
2024-04-05 17:04:22,320 - MMSA [INFO] - VAL-(dicmor) >>  Acc_2: 0.6725  F1_score: 0.6413  Acc_7: 0.4484  MAE: 0.7376  Loss: 0.7376 
2024-04-05 17:04:56,003 - MMSA [INFO] - TEST-(dicmor) >>  Acc_2: 0.6756  F1_score: 0.6354  Acc_7: 0.4267  MAE: 0.7841  Loss: 0.7840 
2024-04-05 17:11:23,285 - MMSA [INFO] - TRAIN-(dicmor) [8/14/1] >> loss: 3.0067  Acc_2: 0.7287  F1_score: 0.7134  Acc_7: 0.4890  MAE: 0.7016 
2024-04-05 17:11:38,728 - MMSA [INFO] - VAL-(dicmor) >>  Acc_2: 0.6878  F1_score: 0.6518  Acc_7: 0.4468  MAE: 0.7404  Loss: 0.7404 
2024-04-05 17:12:13,284 - MMSA [INFO] - TEST-(dicmor) >>  Acc_2: 0.6624  F1_score: 0.6198  Acc_7: 0.4162  MAE: 0.7933  Loss: 0.7917 
2024-04-05 17:18:41,420 - MMSA [INFO] - TRAIN-(dicmor) [9/15/1] >> loss: 2.9533  Acc_2: 0.7338  F1_score: 0.7187  Acc_7: 0.4907  MAE: 0.7016 
2024-04-05 17:18:56,700 - MMSA [INFO] - VAL-(dicmor) >>  Acc_2: 0.6704  F1_score: 0.6388  Acc_7: 0.4409  MAE: 0.7488  Loss: 0.7487 
2024-04-05 17:19:30,511 - MMSA [INFO] - TEST-(dicmor) >>  Acc_2: 0.6835  F1_score: 0.6506  Acc_7: 0.4334  MAE: 0.7711  Loss: 0.7700 
2024-04-05 17:25:54,355 - MMSA [INFO] - TRAIN-(dicmor) [10/16/1] >> loss: 2.893  Acc_2: 0.7398  F1_score: 0.7256  Acc_7: 0.4882  MAE: 0.6977 
2024-04-05 17:26:10,060 - MMSA [INFO] - VAL-(dicmor) >>  Acc_2: 0.6871  F1_score: 0.6601  Acc_7: 0.4409  MAE: 0.7421  Loss: 0.7423 
2024-04-05 17:26:44,302 - MMSA [INFO] - TEST-(dicmor) >>  Acc_2: 0.6747  F1_score: 0.6401  Acc_7: 0.4273  MAE: 0.7890  Loss: 0.7882 
2024-04-05 17:27:20,631 - MMSA [INFO] - TEST-(dicmor) >>  Acc_2: 0.6513  F1_score: 0.5480  Acc_7: 0.4233  MAE: 0.7931  Loss: 0.7917 
2024-04-05 17:27:23,085 - MMSA [INFO] - train samples: (16326,)
2024-04-05 17:27:24,509 - MMSA [INFO] - valid samples: (1871,)
2024-04-05 17:27:25,914 - MMSA [INFO] - test samples: (4659,)
2024-04-05 17:33:39,977 - MMSA [INFO] - TRAIN-(dicmor) [1/1/2] >> loss: 5.8865  Acc_2: 0.6556  F1_score: 0.6098  Acc_7: 0.4671  MAE: 0.7610 
2024-04-05 17:33:54,837 - MMSA [INFO] - VAL-(dicmor) >>  Acc_2: 0.6384  F1_score: 0.6339  Acc_7: 0.4575  MAE: 0.7450  Loss: 0.7449 
2024-04-05 17:34:28,615 - MMSA [INFO] - TEST-(dicmor) >>  Acc_2: 0.6384  F1_score: 0.6319  Acc_7: 0.4280  MAE: 0.7890  Loss: 0.7885 
2024-04-05 17:40:52,349 - MMSA [INFO] - TRAIN-(dicmor) [1/2/2] >> loss: 4.9031  Acc_2: 0.6567  F1_score: 0.6134  Acc_7: 0.4661  MAE: 0.7579 
2024-04-05 17:41:07,220 - MMSA [INFO] - VAL-(dicmor) >>  Acc_2: 0.6676  F1_score: 0.6134  Acc_7: 0.4570  MAE: 0.7413  Loss: 0.7411 
2024-04-05 17:41:40,467 - MMSA [INFO] - TEST-(dicmor) >>  Acc_2: 0.6604  F1_score: 0.5937  Acc_7: 0.4314  MAE: 0.7823  Loss: 0.7809 
2024-04-05 17:48:04,368 - MMSA [INFO] - TRAIN-(dicmor) [1/3/2] >> loss: 4.5691  Acc_2: 0.6736  F1_score: 0.6400  Acc_7: 0.4842  MAE: 0.7359 
2024-04-05 17:48:19,476 - MMSA [INFO] - VAL-(dicmor) >>  Acc_2: 0.6919  F1_score: 0.6321  Acc_7: 0.4623  MAE: 0.7130  Loss: 0.7130 
2024-04-05 17:48:53,286 - MMSA [INFO] - TEST-(dicmor) >>  Acc_2: 0.6629  F1_score: 0.5876  Acc_7: 0.4316  MAE: 0.7856  Loss: 0.7861 
2024-04-05 17:55:18,050 - MMSA [INFO] - TRAIN-(dicmor) [1/4/2] >> loss: 4.3315  Acc_2: 0.6722  F1_score: 0.6398  Acc_7: 0.4733  MAE: 0.7474 
2024-04-05 17:55:32,990 - MMSA [INFO] - VAL-(dicmor) >>  Acc_2: 0.6537  F1_score: 0.6435  Acc_7: 0.4607  MAE: 0.7333  Loss: 0.7333 
2024-04-05 17:56:06,232 - MMSA [INFO] - TEST-(dicmor) >>  Acc_2: 0.6395  F1_score: 0.6282  Acc_7: 0.4372  MAE: 0.7870  Loss: 0.7860 
2024-04-05 18:02:30,948 - MMSA [INFO] - TRAIN-(dicmor) [2/5/2] >> loss: 4.1461  Acc_2: 0.6829  F1_score: 0.6546  Acc_7: 0.4786  MAE: 0.7380 
2024-04-05 18:02:46,039 - MMSA [INFO] - VAL-(dicmor) >>  Acc_2: 0.6829  F1_score: 0.6080  Acc_7: 0.4613  MAE: 0.7275  Loss: 0.7275 
2024-04-05 18:03:19,174 - MMSA [INFO] - TEST-(dicmor) >>  Acc_2: 0.6508  F1_score: 0.5626  Acc_7: 0.4261  MAE: 0.7978  Loss: 0.7969 
2024-04-05 18:09:45,838 - MMSA [INFO] - TRAIN-(dicmor) [3/6/2] >> loss: 4.0019  Acc_2: 0.6787  F1_score: 0.6520  Acc_7: 0.4764  MAE: 0.7401 
2024-04-05 18:10:00,831 - MMSA [INFO] - VAL-(dicmor) >>  Acc_2: 0.6537  F1_score: 0.6438  Acc_7: 0.4452  MAE: 0.7458  Loss: 0.7459 
2024-04-05 18:10:33,840 - MMSA [INFO] - TEST-(dicmor) >>  Acc_2: 0.6621  F1_score: 0.6474  Acc_7: 0.4342  MAE: 0.7856  Loss: 0.7848 
2024-04-05 18:17:01,048 - MMSA [INFO] - TRAIN-(dicmor) [4/7/2] >> loss: 3.8363  Acc_2: 0.6983  F1_score: 0.6742  Acc_7: 0.4819  MAE: 0.7316 
2024-04-05 18:17:16,285 - MMSA [INFO] - VAL-(dicmor) >>  Acc_2: 0.7024  F1_score: 0.6412  Acc_7: 0.4645  MAE: 0.7164  Loss: 0.7164 
2024-04-05 18:17:50,359 - MMSA [INFO] - TEST-(dicmor) >>  Acc_2: 0.6588  F1_score: 0.5786  Acc_7: 0.4220  MAE: 0.7902  Loss: 0.7897 
2024-04-05 18:24:16,302 - MMSA [INFO] - TRAIN-(dicmor) [5/8/2] >> loss: 3.6843  Acc_2: 0.7011  F1_score: 0.6793  Acc_7: 0.4753  MAE: 0.7283 
2024-04-05 18:24:31,504 - MMSA [INFO] - VAL-(dicmor) >>  Acc_2: 0.6773  F1_score: 0.6426  Acc_7: 0.4586  MAE: 0.7275  Loss: 0.7274 
2024-04-05 18:25:05,133 - MMSA [INFO] - TEST-(dicmor) >>  Acc_2: 0.6687  F1_score: 0.6259  Acc_7: 0.4323  MAE: 0.7841  Loss: 0.7842 
2024-04-05 18:31:30,999 - MMSA [INFO] - TRAIN-(dicmor) [6/9/2] >> loss: 3.5513  Acc_2: 0.7071  F1_score: 0.6870  Acc_7: 0.4789  MAE: 0.7233 
2024-04-05 18:31:46,181 - MMSA [INFO] - VAL-(dicmor) >>  Acc_2: 0.6293  F1_score: 0.6302  Acc_7: 0.4655  MAE: 0.7295  Loss: 0.7295 
2024-04-05 18:32:20,219 - MMSA [INFO] - TEST-(dicmor) >>  Acc_2: 0.6472  F1_score: 0.6471  Acc_7: 0.4357  MAE: 0.7918  Loss: 0.7909 
2024-04-05 18:38:46,687 - MMSA [INFO] - TRAIN-(dicmor) [7/10/2] >> loss: 3.4392  Acc_2: 0.7138  F1_score: 0.6959  Acc_7: 0.4744  MAE: 0.7289 
2024-04-05 18:39:02,108 - MMSA [INFO] - VAL-(dicmor) >>  Acc_2: 0.6704  F1_score: 0.5992  Acc_7: 0.4425  MAE: 0.7465  Loss: 0.7465 
2024-04-05 18:39:36,754 - MMSA [INFO] - TEST-(dicmor) >>  Acc_2: 0.6547  F1_score: 0.5806  Acc_7: 0.4149  MAE: 0.8040  Loss: 0.8027 
2024-04-05 18:46:03,907 - MMSA [INFO] - TRAIN-(dicmor) [8/11/2] >> loss: 3.364  Acc_2: 0.7223  F1_score: 0.7050  Acc_7: 0.4856  MAE: 0.7064 
2024-04-05 18:46:19,084 - MMSA [INFO] - VAL-(dicmor) >>  Acc_2: 0.6989  F1_score: 0.6859  Acc_7: 0.4682  MAE: 0.7081  Loss: 0.7082 
2024-04-05 18:46:53,788 - MMSA [INFO] - TEST-(dicmor) >>  Acc_2: 0.6857  F1_score: 0.6689  Acc_7: 0.4323  MAE: 0.7818  Loss: 0.7815 
2024-04-05 18:53:22,807 - MMSA [INFO] - TRAIN-(dicmor) [1/12/2] >> loss: 3.3131  Acc_2: 0.7183  F1_score: 0.7032  Acc_7: 0.4692  MAE: 0.7274 
2024-04-05 18:53:37,931 - MMSA [INFO] - VAL-(dicmor) >>  Acc_2: 0.6864  F1_score: 0.6761  Acc_7: 0.4409  MAE: 0.7422  Loss: 0.7422 
2024-04-05 18:54:12,112 - MMSA [INFO] - TEST-(dicmor) >>  Acc_2: 0.6596  F1_score: 0.6464  Acc_7: 0.4175  MAE: 0.7997  Loss: 0.7989 
2024-04-05 19:00:40,959 - MMSA [INFO] - TRAIN-(dicmor) [2/13/2] >> loss: 3.2539  Acc_2: 0.7238  F1_score: 0.7089  Acc_7: 0.4849  MAE: 0.7089 
2024-04-05 19:00:56,277 - MMSA [INFO] - VAL-(dicmor) >>  Acc_2: 0.6405  F1_score: 0.6371  Acc_7: 0.4511  MAE: 0.7338  Loss: 0.7337 
2024-04-05 19:01:30,924 - MMSA [INFO] - TEST-(dicmor) >>  Acc_2: 0.6604  F1_score: 0.6550  Acc_7: 0.4321  MAE: 0.7932  Loss: 0.7928 
2024-04-05 19:07:59,054 - MMSA [INFO] - TRAIN-(dicmor) [3/14/2] >> loss: 3.1799  Acc_2: 0.7274  F1_score: 0.7118  Acc_7: 0.4809  MAE: 0.7107 
2024-04-05 19:08:14,408 - MMSA [INFO] - VAL-(dicmor) >>  Acc_2: 0.6565  F1_score: 0.6265  Acc_7: 0.4548  MAE: 0.7457  Loss: 0.7456 
2024-04-05 19:08:48,774 - MMSA [INFO] - TEST-(dicmor) >>  Acc_2: 0.6665  F1_score: 0.6385  Acc_7: 0.4228  MAE: 0.7892  Loss: 0.7888 
2024-04-05 19:15:20,139 - MMSA [INFO] - TRAIN-(dicmor) [4/15/2] >> loss: 3.1189  Acc_2: 0.7394  F1_score: 0.7266  Acc_7: 0.4972  MAE: 0.6901 
2024-04-05 19:15:35,408 - MMSA [INFO] - VAL-(dicmor) >>  Acc_2: 0.6836  F1_score: 0.6535  Acc_7: 0.4409  MAE: 0.7446  Loss: 0.7443 
2024-04-05 19:16:09,475 - MMSA [INFO] - TEST-(dicmor) >>  Acc_2: 0.6731  F1_score: 0.6384  Acc_7: 0.4190  MAE: 0.7925  Loss: 0.7916 
2024-04-05 19:22:39,946 - MMSA [INFO] - TRAIN-(dicmor) [5/16/2] >> loss: 3.0652  Acc_2: 0.7409  F1_score: 0.7270  Acc_7: 0.4922  MAE: 0.6943 
2024-04-05 19:22:55,357 - MMSA [INFO] - VAL-(dicmor) >>  Acc_2: 0.6558  F1_score: 0.6217  Acc_7: 0.4463  MAE: 0.7484  Loss: 0.7486 
2024-04-05 19:23:29,303 - MMSA [INFO] - TEST-(dicmor) >>  Acc_2: 0.6684  F1_score: 0.6351  Acc_7: 0.4239  MAE: 0.7925  Loss: 0.7916 
2024-04-05 19:29:54,474 - MMSA [INFO] - TRAIN-(dicmor) [6/17/2] >> loss: 2.9947  Acc_2: 0.7410  F1_score: 0.7273  Acc_7: 0.4979  MAE: 0.6859 
2024-04-05 19:30:09,665 - MMSA [INFO] - VAL-(dicmor) >>  Acc_2: 0.6433  F1_score: 0.6318  Acc_7: 0.4580  MAE: 0.7424  Loss: 0.7425 
2024-04-05 19:30:44,267 - MMSA [INFO] - TEST-(dicmor) >>  Acc_2: 0.6659  F1_score: 0.6553  Acc_7: 0.4329  MAE: 0.7837  Loss: 0.7837 
2024-04-05 19:37:10,457 - MMSA [INFO] - TRAIN-(dicmor) [7/18/2] >> loss: 2.9565  Acc_2: 0.7419  F1_score: 0.7285  Acc_7: 0.4866  MAE: 0.6945 
2024-04-05 19:37:25,919 - MMSA [INFO] - VAL-(dicmor) >>  Acc_2: 0.6676  F1_score: 0.6463  Acc_7: 0.4265  MAE: 0.7551  Loss: 0.7550 
2024-04-05 19:38:00,155 - MMSA [INFO] - TEST-(dicmor) >>  Acc_2: 0.6725  F1_score: 0.6512  Acc_7: 0.4220  MAE: 0.7903  Loss: 0.7886 
2024-04-05 19:44:28,608 - MMSA [INFO] - TRAIN-(dicmor) [8/19/2] >> loss: 2.9097  Acc_2: 0.7496  F1_score: 0.7361  Acc_7: 0.4961  MAE: 0.6822 
2024-04-05 19:44:44,044 - MMSA [INFO] - VAL-(dicmor) >>  Acc_2: 0.6453  F1_score: 0.6424  Acc_7: 0.4468  MAE: 0.7463  Loss: 0.7463 
2024-04-05 19:45:18,587 - MMSA [INFO] - TEST-(dicmor) >>  Acc_2: 0.6527  F1_score: 0.6472  Acc_7: 0.4207  MAE: 0.8065  Loss: 0.8048 
2024-04-05 19:51:46,930 - MMSA [INFO] - TRAIN-(dicmor) [9/20/2] >> loss: 2.8884  Acc_2: 0.7457  F1_score: 0.7316  Acc_7: 0.4931  MAE: 0.6870 
2024-04-05 19:52:02,258 - MMSA [INFO] - VAL-(dicmor) >>  Acc_2: 0.6606  F1_score: 0.6360  Acc_7: 0.4441  MAE: 0.7506  Loss: 0.7506 
2024-04-05 19:52:36,670 - MMSA [INFO] - TEST-(dicmor) >>  Acc_2: 0.6681  F1_score: 0.6362  Acc_7: 0.4089  MAE: 0.8064  Loss: 0.8063 
2024-04-05 19:59:04,102 - MMSA [INFO] - TRAIN-(dicmor) [10/21/2] >> loss: 2.8509  Acc_2: 0.7533  F1_score: 0.7416  Acc_7: 0.5046  MAE: 0.6712 
2024-04-05 19:59:19,664 - MMSA [INFO] - VAL-(dicmor) >>  Acc_2: 0.6759  F1_score: 0.6488  Acc_7: 0.4393  MAE: 0.7444  Loss: 0.7444 
2024-04-05 19:59:55,007 - MMSA [INFO] - TEST-(dicmor) >>  Acc_2: 0.6602  F1_score: 0.6267  Acc_7: 0.4127  MAE: 0.8112  Loss: 0.8119 
2024-04-05 20:00:31,576 - MMSA [INFO] - TEST-(dicmor) >>  Acc_2: 0.6838  F1_score: 0.6652  Acc_7: 0.4282  MAE: 0.7790  Loss: 0.7778 
2024-04-05 20:00:34,035 - MMSA [INFO] - train samples: (16326,)
2024-04-05 20:00:35,458 - MMSA [INFO] - valid samples: (1871,)
2024-04-05 20:00:36,867 - MMSA [INFO] - test samples: (4659,)
2024-04-05 20:06:50,224 - MMSA [INFO] - TRAIN-(dicmor) [1/1/3] >> loss: 5.892  Acc_2: 0.6522  F1_score: 0.6090  Acc_7: 0.4648  MAE: 0.7698 
2024-04-05 20:07:04,954 - MMSA [INFO] - VAL-(dicmor) >>  Acc_2: 0.6752  F1_score: 0.5782  Acc_7: 0.4768  MAE: 0.7216  Loss: 0.7216 
2024-04-05 20:07:38,419 - MMSA [INFO] - TEST-(dicmor) >>  Acc_2: 0.6480  F1_score: 0.5364  Acc_7: 0.4256  MAE: 0.8007  Loss: 0.7998 
2024-04-05 20:14:02,762 - MMSA [INFO] - TRAIN-(dicmor) [1/2/3] >> loss: 4.9512  Acc_2: 0.6475  F1_score: 0.6029  Acc_7: 0.4640  MAE: 0.7655 
2024-04-05 20:14:17,541 - MMSA [INFO] - VAL-(dicmor) >>  Acc_2: 0.5772  F1_score: 0.5862  Acc_7: 0.4645  MAE: 0.7564  Loss: 0.7564 
2024-04-05 20:14:51,084 - MMSA [INFO] - TEST-(dicmor) >>  Acc_2: 0.6125  F1_score: 0.6190  Acc_7: 0.4231  MAE: 0.8068  Loss: 0.8068 
2024-04-05 20:21:12,805 - MMSA [INFO] - TRAIN-(dicmor) [2/3/3] >> loss: 4.569  Acc_2: 0.6496  F1_score: 0.6171  Acc_7: 0.4612  MAE: 0.7640 
2024-04-05 20:21:27,551 - MMSA [INFO] - VAL-(dicmor) >>  Acc_2: 0.6711  F1_score: 0.6327  Acc_7: 0.4500  MAE: 0.7350  Loss: 0.7350 
2024-04-05 20:22:00,487 - MMSA [INFO] - TEST-(dicmor) >>  Acc_2: 0.6425  F1_score: 0.5942  Acc_7: 0.4316  MAE: 0.7932  Loss: 0.7924 
2024-04-05 20:28:23,900 - MMSA [INFO] - TRAIN-(dicmor) [3/4/3] >> loss: 4.3329  Acc_2: 0.6773  F1_score: 0.6452  Acc_7: 0.4823  MAE: 0.7349 
2024-04-05 20:28:39,143 - MMSA [INFO] - VAL-(dicmor) >>  Acc_2: 0.6787  F1_score: 0.6397  Acc_7: 0.4425  MAE: 0.7391  Loss: 0.7392 
2024-04-05 20:29:13,150 - MMSA [INFO] - TEST-(dicmor) >>  Acc_2: 0.6599  F1_score: 0.6134  Acc_7: 0.4258  MAE: 0.7892  Loss: 0.7882 
2024-04-05 20:35:39,378 - MMSA [INFO] - TRAIN-(dicmor) [4/5/3] >> loss: 4.1594  Acc_2: 0.6741  F1_score: 0.6474  Acc_7: 0.4740  MAE: 0.7440 
2024-04-05 20:35:54,332 - MMSA [INFO] - VAL-(dicmor) >>  Acc_2: 0.6391  F1_score: 0.6417  Acc_7: 0.4532  MAE: 0.7455  Loss: 0.7454 
2024-04-05 20:36:28,504 - MMSA [INFO] - TEST-(dicmor) >>  Acc_2: 0.6288  F1_score: 0.6293  Acc_7: 0.4327  MAE: 0.7955  Loss: 0.7954 
2024-04-05 20:42:52,172 - MMSA [INFO] - TRAIN-(dicmor) [5/6/3] >> loss: 3.989  Acc_2: 0.6781  F1_score: 0.6522  Acc_7: 0.4722  MAE: 0.7425 
2024-04-05 20:43:07,231 - MMSA [INFO] - VAL-(dicmor) >>  Acc_2: 0.6773  F1_score: 0.6004  Acc_7: 0.4580  MAE: 0.7409  Loss: 0.7409 
2024-04-05 20:43:41,054 - MMSA [INFO] - TEST-(dicmor) >>  Acc_2: 0.6538  F1_score: 0.5715  Acc_7: 0.4198  MAE: 0.8040  Loss: 0.8033 
2024-04-05 20:50:05,363 - MMSA [INFO] - TRAIN-(dicmor) [6/7/3] >> loss: 3.8396  Acc_2: 0.6917  F1_score: 0.6675  Acc_7: 0.4703  MAE: 0.7422 
2024-04-05 20:50:20,752 - MMSA [INFO] - VAL-(dicmor) >>  Acc_2: 0.6078  F1_score: 0.6136  Acc_7: 0.4532  MAE: 0.7595  Loss: 0.7596 
2024-04-05 20:50:54,659 - MMSA [INFO] - TEST-(dicmor) >>  Acc_2: 0.6423  F1_score: 0.6442  Acc_7: 0.4321  MAE: 0.7959  Loss: 0.7957 
2024-04-05 20:57:20,345 - MMSA [INFO] - TRAIN-(dicmor) [7/8/3] >> loss: 3.7171  Acc_2: 0.7038  F1_score: 0.6795  Acc_7: 0.4792  MAE: 0.7291 
2024-04-05 20:57:35,515 - MMSA [INFO] - VAL-(dicmor) >>  Acc_2: 0.6606  F1_score: 0.6554  Acc_7: 0.4516  MAE: 0.7466  Loss: 0.7466 
2024-04-05 20:58:09,587 - MMSA [INFO] - TEST-(dicmor) >>  Acc_2: 0.6621  F1_score: 0.6489  Acc_7: 0.4239  MAE: 0.7938  Loss: 0.7929 
2024-04-05 21:04:35,462 - MMSA [INFO] - TRAIN-(dicmor) [8/9/3] >> loss: 3.6351  Acc_2: 0.7081  F1_score: 0.6888  Acc_7: 0.4773  MAE: 0.7273 
2024-04-05 21:04:50,747 - MMSA [INFO] - VAL-(dicmor) >>  Acc_2: 0.6662  F1_score: 0.6069  Acc_7: 0.4532  MAE: 0.7354  Loss: 0.7355 
2024-04-05 21:05:25,356 - MMSA [INFO] - TEST-(dicmor) >>  Acc_2: 0.6563  F1_score: 0.5897  Acc_7: 0.4207  MAE: 0.7959  Loss: 0.7949 
2024-04-05 21:11:49,803 - MMSA [INFO] - TRAIN-(dicmor) [9/10/3] >> loss: 3.5726  Acc_2: 0.7130  F1_score: 0.6945  Acc_7: 0.4816  MAE: 0.7197 
2024-04-05 21:12:04,903 - MMSA [INFO] - VAL-(dicmor) >>  Acc_2: 0.6745  F1_score: 0.6630  Acc_7: 0.4409  MAE: 0.7371  Loss: 0.7371 
2024-04-05 21:12:39,567 - MMSA [INFO] - TEST-(dicmor) >>  Acc_2: 0.6607  F1_score: 0.6380  Acc_7: 0.4170  MAE: 0.8007  Loss: 0.8002 
2024-04-05 21:19:07,019 - MMSA [INFO] - TRAIN-(dicmor) [10/11/3] >> loss: 3.493  Acc_2: 0.7160  F1_score: 0.6994  Acc_7: 0.4865  MAE: 0.7113 
2024-04-05 21:19:22,340 - MMSA [INFO] - VAL-(dicmor) >>  Acc_2: 0.6773  F1_score: 0.6144  Acc_7: 0.4409  MAE: 0.7448  Loss: 0.7447 
2024-04-05 21:19:56,570 - MMSA [INFO] - TEST-(dicmor) >>  Acc_2: 0.6673  F1_score: 0.5989  Acc_7: 0.4282  MAE: 0.7909  Loss: 0.7903 
2024-04-05 21:20:34,078 - MMSA [INFO] - TEST-(dicmor) >>  Acc_2: 0.6511  F1_score: 0.5409  Acc_7: 0.4252  MAE: 0.7956  Loss: 0.7955 
2024-04-05 21:20:36,543 - MMSA [INFO] - train samples: (16326,)
2024-04-05 21:20:37,936 - MMSA [INFO] - valid samples: (1871,)
2024-04-05 21:20:39,298 - MMSA [INFO] - test samples: (4659,)
2024-04-05 21:26:53,383 - MMSA [INFO] - TRAIN-(dicmor) [1/1/4] >> loss: 5.9384  Acc_2: 0.6553  F1_score: 0.6114  Acc_7: 0.4714  MAE: 0.7578 
2024-04-05 21:27:08,260 - MMSA [INFO] - VAL-(dicmor) >>  Acc_2: 0.6669  F1_score: 0.5720  Acc_7: 0.4671  MAE: 0.7312  Loss: 0.7313 
2024-04-05 21:27:41,706 - MMSA [INFO] - TEST-(dicmor) >>  Acc_2: 0.6420  F1_score: 0.5324  Acc_7: 0.4282  MAE: 0.8065  Loss: 0.8048 
2024-04-05 21:34:04,086 - MMSA [INFO] - TRAIN-(dicmor) [1/2/4] >> loss: 4.9227  Acc_2: 0.6631  F1_score: 0.6219  Acc_7: 0.4752  MAE: 0.7512 
2024-04-05 21:34:18,691 - MMSA [INFO] - VAL-(dicmor) >>  Acc_2: 0.6606  F1_score: 0.5910  Acc_7: 0.4506  MAE: 0.7447  Loss: 0.7448 
2024-04-05 21:34:52,533 - MMSA [INFO] - TEST-(dicmor) >>  Acc_2: 0.6390  F1_score: 0.5575  Acc_7: 0.4222  MAE: 0.8071  Loss: 0.8070 
2024-04-05 21:41:14,074 - MMSA [INFO] - TRAIN-(dicmor) [2/3/4] >> loss: 4.5512  Acc_2: 0.6628  F1_score: 0.6261  Acc_7: 0.4712  MAE: 0.7532 
2024-04-05 21:41:29,043 - MMSA [INFO] - VAL-(dicmor) >>  Acc_2: 0.6787  F1_score: 0.6160  Acc_7: 0.4618  MAE: 0.7249  Loss: 0.7249 
2024-04-05 21:42:02,969 - MMSA [INFO] - TEST-(dicmor) >>  Acc_2: 0.6505  F1_score: 0.5726  Acc_7: 0.4379  MAE: 0.7905  Loss: 0.7895 
2024-04-05 21:48:27,145 - MMSA [INFO] - TRAIN-(dicmor) [1/4/4] >> loss: 4.3436  Acc_2: 0.6687  F1_score: 0.6337  Acc_7: 0.4735  MAE: 0.7465 
2024-04-05 21:48:42,264 - MMSA [INFO] - VAL-(dicmor) >>  Acc_2: 0.6857  F1_score: 0.6608  Acc_7: 0.4591  MAE: 0.7195  Loss: 0.7195 
2024-04-05 21:49:16,423 - MMSA [INFO] - TEST-(dicmor) >>  Acc_2: 0.6646  F1_score: 0.6277  Acc_7: 0.4306  MAE: 0.7883  Loss: 0.7875 
2024-04-05 21:55:44,361 - MMSA [INFO] - TRAIN-(dicmor) [1/5/4] >> loss: 4.1552  Acc_2: 0.6691  F1_score: 0.6397  Acc_7: 0.4747  MAE: 0.7491 
2024-04-05 21:55:59,535 - MMSA [INFO] - VAL-(dicmor) >>  Acc_2: 0.6551  F1_score: 0.6527  Acc_7: 0.4575  MAE: 0.7308  Loss: 0.7308 
2024-04-05 21:56:33,634 - MMSA [INFO] - TEST-(dicmor) >>  Acc_2: 0.6390  F1_score: 0.6309  Acc_7: 0.4334  MAE: 0.7927  Loss: 0.7921 
2024-04-05 22:02:59,369 - MMSA [INFO] - TRAIN-(dicmor) [2/6/4] >> loss: 3.9838  Acc_2: 0.6898  F1_score: 0.6628  Acc_7: 0.4923  MAE: 0.7188 
2024-04-05 22:03:14,309 - MMSA [INFO] - VAL-(dicmor) >>  Acc_2: 0.6335  F1_score: 0.6338  Acc_7: 0.4527  MAE: 0.7418  Loss: 0.7419 
2024-04-05 22:03:47,801 - MMSA [INFO] - TEST-(dicmor) >>  Acc_2: 0.6461  F1_score: 0.6431  Acc_7: 0.4368  MAE: 0.7891  Loss: 0.7880 
2024-04-05 22:10:14,021 - MMSA [INFO] - TRAIN-(dicmor) [3/7/4] >> loss: 3.8336  Acc_2: 0.6828  F1_score: 0.6548  Acc_7: 0.4753  MAE: 0.7412 
2024-04-05 22:10:29,464 - MMSA [INFO] - VAL-(dicmor) >>  Acc_2: 0.6398  F1_score: 0.6305  Acc_7: 0.4602  MAE: 0.7328  Loss: 0.7327 
2024-04-05 22:11:03,607 - MMSA [INFO] - TEST-(dicmor) >>  Acc_2: 0.6447  F1_score: 0.6325  Acc_7: 0.4299  MAE: 0.7964  Loss: 0.7951 
2024-04-05 22:17:30,174 - MMSA [INFO] - TRAIN-(dicmor) [4/8/4] >> loss: 3.703  Acc_2: 0.6916  F1_score: 0.6672  Acc_7: 0.4825  MAE: 0.7339 
2024-04-05 22:17:45,414 - MMSA [INFO] - VAL-(dicmor) >>  Acc_2: 0.6495  F1_score: 0.6305  Acc_7: 0.4607  MAE: 0.7288  Loss: 0.7287 
2024-04-05 22:18:19,290 - MMSA [INFO] - TEST-(dicmor) >>  Acc_2: 0.6604  F1_score: 0.6379  Acc_7: 0.4366  MAE: 0.7839  Loss: 0.7826 
2024-04-05 22:24:45,884 - MMSA [INFO] - TRAIN-(dicmor) [5/9/4] >> loss: 3.5697  Acc_2: 0.6947  F1_score: 0.6724  Acc_7: 0.4765  MAE: 0.7345 
2024-04-05 22:25:00,962 - MMSA [INFO] - VAL-(dicmor) >>  Acc_2: 0.6752  F1_score: 0.6379  Acc_7: 0.4474  MAE: 0.7267  Loss: 0.7266 
2024-04-05 22:25:34,915 - MMSA [INFO] - TEST-(dicmor) >>  Acc_2: 0.6657  F1_score: 0.6179  Acc_7: 0.4327  MAE: 0.7886  Loss: 0.7875 
2024-04-05 22:32:04,105 - MMSA [INFO] - TRAIN-(dicmor) [6/10/4] >> loss: 3.4224  Acc_2: 0.7143  F1_score: 0.6923  Acc_7: 0.4886  MAE: 0.7164 
2024-04-05 22:32:19,407 - MMSA [INFO] - VAL-(dicmor) >>  Acc_2: 0.6606  F1_score: 0.6285  Acc_7: 0.4575  MAE: 0.7334  Loss: 0.7332 
2024-04-05 22:32:53,191 - MMSA [INFO] - TEST-(dicmor) >>  Acc_2: 0.6596  F1_score: 0.6291  Acc_7: 0.4233  MAE: 0.7932  Loss: 0.7918 
2024-04-05 22:39:20,887 - MMSA [INFO] - TRAIN-(dicmor) [7/11/4] >> loss: 3.3103  Acc_2: 0.7145  F1_score: 0.6969  Acc_7: 0.4822  MAE: 0.7222 
2024-04-05 22:39:36,355 - MMSA [INFO] - VAL-(dicmor) >>  Acc_2: 0.6752  F1_score: 0.6331  Acc_7: 0.4367  MAE: 0.7491  Loss: 0.7491 
2024-04-05 22:40:10,622 - MMSA [INFO] - TEST-(dicmor) >>  Acc_2: 0.6596  F1_score: 0.6086  Acc_7: 0.4235  MAE: 0.7990  Loss: 0.7980 
2024-04-05 22:46:38,585 - MMSA [INFO] - TRAIN-(dicmor) [8/12/4] >> loss: 3.2382  Acc_2: 0.7183  F1_score: 0.6989  Acc_7: 0.4830  MAE: 0.7202 
2024-04-05 22:46:53,904 - MMSA [INFO] - VAL-(dicmor) >>  Acc_2: 0.6530  F1_score: 0.6416  Acc_7: 0.4351  MAE: 0.7580  Loss: 0.7579 
2024-04-05 22:47:27,897 - MMSA [INFO] - TEST-(dicmor) >>  Acc_2: 0.6549  F1_score: 0.6431  Acc_7: 0.4261  MAE: 0.7977  Loss: 0.7973 
2024-04-05 22:53:56,739 - MMSA [INFO] - TRAIN-(dicmor) [9/13/4] >> loss: 3.1818  Acc_2: 0.7238  F1_score: 0.7063  Acc_7: 0.4825  MAE: 0.7124 
2024-04-05 22:54:11,945 - MMSA [INFO] - VAL-(dicmor) >>  Acc_2: 0.6439  F1_score: 0.6311  Acc_7: 0.4367  MAE: 0.7683  Loss: 0.7682 
2024-04-05 22:54:46,729 - MMSA [INFO] - TEST-(dicmor) >>  Acc_2: 0.6560  F1_score: 0.6424  Acc_7: 0.4250  MAE: 0.7928  Loss: 0.7926 
2024-04-05 23:01:16,659 - MMSA [INFO] - TRAIN-(dicmor) [10/14/4] >> loss: 3.1231  Acc_2: 0.7208  F1_score: 0.7053  Acc_7: 0.4835  MAE: 0.7106 
2024-04-05 23:01:31,804 - MMSA [INFO] - VAL-(dicmor) >>  Acc_2: 0.5848  F1_score: 0.5941  Acc_7: 0.4399  MAE: 0.7872  Loss: 0.7871 
2024-04-05 23:02:05,452 - MMSA [INFO] - TEST-(dicmor) >>  Acc_2: 0.6241  F1_score: 0.6304  Acc_7: 0.4042  MAE: 0.8346  Loss: 0.8338 
2024-04-05 23:02:43,211 - MMSA [INFO] - TEST-(dicmor) >>  Acc_2: 0.6585  F1_score: 0.6205  Acc_7: 0.4370  MAE: 0.7856  Loss: 0.7856 
2024-04-05 23:02:45,672 - MMSA [INFO] - train samples: (16326,)
2024-04-05 23:02:47,084 - MMSA [INFO] - valid samples: (1871,)
2024-04-05 23:02:48,482 - MMSA [INFO] - test samples: (4659,)
2024-04-05 23:09:03,040 - MMSA [INFO] - TRAIN-(dicmor) [1/1/5] >> loss: 5.8916  Acc_2: 0.6544  F1_score: 0.6071  Acc_7: 0.4685  MAE: 0.7627 
2024-04-05 23:09:17,899 - MMSA [INFO] - VAL-(dicmor) >>  Acc_2: 0.6412  F1_score: 0.5938  Acc_7: 0.4591  MAE: 0.7462  Loss: 0.7461 
2024-04-05 23:09:51,283 - MMSA [INFO] - TEST-(dicmor) >>  Acc_2: 0.6475  F1_score: 0.6019  Acc_7: 0.4344  MAE: 0.7843  Loss: 0.7831 
2024-04-05 23:16:14,828 - MMSA [INFO] - TRAIN-(dicmor) [1/2/5] >> loss: 4.9433  Acc_2: 0.6519  F1_score: 0.6084  Acc_7: 0.4666  MAE: 0.7670 
2024-04-05 23:16:29,840 - MMSA [INFO] - VAL-(dicmor) >>  Acc_2: 0.6530  F1_score: 0.6090  Acc_7: 0.4623  MAE: 0.7362  Loss: 0.7362 
2024-04-05 23:17:03,698 - MMSA [INFO] - TEST-(dicmor) >>  Acc_2: 0.6417  F1_score: 0.5934  Acc_7: 0.4261  MAE: 0.7961  Loss: 0.7950 
2024-04-05 23:23:29,253 - MMSA [INFO] - TRAIN-(dicmor) [1/3/5] >> loss: 4.5606  Acc_2: 0.6660  F1_score: 0.6259  Acc_7: 0.4640  MAE: 0.7568 
2024-04-05 23:23:44,277 - MMSA [INFO] - VAL-(dicmor) >>  Acc_2: 0.6655  F1_score: 0.5992  Acc_7: 0.4495  MAE: 0.7330  Loss: 0.7331 
2024-04-05 23:24:17,892 - MMSA [INFO] - TEST-(dicmor) >>  Acc_2: 0.6489  F1_score: 0.5771  Acc_7: 0.4293  MAE: 0.7900  Loss: 0.7896 
2024-04-05 23:30:43,040 - MMSA [INFO] - TRAIN-(dicmor) [1/4/5] >> loss: 4.3402  Acc_2: 0.6786  F1_score: 0.6462  Acc_7: 0.4814  MAE: 0.7377 
2024-04-05 23:30:57,729 - MMSA [INFO] - VAL-(dicmor) >>  Acc_2: 0.6773  F1_score: 0.6175  Acc_7: 0.4591  MAE: 0.7354  Loss: 0.7353 
2024-04-05 23:31:30,511 - MMSA [INFO] - TEST-(dicmor) >>  Acc_2: 0.6607  F1_score: 0.5999  Acc_7: 0.4379  MAE: 0.7780  Loss: 0.7794 
2024-04-05 23:37:54,865 - MMSA [INFO] - TRAIN-(dicmor) [2/5/5] >> loss: 4.1567  Acc_2: 0.6810  F1_score: 0.6558  Acc_7: 0.4788  MAE: 0.7351 
2024-04-05 23:38:09,846 - MMSA [INFO] - VAL-(dicmor) >>  Acc_2: 0.6676  F1_score: 0.6066  Acc_7: 0.4602  MAE: 0.7403  Loss: 0.7402 
2024-04-05 23:38:43,655 - MMSA [INFO] - TEST-(dicmor) >>  Acc_2: 0.6558  F1_score: 0.5974  Acc_7: 0.4314  MAE: 0.7846  Loss: 0.7829 
2024-04-05 23:45:09,091 - MMSA [INFO] - TRAIN-(dicmor) [3/6/5] >> loss: 3.9727  Acc_2: 0.6822  F1_score: 0.6542  Acc_7: 0.4741  MAE: 0.7427 
2024-04-05 23:45:24,460 - MMSA [INFO] - VAL-(dicmor) >>  Acc_2: 0.6759  F1_score: 0.6306  Acc_7: 0.4548  MAE: 0.7302  Loss: 0.7304 
2024-04-05 23:45:58,558 - MMSA [INFO] - TEST-(dicmor) >>  Acc_2: 0.6577  F1_score: 0.6050  Acc_7: 0.4334  MAE: 0.7852  Loss: 0.7858 
2024-04-05 23:52:27,052 - MMSA [INFO] - TRAIN-(dicmor) [1/7/5] >> loss: 3.8371  Acc_2: 0.6933  F1_score: 0.6664  Acc_7: 0.4743  MAE: 0.7371 
2024-04-05 23:52:41,980 - MMSA [INFO] - VAL-(dicmor) >>  Acc_2: 0.6613  F1_score: 0.6522  Acc_7: 0.4538  MAE: 0.7351  Loss: 0.7350 
2024-04-05 23:53:16,046 - MMSA [INFO] - TEST-(dicmor) >>  Acc_2: 0.6604  F1_score: 0.6457  Acc_7: 0.4273  MAE: 0.7967  Loss: 0.7960 
2024-04-05 23:59:41,181 - MMSA [INFO] - TRAIN-(dicmor) [2/8/5] >> loss: 3.698  Acc_2: 0.7026  F1_score: 0.6818  Acc_7: 0.4775  MAE: 0.7285 
2024-04-05 23:59:56,324 - MMSA [INFO] - VAL-(dicmor) >>  Acc_2: 0.6036  F1_score: 0.6121  Acc_7: 0.4490  MAE: 0.7514  Loss: 0.7514 
2024-04-06 00:00:30,303 - MMSA [INFO] - TEST-(dicmor) >>  Acc_2: 0.6332  F1_score: 0.6388  Acc_7: 0.4368  MAE: 0.7783  Loss: 0.7785 
2024-04-06 00:06:55,633 - MMSA [INFO] - TRAIN-(dicmor) [3/9/5] >> loss: 3.5697  Acc_2: 0.7040  F1_score: 0.6844  Acc_7: 0.4811  MAE: 0.7212 
2024-04-06 00:07:10,875 - MMSA [INFO] - VAL-(dicmor) >>  Acc_2: 0.6759  F1_score: 0.6510  Acc_7: 0.4596  MAE: 0.7285  Loss: 0.7288 
2024-04-06 00:07:45,328 - MMSA [INFO] - TEST-(dicmor) >>  Acc_2: 0.6679  F1_score: 0.6399  Acc_7: 0.4308  MAE: 0.7858  Loss: 0.7846 
2024-04-06 00:14:12,725 - MMSA [INFO] - TRAIN-(dicmor) [1/10/5] >> loss: 3.418  Acc_2: 0.6977  F1_score: 0.6792  Acc_7: 0.4763  MAE: 0.7304 
2024-04-06 00:14:27,872 - MMSA [INFO] - VAL-(dicmor) >>  Acc_2: 0.6495  F1_score: 0.6400  Acc_7: 0.4436  MAE: 0.7430  Loss: 0.7431 
2024-04-06 00:15:01,681 - MMSA [INFO] - TEST-(dicmor) >>  Acc_2: 0.6456  F1_score: 0.6324  Acc_7: 0.4258  MAE: 0.7959  Loss: 0.7949 
2024-04-06 00:21:30,808 - MMSA [INFO] - TRAIN-(dicmor) [2/11/5] >> loss: 3.3036  Acc_2: 0.7170  F1_score: 0.7010  Acc_7: 0.4855  MAE: 0.7127 
2024-04-06 00:21:46,005 - MMSA [INFO] - VAL-(dicmor) >>  Acc_2: 0.6064  F1_score: 0.6151  Acc_7: 0.4522  MAE: 0.7495  Loss: 0.7494 
2024-04-06 00:22:20,475 - MMSA [INFO] - TEST-(dicmor) >>  Acc_2: 0.6291  F1_score: 0.6351  Acc_7: 0.4254  MAE: 0.8039  Loss: 0.8024 
2024-04-06 00:28:47,979 - MMSA [INFO] - TRAIN-(dicmor) [3/12/5] >> loss: 3.1762  Acc_2: 0.7090  F1_score: 0.6928  Acc_7: 0.4772  MAE: 0.7268 
2024-04-06 00:29:03,224 - MMSA [INFO] - VAL-(dicmor) >>  Acc_2: 0.6182  F1_score: 0.6183  Acc_7: 0.4415  MAE: 0.7710  Loss: 0.7709 
2024-04-06 00:29:36,944 - MMSA [INFO] - TEST-(dicmor) >>  Acc_2: 0.6577  F1_score: 0.6554  Acc_7: 0.4228  MAE: 0.7970  Loss: 0.7980 
2024-04-06 00:36:04,145 - MMSA [INFO] - TRAIN-(dicmor) [4/13/5] >> loss: 3.0631  Acc_2: 0.7255  F1_score: 0.7112  Acc_7: 0.4907  MAE: 0.7033 
2024-04-06 00:36:19,186 - MMSA [INFO] - VAL-(dicmor) >>  Acc_2: 0.6523  F1_score: 0.6368  Acc_7: 0.4511  MAE: 0.7444  Loss: 0.7442 
2024-04-06 00:36:52,793 - MMSA [INFO] - TEST-(dicmor) >>  Acc_2: 0.6681  F1_score: 0.6541  Acc_7: 0.4334  MAE: 0.7871  Loss: 0.7867 
2024-04-06 00:43:19,230 - MMSA [INFO] - TRAIN-(dicmor) [5/14/5] >> loss: 2.9456  Acc_2: 0.7180  F1_score: 0.7013  Acc_7: 0.4781  MAE: 0.7167 
2024-04-06 00:43:34,452 - MMSA [INFO] - VAL-(dicmor) >>  Acc_2: 0.6426  F1_score: 0.6017  Acc_7: 0.4361  MAE: 0.7720  Loss: 0.7721 
2024-04-06 00:44:08,463 - MMSA [INFO] - TEST-(dicmor) >>  Acc_2: 0.6604  F1_score: 0.6183  Acc_7: 0.4246  MAE: 0.7905  Loss: 0.7897 
2024-04-06 00:50:35,427 - MMSA [INFO] - TRAIN-(dicmor) [6/15/5] >> loss: 2.8226  Acc_2: 0.7296  F1_score: 0.7150  Acc_7: 0.4968  MAE: 0.6934 
2024-04-06 00:50:50,648 - MMSA [INFO] - VAL-(dicmor) >>  Acc_2: 0.6509  F1_score: 0.6252  Acc_7: 0.4425  MAE: 0.7690  Loss: 0.7689 
2024-04-06 00:51:24,347 - MMSA [INFO] - TEST-(dicmor) >>  Acc_2: 0.6651  F1_score: 0.6396  Acc_7: 0.4143  MAE: 0.8003  Loss: 0.7986 
2024-04-06 00:57:51,421 - MMSA [INFO] - TRAIN-(dicmor) [7/16/5] >> loss: 2.7104  Acc_2: 0.7432  F1_score: 0.7294  Acc_7: 0.4966  MAE: 0.6841 
2024-04-06 00:58:06,852 - MMSA [INFO] - VAL-(dicmor) >>  Acc_2: 0.6551  F1_score: 0.6347  Acc_7: 0.4345  MAE: 0.7642  Loss: 0.7642 
2024-04-06 00:58:41,551 - MMSA [INFO] - TEST-(dicmor) >>  Acc_2: 0.6530  F1_score: 0.6340  Acc_7: 0.4254  MAE: 0.8001  Loss: 0.8005 
2024-04-06 01:05:11,628 - MMSA [INFO] - TRAIN-(dicmor) [8/17/5] >> loss: 2.6623  Acc_2: 0.7349  F1_score: 0.7199  Acc_7: 0.4957  MAE: 0.6909 
2024-04-06 01:05:27,139 - MMSA [INFO] - VAL-(dicmor) >>  Acc_2: 0.6509  F1_score: 0.6138  Acc_7: 0.4233  MAE: 0.7799  Loss: 0.7800 
2024-04-06 01:06:01,714 - MMSA [INFO] - TEST-(dicmor) >>  Acc_2: 0.6736  F1_score: 0.6389  Acc_7: 0.4293  MAE: 0.7802  Loss: 0.7797 
2024-04-06 01:12:27,235 - MMSA [INFO] - TRAIN-(dicmor) [9/18/5] >> loss: 2.603  Acc_2: 0.7507  F1_score: 0.7377  Acc_7: 0.4990  MAE: 0.6793 
2024-04-06 01:12:42,543 - MMSA [INFO] - VAL-(dicmor) >>  Acc_2: 0.6558  F1_score: 0.6442  Acc_7: 0.4516  MAE: 0.7426  Loss: 0.7427 
2024-04-06 01:13:16,465 - MMSA [INFO] - TEST-(dicmor) >>  Acc_2: 0.6593  F1_score: 0.6398  Acc_7: 0.4273  MAE: 0.7898  Loss: 0.7897 
2024-04-06 01:19:44,985 - MMSA [INFO] - TRAIN-(dicmor) [10/19/5] >> loss: 2.5704  Acc_2: 0.7500  F1_score: 0.7378  Acc_7: 0.4950  MAE: 0.6834 
2024-04-06 01:20:00,656 - MMSA [INFO] - VAL-(dicmor) >>  Acc_2: 0.6175  F1_score: 0.6174  Acc_7: 0.4474  MAE: 0.7555  Loss: 0.7556 
2024-04-06 01:20:34,832 - MMSA [INFO] - TEST-(dicmor) >>  Acc_2: 0.6541  F1_score: 0.6515  Acc_7: 0.4179  MAE: 0.8038  Loss: 0.8031 
2024-04-06 01:21:13,221 - MMSA [INFO] - TEST-(dicmor) >>  Acc_2: 0.6734  F1_score: 0.6478  Acc_7: 0.4325  MAE: 0.7728  Loss: 0.7713 
2024-04-06 01:21:15,703 - MMSA [INFO] - train samples: (16326,)
2024-04-06 01:21:17,145 - MMSA [INFO] - valid samples: (1871,)
2024-04-06 01:21:18,569 - MMSA [INFO] - test samples: (4659,)
2024-04-06 01:27:33,269 - MMSA [INFO] - TRAIN-(dicmor) [1/1/6] >> loss: 5.9071  Acc_2: 0.6515  F1_score: 0.5981  Acc_7: 0.4611  MAE: 0.7713 
2024-04-06 01:27:48,265 - MMSA [INFO] - VAL-(dicmor) >>  Acc_2: 0.6453  F1_score: 0.6359  Acc_7: 0.4575  MAE: 0.7496  Loss: 0.7495 
2024-04-06 01:28:21,754 - MMSA [INFO] - TEST-(dicmor) >>  Acc_2: 0.6343  F1_score: 0.6242  Acc_7: 0.4273  MAE: 0.7951  Loss: 0.7934 
2024-04-06 01:34:44,539 - MMSA [INFO] - TRAIN-(dicmor) [1/2/6] >> loss: 4.9238  Acc_2: 0.6552  F1_score: 0.6105  Acc_7: 0.4629  MAE: 0.7634 
2024-04-06 01:34:59,653 - MMSA [INFO] - VAL-(dicmor) >>  Acc_2: 0.5883  F1_score: 0.5975  Acc_7: 0.4543  MAE: 0.7552  Loss: 0.7552 
2024-04-06 01:35:33,393 - MMSA [INFO] - TEST-(dicmor) >>  Acc_2: 0.6170  F1_score: 0.6234  Acc_7: 0.4263  MAE: 0.8084  Loss: 0.8073 
2024-04-06 01:41:52,301 - MMSA [INFO] - TRAIN-(dicmor) [2/3/6] >> loss: 4.5684  Acc_2: 0.6562  F1_score: 0.6236  Acc_7: 0.4668  MAE: 0.7603 
2024-04-06 01:42:07,188 - MMSA [INFO] - VAL-(dicmor) >>  Acc_2: 0.6572  F1_score: 0.6484  Acc_7: 0.4639  MAE: 0.7274  Loss: 0.7273 
2024-04-06 01:42:40,226 - MMSA [INFO] - TEST-(dicmor) >>  Acc_2: 0.6643  F1_score: 0.6527  Acc_7: 0.4308  MAE: 0.7904  Loss: 0.7904 
2024-04-06 01:49:06,803 - MMSA [INFO] - TRAIN-(dicmor) [1/4/6] >> loss: 4.3396  Acc_2: 0.6672  F1_score: 0.6320  Acc_7: 0.4642  MAE: 0.7592 
2024-04-06 01:49:22,024 - MMSA [INFO] - VAL-(dicmor) >>  Acc_2: 0.6836  F1_score: 0.6149  Acc_7: 0.4671  MAE: 0.7110  Loss: 0.7109 
2024-04-06 01:49:55,478 - MMSA [INFO] - TEST-(dicmor) >>  Acc_2: 0.6497  F1_score: 0.5631  Acc_7: 0.4387  MAE: 0.7874  Loss: 0.7866 
2024-04-06 01:56:24,538 - MMSA [INFO] - TRAIN-(dicmor) [1/5/6] >> loss: 4.1686  Acc_2: 0.6739  F1_score: 0.6427  Acc_7: 0.4692  MAE: 0.7493 
2024-04-06 01:56:39,275 - MMSA [INFO] - VAL-(dicmor) >>  Acc_2: 0.6704  F1_score: 0.6515  Acc_7: 0.4703  MAE: 0.7218  Loss: 0.7218 
2024-04-06 01:57:12,488 - MMSA [INFO] - TEST-(dicmor) >>  Acc_2: 0.6681  F1_score: 0.6459  Acc_7: 0.4372  MAE: 0.7816  Loss: 0.7807 
2024-04-06 02:03:36,193 - MMSA [INFO] - TRAIN-(dicmor) [2/6/6] >> loss: 3.9912  Acc_2: 0.6873  F1_score: 0.6612  Acc_7: 0.4778  MAE: 0.7331 
2024-04-06 02:03:51,150 - MMSA [INFO] - VAL-(dicmor) >>  Acc_2: 0.6655  F1_score: 0.6484  Acc_7: 0.4586  MAE: 0.7409  Loss: 0.7409 
2024-04-06 02:04:24,974 - MMSA [INFO] - TEST-(dicmor) >>  Acc_2: 0.6467  F1_score: 0.6234  Acc_7: 0.4299  MAE: 0.7925  Loss: 0.7920 
