2024-04-06 07:40:14,872 - MMSA [INFO] - train samples: (16326,)
2024-04-06 07:40:16,322 - MMSA [INFO] - valid samples: (1871,)
2024-04-06 07:40:17,751 - MMSA [INFO] - test samples: (4659,)
2024-04-06 07:46:33,485 - MMSA [INFO] - TRAIN-(dicmor) [1/1/1] >> loss: 5.0554  Acc_2: 0.6483  F1_score: 0.6000  Acc_7: 0.4637  MAE: 0.7768 
2024-04-06 07:46:48,106 - MMSA [INFO] - VAL-(dicmor) >>  Acc_2: 0.6690  F1_score: 0.5803  Acc_7: 0.4463  MAE: 0.7467  Loss: 0.7468 
2024-04-06 07:47:21,690 - MMSA [INFO] - TEST-(dicmor) >>  Acc_2: 0.6340  F1_score: 0.5280  Acc_7: 0.4164  MAE: 0.8201  Loss: 0.8191 
2024-04-06 07:53:41,755 - MMSA [INFO] - TRAIN-(dicmor) [1/2/1] >> loss: 4.3481  Acc_2: 0.6577  F1_score: 0.6095  Acc_7: 0.4649  MAE: 0.7706 
2024-04-06 07:53:56,485 - MMSA [INFO] - VAL-(dicmor) >>  Acc_2: 0.6627  F1_score: 0.5745  Acc_7: 0.4532  MAE: 0.7422  Loss: 0.7421 
2024-04-06 07:54:29,668 - MMSA [INFO] - TEST-(dicmor) >>  Acc_2: 0.6566  F1_score: 0.5788  Acc_7: 0.4314  MAE: 0.7897  Loss: 0.7893 
2024-04-06 08:00:49,544 - MMSA [INFO] - TRAIN-(dicmor) [1/3/1] >> loss: 4.0966  Acc_2: 0.6628  F1_score: 0.6076  Acc_7: 0.4625  MAE: 0.7688 
2024-04-06 08:01:04,321 - MMSA [INFO] - VAL-(dicmor) >>  Acc_2: 0.6565  F1_score: 0.5355  Acc_7: 0.4527  MAE: 0.7595  Loss: 0.7596 
2024-04-06 08:01:37,435 - MMSA [INFO] - TEST-(dicmor) >>  Acc_2: 0.6472  F1_score: 0.5402  Acc_7: 0.4222  MAE: 0.8071  Loss: 0.8064 
2024-04-06 08:07:56,970 - MMSA [INFO] - TRAIN-(dicmor) [2/4/1] >> loss: 3.9071  Acc_2: 0.6556  F1_score: 0.6001  Acc_7: 0.4570  MAE: 0.7771 
2024-04-06 08:08:11,960 - MMSA [INFO] - VAL-(dicmor) >>  Acc_2: 0.6509  F1_score: 0.5701  Acc_7: 0.4532  MAE: 0.7481  Loss: 0.7481 
2024-04-06 08:08:45,691 - MMSA [INFO] - TEST-(dicmor) >>  Acc_2: 0.6406  F1_score: 0.5631  Acc_7: 0.4248  MAE: 0.8028  Loss: 0.8035 
2024-04-06 08:15:10,070 - MMSA [INFO] - TRAIN-(dicmor) [3/5/1] >> loss: 3.7506  Acc_2: 0.6579  F1_score: 0.6080  Acc_7: 0.4663  MAE: 0.7661 
2024-04-06 08:15:25,114 - MMSA [INFO] - VAL-(dicmor) >>  Acc_2: 0.6711  F1_score: 0.5690  Acc_7: 0.4538  MAE: 0.7456  Loss: 0.7456 
2024-04-06 08:15:59,105 - MMSA [INFO] - TEST-(dicmor) >>  Acc_2: 0.6497  F1_score: 0.5436  Acc_7: 0.4248  MAE: 0.8059  Loss: 0.8041 
2024-04-06 08:22:25,084 - MMSA [INFO] - TRAIN-(dicmor) [4/6/1] >> loss: 3.6201  Acc_2: 0.6631  F1_score: 0.6103  Acc_7: 0.4648  MAE: 0.7641 
2024-04-06 08:22:40,496 - MMSA [INFO] - VAL-(dicmor) >>  Acc_2: 0.6739  F1_score: 0.5800  Acc_7: 0.4693  MAE: 0.7309  Loss: 0.7308 
2024-04-06 08:23:14,600 - MMSA [INFO] - TEST-(dicmor) >>  Acc_2: 0.6494  F1_score: 0.5430  Acc_7: 0.4151  MAE: 0.8061  Loss: 0.8051 
2024-04-06 08:29:41,516 - MMSA [INFO] - TRAIN-(dicmor) [1/7/1] >> loss: 3.4921  Acc_2: 0.6624  F1_score: 0.6102  Acc_7: 0.4687  MAE: 0.7611 
2024-04-06 08:29:56,712 - MMSA [INFO] - VAL-(dicmor) >>  Acc_2: 0.6766  F1_score: 0.5809  Acc_7: 0.4639  MAE: 0.7374  Loss: 0.7376 
2024-04-06 08:30:30,815 - MMSA [INFO] - TEST-(dicmor) >>  Acc_2: 0.6524  F1_score: 0.5509  Acc_7: 0.4235  MAE: 0.7961  Loss: 0.7943 
2024-04-06 08:36:54,474 - MMSA [INFO] - TRAIN-(dicmor) [2/8/1] >> loss: 3.3592  Acc_2: 0.6656  F1_score: 0.6141  Acc_7: 0.4694  MAE: 0.7587 
2024-04-06 08:37:09,407 - MMSA [INFO] - VAL-(dicmor) >>  Acc_2: 0.6120  F1_score: 0.5919  Acc_7: 0.4415  MAE: 0.7679  Loss: 0.7680 
2024-04-06 08:37:42,687 - MMSA [INFO] - TEST-(dicmor) >>  Acc_2: 0.6381  F1_score: 0.6256  Acc_7: 0.4269  MAE: 0.7977  Loss: 0.7969 
2024-04-06 08:44:02,405 - MMSA [INFO] - TRAIN-(dicmor) [3/9/1] >> loss: 3.2291  Acc_2: 0.6609  F1_score: 0.6150  Acc_7: 0.4651  MAE: 0.7642 
2024-04-06 08:44:17,980 - MMSA [INFO] - VAL-(dicmor) >>  Acc_2: 0.6544  F1_score: 0.6126  Acc_7: 0.4554  MAE: 0.7349  Loss: 0.7347 
2024-04-06 08:44:51,863 - MMSA [INFO] - TEST-(dicmor) >>  Acc_2: 0.6472  F1_score: 0.6071  Acc_7: 0.4228  MAE: 0.7980  Loss: 0.7962 
2024-04-06 08:51:15,789 - MMSA [INFO] - TRAIN-(dicmor) [4/10/1] >> loss: 3.1226  Acc_2: 0.6653  F1_score: 0.6166  Acc_7: 0.4735  MAE: 0.7543 
2024-04-06 08:51:31,137 - MMSA [INFO] - VAL-(dicmor) >>  Acc_2: 0.6335  F1_score: 0.6109  Acc_7: 0.4554  MAE: 0.7526  Loss: 0.7526 
2024-04-06 08:52:05,510 - MMSA [INFO] - TEST-(dicmor) >>  Acc_2: 0.6480  F1_score: 0.6293  Acc_7: 0.4308  MAE: 0.7847  Loss: 0.7835 
2024-04-06 08:58:28,845 - MMSA [INFO] - TRAIN-(dicmor) [5/11/1] >> loss: 2.9888  Acc_2: 0.6578  F1_score: 0.6090  Acc_7: 0.4618  MAE: 0.7699 
2024-04-06 08:58:44,288 - MMSA [INFO] - VAL-(dicmor) >>  Acc_2: 0.6537  F1_score: 0.6235  Acc_7: 0.4580  MAE: 0.7393  Loss: 0.7392 
2024-04-06 08:59:18,435 - MMSA [INFO] - TEST-(dicmor) >>  Acc_2: 0.6458  F1_score: 0.6130  Acc_7: 0.4233  MAE: 0.7946  Loss: 0.7947 
2024-04-06 09:05:45,292 - MMSA [INFO] - TRAIN-(dicmor) [6/12/1] >> loss: 2.887  Acc_2: 0.6651  F1_score: 0.6158  Acc_7: 0.4715  MAE: 0.7547 
2024-04-06 09:06:00,676 - MMSA [INFO] - VAL-(dicmor) >>  Acc_2: 0.6606  F1_score: 0.5558  Acc_7: 0.4474  MAE: 0.7577  Loss: 0.7577 
2024-04-06 09:06:34,736 - MMSA [INFO] - TEST-(dicmor) >>  Acc_2: 0.6475  F1_score: 0.5426  Acc_7: 0.4252  MAE: 0.8045  Loss: 0.8031 
2024-04-06 09:13:02,430 - MMSA [INFO] - TRAIN-(dicmor) [7/13/1] >> loss: 2.7817  Acc_2: 0.6624  F1_score: 0.6153  Acc_7: 0.4666  MAE: 0.7648 
2024-04-06 09:13:17,756 - MMSA [INFO] - VAL-(dicmor) >>  Acc_2: 0.6572  F1_score: 0.6142  Acc_7: 0.4596  MAE: 0.7356  Loss: 0.7356 
2024-04-06 09:13:52,215 - MMSA [INFO] - TEST-(dicmor) >>  Acc_2: 0.6599  F1_score: 0.6245  Acc_7: 0.4299  MAE: 0.7858  Loss: 0.7858 
2024-04-06 09:20:19,281 - MMSA [INFO] - TRAIN-(dicmor) [8/14/1] >> loss: 2.724  Acc_2: 0.6697  F1_score: 0.6259  Acc_7: 0.4701  MAE: 0.7539 
2024-04-06 09:20:34,748 - MMSA [INFO] - VAL-(dicmor) >>  Acc_2: 0.6711  F1_score: 0.5709  Acc_7: 0.4532  MAE: 0.7454  Loss: 0.7455 
2024-04-06 09:21:09,277 - MMSA [INFO] - TEST-(dicmor) >>  Acc_2: 0.6527  F1_score: 0.5514  Acc_7: 0.4228  MAE: 0.7953  Loss: 0.7944 
2024-04-06 09:27:35,273 - MMSA [INFO] - TRAIN-(dicmor) [9/15/1] >> loss: 2.6738  Acc_2: 0.6666  F1_score: 0.6216  Acc_7: 0.4715  MAE: 0.7565 
2024-04-06 09:27:50,761 - MMSA [INFO] - VAL-(dicmor) >>  Acc_2: 0.6662  F1_score: 0.6024  Acc_7: 0.4591  MAE: 0.7383  Loss: 0.7382 
2024-04-06 09:28:25,091 - MMSA [INFO] - TEST-(dicmor) >>  Acc_2: 0.6681  F1_score: 0.6160  Acc_7: 0.4336  MAE: 0.7728  Loss: 0.7720 
2024-04-06 09:34:49,245 - MMSA [INFO] - TRAIN-(dicmor) [10/16/1] >> loss: 2.6159  Acc_2: 0.6682  F1_score: 0.6254  Acc_7: 0.4659  MAE: 0.7602 
2024-04-06 09:35:04,518 - MMSA [INFO] - VAL-(dicmor) >>  Acc_2: 0.6655  F1_score: 0.6275  Acc_7: 0.4596  MAE: 0.7407  Loss: 0.7408 
2024-04-06 09:35:38,406 - MMSA [INFO] - TEST-(dicmor) >>  Acc_2: 0.6560  F1_score: 0.6211  Acc_7: 0.4269  MAE: 0.7898  Loss: 0.7888 
2024-04-06 09:36:14,622 - MMSA [INFO] - TEST-(dicmor) >>  Acc_2: 0.6522  F1_score: 0.5459  Acc_7: 0.4203  MAE: 0.8004  Loss: 0.7995 
2024-04-06 09:36:17,091 - MMSA [INFO] - train samples: (16326,)
2024-04-06 09:36:18,495 - MMSA [INFO] - valid samples: (1871,)
2024-04-06 09:36:19,904 - MMSA [INFO] - test samples: (4659,)
2024-04-06 09:42:31,604 - MMSA [INFO] - TRAIN-(dicmor) [1/1/2] >> loss: 5.0172  Acc_2: 0.6560  F1_score: 0.6079  Acc_7: 0.4661  MAE: 0.7671 
2024-04-06 09:42:46,470 - MMSA [INFO] - VAL-(dicmor) >>  Acc_2: 0.6558  F1_score: 0.5757  Acc_7: 0.4511  MAE: 0.7548  Loss: 0.7548 
2024-04-06 09:43:19,799 - MMSA [INFO] - TEST-(dicmor) >>  Acc_2: 0.6461  F1_score: 0.5693  Acc_7: 0.4261  MAE: 0.7980  Loss: 0.7973 
2024-04-06 09:49:42,991 - MMSA [INFO] - TRAIN-(dicmor) [1/2/2] >> loss: 4.3181  Acc_2: 0.6571  F1_score: 0.6034  Acc_7: 0.4630  MAE: 0.7695 
2024-04-06 09:49:57,726 - MMSA [INFO] - VAL-(dicmor) >>  Acc_2: 0.6579  F1_score: 0.6026  Acc_7: 0.4527  MAE: 0.7511  Loss: 0.7509 
2024-04-06 09:50:30,539 - MMSA [INFO] - TEST-(dicmor) >>  Acc_2: 0.6513  F1_score: 0.6002  Acc_7: 0.4256  MAE: 0.7904  Loss: 0.7893 
2024-04-06 09:56:55,466 - MMSA [INFO] - TRAIN-(dicmor) [1/3/2] >> loss: 4.1011  Acc_2: 0.6658  F1_score: 0.6161  Acc_7: 0.4779  MAE: 0.7526 
2024-04-06 09:57:10,598 - MMSA [INFO] - VAL-(dicmor) >>  Acc_2: 0.6745  F1_score: 0.6110  Acc_7: 0.4613  MAE: 0.7235  Loss: 0.7235 
2024-04-06 09:57:44,394 - MMSA [INFO] - TEST-(dicmor) >>  Acc_2: 0.6558  F1_score: 0.5825  Acc_7: 0.4179  MAE: 0.7976  Loss: 0.7980 
2024-04-06 10:04:10,084 - MMSA [INFO] - TRAIN-(dicmor) [1/4/2] >> loss: 3.9065  Acc_2: 0.6570  F1_score: 0.6008  Acc_7: 0.4689  MAE: 0.7642 
2024-04-06 10:04:24,963 - MMSA [INFO] - VAL-(dicmor) >>  Acc_2: 0.6627  F1_score: 0.5590  Acc_7: 0.4570  MAE: 0.7506  Loss: 0.7506 
2024-04-06 10:04:58,120 - MMSA [INFO] - TEST-(dicmor) >>  Acc_2: 0.6480  F1_score: 0.5459  Acc_7: 0.4269  MAE: 0.8045  Loss: 0.8037 
2024-04-06 10:11:25,577 - MMSA [INFO] - TRAIN-(dicmor) [2/5/2] >> loss: 3.7618  Acc_2: 0.6642  F1_score: 0.6098  Acc_7: 0.4730  MAE: 0.7565 
2024-04-06 10:11:40,658 - MMSA [INFO] - VAL-(dicmor) >>  Acc_2: 0.6697  F1_score: 0.5681  Acc_7: 0.4613  MAE: 0.7391  Loss: 0.7391 
2024-04-06 10:12:14,611 - MMSA [INFO] - TEST-(dicmor) >>  Acc_2: 0.6486  F1_score: 0.5444  Acc_7: 0.4181  MAE: 0.8077  Loss: 0.8067 
2024-04-06 10:18:38,062 - MMSA [INFO] - TRAIN-(dicmor) [3/6/2] >> loss: 3.622  Acc_2: 0.6622  F1_score: 0.6097  Acc_7: 0.4726  MAE: 0.7585 
2024-04-06 10:18:52,937 - MMSA [INFO] - VAL-(dicmor) >>  Acc_2: 0.6752  F1_score: 0.5895  Acc_7: 0.4575  MAE: 0.7509  Loss: 0.7510 
2024-04-06 10:19:26,062 - MMSA [INFO] - TEST-(dicmor) >>  Acc_2: 0.6450  F1_score: 0.5487  Acc_7: 0.4153  MAE: 0.8054  Loss: 0.8045 
2024-04-06 10:25:53,183 - MMSA [INFO] - TRAIN-(dicmor) [4/7/2] >> loss: 3.4851  Acc_2: 0.6675  F1_score: 0.6185  Acc_7: 0.4718  MAE: 0.7571 
2024-04-06 10:26:08,620 - MMSA [INFO] - VAL-(dicmor) >>  Acc_2: 0.6885  F1_score: 0.6074  Acc_7: 0.4586  MAE: 0.7362  Loss: 0.7362 
2024-04-06 10:26:42,786 - MMSA [INFO] - TEST-(dicmor) >>  Acc_2: 0.6604  F1_score: 0.5638  Acc_7: 0.4194  MAE: 0.7999  Loss: 0.7993 
2024-04-06 10:33:10,384 - MMSA [INFO] - TRAIN-(dicmor) [5/8/2] >> loss: 3.3533  Acc_2: 0.6670  F1_score: 0.6178  Acc_7: 0.4704  MAE: 0.7541 
2024-04-06 10:33:25,511 - MMSA [INFO] - VAL-(dicmor) >>  Acc_2: 0.6613  F1_score: 0.6126  Acc_7: 0.4639  MAE: 0.7360  Loss: 0.7359 
2024-04-06 10:33:59,915 - MMSA [INFO] - TEST-(dicmor) >>  Acc_2: 0.6577  F1_score: 0.6074  Acc_7: 0.4228  MAE: 0.7948  Loss: 0.7951 
2024-04-06 10:40:25,707 - MMSA [INFO] - TRAIN-(dicmor) [6/9/2] >> loss: 3.2138  Acc_2: 0.6671  F1_score: 0.6171  Acc_7: 0.4745  MAE: 0.7510 
2024-04-06 10:40:40,865 - MMSA [INFO] - VAL-(dicmor) >>  Acc_2: 0.6140  F1_score: 0.6131  Acc_7: 0.4650  MAE: 0.7380  Loss: 0.7380 
2024-04-06 10:41:14,622 - MMSA [INFO] - TEST-(dicmor) >>  Acc_2: 0.6136  F1_score: 0.6144  Acc_7: 0.4261  MAE: 0.8034  Loss: 0.8025 
2024-04-06 10:47:43,131 - MMSA [INFO] - TRAIN-(dicmor) [7/10/2] >> loss: 3.1413  Acc_2: 0.6614  F1_score: 0.6142  Acc_7: 0.4655  MAE: 0.7644 
2024-04-06 10:47:58,377 - MMSA [INFO] - VAL-(dicmor) >>  Acc_2: 0.6683  F1_score: 0.5755  Acc_7: 0.4586  MAE: 0.7431  Loss: 0.7431 
2024-04-06 10:48:32,641 - MMSA [INFO] - TEST-(dicmor) >>  Acc_2: 0.6497  F1_score: 0.5647  Acc_7: 0.4246  MAE: 0.7982  Loss: 0.7970 
2024-04-06 10:54:54,130 - MMSA [INFO] - TRAIN-(dicmor) [8/11/2] >> loss: 3.0591  Acc_2: 0.6704  F1_score: 0.6237  Acc_7: 0.4776  MAE: 0.7447 
2024-04-06 10:55:09,420 - MMSA [INFO] - VAL-(dicmor) >>  Acc_2: 0.6926  F1_score: 0.6643  Acc_7: 0.4655  MAE: 0.7132  Loss: 0.7133 
2024-04-06 10:55:43,885 - MMSA [INFO] - TEST-(dicmor) >>  Acc_2: 0.6524  F1_score: 0.6187  Acc_7: 0.4263  MAE: 0.7915  Loss: 0.7911 
2024-04-06 11:02:13,032 - MMSA [INFO] - TRAIN-(dicmor) [1/12/2] >> loss: 3.003  Acc_2: 0.6594  F1_score: 0.6118  Acc_7: 0.4605  MAE: 0.7718 
2024-04-06 11:02:28,253 - MMSA [INFO] - VAL-(dicmor) >>  Acc_2: 0.6718  F1_score: 0.6403  Acc_7: 0.4613  MAE: 0.7280  Loss: 0.7279 
2024-04-06 11:03:01,800 - MMSA [INFO] - TEST-(dicmor) >>  Acc_2: 0.6513  F1_score: 0.6150  Acc_7: 0.4278  MAE: 0.7929  Loss: 0.7917 
2024-04-06 11:09:29,685 - MMSA [INFO] - TRAIN-(dicmor) [2/13/2] >> loss: 2.955  Acc_2: 0.6688  F1_score: 0.6275  Acc_7: 0.4702  MAE: 0.7548 
2024-04-06 11:09:45,297 - MMSA [INFO] - VAL-(dicmor) >>  Acc_2: 0.6488  F1_score: 0.6250  Acc_7: 0.4575  MAE: 0.7355  Loss: 0.7354 
2024-04-06 11:10:19,364 - MMSA [INFO] - TEST-(dicmor) >>  Acc_2: 0.6591  F1_score: 0.6424  Acc_7: 0.4286  MAE: 0.7940  Loss: 0.7934 
2024-04-06 11:16:44,912 - MMSA [INFO] - TRAIN-(dicmor) [3/14/2] >> loss: 2.9035  Acc_2: 0.6646  F1_score: 0.6181  Acc_7: 0.4637  MAE: 0.7634 
2024-04-06 11:17:00,336 - MMSA [INFO] - VAL-(dicmor) >>  Acc_2: 0.6530  F1_score: 0.6323  Acc_7: 0.4564  MAE: 0.7374  Loss: 0.7373 
2024-04-06 11:17:34,770 - MMSA [INFO] - TEST-(dicmor) >>  Acc_2: 0.6486  F1_score: 0.6284  Acc_7: 0.4291  MAE: 0.7894  Loss: 0.7884 
2024-04-06 11:24:03,841 - MMSA [INFO] - TRAIN-(dicmor) [4/15/2] >> loss: 2.8368  Acc_2: 0.6767  F1_score: 0.6391  Acc_7: 0.4775  MAE: 0.7446 
2024-04-06 11:24:19,201 - MMSA [INFO] - VAL-(dicmor) >>  Acc_2: 0.6620  F1_score: 0.6349  Acc_7: 0.4548  MAE: 0.7322  Loss: 0.7319 
2024-04-06 11:24:53,833 - MMSA [INFO] - TEST-(dicmor) >>  Acc_2: 0.6566  F1_score: 0.6345  Acc_7: 0.4284  MAE: 0.7835  Loss: 0.7816 
2024-04-06 11:31:23,928 - MMSA [INFO] - TRAIN-(dicmor) [5/16/2] >> loss: 2.7875  Acc_2: 0.6723  F1_score: 0.6285  Acc_7: 0.4753  MAE: 0.7514 
2024-04-06 11:31:39,413 - MMSA [INFO] - VAL-(dicmor) >>  Acc_2: 0.6697  F1_score: 0.5808  Acc_7: 0.4586  MAE: 0.7404  Loss: 0.7407 
2024-04-06 11:32:13,407 - MMSA [INFO] - TEST-(dicmor) >>  Acc_2: 0.6502  F1_score: 0.5569  Acc_7: 0.4263  MAE: 0.7960  Loss: 0.7944 
2024-04-06 11:38:38,959 - MMSA [INFO] - TRAIN-(dicmor) [6/17/2] >> loss: 2.7304  Acc_2: 0.6783  F1_score: 0.6418  Acc_7: 0.4737  MAE: 0.7445 
2024-04-06 11:38:54,457 - MMSA [INFO] - VAL-(dicmor) >>  Acc_2: 0.6523  F1_score: 0.6383  Acc_7: 0.4575  MAE: 0.7357  Loss: 0.7357 
2024-04-06 11:39:29,374 - MMSA [INFO] - TEST-(dicmor) >>  Acc_2: 0.6519  F1_score: 0.6425  Acc_7: 0.4286  MAE: 0.7878  Loss: 0.7882 
2024-04-06 11:45:55,227 - MMSA [INFO] - TRAIN-(dicmor) [7/18/2] >> loss: 2.6889  Acc_2: 0.6710  F1_score: 0.6344  Acc_7: 0.4660  MAE: 0.7625 
2024-04-06 11:46:10,707 - MMSA [INFO] - VAL-(dicmor) >>  Acc_2: 0.6606  F1_score: 0.6213  Acc_7: 0.4538  MAE: 0.7398  Loss: 0.7397 
2024-04-06 11:46:45,003 - MMSA [INFO] - TEST-(dicmor) >>  Acc_2: 0.6662  F1_score: 0.6403  Acc_7: 0.4312  MAE: 0.7784  Loss: 0.7776 
2024-04-06 11:53:09,066 - MMSA [INFO] - TRAIN-(dicmor) [8/19/2] >> loss: 2.6637  Acc_2: 0.6796  F1_score: 0.6422  Acc_7: 0.4700  MAE: 0.7522 
2024-04-06 11:53:24,311 - MMSA [INFO] - VAL-(dicmor) >>  Acc_2: 0.6579  F1_score: 0.6308  Acc_7: 0.4607  MAE: 0.7332  Loss: 0.7332 
2024-04-06 11:53:58,412 - MMSA [INFO] - TEST-(dicmor) >>  Acc_2: 0.6491  F1_score: 0.6272  Acc_7: 0.4231  MAE: 0.8015  Loss: 0.7996 
2024-04-06 12:00:25,540 - MMSA [INFO] - TRAIN-(dicmor) [9/20/2] >> loss: 2.6282  Acc_2: 0.6689  F1_score: 0.6306  Acc_7: 0.4609  MAE: 0.7647 
2024-04-06 12:00:40,762 - MMSA [INFO] - VAL-(dicmor) >>  Acc_2: 0.6669  F1_score: 0.5981  Acc_7: 0.4666  MAE: 0.7380  Loss: 0.7380 
2024-04-06 12:01:14,903 - MMSA [INFO] - TEST-(dicmor) >>  Acc_2: 0.6582  F1_score: 0.5969  Acc_7: 0.4175  MAE: 0.7982  Loss: 0.7987 
2024-04-06 12:07:40,109 - MMSA [INFO] - TRAIN-(dicmor) [10/21/2] >> loss: 2.609  Acc_2: 0.6771  F1_score: 0.6422  Acc_7: 0.4726  MAE: 0.7482 
2024-04-06 12:07:55,798 - MMSA [INFO] - VAL-(dicmor) >>  Acc_2: 0.6627  F1_score: 0.6327  Acc_7: 0.4645  MAE: 0.7235  Loss: 0.7235 
2024-04-06 12:08:30,772 - MMSA [INFO] - TEST-(dicmor) >>  Acc_2: 0.6447  F1_score: 0.6162  Acc_7: 0.4220  MAE: 0.7977  Loss: 0.7974 
2024-04-06 12:09:06,983 - MMSA [INFO] - TEST-(dicmor) >>  Acc_2: 0.6624  F1_score: 0.6303  Acc_7: 0.4233  MAE: 0.7860  Loss: 0.7848 
2024-04-06 12:09:09,450 - MMSA [INFO] - train samples: (16326,)
2024-04-06 12:09:10,794 - MMSA [INFO] - valid samples: (1871,)
2024-04-06 12:09:12,119 - MMSA [INFO] - test samples: (4659,)
2024-04-06 12:15:26,681 - MMSA [INFO] - TRAIN-(dicmor) [1/1/3] >> loss: 5.032  Acc_2: 0.6482  F1_score: 0.6001  Acc_7: 0.4605  MAE: 0.7763 
2024-04-06 12:15:41,472 - MMSA [INFO] - VAL-(dicmor) >>  Acc_2: 0.6739  F1_score: 0.5773  Acc_7: 0.4586  MAE: 0.7386  Loss: 0.7386 
2024-04-06 12:16:14,262 - MMSA [INFO] - TEST-(dicmor) >>  Acc_2: 0.6475  F1_score: 0.5348  Acc_7: 0.4211  MAE: 0.8088  Loss: 0.8080 
2024-04-06 12:22:36,261 - MMSA [INFO] - TRAIN-(dicmor) [1/2/3] >> loss: 4.3519  Acc_2: 0.6496  F1_score: 0.5886  Acc_7: 0.4596  MAE: 0.7782 
2024-04-06 12:22:51,136 - MMSA [INFO] - VAL-(dicmor) >>  Acc_2: 0.6252  F1_score: 0.6111  Acc_7: 0.4591  MAE: 0.7469  Loss: 0.7468 
2024-04-06 12:23:24,207 - MMSA [INFO] - TEST-(dicmor) >>  Acc_2: 0.6142  F1_score: 0.6036  Acc_7: 0.4239  MAE: 0.8050  Loss: 0.8049 
2024-04-06 12:29:46,848 - MMSA [INFO] - TRAIN-(dicmor) [2/3/3] >> loss: 4.0842  Acc_2: 0.6477  F1_score: 0.5862  Acc_7: 0.4546  MAE: 0.7816 
2024-04-06 12:30:01,834 - MMSA [INFO] - VAL-(dicmor) >>  Acc_2: 0.6655  F1_score: 0.5746  Acc_7: 0.4452  MAE: 0.7424  Loss: 0.7424 
2024-04-06 12:30:35,479 - MMSA [INFO] - TEST-(dicmor) >>  Acc_2: 0.6478  F1_score: 0.5589  Acc_7: 0.4209  MAE: 0.8008  Loss: 0.7997 
2024-04-06 12:36:56,529 - MMSA [INFO] - TRAIN-(dicmor) [3/4/3] >> loss: 3.894  Acc_2: 0.6642  F1_score: 0.6080  Acc_7: 0.4742  MAE: 0.7549 
2024-04-06 12:37:11,354 - MMSA [INFO] - VAL-(dicmor) >>  Acc_2: 0.6606  F1_score: 0.6016  Acc_7: 0.4484  MAE: 0.7434  Loss: 0.7435 
2024-04-06 12:37:44,909 - MMSA [INFO] - TEST-(dicmor) >>  Acc_2: 0.6428  F1_score: 0.5782  Acc_7: 0.4235  MAE: 0.7972  Loss: 0.7963 
2024-04-06 12:44:05,596 - MMSA [INFO] - TRAIN-(dicmor) [4/5/3] >> loss: 3.7681  Acc_2: 0.6621  F1_score: 0.6087  Acc_7: 0.4695  MAE: 0.7609 
2024-04-06 12:44:20,604 - MMSA [INFO] - VAL-(dicmor) >>  Acc_2: 0.6599  F1_score: 0.5710  Acc_7: 0.4484  MAE: 0.7515  Loss: 0.7516 
2024-04-06 12:44:54,232 - MMSA [INFO] - TEST-(dicmor) >>  Acc_2: 0.6398  F1_score: 0.5464  Acc_7: 0.4220  MAE: 0.8059  Loss: 0.8060 
2024-04-06 12:51:15,276 - MMSA [INFO] - TRAIN-(dicmor) [5/6/3] >> loss: 3.6227  Acc_2: 0.6587  F1_score: 0.6006  Acc_7: 0.4677  MAE: 0.7638 
2024-04-06 12:51:30,243 - MMSA [INFO] - VAL-(dicmor) >>  Acc_2: 0.6592  F1_score: 0.6060  Acc_7: 0.4671  MAE: 0.7418  Loss: 0.7418 
2024-04-06 12:52:04,083 - MMSA [INFO] - TEST-(dicmor) >>  Acc_2: 0.6535  F1_score: 0.6057  Acc_7: 0.4207  MAE: 0.8005  Loss: 0.8001 
2024-04-06 12:58:31,447 - MMSA [INFO] - TRAIN-(dicmor) [6/7/3] >> loss: 3.4753  Acc_2: 0.6624  F1_score: 0.6066  Acc_7: 0.4655  MAE: 0.7670 
2024-04-06 12:58:46,548 - MMSA [INFO] - VAL-(dicmor) >>  Acc_2: 0.6592  F1_score: 0.5961  Acc_7: 0.4447  MAE: 0.7566  Loss: 0.7566 
2024-04-06 12:59:21,019 - MMSA [INFO] - TEST-(dicmor) >>  Acc_2: 0.6469  F1_score: 0.5883  Acc_7: 0.4205  MAE: 0.8000  Loss: 0.7993 
2024-04-06 13:05:46,706 - MMSA [INFO] - TRAIN-(dicmor) [7/8/3] >> loss: 3.3806  Acc_2: 0.6604  F1_score: 0.6094  Acc_7: 0.4689  MAE: 0.7597 
2024-04-06 13:06:01,885 - MMSA [INFO] - VAL-(dicmor) >>  Acc_2: 0.6481  F1_score: 0.6290  Acc_7: 0.4613  MAE: 0.7346  Loss: 0.7345 
2024-04-06 13:06:36,026 - MMSA [INFO] - TEST-(dicmor) >>  Acc_2: 0.6486  F1_score: 0.6280  Acc_7: 0.4231  MAE: 0.7953  Loss: 0.7942 
2024-04-06 13:13:05,013 - MMSA [INFO] - TRAIN-(dicmor) [1/9/3] >> loss: 3.3032  Acc_2: 0.6621  F1_score: 0.6139  Acc_7: 0.4650  MAE: 0.7597 
2024-04-06 13:13:20,207 - MMSA [INFO] - VAL-(dicmor) >>  Acc_2: 0.6572  F1_score: 0.5842  Acc_7: 0.4548  MAE: 0.7405  Loss: 0.7405 
2024-04-06 13:13:54,591 - MMSA [INFO] - TEST-(dicmor) >>  Acc_2: 0.6456  F1_score: 0.5759  Acc_7: 0.4246  MAE: 0.8021  Loss: 0.8010 
2024-04-06 13:20:22,473 - MMSA [INFO] - TRAIN-(dicmor) [2/10/3] >> loss: 3.2542  Acc_2: 0.6677  F1_score: 0.6213  Acc_7: 0.4714  MAE: 0.7559 
2024-04-06 13:20:37,832 - MMSA [INFO] - VAL-(dicmor) >>  Acc_2: 0.6711  F1_score: 0.6376  Acc_7: 0.4666  MAE: 0.7229  Loss: 0.7228 
2024-04-06 13:21:12,334 - MMSA [INFO] - TEST-(dicmor) >>  Acc_2: 0.6420  F1_score: 0.6085  Acc_7: 0.4200  MAE: 0.8055  Loss: 0.8047 
2024-04-06 13:27:40,971 - MMSA [INFO] - TRAIN-(dicmor) [1/11/3] >> loss: 3.1834  Acc_2: 0.6695  F1_score: 0.6258  Acc_7: 0.4772  MAE: 0.7472 
2024-04-06 13:27:56,329 - MMSA [INFO] - VAL-(dicmor) >>  Acc_2: 0.6766  F1_score: 0.5818  Acc_7: 0.4564  MAE: 0.7423  Loss: 0.7422 
2024-04-06 13:28:30,697 - MMSA [INFO] - TEST-(dicmor) >>  Acc_2: 0.6560  F1_score: 0.5535  Acc_7: 0.4271  MAE: 0.7899  Loss: 0.7899 
2024-04-06 13:34:54,582 - MMSA [INFO] - TRAIN-(dicmor) [2/12/3] >> loss: 3.1314  Acc_2: 0.6696  F1_score: 0.6251  Acc_7: 0.4703  MAE: 0.7562 
2024-04-06 13:35:09,716 - MMSA [INFO] - VAL-(dicmor) >>  Acc_2: 0.6606  F1_score: 0.6246  Acc_7: 0.4618  MAE: 0.7315  Loss: 0.7314 
2024-04-06 13:35:44,271 - MMSA [INFO] - TEST-(dicmor) >>  Acc_2: 0.6461  F1_score: 0.6148  Acc_7: 0.4319  MAE: 0.7895  Loss: 0.7894 
2024-04-06 13:42:10,886 - MMSA [INFO] - TRAIN-(dicmor) [3/13/3] >> loss: 3.0706  Acc_2: 0.6784  F1_score: 0.6382  Acc_7: 0.4758  MAE: 0.7450 
2024-04-06 13:42:26,463 - MMSA [INFO] - VAL-(dicmor) >>  Acc_2: 0.6453  F1_score: 0.6267  Acc_7: 0.4495  MAE: 0.7423  Loss: 0.7421 
2024-04-06 13:43:00,723 - MMSA [INFO] - TEST-(dicmor) >>  Acc_2: 0.6527  F1_score: 0.6377  Acc_7: 0.4288  MAE: 0.7871  Loss: 0.7862 
2024-04-06 13:49:23,881 - MMSA [INFO] - TRAIN-(dicmor) [4/14/3] >> loss: 3.0292  Acc_2: 0.6728  F1_score: 0.6330  Acc_7: 0.4795  MAE: 0.7421 
2024-04-06 13:49:39,352 - MMSA [INFO] - VAL-(dicmor) >>  Acc_2: 0.6238  F1_score: 0.6211  Acc_7: 0.4516  MAE: 0.7414  Loss: 0.7415 
2024-04-06 13:50:13,663 - MMSA [INFO] - TEST-(dicmor) >>  Acc_2: 0.6332  F1_score: 0.6302  Acc_7: 0.4276  MAE: 0.7913  Loss: 0.7904 
2024-04-06 13:56:39,099 - MMSA [INFO] - TRAIN-(dicmor) [5/15/3] >> loss: 2.9615  Acc_2: 0.6680  F1_score: 0.6256  Acc_7: 0.4706  MAE: 0.7542 
2024-04-06 13:56:54,586 - MMSA [INFO] - VAL-(dicmor) >>  Acc_2: 0.6898  F1_score: 0.6235  Acc_7: 0.4554  MAE: 0.7213  Loss: 0.7214 
2024-04-06 13:57:29,175 - MMSA [INFO] - TEST-(dicmor) >>  Acc_2: 0.6670  F1_score: 0.6003  Acc_7: 0.4278  MAE: 0.7829  Loss: 0.7825 
2024-04-06 14:03:57,768 - MMSA [INFO] - TRAIN-(dicmor) [1/16/3] >> loss: 2.8961  Acc_2: 0.6695  F1_score: 0.6255  Acc_7: 0.4740  MAE: 0.7515 
2024-04-06 14:04:13,180 - MMSA [INFO] - VAL-(dicmor) >>  Acc_2: 0.6620  F1_score: 0.5706  Acc_7: 0.4564  MAE: 0.7426  Loss: 0.7425 
2024-04-06 14:04:47,579 - MMSA [INFO] - TEST-(dicmor) >>  Acc_2: 0.6574  F1_score: 0.5761  Acc_7: 0.4338  MAE: 0.7835  Loss: 0.7836 
2024-04-06 14:11:13,966 - MMSA [INFO] - TRAIN-(dicmor) [2/17/3] >> loss: 2.8593  Acc_2: 0.6656  F1_score: 0.6222  Acc_7: 0.4680  MAE: 0.7579 
2024-04-06 14:11:29,282 - MMSA [INFO] - VAL-(dicmor) >>  Acc_2: 0.6280  F1_score: 0.6185  Acc_7: 0.4554  MAE: 0.7488  Loss: 0.7486 
2024-04-06 14:12:03,840 - MMSA [INFO] - TEST-(dicmor) >>  Acc_2: 0.6299  F1_score: 0.6240  Acc_7: 0.4241  MAE: 0.8022  Loss: 0.8013 
2024-04-06 14:18:32,867 - MMSA [INFO] - TRAIN-(dicmor) [3/18/3] >> loss: 2.8152  Acc_2: 0.6768  F1_score: 0.6412  Acc_7: 0.4763  MAE: 0.7454 
2024-04-06 14:18:48,584 - MMSA [INFO] - VAL-(dicmor) >>  Acc_2: 0.6662  F1_score: 0.5874  Acc_7: 0.4607  MAE: 0.7402  Loss: 0.7403 
2024-04-06 14:19:23,232 - MMSA [INFO] - TEST-(dicmor) >>  Acc_2: 0.6538  F1_score: 0.5795  Acc_7: 0.4252  MAE: 0.7982  Loss: 0.7969 
2024-04-06 14:25:51,098 - MMSA [INFO] - TRAIN-(dicmor) [4/19/3] >> loss: 2.7573  Acc_2: 0.6633  F1_score: 0.6249  Acc_7: 0.4618  MAE: 0.7661 
2024-04-06 14:26:06,662 - MMSA [INFO] - VAL-(dicmor) >>  Acc_2: 0.6697  F1_score: 0.6418  Acc_7: 0.4591  MAE: 0.7282  Loss: 0.7281 
2024-04-06 14:26:41,075 - MMSA [INFO] - TEST-(dicmor) >>  Acc_2: 0.6516  F1_score: 0.6297  Acc_7: 0.4220  MAE: 0.7928  Loss: 0.7917 
2024-04-06 14:33:10,653 - MMSA [INFO] - TRAIN-(dicmor) [5/20/3] >> loss: 2.6992  Acc_2: 0.6674  F1_score: 0.6277  Acc_7: 0.4655  MAE: 0.7598 
2024-04-06 14:33:26,035 - MMSA [INFO] - VAL-(dicmor) >>  Acc_2: 0.6648  F1_score: 0.6211  Acc_7: 0.4543  MAE: 0.7506  Loss: 0.7506 
2024-04-06 14:34:00,510 - MMSA [INFO] - TEST-(dicmor) >>  Acc_2: 0.6577  F1_score: 0.6246  Acc_7: 0.4220  MAE: 0.7908  Loss: 0.7891 
2024-04-06 14:40:28,354 - MMSA [INFO] - TRAIN-(dicmor) [6/21/3] >> loss: 2.657  Acc_2: 0.6710  F1_score: 0.6307  Acc_7: 0.4656  MAE: 0.7616 
2024-04-06 14:40:43,716 - MMSA [INFO] - VAL-(dicmor) >>  Acc_2: 0.6544  F1_score: 0.6236  Acc_7: 0.4516  MAE: 0.7431  Loss: 0.7430 
2024-04-06 14:41:18,477 - MMSA [INFO] - TEST-(dicmor) >>  Acc_2: 0.6604  F1_score: 0.6392  Acc_7: 0.4282  MAE: 0.7841  Loss: 0.7824 
2024-04-06 14:47:45,895 - MMSA [INFO] - TRAIN-(dicmor) [7/22/3] >> loss: 2.6022  Acc_2: 0.6770  F1_score: 0.6379  Acc_7: 0.4659  MAE: 0.7546 
2024-04-06 14:48:01,268 - MMSA [INFO] - VAL-(dicmor) >>  Acc_2: 0.6565  F1_score: 0.6406  Acc_7: 0.4591  MAE: 0.7486  Loss: 0.7485 
2024-04-06 14:48:36,292 - MMSA [INFO] - TEST-(dicmor) >>  Acc_2: 0.6304  F1_score: 0.6194  Acc_7: 0.4273  MAE: 0.7987  Loss: 0.7979 
2024-04-06 14:55:03,305 - MMSA [INFO] - TRAIN-(dicmor) [8/23/3] >> loss: 2.5733  Acc_2: 0.6806  F1_score: 0.6456  Acc_7: 0.4712  MAE: 0.7500 
2024-04-06 14:55:18,601 - MMSA [INFO] - VAL-(dicmor) >>  Acc_2: 0.6641  F1_score: 0.5771  Acc_7: 0.4511  MAE: 0.7461  Loss: 0.7461 
2024-04-06 14:55:53,095 - MMSA [INFO] - TEST-(dicmor) >>  Acc_2: 0.6469  F1_score: 0.5537  Acc_7: 0.4194  MAE: 0.8030  Loss: 0.8029 
2024-04-06 15:02:15,393 - MMSA [INFO] - TRAIN-(dicmor) [9/24/3] >> loss: 2.552  Acc_2: 0.6741  F1_score: 0.6374  Acc_7: 0.4645  MAE: 0.7597 
2024-04-06 15:02:31,189 - MMSA [INFO] - VAL-(dicmor) >>  Acc_2: 0.6697  F1_score: 0.6258  Acc_7: 0.4554  MAE: 0.7372  Loss: 0.7371 
2024-04-06 15:03:05,471 - MMSA [INFO] - TEST-(dicmor) >>  Acc_2: 0.6626  F1_score: 0.6230  Acc_7: 0.4228  MAE: 0.7908  Loss: 0.7889 
2024-04-06 15:09:30,649 - MMSA [INFO] - TRAIN-(dicmor) [10/25/3] >> loss: 2.5153  Acc_2: 0.6886  F1_score: 0.6550  Acc_7: 0.4733  MAE: 0.7454 
2024-04-06 15:09:46,075 - MMSA [INFO] - VAL-(dicmor) >>  Acc_2: 0.6655  F1_score: 0.6293  Acc_7: 0.4484  MAE: 0.7472  Loss: 0.7472 
2024-04-06 15:10:20,475 - MMSA [INFO] - TEST-(dicmor) >>  Acc_2: 0.6626  F1_score: 0.6316  Acc_7: 0.4295  MAE: 0.7847  Loss: 0.7852 
2024-04-06 15:10:56,905 - MMSA [INFO] - TEST-(dicmor) >>  Acc_2: 0.6602  F1_score: 0.5898  Acc_7: 0.4269  MAE: 0.7933  Loss: 0.7916 
2024-04-06 15:10:59,373 - MMSA [INFO] - train samples: (16326,)
2024-04-06 15:11:00,808 - MMSA [INFO] - valid samples: (1871,)
2024-04-06 15:11:02,225 - MMSA [INFO] - test samples: (4659,)
2024-04-06 15:17:17,010 - MMSA [INFO] - TRAIN-(dicmor) [1/1/4] >> loss: 5.1152  Acc_2: 0.6514  F1_score: 0.6108  Acc_7: 0.4688  MAE: 0.7673 
2024-04-06 15:17:31,687 - MMSA [INFO] - VAL-(dicmor) >>  Acc_2: 0.6683  F1_score: 0.5799  Acc_7: 0.4495  MAE: 0.7440  Loss: 0.7441 
2024-04-06 15:18:04,714 - MMSA [INFO] - TEST-(dicmor) >>  Acc_2: 0.6461  F1_score: 0.5447  Acc_7: 0.4231  MAE: 0.8157  Loss: 0.8138 
2024-04-06 15:24:27,225 - MMSA [INFO] - TRAIN-(dicmor) [1/2/4] >> loss: 4.3438  Acc_2: 0.6603  F1_score: 0.6035  Acc_7: 0.4687  MAE: 0.7638 
2024-04-06 15:24:42,108 - MMSA [INFO] - VAL-(dicmor) >>  Acc_2: 0.6697  F1_score: 0.5905  Acc_7: 0.4532  MAE: 0.7501  Loss: 0.7501 
2024-04-06 15:25:16,008 - MMSA [INFO] - TEST-(dicmor) >>  Acc_2: 0.6395  F1_score: 0.5455  Acc_7: 0.4196  MAE: 0.8155  Loss: 0.8152 
2024-04-06 15:31:37,652 - MMSA [INFO] - TRAIN-(dicmor) [2/3/4] >> loss: 4.1056  Acc_2: 0.6601  F1_score: 0.6033  Acc_7: 0.4666  MAE: 0.7642 
2024-04-06 15:31:52,892 - MMSA [INFO] - VAL-(dicmor) >>  Acc_2: 0.6704  F1_score: 0.5769  Acc_7: 0.4586  MAE: 0.7374  Loss: 0.7374 
2024-04-06 15:32:26,051 - MMSA [INFO] - TEST-(dicmor) >>  Acc_2: 0.6475  F1_score: 0.5437  Acc_7: 0.4228  MAE: 0.8040  Loss: 0.8028 
2024-04-06 15:38:51,553 - MMSA [INFO] - TRAIN-(dicmor) [1/4/4] >> loss: 3.9267  Acc_2: 0.6621  F1_score: 0.6051  Acc_7: 0.4661  MAE: 0.7670 
2024-04-06 15:39:06,541 - MMSA [INFO] - VAL-(dicmor) >>  Acc_2: 0.6759  F1_score: 0.6190  Acc_7: 0.4575  MAE: 0.7350  Loss: 0.7350 
2024-04-06 15:39:39,904 - MMSA [INFO] - TEST-(dicmor) >>  Acc_2: 0.6502  F1_score: 0.5858  Acc_7: 0.4241  MAE: 0.7973  Loss: 0.7965 
2024-04-06 15:46:06,843 - MMSA [INFO] - TRAIN-(dicmor) [1/5/4] >> loss: 3.7621  Acc_2: 0.6625  F1_score: 0.6097  Acc_7: 0.4675  MAE: 0.7656 
2024-04-06 15:46:21,816 - MMSA [INFO] - VAL-(dicmor) >>  Acc_2: 0.6467  F1_score: 0.6361  Acc_7: 0.4554  MAE: 0.7383  Loss: 0.7383 
2024-04-06 15:46:56,093 - MMSA [INFO] - TEST-(dicmor) >>  Acc_2: 0.6266  F1_score: 0.6135  Acc_7: 0.4194  MAE: 0.8083  Loss: 0.8077 
2024-04-06 15:53:22,865 - MMSA [INFO] - TRAIN-(dicmor) [2/6/4] >> loss: 3.6158  Acc_2: 0.6674  F1_score: 0.6164  Acc_7: 0.4817  MAE: 0.7413 
2024-04-06 15:53:38,016 - MMSA [INFO] - VAL-(dicmor) >>  Acc_2: 0.6474  F1_score: 0.6274  Acc_7: 0.4543  MAE: 0.7437  Loss: 0.7439 
2024-04-06 15:54:11,767 - MMSA [INFO] - TEST-(dicmor) >>  Acc_2: 0.6280  F1_score: 0.6066  Acc_7: 0.4252  MAE: 0.8014  Loss: 0.8003 
2024-04-06 16:00:39,178 - MMSA [INFO] - TRAIN-(dicmor) [3/7/4] >> loss: 3.4888  Acc_2: 0.6587  F1_score: 0.6058  Acc_7: 0.4688  MAE: 0.7643 
2024-04-06 16:00:54,283 - MMSA [INFO] - VAL-(dicmor) >>  Acc_2: 0.6718  F1_score: 0.5750  Acc_7: 0.4586  MAE: 0.7326  Loss: 0.7325 
2024-04-06 16:01:28,194 - MMSA [INFO] - TEST-(dicmor) >>  Acc_2: 0.6447  F1_score: 0.5367  Acc_7: 0.4271  MAE: 0.8033  Loss: 0.8016 
2024-04-06 16:07:57,671 - MMSA [INFO] - TRAIN-(dicmor) [1/8/4] >> loss: 3.3493  Acc_2: 0.6617  F1_score: 0.6102  Acc_7: 0.4710  MAE: 0.7609 
2024-04-06 16:08:12,769 - MMSA [INFO] - VAL-(dicmor) >>  Acc_2: 0.6266  F1_score: 0.6203  Acc_7: 0.4602  MAE: 0.7402  Loss: 0.7400 
2024-04-06 16:08:46,639 - MMSA [INFO] - TEST-(dicmor) >>  Acc_2: 0.6315  F1_score: 0.6254  Acc_7: 0.4306  MAE: 0.7980  Loss: 0.7966 
2024-04-06 16:15:12,406 - MMSA [INFO] - TRAIN-(dicmor) [2/9/4] >> loss: 3.2293  Acc_2: 0.6616  F1_score: 0.6116  Acc_7: 0.4671  MAE: 0.7622 
2024-04-06 16:15:27,698 - MMSA [INFO] - VAL-(dicmor) >>  Acc_2: 0.6801  F1_score: 0.6250  Acc_7: 0.4639  MAE: 0.7282  Loss: 0.7282 
2024-04-06 16:16:01,976 - MMSA [INFO] - TEST-(dicmor) >>  Acc_2: 0.6456  F1_score: 0.5807  Acc_7: 0.4185  MAE: 0.7999  Loss: 0.7990 
2024-04-06 16:22:31,632 - MMSA [INFO] - TRAIN-(dicmor) [1/10/4] >> loss: 3.0921  Acc_2: 0.6700  F1_score: 0.6243  Acc_7: 0.4786  MAE: 0.7477 
2024-04-06 16:22:46,956 - MMSA [INFO] - VAL-(dicmor) >>  Acc_2: 0.6008  F1_score: 0.5968  Acc_7: 0.4575  MAE: 0.7460  Loss: 0.7458 
2024-04-06 16:23:21,442 - MMSA [INFO] - TEST-(dicmor) >>  Acc_2: 0.6293  F1_score: 0.6254  Acc_7: 0.4209  MAE: 0.8018  Loss: 0.8003 
2024-04-06 16:29:47,260 - MMSA [INFO] - TRAIN-(dicmor) [2/11/4] >> loss: 2.9929  Acc_2: 0.6653  F1_score: 0.6191  Acc_7: 0.4666  MAE: 0.7619 
2024-04-06 16:30:02,377 - MMSA [INFO] - VAL-(dicmor) >>  Acc_2: 0.6620  F1_score: 0.6219  Acc_7: 0.4511  MAE: 0.7420  Loss: 0.7419 
2024-04-06 16:30:36,537 - MMSA [INFO] - TEST-(dicmor) >>  Acc_2: 0.6593  F1_score: 0.6237  Acc_7: 0.4239  MAE: 0.8001  Loss: 0.7993 
2024-04-06 16:37:05,747 - MMSA [INFO] - TRAIN-(dicmor) [3/12/4] >> loss: 2.8786  Acc_2: 0.6623  F1_score: 0.6200  Acc_7: 0.4695  MAE: 0.7608 
2024-04-06 16:37:21,173 - MMSA [INFO] - VAL-(dicmor) >>  Acc_2: 0.6745  F1_score: 0.5907  Acc_7: 0.4559  MAE: 0.7410  Loss: 0.7409 
2024-04-06 16:37:55,438 - MMSA [INFO] - TEST-(dicmor) >>  Acc_2: 0.6458  F1_score: 0.5513  Acc_7: 0.4198  MAE: 0.7977  Loss: 0.7972 
2024-04-06 16:44:22,600 - MMSA [INFO] - TRAIN-(dicmor) [4/13/4] >> loss: 2.7628  Acc_2: 0.6642  F1_score: 0.6190  Acc_7: 0.4653  MAE: 0.7593 
2024-04-06 16:44:37,748 - MMSA [INFO] - VAL-(dicmor) >>  Acc_2: 0.6140  F1_score: 0.6098  Acc_7: 0.4500  MAE: 0.7561  Loss: 0.7560 
2024-04-06 16:45:12,216 - MMSA [INFO] - TEST-(dicmor) >>  Acc_2: 0.6329  F1_score: 0.6291  Acc_7: 0.4261  MAE: 0.7968  Loss: 0.7962 
2024-04-06 16:51:39,380 - MMSA [INFO] - TRAIN-(dicmor) [5/14/4] >> loss: 2.6584  Acc_2: 0.6642  F1_score: 0.6215  Acc_7: 0.4675  MAE: 0.7609 
2024-04-06 16:51:54,601 - MMSA [INFO] - VAL-(dicmor) >>  Acc_2: 0.6057  F1_score: 0.6081  Acc_7: 0.4596  MAE: 0.7387  Loss: 0.7386 
2024-04-06 16:52:29,003 - MMSA [INFO] - TEST-(dicmor) >>  Acc_2: 0.6120  F1_score: 0.6141  Acc_7: 0.4261  MAE: 0.7988  Loss: 0.7980 
2024-04-06 16:58:55,387 - MMSA [INFO] - TRAIN-(dicmor) [6/15/4] >> loss: 2.5549  Acc_2: 0.6615  F1_score: 0.6152  Acc_7: 0.4648  MAE: 0.7622 
2024-04-06 16:59:10,589 - MMSA [INFO] - VAL-(dicmor) >>  Acc_2: 0.6815  F1_score: 0.6078  Acc_7: 0.4564  MAE: 0.7306  Loss: 0.7306 
2024-04-06 16:59:44,654 - MMSA [INFO] - TEST-(dicmor) >>  Acc_2: 0.6524  F1_score: 0.5600  Acc_7: 0.4248  MAE: 0.7956  Loss: 0.7950 
2024-04-06 17:06:11,027 - MMSA [INFO] - TRAIN-(dicmor) [7/16/4] >> loss: 2.4724  Acc_2: 0.6689  F1_score: 0.6219  Acc_7: 0.4706  MAE: 0.7559 
2024-04-06 17:06:26,311 - MMSA [INFO] - VAL-(dicmor) >>  Acc_2: 0.6544  F1_score: 0.5388  Acc_7: 0.4570  MAE: 0.7486  Loss: 0.7485 
2024-04-06 17:07:00,473 - MMSA [INFO] - TEST-(dicmor) >>  Acc_2: 0.6464  F1_score: 0.5415  Acc_7: 0.4265  MAE: 0.7971  Loss: 0.7973 
2024-04-06 17:13:27,772 - MMSA [INFO] - TRAIN-(dicmor) [8/17/4] >> loss: 2.4163  Acc_2: 0.6635  F1_score: 0.6177  Acc_7: 0.4694  MAE: 0.7588 
2024-04-06 17:13:42,955 - MMSA [INFO] - VAL-(dicmor) >>  Acc_2: 0.6391  F1_score: 0.6264  Acc_7: 0.4484  MAE: 0.7440  Loss: 0.7440 
2024-04-06 17:14:16,890 - MMSA [INFO] - TEST-(dicmor) >>  Acc_2: 0.6549  F1_score: 0.6459  Acc_7: 0.4250  MAE: 0.7906  Loss: 0.7920 
2024-04-06 17:20:47,093 - MMSA [INFO] - TRAIN-(dicmor) [9/18/4] >> loss: 2.3502  Acc_2: 0.6739  F1_score: 0.6327  Acc_7: 0.4681  MAE: 0.7508 
2024-04-06 17:21:02,372 - MMSA [INFO] - VAL-(dicmor) >>  Acc_2: 0.6189  F1_score: 0.6140  Acc_7: 0.4661  MAE: 0.7387  Loss: 0.7388 
2024-04-06 17:21:36,249 - MMSA [INFO] - TEST-(dicmor) >>  Acc_2: 0.6343  F1_score: 0.6298  Acc_7: 0.4213  MAE: 0.7973  Loss: 0.7965 
2024-04-06 17:28:05,128 - MMSA [INFO] - TRAIN-(dicmor) [10/19/4] >> loss: 2.3311  Acc_2: 0.6749  F1_score: 0.6367  Acc_7: 0.4767  MAE: 0.7470 
2024-04-06 17:28:20,703 - MMSA [INFO] - VAL-(dicmor) >>  Acc_2: 0.6836  F1_score: 0.6311  Acc_7: 0.4538  MAE: 0.7361  Loss: 0.7360 
2024-04-06 17:28:54,346 - MMSA [INFO] - TEST-(dicmor) >>  Acc_2: 0.6596  F1_score: 0.6089  Acc_7: 0.4254  MAE: 0.7897  Loss: 0.7885 
2024-04-06 17:29:32,490 - MMSA [INFO] - TEST-(dicmor) >>  Acc_2: 0.6508  F1_score: 0.5880  Acc_7: 0.4233  MAE: 0.7936  Loss: 0.7919 
2024-04-06 17:29:34,956 - MMSA [INFO] - train samples: (16326,)
2024-04-06 17:29:36,365 - MMSA [INFO] - valid samples: (1871,)
2024-04-06 17:29:37,753 - MMSA [INFO] - test samples: (4659,)
2024-04-06 17:35:52,564 - MMSA [INFO] - TRAIN-(dicmor) [1/1/5] >> loss: 5.0579  Acc_2: 0.6472  F1_score: 0.6006  Acc_7: 0.4675  MAE: 0.7709 
2024-04-06 17:36:07,561 - MMSA [INFO] - VAL-(dicmor) >>  Acc_2: 0.6530  F1_score: 0.5303  Acc_7: 0.4479  MAE: 0.7655  Loss: 0.7654 
2024-04-06 17:36:40,790 - MMSA [INFO] - TEST-(dicmor) >>  Acc_2: 0.6544  F1_score: 0.5524  Acc_7: 0.4258  MAE: 0.8019  Loss: 0.8004 
2024-04-06 17:43:03,404 - MMSA [INFO] - TRAIN-(dicmor) [1/2/5] >> loss: 4.3363  Acc_2: 0.6561  F1_score: 0.5978  Acc_7: 0.4567  MAE: 0.7801 
2024-04-06 17:43:18,028 - MMSA [INFO] - VAL-(dicmor) >>  Acc_2: 0.6620  F1_score: 0.5905  Acc_7: 0.4548  MAE: 0.7467  Loss: 0.7467 
2024-04-06 17:43:51,430 - MMSA [INFO] - TEST-(dicmor) >>  Acc_2: 0.6359  F1_score: 0.5576  Acc_7: 0.4237  MAE: 0.8089  Loss: 0.8083 
2024-04-06 17:50:15,878 - MMSA [INFO] - TRAIN-(dicmor) [1/3/5] >> loss: 4.0796  Acc_2: 0.6549  F1_score: 0.5978  Acc_7: 0.4585  MAE: 0.7754 
2024-04-06 17:50:30,734 - MMSA [INFO] - VAL-(dicmor) >>  Acc_2: 0.6648  F1_score: 0.5967  Acc_7: 0.4532  MAE: 0.7446  Loss: 0.7447 
2024-04-06 17:51:04,705 - MMSA [INFO] - TEST-(dicmor) >>  Acc_2: 0.6558  F1_score: 0.5866  Acc_7: 0.4224  MAE: 0.7986  Loss: 0.7982 
2024-04-06 17:57:33,913 - MMSA [INFO] - TRAIN-(dicmor) [1/4/5] >> loss: 3.9273  Acc_2: 0.6652  F1_score: 0.6053  Acc_7: 0.4721  MAE: 0.7588 
2024-04-06 17:57:48,861 - MMSA [INFO] - VAL-(dicmor) >>  Acc_2: 0.6627  F1_score: 0.5858  Acc_7: 0.4527  MAE: 0.7421  Loss: 0.7421 
2024-04-06 17:58:22,699 - MMSA [INFO] - TEST-(dicmor) >>  Acc_2: 0.6513  F1_score: 0.5786  Acc_7: 0.4303  MAE: 0.7879  Loss: 0.7893 
2024-04-06 18:04:50,766 - MMSA [INFO] - TRAIN-(dicmor) [1/5/5] >> loss: 3.75  Acc_2: 0.6665  F1_score: 0.6105  Acc_7: 0.4755  MAE: 0.7518 
2024-04-06 18:05:05,679 - MMSA [INFO] - VAL-(dicmor) >>  Acc_2: 0.6627  F1_score: 0.5702  Acc_7: 0.4554  MAE: 0.7494  Loss: 0.7493 
2024-04-06 18:05:38,883 - MMSA [INFO] - TEST-(dicmor) >>  Acc_2: 0.6549  F1_score: 0.5780  Acc_7: 0.4276  MAE: 0.7968  Loss: 0.7951 
2024-04-06 18:12:05,875 - MMSA [INFO] - TRAIN-(dicmor) [2/6/5] >> loss: 3.5937  Acc_2: 0.6639  F1_score: 0.6089  Acc_7: 0.4671  MAE: 0.7648 
2024-04-06 18:12:20,962 - MMSA [INFO] - VAL-(dicmor) >>  Acc_2: 0.6711  F1_score: 0.5782  Acc_7: 0.4538  MAE: 0.7382  Loss: 0.7384 
2024-04-06 18:12:54,607 - MMSA [INFO] - TEST-(dicmor) >>  Acc_2: 0.6530  F1_score: 0.5614  Acc_7: 0.4282  MAE: 0.7991  Loss: 0.7997 
2024-04-06 18:19:24,002 - MMSA [INFO] - TRAIN-(dicmor) [1/7/5] >> loss: 3.4766  Acc_2: 0.6674  F1_score: 0.6145  Acc_7: 0.4670  MAE: 0.7646 
2024-04-06 18:19:39,436 - MMSA [INFO] - VAL-(dicmor) >>  Acc_2: 0.6752  F1_score: 0.6253  Acc_7: 0.4554  MAE: 0.7378  Loss: 0.7377 
2024-04-06 18:20:13,400 - MMSA [INFO] - TEST-(dicmor) >>  Acc_2: 0.6491  F1_score: 0.5916  Acc_7: 0.4218  MAE: 0.8012  Loss: 0.7999 
2024-04-06 18:26:43,314 - MMSA [INFO] - TRAIN-(dicmor) [1/8/5] >> loss: 3.3607  Acc_2: 0.6628  F1_score: 0.6127  Acc_7: 0.4708  MAE: 0.7589 
2024-04-06 18:26:58,231 - MMSA [INFO] - VAL-(dicmor) >>  Acc_2: 0.6572  F1_score: 0.6056  Acc_7: 0.4484  MAE: 0.7430  Loss: 0.7430 
2024-04-06 18:27:31,818 - MMSA [INFO] - TEST-(dicmor) >>  Acc_2: 0.6657  F1_score: 0.6243  Acc_7: 0.4344  MAE: 0.7790  Loss: 0.7794 
2024-04-06 18:33:55,647 - MMSA [INFO] - TRAIN-(dicmor) [2/9/5] >> loss: 3.2355  Acc_2: 0.6671  F1_score: 0.6198  Acc_7: 0.4720  MAE: 0.7495 
2024-04-06 18:34:10,655 - MMSA [INFO] - VAL-(dicmor) >>  Acc_2: 0.6871  F1_score: 0.6349  Acc_7: 0.4580  MAE: 0.7333  Loss: 0.7335 
2024-04-06 18:34:44,407 - MMSA [INFO] - TEST-(dicmor) >>  Acc_2: 0.6535  F1_score: 0.5972  Acc_7: 0.4228  MAE: 0.7976  Loss: 0.7968 
2024-04-06 18:41:07,816 - MMSA [INFO] - TRAIN-(dicmor) [1/10/5] >> loss: 3.1134  Acc_2: 0.6608  F1_score: 0.6133  Acc_7: 0.4672  MAE: 0.7635 
2024-04-06 18:41:23,222 - MMSA [INFO] - VAL-(dicmor) >>  Acc_2: 0.6335  F1_score: 0.6120  Acc_7: 0.4500  MAE: 0.7485  Loss: 0.7485 
2024-04-06 18:41:57,268 - MMSA [INFO] - TEST-(dicmor) >>  Acc_2: 0.6359  F1_score: 0.6164  Acc_7: 0.4218  MAE: 0.8001  Loss: 0.7990 
2024-04-06 18:48:24,182 - MMSA [INFO] - TRAIN-(dicmor) [2/11/5] >> loss: 2.9957  Acc_2: 0.6700  F1_score: 0.6228  Acc_7: 0.4733  MAE: 0.7497 
2024-04-06 18:48:39,405 - MMSA [INFO] - VAL-(dicmor) >>  Acc_2: 0.5584  F1_score: 0.5678  Acc_7: 0.4580  MAE: 0.7540  Loss: 0.7539 
2024-04-06 18:49:13,203 - MMSA [INFO] - TEST-(dicmor) >>  Acc_2: 0.5685  F1_score: 0.5734  Acc_7: 0.4235  MAE: 0.8171  Loss: 0.8161 
2024-04-06 18:55:40,989 - MMSA [INFO] - TRAIN-(dicmor) [3/12/5] >> loss: 2.8735  Acc_2: 0.6609  F1_score: 0.6183  Acc_7: 0.4626  MAE: 0.7679 
2024-04-06 18:55:56,184 - MMSA [INFO] - VAL-(dicmor) >>  Acc_2: 0.6739  F1_score: 0.6086  Acc_7: 0.4586  MAE: 0.7455  Loss: 0.7455 
2024-04-06 18:56:30,499 - MMSA [INFO] - TEST-(dicmor) >>  Acc_2: 0.6574  F1_score: 0.5915  Acc_7: 0.4284  MAE: 0.7917  Loss: 0.7921 
2024-04-06 19:02:59,909 - MMSA [INFO] - TRAIN-(dicmor) [4/13/5] >> loss: 2.7796  Acc_2: 0.6735  F1_score: 0.6292  Acc_7: 0.4760  MAE: 0.7486 
2024-04-06 19:03:15,004 - MMSA [INFO] - VAL-(dicmor) >>  Acc_2: 0.6328  F1_score: 0.6234  Acc_7: 0.4500  MAE: 0.7467  Loss: 0.7466 
2024-04-06 19:03:49,579 - MMSA [INFO] - TEST-(dicmor) >>  Acc_2: 0.6329  F1_score: 0.6272  Acc_7: 0.4248  MAE: 0.7981  Loss: 0.7976 
2024-04-06 19:10:14,183 - MMSA [INFO] - TRAIN-(dicmor) [5/14/5] >> loss: 2.6604  Acc_2: 0.6663  F1_score: 0.6226  Acc_7: 0.4683  MAE: 0.7598 
2024-04-06 19:10:29,385 - MMSA [INFO] - VAL-(dicmor) >>  Acc_2: 0.6711  F1_score: 0.5945  Acc_7: 0.4554  MAE: 0.7491  Loss: 0.7492 
2024-04-06 19:11:04,155 - MMSA [INFO] - TEST-(dicmor) >>  Acc_2: 0.6500  F1_score: 0.5806  Acc_7: 0.4196  MAE: 0.7952  Loss: 0.7947 
2024-04-06 19:17:30,355 - MMSA [INFO] - TRAIN-(dicmor) [6/15/5] >> loss: 2.5471  Acc_2: 0.6716  F1_score: 0.6311  Acc_7: 0.4779  MAE: 0.7448 
2024-04-06 19:17:45,712 - MMSA [INFO] - VAL-(dicmor) >>  Acc_2: 0.6620  F1_score: 0.5516  Acc_7: 0.4468  MAE: 0.7541  Loss: 0.7541 
2024-04-06 19:18:19,908 - MMSA [INFO] - TEST-(dicmor) >>  Acc_2: 0.6486  F1_score: 0.5425  Acc_7: 0.4177  MAE: 0.8040  Loss: 0.8025 
2024-04-06 19:24:49,560 - MMSA [INFO] - TRAIN-(dicmor) [7/16/5] >> loss: 2.4559  Acc_2: 0.6713  F1_score: 0.6288  Acc_7: 0.4738  MAE: 0.7477 
2024-04-06 19:25:05,121 - MMSA [INFO] - VAL-(dicmor) >>  Acc_2: 0.6627  F1_score: 0.5541  Acc_7: 0.4570  MAE: 0.7553  Loss: 0.7553 
2024-04-06 19:25:39,597 - MMSA [INFO] - TEST-(dicmor) >>  Acc_2: 0.6511  F1_score: 0.5532  Acc_7: 0.4241  MAE: 0.7981  Loss: 0.7978 
2024-04-06 19:32:08,773 - MMSA [INFO] - TRAIN-(dicmor) [8/17/5] >> loss: 2.4032  Acc_2: 0.6659  F1_score: 0.6259  Acc_7: 0.4691  MAE: 0.7565 
2024-04-06 19:32:23,961 - MMSA [INFO] - VAL-(dicmor) >>  Acc_2: 0.6669  F1_score: 0.6364  Acc_7: 0.4474  MAE: 0.7519  Loss: 0.7519 
2024-04-06 19:32:58,439 - MMSA [INFO] - TEST-(dicmor) >>  Acc_2: 0.6566  F1_score: 0.6289  Acc_7: 0.4314  MAE: 0.7792  Loss: 0.7788 
2024-04-06 19:39:23,225 - MMSA [INFO] - TRAIN-(dicmor) [9/18/5] >> loss: 2.3584  Acc_2: 0.6763  F1_score: 0.6393  Acc_7: 0.4716  MAE: 0.7497 
2024-04-06 19:39:38,584 - MMSA [INFO] - VAL-(dicmor) >>  Acc_2: 0.6488  F1_score: 0.6368  Acc_7: 0.4602  MAE: 0.7396  Loss: 0.7397 
2024-04-06 19:40:13,339 - MMSA [INFO] - TEST-(dicmor) >>  Acc_2: 0.6412  F1_score: 0.6333  Acc_7: 0.4248  MAE: 0.7929  Loss: 0.7920 
2024-04-06 19:46:39,757 - MMSA [INFO] - TRAIN-(dicmor) [10/19/5] >> loss: 2.3184  Acc_2: 0.6729  F1_score: 0.6363  Acc_7: 0.4635  MAE: 0.7602 
2024-04-06 19:46:54,924 - MMSA [INFO] - VAL-(dicmor) >>  Acc_2: 0.6488  F1_score: 0.6220  Acc_7: 0.4682  MAE: 0.7396  Loss: 0.7398 
2024-04-06 19:47:29,396 - MMSA [INFO] - TEST-(dicmor) >>  Acc_2: 0.6502  F1_score: 0.6301  Acc_7: 0.4130  MAE: 0.8029  Loss: 0.8024 
2024-04-06 19:48:07,743 - MMSA [INFO] - TEST-(dicmor) >>  Acc_2: 0.6643  F1_score: 0.6089  Acc_7: 0.4293  MAE: 0.7845  Loss: 0.7832 
2024-04-06 19:48:10,219 - MMSA [INFO] - train samples: (16326,)
2024-04-06 19:48:11,633 - MMSA [INFO] - valid samples: (1871,)
2024-04-06 19:48:13,027 - MMSA [INFO] - test samples: (4659,)
2024-04-06 19:54:23,580 - MMSA [INFO] - TRAIN-(dicmor) [1/1/6] >> loss: 5.0778  Acc_2: 0.6467  F1_score: 0.5949  Acc_7: 0.4565  MAE: 0.7807 
2024-04-06 19:54:38,367 - MMSA [INFO] - VAL-(dicmor) >>  Acc_2: 0.6669  F1_score: 0.5576  Acc_7: 0.4463  MAE: 0.7577  Loss: 0.7576 
2024-04-06 19:55:11,587 - MMSA [INFO] - TEST-(dicmor) >>  Acc_2: 0.6547  F1_score: 0.5511  Acc_7: 0.4286  MAE: 0.8009  Loss: 0.7993 
2024-04-06 20:01:36,568 - MMSA [INFO] - TRAIN-(dicmor) [1/2/6] >> loss: 4.3307  Acc_2: 0.6574  F1_score: 0.5993  Acc_7: 0.4591  MAE: 0.7746 
2024-04-06 20:01:51,328 - MMSA [INFO] - VAL-(dicmor) >>  Acc_2: 0.5883  F1_score: 0.5926  Acc_7: 0.4474  MAE: 0.7631  Loss: 0.7630 
2024-04-06 20:02:24,448 - MMSA [INFO] - TEST-(dicmor) >>  Acc_2: 0.6040  F1_score: 0.6068  Acc_7: 0.4265  MAE: 0.8081  Loss: 0.8069 
2024-04-06 20:08:45,412 - MMSA [INFO] - TRAIN-(dicmor) [2/3/6] >> loss: 4.0925  Acc_2: 0.6614  F1_score: 0.6083  Acc_7: 0.4628  MAE: 0.7711 
2024-04-06 20:09:00,404 - MMSA [INFO] - VAL-(dicmor) >>  Acc_2: 0.6690  F1_score: 0.6057  Acc_7: 0.4538  MAE: 0.7430  Loss: 0.7430 
2024-04-06 20:09:34,283 - MMSA [INFO] - TEST-(dicmor) >>  Acc_2: 0.6558  F1_score: 0.5895  Acc_7: 0.4215  MAE: 0.8028  Loss: 0.8032 
2024-04-06 20:15:58,881 - MMSA [INFO] - TRAIN-(dicmor) [1/4/6] >> loss: 3.9189  Acc_2: 0.6527  F1_score: 0.5951  Acc_7: 0.4525  MAE: 0.7798 
2024-04-06 20:16:14,036 - MMSA [INFO] - VAL-(dicmor) >>  Acc_2: 0.6773  F1_score: 0.5884  Acc_7: 0.4634  MAE: 0.7248  Loss: 0.7247 
2024-04-06 20:16:47,571 - MMSA [INFO] - TEST-(dicmor) >>  Acc_2: 0.6469  F1_score: 0.5381  Acc_7: 0.4327  MAE: 0.7986  Loss: 0.7979 
2024-04-06 20:23:17,783 - MMSA [INFO] - TRAIN-(dicmor) [1/5/6] >> loss: 3.756  Acc_2: 0.6526  F1_score: 0.5972  Acc_7: 0.4631  MAE: 0.7707 
2024-04-06 20:23:32,918 - MMSA [INFO] - VAL-(dicmor) >>  Acc_2: 0.6676  F1_score: 0.6217  Acc_7: 0.4613  MAE: 0.7333  Loss: 0.7333 
2024-04-06 20:24:06,308 - MMSA [INFO] - TEST-(dicmor) >>  Acc_2: 0.6508  F1_score: 0.6046  Acc_7: 0.4284  MAE: 0.7911  Loss: 0.7902 
2024-04-06 20:30:33,087 - MMSA [INFO] - TRAIN-(dicmor) [2/6/6] >> loss: 3.6159  Acc_2: 0.6667  F1_score: 0.6171  Acc_7: 0.4732  MAE: 0.7553 
2024-04-06 20:30:48,191 - MMSA [INFO] - VAL-(dicmor) >>  Acc_2: 0.6787  F1_score: 0.6173  Acc_7: 0.4511  MAE: 0.7428  Loss: 0.7428 
2024-04-06 20:31:22,334 - MMSA [INFO] - TEST-(dicmor) >>  Acc_2: 0.6480  F1_score: 0.5782  Acc_7: 0.4235  MAE: 0.8005  Loss: 0.8000 
2024-04-06 20:37:48,452 - MMSA [INFO] - TRAIN-(dicmor) [3/7/6] >> loss: 3.4954  Acc_2: 0.6598  F1_score: 0.6066  Acc_7: 0.4682  MAE: 0.7630 
2024-04-06 20:38:03,717 - MMSA [INFO] - VAL-(dicmor) >>  Acc_2: 0.6586  F1_score: 0.5433  Acc_7: 0.4538  MAE: 0.7490  Loss: 0.7492 
2024-04-06 20:38:37,570 - MMSA [INFO] - TEST-(dicmor) >>  Acc_2: 0.6522  F1_score: 0.5432  Acc_7: 0.4207  MAE: 0.8014  Loss: 0.8001 
2024-04-06 20:45:06,407 - MMSA [INFO] - TRAIN-(dicmor) [4/8/6] >> loss: 3.3552  Acc_2: 0.6587  F1_score: 0.6066  Acc_7: 0.4646  MAE: 0.7659 
2024-04-06 20:45:21,616 - MMSA [INFO] - VAL-(dicmor) >>  Acc_2: 0.6127  F1_score: 0.5994  Acc_7: 0.4543  MAE: 0.7501  Loss: 0.7500 
2024-04-06 20:45:55,060 - MMSA [INFO] - TEST-(dicmor) >>  Acc_2: 0.6332  F1_score: 0.6251  Acc_7: 0.4282  MAE: 0.7915  Loss: 0.7905 
2024-04-06 20:52:21,900 - MMSA [INFO] - TRAIN-(dicmor) [5/9/6] >> loss: 3.2291  Acc_2: 0.6596  F1_score: 0.6095  Acc_7: 0.4648  MAE: 0.7646 
2024-04-06 20:52:37,212 - MMSA [INFO] - VAL-(dicmor) >>  Acc_2: 0.6488  F1_score: 0.6180  Acc_7: 0.4522  MAE: 0.7470  Loss: 0.7469 
2024-04-06 20:53:11,786 - MMSA [INFO] - TEST-(dicmor) >>  Acc_2: 0.6392  F1_score: 0.6131  Acc_7: 0.4222  MAE: 0.7968  Loss: 0.7958 
2024-04-06 20:59:41,195 - MMSA [INFO] - TRAIN-(dicmor) [6/10/6] >> loss: 3.1098  Acc_2: 0.6635  F1_score: 0.6146  Acc_7: 0.4675  MAE: 0.7573 
2024-04-06 20:59:56,479 - MMSA [INFO] - VAL-(dicmor) >>  Acc_2: 0.6314  F1_score: 0.6206  Acc_7: 0.4527  MAE: 0.7365  Loss: 0.7365 
2024-04-06 21:00:30,766 - MMSA [INFO] - TEST-(dicmor) >>  Acc_2: 0.6417  F1_score: 0.6314  Acc_7: 0.4248  MAE: 0.7957  Loss: 0.7958 
2024-04-06 21:06:59,407 - MMSA [INFO] - TRAIN-(dicmor) [7/11/6] >> loss: 3.0167  Acc_2: 0.6649  F1_score: 0.6210  Acc_7: 0.4706  MAE: 0.7564 
2024-04-06 21:07:14,645 - MMSA [INFO] - VAL-(dicmor) >>  Acc_2: 0.6446  F1_score: 0.6007  Acc_7: 0.4559  MAE: 0.7469  Loss: 0.7471 
2024-04-06 21:07:49,286 - MMSA [INFO] - TEST-(dicmor) >>  Acc_2: 0.6621  F1_score: 0.6304  Acc_7: 0.4284  MAE: 0.7817  Loss: 0.7806 
2024-04-06 21:14:15,538 - MMSA [INFO] - TRAIN-(dicmor) [8/12/6] >> loss: 2.9639  Acc_2: 0.6735  F1_score: 0.6298  Acc_7: 0.4716  MAE: 0.7500 
2024-04-06 21:14:31,021 - MMSA [INFO] - VAL-(dicmor) >>  Acc_2: 0.6669  F1_score: 0.6134  Acc_7: 0.4575  MAE: 0.7415  Loss: 0.7417 
2024-04-06 21:15:04,826 - MMSA [INFO] - TEST-(dicmor) >>  Acc_2: 0.6541  F1_score: 0.6076  Acc_7: 0.4306  MAE: 0.7806  Loss: 0.7791 
2024-04-06 21:21:29,914 - MMSA [INFO] - TRAIN-(dicmor) [9/13/6] >> loss: 2.8953  Acc_2: 0.6665  F1_score: 0.6235  Acc_7: 0.4642  MAE: 0.7622 
2024-04-06 21:21:45,344 - MMSA [INFO] - VAL-(dicmor) >>  Acc_2: 0.6433  F1_score: 0.6334  Acc_7: 0.4634  MAE: 0.7332  Loss: 0.7331 
2024-04-06 21:22:19,227 - MMSA [INFO] - TEST-(dicmor) >>  Acc_2: 0.6505  F1_score: 0.6428  Acc_7: 0.4291  MAE: 0.7829  Loss: 0.7810 
2024-04-06 21:28:46,118 - MMSA [INFO] - TRAIN-(dicmor) [10/14/6] >> loss: 2.8448  Acc_2: 0.6738  F1_score: 0.6310  Acc_7: 0.4667  MAE: 0.7576 
2024-04-06 21:29:01,245 - MMSA [INFO] - VAL-(dicmor) >>  Acc_2: 0.6892  F1_score: 0.6611  Acc_7: 0.4511  MAE: 0.7285  Loss: 0.7284 
2024-04-06 21:29:35,251 - MMSA [INFO] - TEST-(dicmor) >>  Acc_2: 0.6516  F1_score: 0.6224  Acc_7: 0.4258  MAE: 0.7914  Loss: 0.7896 
2024-04-06 21:30:12,929 - MMSA [INFO] - TEST-(dicmor) >>  Acc_2: 0.6527  F1_score: 0.5503  Acc_7: 0.4261  MAE: 0.7973  Loss: 0.7966 
2024-04-06 21:30:15,403 - MMSA [INFO] - train samples: (16326,)
2024-04-06 21:30:16,822 - MMSA [INFO] - valid samples: (1871,)
2024-04-06 21:30:18,223 - MMSA [INFO] - test samples: (4659,)
2024-04-06 21:36:34,236 - MMSA [INFO] - TRAIN-(dicmor) [1/1/7] >> loss: 5.0112  Acc_2: 0.6459  F1_score: 0.6016  Acc_7: 0.4582  MAE: 0.7823 
2024-04-06 21:36:49,009 - MMSA [INFO] - VAL-(dicmor) >>  Acc_2: 0.6008  F1_score: 0.5947  Acc_7: 0.4490  MAE: 0.7584  Loss: 0.7584 
2024-04-06 21:37:22,611 - MMSA [INFO] - TEST-(dicmor) >>  Acc_2: 0.6076  F1_score: 0.6045  Acc_7: 0.4222  MAE: 0.8077  Loss: 0.8084 
2024-04-06 21:43:46,553 - MMSA [INFO] - TRAIN-(dicmor) [1/2/7] >> loss: 4.3258  Acc_2: 0.6583  F1_score: 0.6013  Acc_7: 0.4610  MAE: 0.7735 
2024-04-06 21:44:01,593 - MMSA [INFO] - VAL-(dicmor) >>  Acc_2: 0.6537  F1_score: 0.6192  Acc_7: 0.4586  MAE: 0.7370  Loss: 0.7371 
2024-04-06 21:44:35,379 - MMSA [INFO] - TEST-(dicmor) >>  Acc_2: 0.6395  F1_score: 0.6011  Acc_7: 0.4218  MAE: 0.8088  Loss: 0.8072 
2024-04-06 21:51:01,118 - MMSA [INFO] - TRAIN-(dicmor) [1/3/7] >> loss: 4.0951  Acc_2: 0.6606  F1_score: 0.6074  Acc_7: 0.4733  MAE: 0.7577 
2024-04-06 21:51:16,017 - MMSA [INFO] - VAL-(dicmor) >>  Acc_2: 0.6599  F1_score: 0.5719  Acc_7: 0.4575  MAE: 0.7582  Loss: 0.7582 
2024-04-06 21:51:49,871 - MMSA [INFO] - TEST-(dicmor) >>  Acc_2: 0.6489  F1_score: 0.5560  Acc_7: 0.4207  MAE: 0.8043  Loss: 0.8047 
2024-04-06 21:58:10,270 - MMSA [INFO] - TRAIN-(dicmor) [2/4/7] >> loss: 3.9036  Acc_2: 0.6513  F1_score: 0.5929  Acc_7: 0.4614  MAE: 0.7759 
2024-04-06 21:58:25,257 - MMSA [INFO] - VAL-(dicmor) >>  Acc_2: 0.6620  F1_score: 0.5624  Acc_7: 0.4596  MAE: 0.7471  Loss: 0.7471 
2024-04-06 21:58:59,272 - MMSA [INFO] - TEST-(dicmor) >>  Acc_2: 0.6530  F1_score: 0.5643  Acc_7: 0.4241  MAE: 0.7974  Loss: 0.7959 
2024-04-06 22:05:25,566 - MMSA [INFO] - TRAIN-(dicmor) [3/5/7] >> loss: 3.756  Acc_2: 0.6660  F1_score: 0.6130  Acc_7: 0.4730  MAE: 0.7564 
2024-04-06 22:05:40,593 - MMSA [INFO] - VAL-(dicmor) >>  Acc_2: 0.6697  F1_score: 0.5816  Acc_7: 0.4586  MAE: 0.7357  Loss: 0.7356 
2024-04-06 22:06:14,146 - MMSA [INFO] - TEST-(dicmor) >>  Acc_2: 0.6489  F1_score: 0.5475  Acc_7: 0.4269  MAE: 0.7967  Loss: 0.7965 
2024-04-06 22:12:42,692 - MMSA [INFO] - TRAIN-(dicmor) [1/6/7] >> loss: 3.6124  Acc_2: 0.6627  F1_score: 0.6100  Acc_7: 0.4679  MAE: 0.7616 
2024-04-06 22:12:57,826 - MMSA [INFO] - VAL-(dicmor) >>  Acc_2: 0.6530  F1_score: 0.5268  Acc_7: 0.4538  MAE: 0.7629  Loss: 0.7628 
2024-04-06 22:13:31,712 - MMSA [INFO] - TEST-(dicmor) >>  Acc_2: 0.6519  F1_score: 0.5468  Acc_7: 0.4183  MAE: 0.8056  Loss: 0.8050 
2024-04-06 22:19:57,070 - MMSA [INFO] - TRAIN-(dicmor) [2/7/7] >> loss: 3.4786  Acc_2: 0.6570  F1_score: 0.6005  Acc_7: 0.4640  MAE: 0.7680 
2024-04-06 22:20:12,032 - MMSA [INFO] - VAL-(dicmor) >>  Acc_2: 0.6043  F1_score: 0.6009  Acc_7: 0.4580  MAE: 0.7382  Loss: 0.7381 
2024-04-06 22:20:46,344 - MMSA [INFO] - TEST-(dicmor) >>  Acc_2: 0.6145  F1_score: 0.6121  Acc_7: 0.4231  MAE: 0.8099  Loss: 0.8097 
2024-04-06 22:27:10,958 - MMSA [INFO] - TRAIN-(dicmor) [3/8/7] >> loss: 3.3526  Acc_2: 0.6581  F1_score: 0.6065  Acc_7: 0.4637  MAE: 0.7662 
2024-04-06 22:27:26,508 - MMSA [INFO] - VAL-(dicmor) >>  Acc_2: 0.6745  F1_score: 0.6161  Acc_7: 0.4447  MAE: 0.7430  Loss: 0.7430 
2024-04-06 22:28:00,749 - MMSA [INFO] - TEST-(dicmor) >>  Acc_2: 0.6420  F1_score: 0.5726  Acc_7: 0.4205  MAE: 0.8037  Loss: 0.8035 
2024-04-06 22:34:23,964 - MMSA [INFO] - TRAIN-(dicmor) [4/9/7] >> loss: 3.223  Acc_2: 0.6601  F1_score: 0.6076  Acc_7: 0.4677  MAE: 0.7651 
2024-04-06 22:34:39,367 - MMSA [INFO] - VAL-(dicmor) >>  Acc_2: 0.6537  F1_score: 0.6145  Acc_7: 0.4554  MAE: 0.7364  Loss: 0.7364 
2024-04-06 22:35:14,016 - MMSA [INFO] - TEST-(dicmor) >>  Acc_2: 0.6414  F1_score: 0.6051  Acc_7: 0.4211  MAE: 0.8023  Loss: 0.8025 
2024-04-06 22:41:41,227 - MMSA [INFO] - TRAIN-(dicmor) [5/10/7] >> loss: 3.098  Acc_2: 0.6689  F1_score: 0.6190  Acc_7: 0.4684  MAE: 0.7597 
2024-04-06 22:41:56,344 - MMSA [INFO] - VAL-(dicmor) >>  Acc_2: 0.6342  F1_score: 0.6201  Acc_7: 0.4559  MAE: 0.7439  Loss: 0.7439 
2024-04-06 22:42:30,778 - MMSA [INFO] - TEST-(dicmor) >>  Acc_2: 0.6307  F1_score: 0.6145  Acc_7: 0.4239  MAE: 0.7977  Loss: 0.7968 
2024-04-06 22:48:59,477 - MMSA [INFO] - TRAIN-(dicmor) [6/11/7] >> loss: 2.9979  Acc_2: 0.6540  F1_score: 0.6077  Acc_7: 0.4577  MAE: 0.7745 
2024-04-06 22:49:14,757 - MMSA [INFO] - VAL-(dicmor) >>  Acc_2: 0.6752  F1_score: 0.6055  Acc_7: 0.4484  MAE: 0.7402  Loss: 0.7403 
2024-04-06 22:49:48,967 - MMSA [INFO] - TEST-(dicmor) >>  Acc_2: 0.6469  F1_score: 0.5766  Acc_7: 0.4170  MAE: 0.8015  Loss: 0.8015 
2024-04-06 22:56:15,653 - MMSA [INFO] - TRAIN-(dicmor) [7/12/7] >> loss: 2.8962  Acc_2: 0.6600  F1_score: 0.6131  Acc_7: 0.4631  MAE: 0.7652 
2024-04-06 22:56:30,952 - MMSA [INFO] - VAL-(dicmor) >>  Acc_2: 0.6676  F1_score: 0.5640  Acc_7: 0.4511  MAE: 0.7466  Loss: 0.7466 
2024-04-06 22:57:05,435 - MMSA [INFO] - TEST-(dicmor) >>  Acc_2: 0.6486  F1_score: 0.5437  Acc_7: 0.4342  MAE: 0.7970  Loss: 0.7966 
2024-04-06 23:03:29,041 - MMSA [INFO] - TRAIN-(dicmor) [8/13/7] >> loss: 2.8422  Acc_2: 0.6676  F1_score: 0.6185  Acc_7: 0.4712  MAE: 0.7562 
2024-04-06 23:03:44,508 - MMSA [INFO] - VAL-(dicmor) >>  Acc_2: 0.6718  F1_score: 0.6030  Acc_7: 0.4570  MAE: 0.7423  Loss: 0.7422 
2024-04-06 23:04:18,918 - MMSA [INFO] - TEST-(dicmor) >>  Acc_2: 0.6544  F1_score: 0.5856  Acc_7: 0.4276  MAE: 0.7965  Loss: 0.7972 
2024-04-06 23:10:44,421 - MMSA [INFO] - TRAIN-(dicmor) [9/14/7] >> loss: 2.7829  Acc_2: 0.6707  F1_score: 0.6265  Acc_7: 0.4699  MAE: 0.7509 
2024-04-06 23:10:59,813 - MMSA [INFO] - VAL-(dicmor) >>  Acc_2: 0.6579  F1_score: 0.5931  Acc_7: 0.4506  MAE: 0.7580  Loss: 0.7578 
2024-04-06 23:11:34,147 - MMSA [INFO] - TEST-(dicmor) >>  Acc_2: 0.6547  F1_score: 0.5973  Acc_7: 0.4239  MAE: 0.7957  Loss: 0.7944 
2024-04-06 23:17:59,135 - MMSA [INFO] - TRAIN-(dicmor) [10/15/7] >> loss: 2.7222  Acc_2: 0.6700  F1_score: 0.6261  Acc_7: 0.4727  MAE: 0.7534 
2024-04-06 23:18:14,350 - MMSA [INFO] - VAL-(dicmor) >>  Acc_2: 0.6627  F1_score: 0.6429  Acc_7: 0.4586  MAE: 0.7317  Loss: 0.7318 
2024-04-06 23:18:48,139 - MMSA [INFO] - TEST-(dicmor) >>  Acc_2: 0.6409  F1_score: 0.6208  Acc_7: 0.4233  MAE: 0.8010  Loss: 0.7998 
2024-04-06 23:25:18,103 - MMSA [INFO] - TRAIN-(dicmor) [1/16/7] >> loss: 2.6749  Acc_2: 0.6594  F1_score: 0.6159  Acc_7: 0.4647  MAE: 0.7615 
2024-04-06 23:25:33,376 - MMSA [INFO] - VAL-(dicmor) >>  Acc_2: 0.6732  F1_score: 0.6237  Acc_7: 0.4500  MAE: 0.7413  Loss: 0.7414 
2024-04-06 23:26:07,767 - MMSA [INFO] - TEST-(dicmor) >>  Acc_2: 0.6640  F1_score: 0.6213  Acc_7: 0.4258  MAE: 0.7950  Loss: 0.7945 
2024-04-06 23:32:35,239 - MMSA [INFO] - TRAIN-(dicmor) [2/17/7] >> loss: 2.6056  Acc_2: 0.6740  F1_score: 0.6352  Acc_7: 0.4746  MAE: 0.7481 
2024-04-06 23:32:50,811 - MMSA [INFO] - VAL-(dicmor) >>  Acc_2: 0.6801  F1_score: 0.6138  Acc_7: 0.4559  MAE: 0.7393  Loss: 0.7394 
2024-04-06 23:33:25,329 - MMSA [INFO] - TEST-(dicmor) >>  Acc_2: 0.6593  F1_score: 0.5984  Acc_7: 0.4273  MAE: 0.7890  Loss: 0.7877 
2024-04-06 23:39:52,493 - MMSA [INFO] - TRAIN-(dicmor) [3/18/7] >> loss: 2.5816  Acc_2: 0.6681  F1_score: 0.6303  Acc_7: 0.4674  MAE: 0.7565 
2024-04-06 23:40:08,082 - MMSA [INFO] - VAL-(dicmor) >>  Acc_2: 0.6586  F1_score: 0.6148  Acc_7: 0.4516  MAE: 0.7488  Loss: 0.7488 
2024-04-06 23:40:43,027 - MMSA [INFO] - TEST-(dicmor) >>  Acc_2: 0.6513  F1_score: 0.6162  Acc_7: 0.4291  MAE: 0.7940  Loss: 0.7939 
2024-04-06 23:47:11,967 - MMSA [INFO] - TRAIN-(dicmor) [4/19/7] >> loss: 2.512  Acc_2: 0.6735  F1_score: 0.6348  Acc_7: 0.4694  MAE: 0.7547 
2024-04-06 23:47:27,208 - MMSA [INFO] - VAL-(dicmor) >>  Acc_2: 0.6718  F1_score: 0.5888  Acc_7: 0.4532  MAE: 0.7400  Loss: 0.7400 
2024-04-06 23:48:01,368 - MMSA [INFO] - TEST-(dicmor) >>  Acc_2: 0.6533  F1_score: 0.5674  Acc_7: 0.4241  MAE: 0.8002  Loss: 0.7993 
2024-04-06 23:54:29,398 - MMSA [INFO] - TRAIN-(dicmor) [5/20/7] >> loss: 2.4663  Acc_2: 0.6721  F1_score: 0.6344  Acc_7: 0.4739  MAE: 0.7476 
2024-04-06 23:54:44,829 - MMSA [INFO] - VAL-(dicmor) >>  Acc_2: 0.6627  F1_score: 0.6358  Acc_7: 0.4613  MAE: 0.7261  Loss: 0.7259 
2024-04-06 23:55:19,155 - MMSA [INFO] - TEST-(dicmor) >>  Acc_2: 0.6497  F1_score: 0.6234  Acc_7: 0.4286  MAE: 0.7894  Loss: 0.7879 
2024-04-07 00:01:50,703 - MMSA [INFO] - TRAIN-(dicmor) [1/21/7] >> loss: 2.4153  Acc_2: 0.6745  F1_score: 0.6340  Acc_7: 0.4775  MAE: 0.7440 
2024-04-07 00:02:06,043 - MMSA [INFO] - VAL-(dicmor) >>  Acc_2: 0.6412  F1_score: 0.6167  Acc_7: 0.4596  MAE: 0.7505  Loss: 0.7506 
2024-04-07 00:02:41,043 - MMSA [INFO] - TEST-(dicmor) >>  Acc_2: 0.6464  F1_score: 0.6253  Acc_7: 0.4246  MAE: 0.7889  Loss: 0.7877 
2024-04-07 00:09:09,208 - MMSA [INFO] - TRAIN-(dicmor) [2/22/7] >> loss: 2.384  Acc_2: 0.6696  F1_score: 0.6331  Acc_7: 0.4685  MAE: 0.7516 
2024-04-07 00:09:24,633 - MMSA [INFO] - VAL-(dicmor) >>  Acc_2: 0.6592  F1_score: 0.5500  Acc_7: 0.4522  MAE: 0.7550  Loss: 0.7549 
2024-04-07 00:09:59,245 - MMSA [INFO] - TEST-(dicmor) >>  Acc_2: 0.6505  F1_score: 0.5471  Acc_7: 0.4181  MAE: 0.8024  Loss: 0.8013 
2024-04-07 00:16:27,681 - MMSA [INFO] - TRAIN-(dicmor) [3/23/7] >> loss: 2.339  Acc_2: 0.6749  F1_score: 0.6356  Acc_7: 0.4686  MAE: 0.7553 
2024-04-07 00:16:43,068 - MMSA [INFO] - VAL-(dicmor) >>  Acc_2: 0.6676  F1_score: 0.5777  Acc_7: 0.4516  MAE: 0.7421  Loss: 0.7422 
2024-04-07 00:17:16,849 - MMSA [INFO] - TEST-(dicmor) >>  Acc_2: 0.6571  F1_score: 0.5690  Acc_7: 0.4200  MAE: 0.7949  Loss: 0.7934 
2024-04-07 00:23:46,786 - MMSA [INFO] - TRAIN-(dicmor) [4/24/7] >> loss: 2.2801  Acc_2: 0.6893  F1_score: 0.6575  Acc_7: 0.4800  MAE: 0.7387 
2024-04-07 00:24:02,107 - MMSA [INFO] - VAL-(dicmor) >>  Acc_2: 0.6453  F1_score: 0.6267  Acc_7: 0.4618  MAE: 0.7409  Loss: 0.7409 
2024-04-07 00:24:36,075 - MMSA [INFO] - TEST-(dicmor) >>  Acc_2: 0.6533  F1_score: 0.6373  Acc_7: 0.4267  MAE: 0.7930  Loss: 0.7914 
2024-04-07 00:31:04,521 - MMSA [INFO] - TRAIN-(dicmor) [5/25/7] >> loss: 2.2458  Acc_2: 0.6775  F1_score: 0.6429  Acc_7: 0.4668  MAE: 0.7535 
2024-04-07 00:31:19,938 - MMSA [INFO] - VAL-(dicmor) >>  Acc_2: 0.6787  F1_score: 0.6378  Acc_7: 0.4596  MAE: 0.7337  Loss: 0.7337 
2024-04-07 00:31:53,729 - MMSA [INFO] - TEST-(dicmor) >>  Acc_2: 0.6511  F1_score: 0.6119  Acc_7: 0.4233  MAE: 0.7954  Loss: 0.7937 
2024-04-07 00:38:20,506 - MMSA [INFO] - TRAIN-(dicmor) [6/26/7] >> loss: 2.1968  Acc_2: 0.6789  F1_score: 0.6454  Acc_7: 0.4737  MAE: 0.7468 
2024-04-07 00:38:35,912 - MMSA [INFO] - VAL-(dicmor) >>  Acc_2: 0.6787  F1_score: 0.6234  Acc_7: 0.4458  MAE: 0.7453  Loss: 0.7454 
2024-04-07 00:39:09,843 - MMSA [INFO] - TEST-(dicmor) >>  Acc_2: 0.6596  F1_score: 0.6049  Acc_7: 0.4231  MAE: 0.7859  Loss: 0.7849 
2024-04-07 00:45:35,776 - MMSA [INFO] - TRAIN-(dicmor) [7/27/7] >> loss: 2.1718  Acc_2: 0.6776  F1_score: 0.6468  Acc_7: 0.4690  MAE: 0.7498 
2024-04-07 00:45:51,436 - MMSA [INFO] - VAL-(dicmor) >>  Acc_2: 0.6599  F1_score: 0.6491  Acc_7: 0.4580  MAE: 0.7320  Loss: 0.7320 
2024-04-07 00:46:25,517 - MMSA [INFO] - TEST-(dicmor) >>  Acc_2: 0.6480  F1_score: 0.6362  Acc_7: 0.4267  MAE: 0.7963  Loss: 0.7950 
2024-04-07 00:52:50,294 - MMSA [INFO] - TRAIN-(dicmor) [8/28/7] >> loss: 2.1473  Acc_2: 0.6836  F1_score: 0.6522  Acc_7: 0.4737  MAE: 0.7440 
2024-04-07 00:53:05,956 - MMSA [INFO] - VAL-(dicmor) >>  Acc_2: 0.6676  F1_score: 0.6438  Acc_7: 0.4538  MAE: 0.7403  Loss: 0.7403 
2024-04-07 00:53:40,070 - MMSA [INFO] - TEST-(dicmor) >>  Acc_2: 0.6558  F1_score: 0.6347  Acc_7: 0.4237  MAE: 0.7927  Loss: 0.7916 
2024-04-07 01:00:08,161 - MMSA [INFO] - TRAIN-(dicmor) [9/29/7] >> loss: 2.1231  Acc_2: 0.6926  F1_score: 0.6660  Acc_7: 0.4797  MAE: 0.7353 
2024-04-07 01:00:23,540 - MMSA [INFO] - VAL-(dicmor) >>  Acc_2: 0.6794  F1_score: 0.6489  Acc_7: 0.4399  MAE: 0.7410  Loss: 0.7408 
2024-04-07 01:00:57,903 - MMSA [INFO] - TEST-(dicmor) >>  Acc_2: 0.6668  F1_score: 0.6344  Acc_7: 0.4222  MAE: 0.7881  Loss: 0.7878 
2024-04-07 01:07:22,509 - MMSA [INFO] - TRAIN-(dicmor) [10/30/7] >> loss: 2.1128  Acc_2: 0.6877  F1_score: 0.6561  Acc_7: 0.4757  MAE: 0.7401 
2024-04-07 01:07:37,898 - MMSA [INFO] - VAL-(dicmor) >>  Acc_2: 0.6342  F1_score: 0.6291  Acc_7: 0.4527  MAE: 0.7460  Loss: 0.7459 
2024-04-07 01:08:11,868 - MMSA [INFO] - TEST-(dicmor) >>  Acc_2: 0.6354  F1_score: 0.6300  Acc_7: 0.4173  MAE: 0.8055  Loss: 0.8052 
2024-04-07 01:08:48,708 - MMSA [INFO] - TEST-(dicmor) >>  Acc_2: 0.6508  F1_score: 0.6245  Acc_7: 0.4286  MAE: 0.7944  Loss: 0.7935 
2024-04-07 01:08:51,147 - MMSA [INFO] - train samples: (16326,)
2024-04-07 01:08:52,491 - MMSA [INFO] - valid samples: (1871,)
2024-04-07 01:08:53,831 - MMSA [INFO] - test samples: (4659,)
2024-04-07 01:15:10,380 - MMSA [INFO] - TRAIN-(dicmor) [1/1/8] >> loss: 5.0485  Acc_2: 0.6473  F1_score: 0.5949  Acc_7: 0.4561  MAE: 0.7839 
2024-04-07 01:15:25,150 - MMSA [INFO] - VAL-(dicmor) >>  Acc_2: 0.6620  F1_score: 0.5624  Acc_7: 0.4458  MAE: 0.7518  Loss: 0.7518 
2024-04-07 01:15:58,531 - MMSA [INFO] - TEST-(dicmor) >>  Acc_2: 0.6458  F1_score: 0.5449  Acc_7: 0.4250  MAE: 0.8029  Loss: 0.8022 
2024-04-07 01:22:21,088 - MMSA [INFO] - TRAIN-(dicmor) [1/2/8] >> loss: 4.346  Acc_2: 0.6538  F1_score: 0.6046  Acc_7: 0.4664  MAE: 0.7684 
2024-04-07 01:22:35,974 - MMSA [INFO] - VAL-(dicmor) >>  Acc_2: 0.6662  F1_score: 0.5776  Acc_7: 0.4506  MAE: 0.7422  Loss: 0.7423 
2024-04-07 01:23:09,124 - MMSA [INFO] - TEST-(dicmor) >>  Acc_2: 0.6425  F1_score: 0.5407  Acc_7: 0.4235  MAE: 0.8072  Loss: 0.8060 
2024-04-07 01:29:32,324 - MMSA [INFO] - TRAIN-(dicmor) [1/3/8] >> loss: 4.0771  Acc_2: 0.6547  F1_score: 0.5993  Acc_7: 0.4666  MAE: 0.7676 
2024-04-07 01:29:47,293 - MMSA [INFO] - VAL-(dicmor) >>  Acc_2: 0.6558  F1_score: 0.5993  Acc_7: 0.4452  MAE: 0.7430  Loss: 0.7429 
2024-04-07 01:30:20,854 - MMSA [INFO] - TEST-(dicmor) >>  Acc_2: 0.6445  F1_score: 0.5868  Acc_7: 0.4231  MAE: 0.8031  Loss: 0.8043 
2024-04-07 01:36:41,312 - MMSA [INFO] - TRAIN-(dicmor) [2/4/8] >> loss: 3.9208  Acc_2: 0.6606  F1_score: 0.6008  Acc_7: 0.4652  MAE: 0.7661 
2024-04-07 01:36:56,216 - MMSA [INFO] - VAL-(dicmor) >>  Acc_2: 0.6669  F1_score: 0.5953  Acc_7: 0.4586  MAE: 0.7399  Loss: 0.7399 
2024-04-07 01:37:29,783 - MMSA [INFO] - TEST-(dicmor) >>  Acc_2: 0.6467  F1_score: 0.5756  Acc_7: 0.4248  MAE: 0.7987  Loss: 0.7977 
2024-04-07 01:44:00,717 - MMSA [INFO] - TRAIN-(dicmor) [1/5/8] >> loss: 3.752  Acc_2: 0.6664  F1_score: 0.6077  Acc_7: 0.4713  MAE: 0.7596 
2024-04-07 01:44:15,780 - MMSA [INFO] - VAL-(dicmor) >>  Acc_2: 0.6022  F1_score: 0.6061  Acc_7: 0.4639  MAE: 0.7413  Loss: 0.7415 
2024-04-07 01:44:49,122 - MMSA [INFO] - TEST-(dicmor) >>  Acc_2: 0.6059  F1_score: 0.6102  Acc_7: 0.4235  MAE: 0.8062  Loss: 0.8066 
2024-04-07 01:51:14,714 - MMSA [INFO] - TRAIN-(dicmor) [2/6/8] >> loss: 3.6054  Acc_2: 0.6580  F1_score: 0.6081  Acc_7: 0.4677  MAE: 0.7641 
2024-04-07 01:51:29,840 - MMSA [INFO] - VAL-(dicmor) >>  Acc_2: 0.6648  F1_score: 0.5953  Acc_7: 0.4559  MAE: 0.7418  Loss: 0.7416 
2024-04-07 01:52:03,498 - MMSA [INFO] - TEST-(dicmor) >>  Acc_2: 0.6431  F1_score: 0.5700  Acc_7: 0.4248  MAE: 0.7975  Loss: 0.7967 
2024-04-07 01:58:30,775 - MMSA [INFO] - TRAIN-(dicmor) [3/7/8] >> loss: 3.4771  Acc_2: 0.6577  F1_score: 0.6025  Acc_7: 0.4671  MAE: 0.7652 
2024-04-07 01:58:46,192 - MMSA [INFO] - VAL-(dicmor) >>  Acc_2: 0.6426  F1_score: 0.6207  Acc_7: 0.4629  MAE: 0.7379  Loss: 0.7378 
2024-04-07 01:59:20,482 - MMSA [INFO] - TEST-(dicmor) >>  Acc_2: 0.6381  F1_score: 0.6175  Acc_7: 0.4248  MAE: 0.8026  Loss: 0.8019 
2024-04-07 02:05:48,186 - MMSA [INFO] - TRAIN-(dicmor) [1/8/8] >> loss: 3.3538  Acc_2: 0.6584  F1_score: 0.6092  Acc_7: 0.4639  MAE: 0.7678 
2024-04-07 02:06:03,348 - MMSA [INFO] - VAL-(dicmor) >>  Acc_2: 0.6481  F1_score: 0.6098  Acc_7: 0.4596  MAE: 0.7441  Loss: 0.7442 
2024-04-07 02:06:37,631 - MMSA [INFO] - TEST-(dicmor) >>  Acc_2: 0.6453  F1_score: 0.6107  Acc_7: 0.4215  MAE: 0.8019  Loss: 0.8005 
2024-04-07 02:13:06,811 - MMSA [INFO] - TRAIN-(dicmor) [2/9/8] >> loss: 3.232  Acc_2: 0.6610  F1_score: 0.6135  Acc_7: 0.4645  MAE: 0.7629 
2024-04-07 02:13:22,112 - MMSA [INFO] - VAL-(dicmor) >>  Acc_2: 0.6641  F1_score: 0.6264  Acc_7: 0.4596  MAE: 0.7370  Loss: 0.7371 
2024-04-07 02:13:56,202 - MMSA [INFO] - TEST-(dicmor) >>  Acc_2: 0.6519  F1_score: 0.6158  Acc_7: 0.4241  MAE: 0.7919  Loss: 0.7914 
2024-04-07 02:20:22,217 - MMSA [INFO] - TRAIN-(dicmor) [1/10/8] >> loss: 3.1188  Acc_2: 0.6651  F1_score: 0.6207  Acc_7: 0.4696  MAE: 0.7571 
2024-04-07 02:20:37,614 - MMSA [INFO] - VAL-(dicmor) >>  Acc_2: 0.6725  F1_score: 0.5755  Acc_7: 0.4559  MAE: 0.7382  Loss: 0.7382 
2024-04-07 02:21:11,203 - MMSA [INFO] - TEST-(dicmor) >>  Acc_2: 0.6563  F1_score: 0.5587  Acc_7: 0.4297  MAE: 0.7893  Loss: 0.7883 
2024-04-07 02:27:38,152 - MMSA [INFO] - TRAIN-(dicmor) [2/11/8] >> loss: 2.9856  Acc_2: 0.6666  F1_score: 0.6178  Acc_7: 0.4681  MAE: 0.7578 
2024-04-07 02:27:53,429 - MMSA [INFO] - VAL-(dicmor) >>  Acc_2: 0.6711  F1_score: 0.5737  Acc_7: 0.4543  MAE: 0.7421  Loss: 0.7421 
2024-04-07 02:28:27,667 - MMSA [INFO] - TEST-(dicmor) >>  Acc_2: 0.6560  F1_score: 0.5575  Acc_7: 0.4278  MAE: 0.7935  Loss: 0.7918 
2024-04-07 02:34:53,241 - MMSA [INFO] - TRAIN-(dicmor) [3/12/8] >> loss: 2.8975  Acc_2: 0.6719  F1_score: 0.6308  Acc_7: 0.4723  MAE: 0.7530 
2024-04-07 02:35:08,473 - MMSA [INFO] - VAL-(dicmor) >>  Acc_2: 0.6690  F1_score: 0.5658  Acc_7: 0.4527  MAE: 0.7434  Loss: 0.7435 
2024-04-07 02:35:43,080 - MMSA [INFO] - TEST-(dicmor) >>  Acc_2: 0.6538  F1_score: 0.5517  Acc_7: 0.4222  MAE: 0.7938  Loss: 0.7925 
2024-04-07 02:42:13,890 - MMSA [INFO] - TRAIN-(dicmor) [4/13/8] >> loss: 2.7679  Acc_2: 0.6517  F1_score: 0.6065  Acc_7: 0.4648  MAE: 0.7660 
2024-04-07 02:42:29,251 - MMSA [INFO] - VAL-(dicmor) >>  Acc_2: 0.6245  F1_score: 0.6068  Acc_7: 0.4500  MAE: 0.7474  Loss: 0.7473 
2024-04-07 02:43:03,993 - MMSA [INFO] - TEST-(dicmor) >>  Acc_2: 0.6387  F1_score: 0.6233  Acc_7: 0.4222  MAE: 0.8039  Loss: 0.8029 
2024-04-07 02:49:33,844 - MMSA [INFO] - TRAIN-(dicmor) [5/14/8] >> loss: 2.673  Acc_2: 0.6701  F1_score: 0.6281  Acc_7: 0.4799  MAE: 0.7479 
2024-04-07 02:49:49,036 - MMSA [INFO] - VAL-(dicmor) >>  Acc_2: 0.6683  F1_score: 0.5653  Acc_7: 0.4506  MAE: 0.7435  Loss: 0.7437 
2024-04-07 02:50:23,622 - MMSA [INFO] - TEST-(dicmor) >>  Acc_2: 0.6629  F1_score: 0.5699  Acc_7: 0.4254  MAE: 0.7863  Loss: 0.7850 
2024-04-07 02:56:52,031 - MMSA [INFO] - TRAIN-(dicmor) [6/15/8] >> loss: 2.5679  Acc_2: 0.6658  F1_score: 0.6191  Acc_7: 0.4725  MAE: 0.7526 
2024-04-07 02:57:07,323 - MMSA [INFO] - VAL-(dicmor) >>  Acc_2: 0.6739  F1_score: 0.6311  Acc_7: 0.4751  MAE: 0.7210  Loss: 0.7209 
2024-04-07 02:57:41,250 - MMSA [INFO] - TEST-(dicmor) >>  Acc_2: 0.6544  F1_score: 0.6149  Acc_7: 0.4243  MAE: 0.7919  Loss: 0.7918 
2024-04-07 03:04:11,107 - MMSA [INFO] - TRAIN-(dicmor) [1/16/8] >> loss: 2.4563  Acc_2: 0.6651  F1_score: 0.6232  Acc_7: 0.4735  MAE: 0.7506 
2024-04-07 03:04:26,500 - MMSA [INFO] - VAL-(dicmor) >>  Acc_2: 0.6808  F1_score: 0.5898  Acc_7: 0.4671  MAE: 0.7281  Loss: 0.7280 
2024-04-07 03:05:01,179 - MMSA [INFO] - TEST-(dicmor) >>  Acc_2: 0.6500  F1_score: 0.5422  Acc_7: 0.4237  MAE: 0.7989  Loss: 0.7979 
2024-04-07 03:11:28,542 - MMSA [INFO] - TRAIN-(dicmor) [2/17/8] >> loss: 2.349  Acc_2: 0.6740  F1_score: 0.6309  Acc_7: 0.4721  MAE: 0.7507 
2024-04-07 03:11:43,904 - MMSA [INFO] - VAL-(dicmor) >>  Acc_2: 0.6725  F1_score: 0.5764  Acc_7: 0.4420  MAE: 0.7448  Loss: 0.7448 
2024-04-07 03:12:18,566 - MMSA [INFO] - TEST-(dicmor) >>  Acc_2: 0.6456  F1_score: 0.5410  Acc_7: 0.4185  MAE: 0.7989  Loss: 0.7975 
2024-04-07 03:18:43,346 - MMSA [INFO] - TRAIN-(dicmor) [3/18/8] >> loss: 2.268  Acc_2: 0.6640  F1_score: 0.6204  Acc_7: 0.4702  MAE: 0.7570 
2024-04-07 03:18:58,781 - MMSA [INFO] - VAL-(dicmor) >>  Acc_2: 0.6794  F1_score: 0.6126  Acc_7: 0.4677  MAE: 0.7359  Loss: 0.7360 
2024-04-07 03:19:33,402 - MMSA [INFO] - TEST-(dicmor) >>  Acc_2: 0.6524  F1_score: 0.5840  Acc_7: 0.4254  MAE: 0.7997  Loss: 0.7983 
2024-04-07 03:25:58,439 - MMSA [INFO] - TRAIN-(dicmor) [4/19/8] >> loss: 2.1943  Acc_2: 0.6658  F1_score: 0.6262  Acc_7: 0.4675  MAE: 0.7594 
2024-04-07 03:26:13,663 - MMSA [INFO] - VAL-(dicmor) >>  Acc_2: 0.6732  F1_score: 0.6087  Acc_7: 0.4559  MAE: 0.7350  Loss: 0.7349 
2024-04-07 03:26:47,811 - MMSA [INFO] - TEST-(dicmor) >>  Acc_2: 0.6483  F1_score: 0.5824  Acc_7: 0.4282  MAE: 0.7921  Loss: 0.7907 
2024-04-07 03:33:14,687 - MMSA [INFO] - TRAIN-(dicmor) [5/20/8] >> loss: 2.1116  Acc_2: 0.6726  F1_score: 0.6360  Acc_7: 0.4794  MAE: 0.7459 
2024-04-07 03:33:29,874 - MMSA [INFO] - VAL-(dicmor) >>  Acc_2: 0.6203  F1_score: 0.6221  Acc_7: 0.4613  MAE: 0.7257  Loss: 0.7258 
2024-04-07 03:34:03,648 - MMSA [INFO] - TEST-(dicmor) >>  Acc_2: 0.6227  F1_score: 0.6228  Acc_7: 0.4241  MAE: 0.7935  Loss: 0.7938 
2024-04-07 03:40:31,588 - MMSA [INFO] - TRAIN-(dicmor) [6/21/8] >> loss: 2.0515  Acc_2: 0.6636  F1_score: 0.6253  Acc_7: 0.4706  MAE: 0.7544 
2024-04-07 03:40:47,064 - MMSA [INFO] - VAL-(dicmor) >>  Acc_2: 0.6725  F1_score: 0.6133  Acc_7: 0.4586  MAE: 0.7357  Loss: 0.7358 
2024-04-07 03:41:21,839 - MMSA [INFO] - TEST-(dicmor) >>  Acc_2: 0.6607  F1_score: 0.6055  Acc_7: 0.4162  MAE: 0.7971  Loss: 0.7967 
2024-04-07 03:47:50,607 - MMSA [INFO] - TRAIN-(dicmor) [7/22/8] >> loss: 1.9772  Acc_2: 0.6652  F1_score: 0.6239  Acc_7: 0.4594  MAE: 0.7640 
2024-04-07 03:48:05,818 - MMSA [INFO] - VAL-(dicmor) >>  Acc_2: 0.6586  F1_score: 0.6281  Acc_7: 0.4613  MAE: 0.7315  Loss: 0.7314 
2024-04-07 03:48:39,922 - MMSA [INFO] - TEST-(dicmor) >>  Acc_2: 0.6541  F1_score: 0.6296  Acc_7: 0.4295  MAE: 0.7868  Loss: 0.7861 
2024-04-07 03:55:10,058 - MMSA [INFO] - TRAIN-(dicmor) [8/23/8] >> loss: 1.9445  Acc_2: 0.6749  F1_score: 0.6360  Acc_7: 0.4686  MAE: 0.7539 
2024-04-07 03:55:25,629 - MMSA [INFO] - VAL-(dicmor) >>  Acc_2: 0.6641  F1_score: 0.6479  Acc_7: 0.4650  MAE: 0.7321  Loss: 0.7321 
2024-04-07 03:55:59,383 - MMSA [INFO] - TEST-(dicmor) >>  Acc_2: 0.6604  F1_score: 0.6503  Acc_7: 0.4301  MAE: 0.7805  Loss: 0.7808 
2024-04-07 04:02:27,616 - MMSA [INFO] - TRAIN-(dicmor) [9/24/8] >> loss: 1.9314  Acc_2: 0.6774  F1_score: 0.6416  Acc_7: 0.4711  MAE: 0.7513 
2024-04-07 04:02:42,860 - MMSA [INFO] - VAL-(dicmor) >>  Acc_2: 0.6739  F1_score: 0.6079  Acc_7: 0.4506  MAE: 0.7359  Loss: 0.7359 
2024-04-07 04:03:17,134 - MMSA [INFO] - TEST-(dicmor) >>  Acc_2: 0.6629  F1_score: 0.5991  Acc_7: 0.4256  MAE: 0.7878  Loss: 0.7867 
2024-04-07 04:09:43,479 - MMSA [INFO] - TRAIN-(dicmor) [10/25/8] >> loss: 1.8887  Acc_2: 0.6805  F1_score: 0.6486  Acc_7: 0.4718  MAE: 0.7485 
2024-04-07 04:09:58,944 - MMSA [INFO] - VAL-(dicmor) >>  Acc_2: 0.6732  F1_score: 0.6145  Acc_7: 0.4629  MAE: 0.7355  Loss: 0.7357 
2024-04-07 04:10:33,317 - MMSA [INFO] - TEST-(dicmor) >>  Acc_2: 0.6566  F1_score: 0.5978  Acc_7: 0.4246  MAE: 0.7960  Loss: 0.7956 
2024-04-07 04:11:11,523 - MMSA [INFO] - TEST-(dicmor) >>  Acc_2: 0.6535  F1_score: 0.6153  Acc_7: 0.4301  MAE: 0.7905  Loss: 0.7898 
2024-04-07 04:11:13,989 - MMSA [INFO] - train samples: (16326,)
2024-04-07 04:11:15,375 - MMSA [INFO] - valid samples: (1871,)
2024-04-07 04:11:16,745 - MMSA [INFO] - test samples: (4659,)
2024-04-07 04:17:30,649 - MMSA [INFO] - TRAIN-(dicmor) [1/1/9] >> loss: 5.0634  Acc_2: 0.6501  F1_score: 0.6022  Acc_7: 0.4577  MAE: 0.7773 
2024-04-07 04:17:45,736 - MMSA [INFO] - VAL-(dicmor) >>  Acc_2: 0.6697  F1_score: 0.5700  Acc_7: 0.4602  MAE: 0.7532  Loss: 0.7534 
2024-04-07 04:18:19,462 - MMSA [INFO] - TEST-(dicmor) >>  Acc_2: 0.6502  F1_score: 0.5491  Acc_7: 0.4196  MAE: 0.8154  Loss: 0.8147 
2024-04-07 04:24:38,743 - MMSA [INFO] - TRAIN-(dicmor) [1/2/9] >> loss: 4.3385  Acc_2: 0.6532  F1_score: 0.6018  Acc_7: 0.4596  MAE: 0.7766 
2024-04-07 04:24:53,652 - MMSA [INFO] - VAL-(dicmor) >>  Acc_2: 0.6620  F1_score: 0.5605  Acc_7: 0.4543  MAE: 0.7567  Loss: 0.7566 
2024-04-07 04:25:26,791 - MMSA [INFO] - TEST-(dicmor) >>  Acc_2: 0.6467  F1_score: 0.5546  Acc_7: 0.4185  MAE: 0.8035  Loss: 0.8023 
2024-04-07 04:31:50,830 - MMSA [INFO] - TRAIN-(dicmor) [2/3/9] >> loss: 4.0713  Acc_2: 0.6436  F1_score: 0.5884  Acc_7: 0.4524  MAE: 0.7853 
2024-04-07 04:32:06,110 - MMSA [INFO] - VAL-(dicmor) >>  Acc_2: 0.6516  F1_score: 0.5414  Acc_7: 0.4479  MAE: 0.7586  Loss: 0.7588 
2024-04-07 04:32:39,332 - MMSA [INFO] - TEST-(dicmor) >>  Acc_2: 0.6453  F1_score: 0.5471  Acc_7: 0.4196  MAE: 0.8084  Loss: 0.8063 
2024-04-07 04:39:03,584 - MMSA [INFO] - TRAIN-(dicmor) [3/4/9] >> loss: 3.9146  Acc_2: 0.6590  F1_score: 0.6013  Acc_7: 0.4650  MAE: 0.7662 
2024-04-07 04:39:18,434 - MMSA [INFO] - VAL-(dicmor) >>  Acc_2: 0.6669  F1_score: 0.5596  Acc_7: 0.4538  MAE: 0.7605  Loss: 0.7605 
2024-04-07 04:39:52,158 - MMSA [INFO] - TEST-(dicmor) >>  Acc_2: 0.6456  F1_score: 0.5372  Acc_7: 0.4237  MAE: 0.8085  Loss: 0.8071 
2024-04-07 04:46:15,647 - MMSA [INFO] - TRAIN-(dicmor) [4/5/9] >> loss: 3.746  Acc_2: 0.6614  F1_score: 0.6056  Acc_7: 0.4631  MAE: 0.7721 
2024-04-07 04:46:30,740 - MMSA [INFO] - VAL-(dicmor) >>  Acc_2: 0.6648  F1_score: 0.5809  Acc_7: 0.4570  MAE: 0.7419  Loss: 0.7418 
2024-04-07 04:47:04,116 - MMSA [INFO] - TEST-(dicmor) >>  Acc_2: 0.6412  F1_score: 0.5549  Acc_7: 0.4220  MAE: 0.8010  Loss: 0.8007 
2024-04-07 04:53:34,242 - MMSA [INFO] - TRAIN-(dicmor) [1/6/9] >> loss: 3.6077  Acc_2: 0.6629  F1_score: 0.6129  Acc_7: 0.4735  MAE: 0.7564 
2024-04-07 04:53:49,151 - MMSA [INFO] - VAL-(dicmor) >>  Acc_2: 0.6627  F1_score: 0.5647  Acc_7: 0.4570  MAE: 0.7388  Loss: 0.7388 
2024-04-07 04:54:22,988 - MMSA [INFO] - TEST-(dicmor) >>  Acc_2: 0.6524  F1_score: 0.5607  Acc_7: 0.4306  MAE: 0.7896  Loss: 0.7878 
2024-04-07 05:00:53,030 - MMSA [INFO] - TRAIN-(dicmor) [1/7/9] >> loss: 3.4993  Acc_2: 0.6618  F1_score: 0.6068  Acc_7: 0.4707  MAE: 0.7582 
2024-04-07 05:01:08,107 - MMSA [INFO] - VAL-(dicmor) >>  Acc_2: 0.6509  F1_score: 0.6038  Acc_7: 0.4618  MAE: 0.7447  Loss: 0.7446 
2024-04-07 05:01:42,369 - MMSA [INFO] - TEST-(dicmor) >>  Acc_2: 0.6348  F1_score: 0.5874  Acc_7: 0.4200  MAE: 0.8029  Loss: 0.8029 
2024-04-07 05:08:05,240 - MMSA [INFO] - TRAIN-(dicmor) [2/8/9] >> loss: 3.3562  Acc_2: 0.6672  F1_score: 0.6207  Acc_7: 0.4765  MAE: 0.7505 
2024-04-07 05:08:20,411 - MMSA [INFO] - VAL-(dicmor) >>  Acc_2: 0.6231  F1_score: 0.6088  Acc_7: 0.4564  MAE: 0.7359  Loss: 0.7359 
2024-04-07 05:08:54,408 - MMSA [INFO] - TEST-(dicmor) >>  Acc_2: 0.6346  F1_score: 0.6186  Acc_7: 0.4224  MAE: 0.7995  Loss: 0.7996 
2024-04-07 05:15:19,888 - MMSA [INFO] - TRAIN-(dicmor) [1/9/9] >> loss: 3.2346  Acc_2: 0.6585  F1_score: 0.6116  Acc_7: 0.4681  MAE: 0.7604 
2024-04-07 05:15:34,881 - MMSA [INFO] - VAL-(dicmor) >>  Acc_2: 0.6766  F1_score: 0.6307  Acc_7: 0.4618  MAE: 0.7331  Loss: 0.7332 
2024-04-07 05:16:08,927 - MMSA [INFO] - TEST-(dicmor) >>  Acc_2: 0.6494  F1_score: 0.5988  Acc_7: 0.4209  MAE: 0.7981  Loss: 0.7984 
2024-04-07 05:22:36,005 - MMSA [INFO] - TRAIN-(dicmor) [1/10/9] >> loss: 3.1013  Acc_2: 0.6693  F1_score: 0.6229  Acc_7: 0.4793  MAE: 0.7428 
2024-04-07 05:22:51,539 - MMSA [INFO] - VAL-(dicmor) >>  Acc_2: 0.6794  F1_score: 0.6285  Acc_7: 0.4554  MAE: 0.7314  Loss: 0.7313 
2024-04-07 05:23:25,235 - MMSA [INFO] - TEST-(dicmor) >>  Acc_2: 0.6585  F1_score: 0.6084  Acc_7: 0.4252  MAE: 0.7960  Loss: 0.7955 
2024-04-07 05:29:56,869 - MMSA [INFO] - TRAIN-(dicmor) [1/11/9] >> loss: 2.9876  Acc_2: 0.6561  F1_score: 0.6075  Acc_7: 0.4570  MAE: 0.7758 
2024-04-07 05:30:11,893 - MMSA [INFO] - VAL-(dicmor) >>  Acc_2: 0.6732  F1_score: 0.6113  Acc_7: 0.4575  MAE: 0.7444  Loss: 0.7443 
2024-04-07 05:30:45,507 - MMSA [INFO] - TEST-(dicmor) >>  Acc_2: 0.6541  F1_score: 0.5981  Acc_7: 0.4246  MAE: 0.7936  Loss: 0.7933 
2024-04-07 05:37:12,500 - MMSA [INFO] - TRAIN-(dicmor) [2/12/9] >> loss: 2.8848  Acc_2: 0.6639  F1_score: 0.6158  Acc_7: 0.4671  MAE: 0.7580 
2024-04-07 05:37:27,624 - MMSA [INFO] - VAL-(dicmor) >>  Acc_2: 0.6725  F1_score: 0.6121  Acc_7: 0.4548  MAE: 0.7430  Loss: 0.7429 
2024-04-07 05:38:01,712 - MMSA [INFO] - TEST-(dicmor) >>  Acc_2: 0.6431  F1_score: 0.5742  Acc_7: 0.4252  MAE: 0.7994  Loss: 0.7986 
2024-04-07 05:44:27,862 - MMSA [INFO] - TRAIN-(dicmor) [3/13/9] >> loss: 2.7613  Acc_2: 0.6603  F1_score: 0.6186  Acc_7: 0.4683  MAE: 0.7620 
2024-04-07 05:44:43,063 - MMSA [INFO] - VAL-(dicmor) >>  Acc_2: 0.6822  F1_score: 0.6132  Acc_7: 0.4554  MAE: 0.7315  Loss: 0.7315 
2024-04-07 05:45:17,010 - MMSA [INFO] - TEST-(dicmor) >>  Acc_2: 0.6549  F1_score: 0.5876  Acc_7: 0.4196  MAE: 0.7969  Loss: 0.7975 
2024-04-07 05:51:45,808 - MMSA [INFO] - TRAIN-(dicmor) [4/14/9] >> loss: 2.6437  Acc_2: 0.6666  F1_score: 0.6198  Acc_7: 0.4694  MAE: 0.7548 
2024-04-07 05:52:00,944 - MMSA [INFO] - VAL-(dicmor) >>  Acc_2: 0.6189  F1_score: 0.6042  Acc_7: 0.4522  MAE: 0.7537  Loss: 0.7537 
2024-04-07 05:52:35,067 - MMSA [INFO] - TEST-(dicmor) >>  Acc_2: 0.6431  F1_score: 0.6313  Acc_7: 0.4228  MAE: 0.7996  Loss: 0.7983 
2024-04-07 05:59:03,400 - MMSA [INFO] - TRAIN-(dicmor) [5/15/9] >> loss: 2.5667  Acc_2: 0.6581  F1_score: 0.6154  Acc_7: 0.4636  MAE: 0.7645 
2024-04-07 05:59:18,576 - MMSA [INFO] - VAL-(dicmor) >>  Acc_2: 0.6627  F1_score: 0.5590  Acc_7: 0.4500  MAE: 0.7506  Loss: 0.7505 
2024-04-07 05:59:52,432 - MMSA [INFO] - TEST-(dicmor) >>  Acc_2: 0.6401  F1_score: 0.5384  Acc_7: 0.4258  MAE: 0.7998  Loss: 0.7994 
2024-04-07 06:06:18,725 - MMSA [INFO] - TRAIN-(dicmor) [6/16/9] >> loss: 2.4531  Acc_2: 0.6675  F1_score: 0.6238  Acc_7: 0.4721  MAE: 0.7527 
2024-04-07 06:06:34,088 - MMSA [INFO] - VAL-(dicmor) >>  Acc_2: 0.6850  F1_score: 0.6487  Acc_7: 0.4698  MAE: 0.7177  Loss: 0.7177 
2024-04-07 06:07:07,831 - MMSA [INFO] - TEST-(dicmor) >>  Acc_2: 0.6519  F1_score: 0.6118  Acc_7: 0.4295  MAE: 0.7863  Loss: 0.7852 
2024-04-07 06:13:39,623 - MMSA [INFO] - TRAIN-(dicmor) [1/17/9] >> loss: 2.3498  Acc_2: 0.6628  F1_score: 0.6257  Acc_7: 0.4682  MAE: 0.7584 
2024-04-07 06:13:55,053 - MMSA [INFO] - VAL-(dicmor) >>  Acc_2: 0.6648  F1_score: 0.5613  Acc_7: 0.4532  MAE: 0.7425  Loss: 0.7424 
2024-04-07 06:14:29,876 - MMSA [INFO] - TEST-(dicmor) >>  Acc_2: 0.6604  F1_score: 0.5628  Acc_7: 0.4278  MAE: 0.7888  Loss: 0.7881 
2024-04-07 06:20:57,627 - MMSA [INFO] - TRAIN-(dicmor) [2/18/9] >> loss: 2.2725  Acc_2: 0.6693  F1_score: 0.6269  Acc_7: 0.4742  MAE: 0.7480 
2024-04-07 06:21:13,055 - MMSA [INFO] - VAL-(dicmor) >>  Acc_2: 0.6391  F1_score: 0.6189  Acc_7: 0.4532  MAE: 0.7442  Loss: 0.7441 
2024-04-07 06:21:47,454 - MMSA [INFO] - TEST-(dicmor) >>  Acc_2: 0.6384  F1_score: 0.6234  Acc_7: 0.4280  MAE: 0.7996  Loss: 0.7993 
2024-04-07 06:28:16,611 - MMSA [INFO] - TRAIN-(dicmor) [3/19/9] >> loss: 2.1785  Acc_2: 0.6657  F1_score: 0.6213  Acc_7: 0.4685  MAE: 0.7572 
2024-04-07 06:28:32,108 - MMSA [INFO] - VAL-(dicmor) >>  Acc_2: 0.6739  F1_score: 0.6086  Acc_7: 0.4474  MAE: 0.7490  Loss: 0.7491 
2024-04-07 06:29:06,527 - MMSA [INFO] - TEST-(dicmor) >>  Acc_2: 0.6657  F1_score: 0.6126  Acc_7: 0.4310  MAE: 0.7828  Loss: 0.7832 
2024-04-07 06:35:32,505 - MMSA [INFO] - TRAIN-(dicmor) [4/20/9] >> loss: 2.0971  Acc_2: 0.6696  F1_score: 0.6320  Acc_7: 0.4750  MAE: 0.7487 
2024-04-07 06:35:47,837 - MMSA [INFO] - VAL-(dicmor) >>  Acc_2: 0.6579  F1_score: 0.6338  Acc_7: 0.4484  MAE: 0.7388  Loss: 0.7386 
2024-04-07 06:36:22,020 - MMSA [INFO] - TEST-(dicmor) >>  Acc_2: 0.6486  F1_score: 0.6225  Acc_7: 0.4226  MAE: 0.7980  Loss: 0.7960 
2024-04-07 06:42:50,523 - MMSA [INFO] - TRAIN-(dicmor) [5/21/9] >> loss: 2.0315  Acc_2: 0.6672  F1_score: 0.6240  Acc_7: 0.4613  MAE: 0.7651 
2024-04-07 06:43:06,060 - MMSA [INFO] - VAL-(dicmor) >>  Acc_2: 0.6718  F1_score: 0.5732  Acc_7: 0.4516  MAE: 0.7429  Loss: 0.7428 
2024-04-07 06:43:40,706 - MMSA [INFO] - TEST-(dicmor) >>  Acc_2: 0.6524  F1_score: 0.5501  Acc_7: 0.4200  MAE: 0.7980  Loss: 0.7988 
2024-04-07 06:50:06,131 - MMSA [INFO] - TRAIN-(dicmor) [6/22/9] >> loss: 1.9652  Acc_2: 0.6746  F1_score: 0.6360  Acc_7: 0.4767  MAE: 0.7427 
2024-04-07 06:50:21,656 - MMSA [INFO] - VAL-(dicmor) >>  Acc_2: 0.6801  F1_score: 0.6023  Acc_7: 0.4527  MAE: 0.7309  Loss: 0.7308 
2024-04-07 06:50:55,962 - MMSA [INFO] - TEST-(dicmor) >>  Acc_2: 0.6522  F1_score: 0.5605  Acc_7: 0.4235  MAE: 0.7962  Loss: 0.7952 
2024-04-07 06:57:26,114 - MMSA [INFO] - TRAIN-(dicmor) [7/23/9] >> loss: 1.9131  Acc_2: 0.6787  F1_score: 0.6403  Acc_7: 0.4696  MAE: 0.7512 
2024-04-07 06:57:41,738 - MMSA [INFO] - VAL-(dicmor) >>  Acc_2: 0.6627  F1_score: 0.6347  Acc_7: 0.4532  MAE: 0.7361  Loss: 0.7362 
2024-04-07 06:58:16,493 - MMSA [INFO] - TEST-(dicmor) >>  Acc_2: 0.6615  F1_score: 0.6374  Acc_7: 0.4222  MAE: 0.7967  Loss: 0.7964 
2024-04-07 07:04:44,913 - MMSA [INFO] - TRAIN-(dicmor) [8/24/9] >> loss: 1.8793  Acc_2: 0.6816  F1_score: 0.6484  Acc_7: 0.4753  MAE: 0.7447 
2024-04-07 07:05:00,508 - MMSA [INFO] - VAL-(dicmor) >>  Acc_2: 0.6586  F1_score: 0.6100  Acc_7: 0.4511  MAE: 0.7435  Loss: 0.7435 
2024-04-07 07:05:35,106 - MMSA [INFO] - TEST-(dicmor) >>  Acc_2: 0.6615  F1_score: 0.6265  Acc_7: 0.4261  MAE: 0.7925  Loss: 0.7922 
2024-04-07 07:12:04,821 - MMSA [INFO] - TRAIN-(dicmor) [9/25/9] >> loss: 1.8686  Acc_2: 0.6786  F1_score: 0.6446  Acc_7: 0.4712  MAE: 0.7501 
2024-04-07 07:12:20,200 - MMSA [INFO] - VAL-(dicmor) >>  Acc_2: 0.6627  F1_score: 0.6436  Acc_7: 0.4623  MAE: 0.7236  Loss: 0.7236 
2024-04-07 07:12:54,179 - MMSA [INFO] - TEST-(dicmor) >>  Acc_2: 0.6574  F1_score: 0.6406  Acc_7: 0.4228  MAE: 0.7853  Loss: 0.7857 
2024-04-07 07:19:21,693 - MMSA [INFO] - TRAIN-(dicmor) [10/26/9] >> loss: 1.8401  Acc_2: 0.6877  F1_score: 0.6599  Acc_7: 0.4800  MAE: 0.7353 
2024-04-07 07:19:37,062 - MMSA [INFO] - VAL-(dicmor) >>  Acc_2: 0.6370  F1_score: 0.6233  Acc_7: 0.4570  MAE: 0.7471  Loss: 0.7471 
2024-04-07 07:20:10,768 - MMSA [INFO] - TEST-(dicmor) >>  Acc_2: 0.6335  F1_score: 0.6220  Acc_7: 0.4265  MAE: 0.7999  Loss: 0.7988 
2024-04-07 07:20:49,432 - MMSA [INFO] - TEST-(dicmor) >>  Acc_2: 0.6513  F1_score: 0.6061  Acc_7: 0.4233  MAE: 0.7968  Loss: 0.7964 
2024-04-07 07:20:50,567 - MMSA [INFO] - Results saved to result/IIML/mr_07/118/normal/mosei.csv.
