2024-04-10 07:58:41,735 - MMSA [INFO] - train samples: (16326,)
2024-04-10 07:58:43,160 - MMSA [INFO] - valid samples: (1871,)
2024-04-10 07:58:44,586 - MMSA [INFO] - test samples: (4659,)
2024-04-10 08:04:59,618 - MMSA [INFO] - TRAIN-(dicmor) [1/1/1] >> loss: 5.337  Acc_2: 0.6758  F1_score: 0.6424  Acc_7: 0.5078  MAE: 0.7132 
2024-04-10 08:05:14,577 - MMSA [INFO] - VAL-(dicmor) >>  Acc_2: 0.6829  F1_score: 0.6197  Acc_7: 0.4586  MAE: 0.7201  Loss: 0.7200 
2024-04-10 08:05:47,513 - MMSA [INFO] - TEST-(dicmor) >>  Acc_2: 0.6613  F1_score: 0.5938  Acc_7: 0.4334  MAE: 0.7743  Loss: 0.7735 
2024-04-10 08:12:03,415 - MMSA [INFO] - TRAIN-(dicmor) [1/2/1] >> loss: 4.4924  Acc_2: 0.6919  F1_score: 0.6535  Acc_7: 0.5092  MAE: 0.7028 
2024-04-10 08:12:18,185 - MMSA [INFO] - VAL-(dicmor) >>  Acc_2: 0.6878  F1_score: 0.6158  Acc_7: 0.4629  MAE: 0.7205  Loss: 0.7204 
2024-04-10 08:12:51,690 - MMSA [INFO] - TEST-(dicmor) >>  Acc_2: 0.6852  F1_score: 0.6191  Acc_7: 0.4392  MAE: 0.7607  Loss: 0.7605 
2024-04-10 08:19:10,091 - MMSA [INFO] - TRAIN-(dicmor) [2/3/1] >> loss: 4.1861  Acc_2: 0.7012  F1_score: 0.6622  Acc_7: 0.5195  MAE: 0.6872 
2024-04-10 08:19:25,176 - MMSA [INFO] - VAL-(dicmor) >>  Acc_2: 0.6752  F1_score: 0.5773  Acc_7: 0.4671  MAE: 0.7358  Loss: 0.7359 
2024-04-10 08:19:58,963 - MMSA [INFO] - TEST-(dicmor) >>  Acc_2: 0.6750  F1_score: 0.5970  Acc_7: 0.4273  MAE: 0.7784  Loss: 0.7781 
2024-04-10 08:26:22,017 - MMSA [INFO] - TRAIN-(dicmor) [3/4/1] >> loss: 3.9828  Acc_2: 0.6896  F1_score: 0.6491  Acc_7: 0.5051  MAE: 0.7074 
2024-04-10 08:26:37,237 - MMSA [INFO] - VAL-(dicmor) >>  Acc_2: 0.6752  F1_score: 0.6089  Acc_7: 0.4629  MAE: 0.7290  Loss: 0.7290 
2024-04-10 08:27:11,651 - MMSA [INFO] - TEST-(dicmor) >>  Acc_2: 0.6593  F1_score: 0.5924  Acc_7: 0.4361  MAE: 0.7771  Loss: 0.7778 
2024-04-10 08:33:33,966 - MMSA [INFO] - TRAIN-(dicmor) [4/5/1] >> loss: 3.8253  Acc_2: 0.6900  F1_score: 0.6500  Acc_7: 0.5089  MAE: 0.7009 
2024-04-10 08:33:49,116 - MMSA [INFO] - VAL-(dicmor) >>  Acc_2: 0.6933  F1_score: 0.6198  Acc_7: 0.4682  MAE: 0.7204  Loss: 0.7205 
2024-04-10 08:34:23,342 - MMSA [INFO] - TEST-(dicmor) >>  Acc_2: 0.6673  F1_score: 0.5866  Acc_7: 0.4267  MAE: 0.7847  Loss: 0.7833 
2024-04-10 08:40:45,719 - MMSA [INFO] - TRAIN-(dicmor) [5/6/1] >> loss: 3.671  Acc_2: 0.6978  F1_score: 0.6586  Acc_7: 0.5173  MAE: 0.6904 
2024-04-10 08:41:00,955 - MMSA [INFO] - VAL-(dicmor) >>  Acc_2: 0.6919  F1_score: 0.6257  Acc_7: 0.4730  MAE: 0.6959  Loss: 0.6957 
2024-04-10 08:41:35,484 - MMSA [INFO] - TEST-(dicmor) >>  Acc_2: 0.6681  F1_score: 0.5860  Acc_7: 0.4327  MAE: 0.7749  Loss: 0.7741 
2024-04-10 08:48:00,907 - MMSA [INFO] - TRAIN-(dicmor) [1/7/1] >> loss: 3.5337  Acc_2: 0.6999  F1_score: 0.6616  Acc_7: 0.5232  MAE: 0.6868 
2024-04-10 08:48:16,347 - MMSA [INFO] - VAL-(dicmor) >>  Acc_2: 0.7017  F1_score: 0.6343  Acc_7: 0.4575  MAE: 0.7144  Loss: 0.7146 
2024-04-10 08:48:49,884 - MMSA [INFO] - TEST-(dicmor) >>  Acc_2: 0.6734  F1_score: 0.5953  Acc_7: 0.4263  MAE: 0.7774  Loss: 0.7758 
2024-04-10 08:55:14,109 - MMSA [INFO] - TRAIN-(dicmor) [2/8/1] >> loss: 3.3915  Acc_2: 0.7002  F1_score: 0.6615  Acc_7: 0.5224  MAE: 0.6852 
2024-04-10 08:55:29,509 - MMSA [INFO] - VAL-(dicmor) >>  Acc_2: 0.6808  F1_score: 0.6422  Acc_7: 0.4613  MAE: 0.7183  Loss: 0.7185 
2024-04-10 08:56:03,225 - MMSA [INFO] - TEST-(dicmor) >>  Acc_2: 0.6687  F1_score: 0.6362  Acc_7: 0.4364  MAE: 0.7692  Loss: 0.7683 
2024-04-10 09:02:26,285 - MMSA [INFO] - TRAIN-(dicmor) [3/9/1] >> loss: 3.2628  Acc_2: 0.6962  F1_score: 0.6615  Acc_7: 0.5179  MAE: 0.6861 
2024-04-10 09:02:41,854 - MMSA [INFO] - VAL-(dicmor) >>  Acc_2: 0.6704  F1_score: 0.6233  Acc_7: 0.4682  MAE: 0.7159  Loss: 0.7158 
2024-04-10 09:03:16,646 - MMSA [INFO] - TEST-(dicmor) >>  Acc_2: 0.6690  F1_score: 0.6232  Acc_7: 0.4321  MAE: 0.7678  Loss: 0.7662 
2024-04-10 09:09:44,097 - MMSA [INFO] - TRAIN-(dicmor) [4/10/1] >> loss: 3.1486  Acc_2: 0.7068  F1_score: 0.6742  Acc_7: 0.5246  MAE: 0.6799 
2024-04-10 09:09:59,543 - MMSA [INFO] - VAL-(dicmor) >>  Acc_2: 0.6773  F1_score: 0.6511  Acc_7: 0.4645  MAE: 0.7295  Loss: 0.7292 
2024-04-10 09:10:33,678 - MMSA [INFO] - TEST-(dicmor) >>  Acc_2: 0.6717  F1_score: 0.6462  Acc_7: 0.4424  MAE: 0.7599  Loss: 0.7587 
2024-04-10 09:16:58,538 - MMSA [INFO] - TRAIN-(dicmor) [5/11/1] >> loss: 3.0221  Acc_2: 0.7010  F1_score: 0.6662  Acc_7: 0.5199  MAE: 0.6893 
2024-04-10 09:17:13,778 - MMSA [INFO] - VAL-(dicmor) >>  Acc_2: 0.6481  F1_score: 0.6463  Acc_7: 0.4650  MAE: 0.7196  Loss: 0.7195 
2024-04-10 09:17:48,317 - MMSA [INFO] - TEST-(dicmor) >>  Acc_2: 0.6731  F1_score: 0.6694  Acc_7: 0.4353  MAE: 0.7624  Loss: 0.7626 
2024-04-10 09:24:15,289 - MMSA [INFO] - TRAIN-(dicmor) [6/12/1] >> loss: 2.8948  Acc_2: 0.7041  F1_score: 0.6724  Acc_7: 0.5306  MAE: 0.6706 
2024-04-10 09:24:30,492 - MMSA [INFO] - VAL-(dicmor) >>  Acc_2: 0.6843  F1_score: 0.6147  Acc_7: 0.4655  MAE: 0.7254  Loss: 0.7253 
2024-04-10 09:25:04,757 - MMSA [INFO] - TEST-(dicmor) >>  Acc_2: 0.6676  F1_score: 0.5967  Acc_7: 0.4359  MAE: 0.7702  Loss: 0.7689 
2024-04-10 09:31:32,394 - MMSA [INFO] - TRAIN-(dicmor) [7/13/1] >> loss: 2.8145  Acc_2: 0.6997  F1_score: 0.6658  Acc_7: 0.5175  MAE: 0.6907 
2024-04-10 09:31:47,878 - MMSA [INFO] - VAL-(dicmor) >>  Acc_2: 0.6732  F1_score: 0.6418  Acc_7: 0.4666  MAE: 0.7141  Loss: 0.7141 
2024-04-10 09:32:22,098 - MMSA [INFO] - TEST-(dicmor) >>  Acc_2: 0.6822  F1_score: 0.6534  Acc_7: 0.4394  MAE: 0.7603  Loss: 0.7601 
2024-04-10 09:38:50,606 - MMSA [INFO] - TRAIN-(dicmor) [8/14/1] >> loss: 2.7558  Acc_2: 0.7080  F1_score: 0.6769  Acc_7: 0.5231  MAE: 0.6775 
2024-04-10 09:39:06,064 - MMSA [INFO] - VAL-(dicmor) >>  Acc_2: 0.6843  F1_score: 0.6052  Acc_7: 0.4522  MAE: 0.7283  Loss: 0.7284 
2024-04-10 09:39:40,195 - MMSA [INFO] - TEST-(dicmor) >>  Acc_2: 0.6794  F1_score: 0.6070  Acc_7: 0.4368  MAE: 0.7604  Loss: 0.7593 
2024-04-10 09:46:06,378 - MMSA [INFO] - TRAIN-(dicmor) [9/15/1] >> loss: 2.6946  Acc_2: 0.7076  F1_score: 0.6765  Acc_7: 0.5274  MAE: 0.6733 
2024-04-10 09:46:21,794 - MMSA [INFO] - VAL-(dicmor) >>  Acc_2: 0.6745  F1_score: 0.6231  Acc_7: 0.4698  MAE: 0.7237  Loss: 0.7237 
2024-04-10 09:46:56,415 - MMSA [INFO] - TEST-(dicmor) >>  Acc_2: 0.6849  F1_score: 0.6447  Acc_7: 0.4413  MAE: 0.7521  Loss: 0.7513 
2024-04-10 09:53:17,417 - MMSA [INFO] - TRAIN-(dicmor) [10/16/1] >> loss: 2.6481  Acc_2: 0.7022  F1_score: 0.6712  Acc_7: 0.5164  MAE: 0.6908 
2024-04-10 09:53:32,839 - MMSA [INFO] - VAL-(dicmor) >>  Acc_2: 0.6968  F1_score: 0.6692  Acc_7: 0.4703  MAE: 0.7123  Loss: 0.7124 
2024-04-10 09:54:06,822 - MMSA [INFO] - TEST-(dicmor) >>  Acc_2: 0.6778  F1_score: 0.6516  Acc_7: 0.4430  MAE: 0.7586  Loss: 0.7577 
2024-04-10 09:54:42,717 - MMSA [INFO] - TEST-(dicmor) >>  Acc_2: 0.6767  F1_score: 0.6030  Acc_7: 0.4340  MAE: 0.7563  Loss: 0.7553 
2024-04-10 09:54:45,177 - MMSA [INFO] - train samples: (16326,)
2024-04-10 09:54:46,606 - MMSA [INFO] - valid samples: (1871,)
2024-04-10 09:54:48,016 - MMSA [INFO] - test samples: (4659,)
2024-04-10 10:00:58,400 - MMSA [INFO] - TRAIN-(dicmor) [1/1/2] >> loss: 5.2878  Acc_2: 0.6897  F1_score: 0.6559  Acc_7: 0.5095  MAE: 0.7025 
2024-04-10 10:01:13,211 - MMSA [INFO] - VAL-(dicmor) >>  Acc_2: 0.6864  F1_score: 0.6028  Acc_7: 0.4564  MAE: 0.7315  Loss: 0.7314 
2024-04-10 10:01:46,743 - MMSA [INFO] - TEST-(dicmor) >>  Acc_2: 0.6709  F1_score: 0.5952  Acc_7: 0.4293  MAE: 0.7824  Loss: 0.7818 
2024-04-10 10:08:08,941 - MMSA [INFO] - TRAIN-(dicmor) [1/2/2] >> loss: 4.4639  Acc_2: 0.6897  F1_score: 0.6492  Acc_7: 0.5092  MAE: 0.7067 
2024-04-10 10:08:24,004 - MMSA [INFO] - VAL-(dicmor) >>  Acc_2: 0.6683  F1_score: 0.6287  Acc_7: 0.4693  MAE: 0.7289  Loss: 0.7288 
2024-04-10 10:08:57,710 - MMSA [INFO] - TEST-(dicmor) >>  Acc_2: 0.6665  F1_score: 0.6306  Acc_7: 0.4346  MAE: 0.7681  Loss: 0.7669 
2024-04-10 10:15:25,911 - MMSA [INFO] - TRAIN-(dicmor) [1/3/2] >> loss: 4.1872  Acc_2: 0.7074  F1_score: 0.6731  Acc_7: 0.5320  MAE: 0.6738 
2024-04-10 10:15:40,773 - MMSA [INFO] - VAL-(dicmor) >>  Acc_2: 0.6947  F1_score: 0.6330  Acc_7: 0.4698  MAE: 0.7018  Loss: 0.7017 
2024-04-10 10:16:14,034 - MMSA [INFO] - TEST-(dicmor) >>  Acc_2: 0.6703  F1_score: 0.5971  Acc_7: 0.4353  MAE: 0.7770  Loss: 0.7774 
2024-04-10 10:22:42,241 - MMSA [INFO] - TRAIN-(dicmor) [1/4/2] >> loss: 3.9748  Acc_2: 0.6967  F1_score: 0.6591  Acc_7: 0.5200  MAE: 0.6901 
2024-04-10 10:22:57,200 - MMSA [INFO] - VAL-(dicmor) >>  Acc_2: 0.6822  F1_score: 0.5933  Acc_7: 0.4677  MAE: 0.7408  Loss: 0.7409 
2024-04-10 10:23:31,107 - MMSA [INFO] - TEST-(dicmor) >>  Acc_2: 0.6745  F1_score: 0.5961  Acc_7: 0.4267  MAE: 0.7865  Loss: 0.7859 
2024-04-10 10:29:56,195 - MMSA [INFO] - TRAIN-(dicmor) [2/5/2] >> loss: 3.8118  Acc_2: 0.7087  F1_score: 0.6681  Acc_7: 0.5283  MAE: 0.6729 
2024-04-10 10:30:11,349 - MMSA [INFO] - VAL-(dicmor) >>  Acc_2: 0.6975  F1_score: 0.6564  Acc_7: 0.4794  MAE: 0.7058  Loss: 0.7058 
2024-04-10 10:30:45,460 - MMSA [INFO] - TEST-(dicmor) >>  Acc_2: 0.6684  F1_score: 0.6230  Acc_7: 0.4267  MAE: 0.7726  Loss: 0.7718 
2024-04-10 10:37:10,019 - MMSA [INFO] - TRAIN-(dicmor) [3/6/2] >> loss: 3.71  Acc_2: 0.7040  F1_score: 0.6705  Acc_7: 0.5299  MAE: 0.6749 
2024-04-10 10:37:25,028 - MMSA [INFO] - VAL-(dicmor) >>  Acc_2: 0.6926  F1_score: 0.6193  Acc_7: 0.4607  MAE: 0.7188  Loss: 0.7189 
2024-04-10 10:37:58,547 - MMSA [INFO] - TEST-(dicmor) >>  Acc_2: 0.6679  F1_score: 0.5873  Acc_7: 0.4297  MAE: 0.7792  Loss: 0.7784 
2024-04-10 10:44:25,476 - MMSA [INFO] - TRAIN-(dicmor) [4/7/2] >> loss: 3.5005  Acc_2: 0.7112  F1_score: 0.6743  Acc_7: 0.5322  MAE: 0.6750 
2024-04-10 10:44:40,647 - MMSA [INFO] - VAL-(dicmor) >>  Acc_2: 0.6996  F1_score: 0.6385  Acc_7: 0.4741  MAE: 0.7098  Loss: 0.7098 
2024-04-10 10:45:15,194 - MMSA [INFO] - TEST-(dicmor) >>  Acc_2: 0.6775  F1_score: 0.6111  Acc_7: 0.4387  MAE: 0.7627  Loss: 0.7624 
2024-04-10 10:51:40,220 - MMSA [INFO] - TRAIN-(dicmor) [5/8/2] >> loss: 3.3807  Acc_2: 0.7018  F1_score: 0.6668  Acc_7: 0.5262  MAE: 0.6752 
2024-04-10 10:51:55,422 - MMSA [INFO] - VAL-(dicmor) >>  Acc_2: 0.6898  F1_score: 0.6274  Acc_7: 0.4741  MAE: 0.7141  Loss: 0.7140 
2024-04-10 10:52:29,328 - MMSA [INFO] - TEST-(dicmor) >>  Acc_2: 0.6772  F1_score: 0.6114  Acc_7: 0.4359  MAE: 0.7630  Loss: 0.7632 
2024-04-10 10:58:54,360 - MMSA [INFO] - TRAIN-(dicmor) [6/9/2] >> loss: 3.2613  Acc_2: 0.6975  F1_score: 0.6612  Acc_7: 0.5239  MAE: 0.6859 
2024-04-10 10:59:09,719 - MMSA [INFO] - VAL-(dicmor) >>  Acc_2: 0.6690  F1_score: 0.6471  Acc_7: 0.4751  MAE: 0.7083  Loss: 0.7083 
2024-04-10 10:59:44,144 - MMSA [INFO] - TEST-(dicmor) >>  Acc_2: 0.6695  F1_score: 0.6481  Acc_7: 0.4314  MAE: 0.7745  Loss: 0.7736 
2024-04-10 11:06:13,946 - MMSA [INFO] - TRAIN-(dicmor) [7/10/2] >> loss: 3.1443  Acc_2: 0.7098  F1_score: 0.6780  Acc_7: 0.5392  MAE: 0.6607 
2024-04-10 11:06:29,476 - MMSA [INFO] - VAL-(dicmor) >>  Acc_2: 0.6864  F1_score: 0.6366  Acc_7: 0.4639  MAE: 0.7196  Loss: 0.7197 
2024-04-10 11:07:04,234 - MMSA [INFO] - TEST-(dicmor) >>  Acc_2: 0.6659  F1_score: 0.6179  Acc_7: 0.4329  MAE: 0.7695  Loss: 0.7683 
2024-04-10 11:13:33,098 - MMSA [INFO] - TRAIN-(dicmor) [8/11/2] >> loss: 3.0775  Acc_2: 0.7065  F1_score: 0.6736  Acc_7: 0.5272  MAE: 0.6697 
2024-04-10 11:13:48,505 - MMSA [INFO] - VAL-(dicmor) >>  Acc_2: 0.7149  F1_score: 0.6991  Acc_7: 0.4709  MAE: 0.6932  Loss: 0.6933 
2024-04-10 11:14:22,253 - MMSA [INFO] - TEST-(dicmor) >>  Acc_2: 0.6714  F1_score: 0.6477  Acc_7: 0.4344  MAE: 0.7700  Loss: 0.7698 
2024-04-10 11:20:56,799 - MMSA [INFO] - TRAIN-(dicmor) [1/12/2] >> loss: 3.0422  Acc_2: 0.6918  F1_score: 0.6573  Acc_7: 0.5111  MAE: 0.6988 
2024-04-10 11:21:12,467 - MMSA [INFO] - VAL-(dicmor) >>  Acc_2: 0.7024  F1_score: 0.6791  Acc_7: 0.4725  MAE: 0.7056  Loss: 0.7056 
2024-04-10 11:21:46,987 - MMSA [INFO] - TEST-(dicmor) >>  Acc_2: 0.6742  F1_score: 0.6480  Acc_7: 0.4407  MAE: 0.7630  Loss: 0.7620 
2024-04-10 11:28:16,623 - MMSA [INFO] - TRAIN-(dicmor) [2/13/2] >> loss: 2.9819  Acc_2: 0.7095  F1_score: 0.6797  Acc_7: 0.5293  MAE: 0.6758 
2024-04-10 11:28:32,056 - MMSA [INFO] - VAL-(dicmor) >>  Acc_2: 0.6460  F1_score: 0.6387  Acc_7: 0.4682  MAE: 0.7104  Loss: 0.7103 
2024-04-10 11:29:06,983 - MMSA [INFO] - TEST-(dicmor) >>  Acc_2: 0.6596  F1_score: 0.6525  Acc_7: 0.4424  MAE: 0.7709  Loss: 0.7703 
2024-04-10 11:35:37,140 - MMSA [INFO] - TRAIN-(dicmor) [3/14/2] >> loss: 2.9309  Acc_2: 0.7037  F1_score: 0.6741  Acc_7: 0.5219  MAE: 0.6819 
2024-04-10 11:35:52,497 - MMSA [INFO] - VAL-(dicmor) >>  Acc_2: 0.6808  F1_score: 0.6575  Acc_7: 0.4693  MAE: 0.7145  Loss: 0.7144 
2024-04-10 11:36:27,262 - MMSA [INFO] - TEST-(dicmor) >>  Acc_2: 0.6835  F1_score: 0.6653  Acc_7: 0.4501  MAE: 0.7454  Loss: 0.7446 
2024-04-10 11:42:55,530 - MMSA [INFO] - TRAIN-(dicmor) [4/15/2] >> loss: 2.8496  Acc_2: 0.7109  F1_score: 0.6815  Acc_7: 0.5288  MAE: 0.6724 
2024-04-10 11:43:11,021 - MMSA [INFO] - VAL-(dicmor) >>  Acc_2: 0.6864  F1_score: 0.6595  Acc_7: 0.4746  MAE: 0.7026  Loss: 0.7024 
2024-04-10 11:43:45,114 - MMSA [INFO] - TEST-(dicmor) >>  Acc_2: 0.6874  F1_score: 0.6648  Acc_7: 0.4458  MAE: 0.7488  Loss: 0.7471 
2024-04-10 11:50:13,348 - MMSA [INFO] - TRAIN-(dicmor) [5/16/2] >> loss: 2.8049  Acc_2: 0.7098  F1_score: 0.6795  Acc_7: 0.5293  MAE: 0.6766 
2024-04-10 11:50:28,691 - MMSA [INFO] - VAL-(dicmor) >>  Acc_2: 0.6780  F1_score: 0.6074  Acc_7: 0.4639  MAE: 0.7172  Loss: 0.7175 
2024-04-10 11:51:03,288 - MMSA [INFO] - TEST-(dicmor) >>  Acc_2: 0.6709  F1_score: 0.5986  Acc_7: 0.4370  MAE: 0.7721  Loss: 0.7707 
2024-04-10 11:57:31,103 - MMSA [INFO] - TRAIN-(dicmor) [6/17/2] >> loss: 2.7599  Acc_2: 0.7150  F1_score: 0.6868  Acc_7: 0.5298  MAE: 0.6720 
2024-04-10 11:57:46,415 - MMSA [INFO] - VAL-(dicmor) >>  Acc_2: 0.6641  F1_score: 0.6587  Acc_7: 0.4693  MAE: 0.7048  Loss: 0.7046 
2024-04-10 11:58:21,251 - MMSA [INFO] - TEST-(dicmor) >>  Acc_2: 0.6679  F1_score: 0.6616  Acc_7: 0.4452  MAE: 0.7583  Loss: 0.7582 
2024-04-10 12:04:50,637 - MMSA [INFO] - TRAIN-(dicmor) [7/18/2] >> loss: 2.7201  Acc_2: 0.7025  F1_score: 0.6707  Acc_7: 0.5120  MAE: 0.6954 
2024-04-10 12:05:06,044 - MMSA [INFO] - VAL-(dicmor) >>  Acc_2: 0.6697  F1_score: 0.6403  Acc_7: 0.4586  MAE: 0.7237  Loss: 0.7236 
2024-04-10 12:05:40,703 - MMSA [INFO] - TEST-(dicmor) >>  Acc_2: 0.6775  F1_score: 0.6532  Acc_7: 0.4404  MAE: 0.7577  Loss: 0.7568 
2024-04-10 12:12:06,392 - MMSA [INFO] - TRAIN-(dicmor) [8/19/2] >> loss: 2.6856  Acc_2: 0.7099  F1_score: 0.6824  Acc_7: 0.5247  MAE: 0.6741 
2024-04-10 12:12:21,851 - MMSA [INFO] - VAL-(dicmor) >>  Acc_2: 0.6592  F1_score: 0.6429  Acc_7: 0.4805  MAE: 0.7126  Loss: 0.7126 
2024-04-10 12:12:56,603 - MMSA [INFO] - TEST-(dicmor) >>  Acc_2: 0.6745  F1_score: 0.6572  Acc_7: 0.4325  MAE: 0.7656  Loss: 0.7637 
2024-04-10 12:19:21,266 - MMSA [INFO] - TRAIN-(dicmor) [9/20/2] >> loss: 2.6488  Acc_2: 0.7002  F1_score: 0.6709  Acc_7: 0.5172  MAE: 0.6884 
2024-04-10 12:19:36,591 - MMSA [INFO] - VAL-(dicmor) >>  Acc_2: 0.6801  F1_score: 0.6046  Acc_7: 0.4634  MAE: 0.7214  Loss: 0.7214 
2024-04-10 12:20:11,071 - MMSA [INFO] - TEST-(dicmor) >>  Acc_2: 0.6742  F1_score: 0.6048  Acc_7: 0.4280  MAE: 0.7720  Loss: 0.7724 
2024-04-10 12:26:34,817 - MMSA [INFO] - TRAIN-(dicmor) [10/21/2] >> loss: 2.625  Acc_2: 0.7145  F1_score: 0.6895  Acc_7: 0.5366  MAE: 0.6624 
2024-04-10 12:26:50,178 - MMSA [INFO] - VAL-(dicmor) >>  Acc_2: 0.6892  F1_score: 0.6757  Acc_7: 0.4677  MAE: 0.7044  Loss: 0.7043 
2024-04-10 12:27:24,838 - MMSA [INFO] - TEST-(dicmor) >>  Acc_2: 0.6687  F1_score: 0.6499  Acc_7: 0.4325  MAE: 0.7738  Loss: 0.7737 
2024-04-10 12:28:01,211 - MMSA [INFO] - TEST-(dicmor) >>  Acc_2: 0.6764  F1_score: 0.6527  Acc_7: 0.4355  MAE: 0.7607  Loss: 0.7594 
2024-04-10 12:28:03,671 - MMSA [INFO] - train samples: (16326,)
2024-04-10 12:28:05,097 - MMSA [INFO] - valid samples: (1871,)
2024-04-10 12:28:06,501 - MMSA [INFO] - test samples: (4659,)
2024-04-10 12:34:19,665 - MMSA [INFO] - TRAIN-(dicmor) [1/1/3] >> loss: 5.32  Acc_2: 0.6925  F1_score: 0.6586  Acc_7: 0.5187  MAE: 0.6908 
2024-04-10 12:34:34,624 - MMSA [INFO] - VAL-(dicmor) >>  Acc_2: 0.6975  F1_score: 0.6394  Acc_7: 0.4645  MAE: 0.7056  Loss: 0.7056 
2024-04-10 12:35:08,237 - MMSA [INFO] - TEST-(dicmor) >>  Acc_2: 0.6709  F1_score: 0.6044  Acc_7: 0.4312  MAE: 0.7781  Loss: 0.7772 
2024-04-10 12:41:27,567 - MMSA [INFO] - TRAIN-(dicmor) [1/2/3] >> loss: 4.5077  Acc_2: 0.6922  F1_score: 0.6528  Acc_7: 0.5122  MAE: 0.6990 
2024-04-10 12:41:42,460 - MMSA [INFO] - VAL-(dicmor) >>  Acc_2: 0.6725  F1_score: 0.6594  Acc_7: 0.4757  MAE: 0.7079  Loss: 0.7077 
2024-04-10 12:42:16,294 - MMSA [INFO] - TEST-(dicmor) >>  Acc_2: 0.6494  F1_score: 0.6384  Acc_7: 0.4329  MAE: 0.7772  Loss: 0.7771 
2024-04-10 12:48:34,082 - MMSA [INFO] - TRAIN-(dicmor) [2/3/3] >> loss: 4.1638  Acc_2: 0.6888  F1_score: 0.6494  Acc_7: 0.5153  MAE: 0.6952 
2024-04-10 12:48:48,999 - MMSA [INFO] - VAL-(dicmor) >>  Acc_2: 0.6933  F1_score: 0.6368  Acc_7: 0.4500  MAE: 0.7165  Loss: 0.7165 
2024-04-10 12:49:22,977 - MMSA [INFO] - TEST-(dicmor) >>  Acc_2: 0.6703  F1_score: 0.6027  Acc_7: 0.4314  MAE: 0.7733  Loss: 0.7724 
2024-04-10 12:55:43,066 - MMSA [INFO] - TRAIN-(dicmor) [3/4/3] >> loss: 3.9913  Acc_2: 0.6897  F1_score: 0.6471  Acc_7: 0.5113  MAE: 0.7004 
2024-04-10 12:55:58,158 - MMSA [INFO] - VAL-(dicmor) >>  Acc_2: 0.6801  F1_score: 0.6448  Acc_7: 0.4559  MAE: 0.7257  Loss: 0.7257 
2024-04-10 12:56:31,583 - MMSA [INFO] - TEST-(dicmor) >>  Acc_2: 0.6596  F1_score: 0.6317  Acc_7: 0.4319  MAE: 0.7690  Loss: 0.7682 
2024-04-10 13:02:54,692 - MMSA [INFO] - TRAIN-(dicmor) [4/5/3] >> loss: 3.8318  Acc_2: 0.6988  F1_score: 0.6596  Acc_7: 0.5200  MAE: 0.6863 
2024-04-10 13:03:09,646 - MMSA [INFO] - VAL-(dicmor) >>  Acc_2: 0.6370  F1_score: 0.6335  Acc_7: 0.4543  MAE: 0.7349  Loss: 0.7349 
2024-04-10 13:03:43,995 - MMSA [INFO] - TEST-(dicmor) >>  Acc_2: 0.6467  F1_score: 0.6393  Acc_7: 0.4314  MAE: 0.7843  Loss: 0.7844 
2024-04-10 13:10:09,759 - MMSA [INFO] - TRAIN-(dicmor) [5/6/3] >> loss: 3.6784  Acc_2: 0.6960  F1_score: 0.6574  Acc_7: 0.5225  MAE: 0.6852 
2024-04-10 13:10:25,202 - MMSA [INFO] - VAL-(dicmor) >>  Acc_2: 0.6961  F1_score: 0.6473  Acc_7: 0.4677  MAE: 0.7196  Loss: 0.7197 
2024-04-10 13:10:59,295 - MMSA [INFO] - TEST-(dicmor) >>  Acc_2: 0.6607  F1_score: 0.6004  Acc_7: 0.4323  MAE: 0.7774  Loss: 0.7771 
2024-04-10 13:17:23,828 - MMSA [INFO] - TRAIN-(dicmor) [6/7/3] >> loss: 3.5351  Acc_2: 0.7016  F1_score: 0.6633  Acc_7: 0.5187  MAE: 0.6931 
2024-04-10 13:17:38,987 - MMSA [INFO] - VAL-(dicmor) >>  Acc_2: 0.6711  F1_score: 0.5808  Acc_7: 0.4516  MAE: 0.7438  Loss: 0.7438 
2024-04-10 13:18:13,243 - MMSA [INFO] - TEST-(dicmor) >>  Acc_2: 0.6635  F1_score: 0.5827  Acc_7: 0.4278  MAE: 0.7820  Loss: 0.7814 
2024-04-10 13:24:36,278 - MMSA [INFO] - TRAIN-(dicmor) [7/8/3] >> loss: 3.3982  Acc_2: 0.7010  F1_score: 0.6634  Acc_7: 0.5249  MAE: 0.6781 
2024-04-10 13:24:51,488 - MMSA [INFO] - VAL-(dicmor) >>  Acc_2: 0.6871  F1_score: 0.6521  Acc_7: 0.4677  MAE: 0.7153  Loss: 0.7152 
2024-04-10 13:25:25,988 - MMSA [INFO] - TEST-(dicmor) >>  Acc_2: 0.6778  F1_score: 0.6383  Acc_7: 0.4336  MAE: 0.7637  Loss: 0.7626 
2024-04-10 13:31:48,704 - MMSA [INFO] - TRAIN-(dicmor) [8/9/3] >> loss: 3.348  Acc_2: 0.6980  F1_score: 0.6626  Acc_7: 0.5169  MAE: 0.6895 
2024-04-10 13:32:03,910 - MMSA [INFO] - VAL-(dicmor) >>  Acc_2: 0.6704  F1_score: 0.6345  Acc_7: 0.4682  MAE: 0.7126  Loss: 0.7124 
2024-04-10 13:32:37,891 - MMSA [INFO] - TEST-(dicmor) >>  Acc_2: 0.6659  F1_score: 0.6305  Acc_7: 0.4344  MAE: 0.7707  Loss: 0.7698 
2024-04-10 13:39:03,170 - MMSA [INFO] - TRAIN-(dicmor) [9/10/3] >> loss: 3.2989  Acc_2: 0.7014  F1_score: 0.6678  Acc_7: 0.5287  MAE: 0.6755 
2024-04-10 13:39:18,880 - MMSA [INFO] - VAL-(dicmor) >>  Acc_2: 0.7156  F1_score: 0.6769  Acc_7: 0.4714  MAE: 0.6900  Loss: 0.6899 
2024-04-10 13:39:53,445 - MMSA [INFO] - TEST-(dicmor) >>  Acc_2: 0.6648  F1_score: 0.6124  Acc_7: 0.4321  MAE: 0.7762  Loss: 0.7754 
2024-04-10 13:46:22,627 - MMSA [INFO] - TRAIN-(dicmor) [1/11/3] >> loss: 3.2083  Acc_2: 0.7051  F1_score: 0.6730  Acc_7: 0.5260  MAE: 0.6763 
2024-04-10 13:46:37,964 - MMSA [INFO] - VAL-(dicmor) >>  Acc_2: 0.6947  F1_score: 0.6264  Acc_7: 0.4543  MAE: 0.7252  Loss: 0.7251 
2024-04-10 13:47:11,971 - MMSA [INFO] - TEST-(dicmor) >>  Acc_2: 0.6780  F1_score: 0.6038  Acc_7: 0.4310  MAE: 0.7624  Loss: 0.7624 
2024-04-10 13:53:34,122 - MMSA [INFO] - TRAIN-(dicmor) [2/12/3] >> loss: 3.1614  Acc_2: 0.7042  F1_score: 0.6721  Acc_7: 0.5203  MAE: 0.6829 
2024-04-10 13:53:49,352 - MMSA [INFO] - VAL-(dicmor) >>  Acc_2: 0.6732  F1_score: 0.6597  Acc_7: 0.4671  MAE: 0.7085  Loss: 0.7085 
2024-04-10 13:54:23,245 - MMSA [INFO] - TEST-(dicmor) >>  Acc_2: 0.6615  F1_score: 0.6468  Acc_7: 0.4458  MAE: 0.7580  Loss: 0.7582 
2024-04-10 14:00:49,011 - MMSA [INFO] - TRAIN-(dicmor) [3/13/3] >> loss: 3.1195  Acc_2: 0.7177  F1_score: 0.6877  Acc_7: 0.5284  MAE: 0.6696 
2024-04-10 14:01:04,444 - MMSA [INFO] - VAL-(dicmor) >>  Acc_2: 0.6565  F1_score: 0.6446  Acc_7: 0.4559  MAE: 0.7281  Loss: 0.7280 
2024-04-10 14:01:39,068 - MMSA [INFO] - TEST-(dicmor) >>  Acc_2: 0.6794  F1_score: 0.6720  Acc_7: 0.4394  MAE: 0.7558  Loss: 0.7550 
2024-04-10 14:08:06,289 - MMSA [INFO] - TRAIN-(dicmor) [4/14/3] >> loss: 3.0345  Acc_2: 0.7177  F1_score: 0.6921  Acc_7: 0.5407  MAE: 0.6555 
2024-04-10 14:08:21,687 - MMSA [INFO] - VAL-(dicmor) >>  Acc_2: 0.6634  F1_score: 0.6642  Acc_7: 0.4773  MAE: 0.6959  Loss: 0.6959 
2024-04-10 14:08:55,727 - MMSA [INFO] - TEST-(dicmor) >>  Acc_2: 0.6651  F1_score: 0.6660  Acc_7: 0.4437  MAE: 0.7544  Loss: 0.7536 
2024-04-10 14:15:24,241 - MMSA [INFO] - TRAIN-(dicmor) [5/15/3] >> loss: 2.9808  Acc_2: 0.7044  F1_score: 0.6741  Acc_7: 0.5236  MAE: 0.6795 
2024-04-10 14:15:39,660 - MMSA [INFO] - VAL-(dicmor) >>  Acc_2: 0.6926  F1_score: 0.6301  Acc_7: 0.4661  MAE: 0.7128  Loss: 0.7129 
2024-04-10 14:16:14,176 - MMSA [INFO] - TEST-(dicmor) >>  Acc_2: 0.6946  F1_score: 0.6437  Acc_7: 0.4419  MAE: 0.7500  Loss: 0.7498 
2024-04-10 14:22:43,533 - MMSA [INFO] - TRAIN-(dicmor) [6/16/3] >> loss: 2.933  Acc_2: 0.7095  F1_score: 0.6782  Acc_7: 0.5246  MAE: 0.6785 
2024-04-10 14:22:59,151 - MMSA [INFO] - VAL-(dicmor) >>  Acc_2: 0.6850  F1_score: 0.6659  Acc_7: 0.4741  MAE: 0.6999  Loss: 0.6998 
2024-04-10 14:23:33,690 - MMSA [INFO] - TEST-(dicmor) >>  Acc_2: 0.6698  F1_score: 0.6500  Acc_7: 0.4486  MAE: 0.7584  Loss: 0.7585 
2024-04-10 14:30:04,540 - MMSA [INFO] - TRAIN-(dicmor) [7/17/3] >> loss: 2.8793  Acc_2: 0.7124  F1_score: 0.6828  Acc_7: 0.5260  MAE: 0.6765 
2024-04-10 14:30:20,108 - MMSA [INFO] - VAL-(dicmor) >>  Acc_2: 0.6780  F1_score: 0.6575  Acc_7: 0.4719  MAE: 0.6999  Loss: 0.6997 
2024-04-10 14:30:54,380 - MMSA [INFO] - TEST-(dicmor) >>  Acc_2: 0.6712  F1_score: 0.6569  Acc_7: 0.4346  MAE: 0.7693  Loss: 0.7688 
2024-04-10 14:37:22,444 - MMSA [INFO] - TRAIN-(dicmor) [8/18/3] >> loss: 2.8364  Acc_2: 0.7292  F1_score: 0.7043  Acc_7: 0.5420  MAE: 0.6472 
2024-04-10 14:37:38,024 - MMSA [INFO] - VAL-(dicmor) >>  Acc_2: 0.6898  F1_score: 0.6430  Acc_7: 0.4693  MAE: 0.7128  Loss: 0.7126 
2024-04-10 14:38:12,806 - MMSA [INFO] - TEST-(dicmor) >>  Acc_2: 0.6775  F1_score: 0.6344  Acc_7: 0.4366  MAE: 0.7662  Loss: 0.7651 
2024-04-10 14:44:44,032 - MMSA [INFO] - TRAIN-(dicmor) [9/19/3] >> loss: 2.8327  Acc_2: 0.7089  F1_score: 0.6822  Acc_7: 0.5200  MAE: 0.6828 
2024-04-10 14:44:59,681 - MMSA [INFO] - VAL-(dicmor) >>  Acc_2: 0.6836  F1_score: 0.6594  Acc_7: 0.4682  MAE: 0.7043  Loss: 0.7042 
2024-04-10 14:45:34,398 - MMSA [INFO] - TEST-(dicmor) >>  Acc_2: 0.6833  F1_score: 0.6646  Acc_7: 0.4426  MAE: 0.7559  Loss: 0.7550 
2024-04-10 14:52:04,705 - MMSA [INFO] - TRAIN-(dicmor) [10/20/3] >> loss: 2.8052  Acc_2: 0.7138  F1_score: 0.6887  Acc_7: 0.5176  MAE: 0.6820 
2024-04-10 14:52:20,073 - MMSA [INFO] - VAL-(dicmor) >>  Acc_2: 0.6572  F1_score: 0.6477  Acc_7: 0.4613  MAE: 0.7350  Loss: 0.7350 
2024-04-10 14:52:54,184 - MMSA [INFO] - TEST-(dicmor) >>  Acc_2: 0.6673  F1_score: 0.6593  Acc_7: 0.4430  MAE: 0.7643  Loss: 0.7625 
2024-04-10 14:53:32,715 - MMSA [INFO] - TEST-(dicmor) >>  Acc_2: 0.6736  F1_score: 0.6207  Acc_7: 0.4370  MAE: 0.7695  Loss: 0.7686 
2024-04-10 14:53:35,191 - MMSA [INFO] - train samples: (16326,)
2024-04-10 14:53:36,648 - MMSA [INFO] - valid samples: (1871,)
2024-04-10 14:53:38,083 - MMSA [INFO] - test samples: (4659,)
2024-04-10 14:59:53,616 - MMSA [INFO] - TRAIN-(dicmor) [1/1/4] >> loss: 5.3366  Acc_2: 0.6906  F1_score: 0.6614  Acc_7: 0.5187  MAE: 0.6897 
2024-04-10 15:00:08,369 - MMSA [INFO] - VAL-(dicmor) >>  Acc_2: 0.6892  F1_score: 0.6124  Acc_7: 0.4527  MAE: 0.7282  Loss: 0.7283 
2024-04-10 15:00:41,846 - MMSA [INFO] - TEST-(dicmor) >>  Acc_2: 0.6659  F1_score: 0.5795  Acc_7: 0.4314  MAE: 0.7872  Loss: 0.7854 
2024-04-10 15:07:05,194 - MMSA [INFO] - TRAIN-(dicmor) [1/2/4] >> loss: 4.4824  Acc_2: 0.6953  F1_score: 0.6519  Acc_7: 0.5157  MAE: 0.6962 
2024-04-10 15:07:20,329 - MMSA [INFO] - VAL-(dicmor) >>  Acc_2: 0.6975  F1_score: 0.6500  Acc_7: 0.4634  MAE: 0.7066  Loss: 0.7067 
2024-04-10 15:07:53,252 - MMSA [INFO] - TEST-(dicmor) >>  Acc_2: 0.6747  F1_score: 0.6215  Acc_7: 0.4306  MAE: 0.7696  Loss: 0.7695 
2024-04-10 15:14:17,946 - MMSA [INFO] - TRAIN-(dicmor) [1/3/4] >> loss: 4.1813  Acc_2: 0.7032  F1_score: 0.6660  Acc_7: 0.5280  MAE: 0.6786 
2024-04-10 15:14:33,024 - MMSA [INFO] - VAL-(dicmor) >>  Acc_2: 0.6968  F1_score: 0.6364  Acc_7: 0.4645  MAE: 0.7214  Loss: 0.7214 
2024-04-10 15:15:06,255 - MMSA [INFO] - TEST-(dicmor) >>  Acc_2: 0.6651  F1_score: 0.5906  Acc_7: 0.4308  MAE: 0.7829  Loss: 0.7818 
2024-04-10 15:21:30,668 - MMSA [INFO] - TRAIN-(dicmor) [2/4/4] >> loss: 3.9692  Acc_2: 0.7028  F1_score: 0.6610  Acc_7: 0.5247  MAE: 0.6841 
2024-04-10 15:21:45,744 - MMSA [INFO] - VAL-(dicmor) >>  Acc_2: 0.6433  F1_score: 0.6324  Acc_7: 0.4698  MAE: 0.7180  Loss: 0.7181 
2024-04-10 15:22:19,484 - MMSA [INFO] - TEST-(dicmor) >>  Acc_2: 0.6483  F1_score: 0.6401  Acc_7: 0.4316  MAE: 0.7757  Loss: 0.7749 
2024-04-10 15:28:44,865 - MMSA [INFO] - TRAIN-(dicmor) [3/5/4] >> loss: 3.8113  Acc_2: 0.7026  F1_score: 0.6636  Acc_7: 0.5197  MAE: 0.6887 
2024-04-10 15:29:00,170 - MMSA [INFO] - VAL-(dicmor) >>  Acc_2: 0.6968  F1_score: 0.6424  Acc_7: 0.4645  MAE: 0.7082  Loss: 0.7082 
2024-04-10 15:29:34,210 - MMSA [INFO] - TEST-(dicmor) >>  Acc_2: 0.6582  F1_score: 0.5862  Acc_7: 0.4344  MAE: 0.7785  Loss: 0.7776 
2024-04-10 15:35:57,739 - MMSA [INFO] - TRAIN-(dicmor) [4/6/4] >> loss: 3.6779  Acc_2: 0.6947  F1_score: 0.6578  Acc_7: 0.5236  MAE: 0.6823 
2024-04-10 15:36:12,922 - MMSA [INFO] - VAL-(dicmor) >>  Acc_2: 0.6808  F1_score: 0.6256  Acc_7: 0.4655  MAE: 0.7209  Loss: 0.7211 
2024-04-10 15:36:46,205 - MMSA [INFO] - TEST-(dicmor) >>  Acc_2: 0.6643  F1_score: 0.6105  Acc_7: 0.4381  MAE: 0.7683  Loss: 0.7672 
2024-04-10 15:43:13,774 - MMSA [INFO] - TRAIN-(dicmor) [5/7/4] >> loss: 3.5027  Acc_2: 0.6964  F1_score: 0.6558  Acc_7: 0.5282  MAE: 0.6806 
2024-04-10 15:43:29,134 - MMSA [INFO] - VAL-(dicmor) >>  Acc_2: 0.6718  F1_score: 0.6536  Acc_7: 0.4762  MAE: 0.6972  Loss: 0.6971 
2024-04-10 15:44:03,319 - MMSA [INFO] - TEST-(dicmor) >>  Acc_2: 0.6582  F1_score: 0.6409  Acc_7: 0.4349  MAE: 0.7708  Loss: 0.7692 
2024-04-10 15:50:33,541 - MMSA [INFO] - TRAIN-(dicmor) [1/8/4] >> loss: 3.3814  Acc_2: 0.7008  F1_score: 0.6609  Acc_7: 0.5194  MAE: 0.6933 
2024-04-10 15:50:48,819 - MMSA [INFO] - VAL-(dicmor) >>  Acc_2: 0.6905  F1_score: 0.6689  Acc_7: 0.4800  MAE: 0.6890  Loss: 0.6889 
2024-04-10 15:51:23,403 - MMSA [INFO] - TEST-(dicmor) >>  Acc_2: 0.6742  F1_score: 0.6506  Acc_7: 0.4529  MAE: 0.7544  Loss: 0.7533 
2024-04-10 15:57:52,013 - MMSA [INFO] - TRAIN-(dicmor) [1/9/4] >> loss: 3.2807  Acc_2: 0.6926  F1_score: 0.6552  Acc_7: 0.5138  MAE: 0.6976 
2024-04-10 15:58:07,260 - MMSA [INFO] - VAL-(dicmor) >>  Acc_2: 0.6912  F1_score: 0.6546  Acc_7: 0.4650  MAE: 0.7021  Loss: 0.7020 
2024-04-10 15:58:41,555 - MMSA [INFO] - TEST-(dicmor) >>  Acc_2: 0.6714  F1_score: 0.6318  Acc_7: 0.4398  MAE: 0.7638  Loss: 0.7630 
2024-04-10 16:05:05,594 - MMSA [INFO] - TRAIN-(dicmor) [2/10/4] >> loss: 3.1347  Acc_2: 0.7054  F1_score: 0.6713  Acc_7: 0.5237  MAE: 0.6819 
2024-04-10 16:05:20,606 - MMSA [INFO] - VAL-(dicmor) >>  Acc_2: 0.6808  F1_score: 0.6176  Acc_7: 0.4650  MAE: 0.7221  Loss: 0.7219 
2024-04-10 16:05:54,977 - MMSA [INFO] - TEST-(dicmor) >>  Acc_2: 0.6791  F1_score: 0.6229  Acc_7: 0.4286  MAE: 0.7696  Loss: 0.7683 
2024-04-10 16:12:21,849 - MMSA [INFO] - TRAIN-(dicmor) [3/11/4] >> loss: 3.0176  Acc_2: 0.7036  F1_score: 0.6696  Acc_7: 0.5208  MAE: 0.6863 
2024-04-10 16:12:36,928 - MMSA [INFO] - VAL-(dicmor) >>  Acc_2: 0.6919  F1_score: 0.6203  Acc_7: 0.4479  MAE: 0.7259  Loss: 0.7259 
2024-04-10 16:13:11,193 - MMSA [INFO] - TEST-(dicmor) >>  Acc_2: 0.6753  F1_score: 0.6058  Acc_7: 0.4349  MAE: 0.7729  Loss: 0.7723 
2024-04-10 16:19:36,142 - MMSA [INFO] - TRAIN-(dicmor) [4/12/4] >> loss: 2.9018  Acc_2: 0.6927  F1_score: 0.6572  Acc_7: 0.5195  MAE: 0.6941 
2024-04-10 16:19:51,359 - MMSA [INFO] - VAL-(dicmor) >>  Acc_2: 0.6989  F1_score: 0.6342  Acc_7: 0.4677  MAE: 0.7058  Loss: 0.7057 
2024-04-10 16:20:25,438 - MMSA [INFO] - TEST-(dicmor) >>  Acc_2: 0.6695  F1_score: 0.5959  Acc_7: 0.4306  MAE: 0.7719  Loss: 0.7715 
2024-04-10 16:26:53,726 - MMSA [INFO] - TRAIN-(dicmor) [5/13/4] >> loss: 2.7844  Acc_2: 0.7012  F1_score: 0.6653  Acc_7: 0.5166  MAE: 0.6899 
2024-04-10 16:27:08,993 - MMSA [INFO] - VAL-(dicmor) >>  Acc_2: 0.6745  F1_score: 0.6469  Acc_7: 0.4639  MAE: 0.7199  Loss: 0.7198 
2024-04-10 16:27:43,319 - MMSA [INFO] - TEST-(dicmor) >>  Acc_2: 0.6827  F1_score: 0.6585  Acc_7: 0.4426  MAE: 0.7562  Loss: 0.7559 
2024-04-10 16:34:13,962 - MMSA [INFO] - TRAIN-(dicmor) [6/14/4] >> loss: 2.6868  Acc_2: 0.7012  F1_score: 0.6647  Acc_7: 0.5159  MAE: 0.6910 
2024-04-10 16:34:29,364 - MMSA [INFO] - VAL-(dicmor) >>  Acc_2: 0.6641  F1_score: 0.6472  Acc_7: 0.4762  MAE: 0.7049  Loss: 0.7048 
2024-04-10 16:35:03,406 - MMSA [INFO] - TEST-(dicmor) >>  Acc_2: 0.6552  F1_score: 0.6438  Acc_7: 0.4364  MAE: 0.7737  Loss: 0.7729 
2024-04-10 16:41:34,408 - MMSA [INFO] - TRAIN-(dicmor) [7/15/4] >> loss: 2.5916  Acc_2: 0.7009  F1_score: 0.6696  Acc_7: 0.5187  MAE: 0.6857 
2024-04-10 16:41:49,802 - MMSA [INFO] - VAL-(dicmor) >>  Acc_2: 0.7093  F1_score: 0.6668  Acc_7: 0.4655  MAE: 0.7002  Loss: 0.7003 
2024-04-10 16:42:24,203 - MMSA [INFO] - TEST-(dicmor) >>  Acc_2: 0.6833  F1_score: 0.6318  Acc_7: 0.4443  MAE: 0.7505  Loss: 0.7500 
2024-04-10 16:48:53,426 - MMSA [INFO] - TRAIN-(dicmor) [8/16/4] >> loss: 2.533  Acc_2: 0.7088  F1_score: 0.6765  Acc_7: 0.5285  MAE: 0.6731 
2024-04-10 16:49:08,874 - MMSA [INFO] - VAL-(dicmor) >>  Acc_2: 0.6752  F1_score: 0.6369  Acc_7: 0.4682  MAE: 0.7228  Loss: 0.7228 
2024-04-10 16:49:43,954 - MMSA [INFO] - TEST-(dicmor) >>  Acc_2: 0.6783  F1_score: 0.6489  Acc_7: 0.4344  MAE: 0.7667  Loss: 0.7670 
2024-04-10 16:56:11,998 - MMSA [INFO] - TRAIN-(dicmor) [9/17/4] >> loss: 2.4959  Acc_2: 0.7027  F1_score: 0.6729  Acc_7: 0.5196  MAE: 0.6867 
2024-04-10 16:56:27,587 - MMSA [INFO] - VAL-(dicmor) >>  Acc_2: 0.6620  F1_score: 0.6584  Acc_7: 0.4452  MAE: 0.7304  Loss: 0.7304 
2024-04-10 16:57:02,194 - MMSA [INFO] - TEST-(dicmor) >>  Acc_2: 0.6681  F1_score: 0.6654  Acc_7: 0.4370  MAE: 0.7590  Loss: 0.7605 
2024-04-10 17:03:28,664 - MMSA [INFO] - TRAIN-(dicmor) [10/18/4] >> loss: 2.4419  Acc_2: 0.7053  F1_score: 0.6749  Acc_7: 0.5127  MAE: 0.6916 
2024-04-10 17:03:43,940 - MMSA [INFO] - VAL-(dicmor) >>  Acc_2: 0.6384  F1_score: 0.6341  Acc_7: 0.4687  MAE: 0.7268  Loss: 0.7269 
2024-04-10 17:04:18,307 - MMSA [INFO] - TEST-(dicmor) >>  Acc_2: 0.6480  F1_score: 0.6435  Acc_7: 0.4297  MAE: 0.7752  Loss: 0.7748 
2024-04-10 17:04:55,927 - MMSA [INFO] - TEST-(dicmor) >>  Acc_2: 0.6731  F1_score: 0.6503  Acc_7: 0.4379  MAE: 0.7567  Loss: 0.7556 
2024-04-10 17:04:58,393 - MMSA [INFO] - train samples: (16326,)
2024-04-10 17:04:59,826 - MMSA [INFO] - valid samples: (1871,)
2024-04-10 17:05:01,244 - MMSA [INFO] - test samples: (4659,)
2024-04-10 17:11:18,636 - MMSA [INFO] - TRAIN-(dicmor) [1/1/5] >> loss: 5.3001  Acc_2: 0.6876  F1_score: 0.6454  Acc_7: 0.5088  MAE: 0.7062 
2024-04-10 17:11:33,279 - MMSA [INFO] - VAL-(dicmor) >>  Acc_2: 0.6592  F1_score: 0.5598  Acc_7: 0.4629  MAE: 0.7435  Loss: 0.7434 
2024-04-10 17:12:07,130 - MMSA [INFO] - TEST-(dicmor) >>  Acc_2: 0.6816  F1_score: 0.6080  Acc_7: 0.4452  MAE: 0.7633  Loss: 0.7621 
2024-04-10 17:18:32,254 - MMSA [INFO] - TRAIN-(dicmor) [1/2/5] >> loss: 4.4608  Acc_2: 0.6865  F1_score: 0.6453  Acc_7: 0.5056  MAE: 0.7089 
2024-04-10 17:18:47,026 - MMSA [INFO] - VAL-(dicmor) >>  Acc_2: 0.6843  F1_score: 0.6220  Acc_7: 0.4693  MAE: 0.7149  Loss: 0.7150 
2024-04-10 17:19:20,718 - MMSA [INFO] - TEST-(dicmor) >>  Acc_2: 0.6615  F1_score: 0.5888  Acc_7: 0.4269  MAE: 0.7865  Loss: 0.7857 
2024-04-10 17:25:45,553 - MMSA [INFO] - TRAIN-(dicmor) [1/3/5] >> loss: 4.1927  Acc_2: 0.6912  F1_score: 0.6529  Acc_7: 0.5047  MAE: 0.7086 
2024-04-10 17:26:00,784 - MMSA [INFO] - VAL-(dicmor) >>  Acc_2: 0.6794  F1_score: 0.6184  Acc_7: 0.4602  MAE: 0.7245  Loss: 0.7246 
2024-04-10 17:26:34,315 - MMSA [INFO] - TEST-(dicmor) >>  Acc_2: 0.6800  F1_score: 0.6290  Acc_7: 0.4404  MAE: 0.7607  Loss: 0.7604 
2024-04-10 17:32:58,781 - MMSA [INFO] - TRAIN-(dicmor) [2/4/5] >> loss: 3.9863  Acc_2: 0.6968  F1_score: 0.6547  Acc_7: 0.5210  MAE: 0.6882 
2024-04-10 17:33:13,945 - MMSA [INFO] - VAL-(dicmor) >>  Acc_2: 0.6926  F1_score: 0.6368  Acc_7: 0.4655  MAE: 0.7177  Loss: 0.7177 
2024-04-10 17:33:47,895 - MMSA [INFO] - TEST-(dicmor) >>  Acc_2: 0.6734  F1_score: 0.6275  Acc_7: 0.4441  MAE: 0.7522  Loss: 0.7537 
2024-04-10 17:40:12,258 - MMSA [INFO] - TRAIN-(dicmor) [3/5/5] >> loss: 3.8459  Acc_2: 0.6902  F1_score: 0.6497  Acc_7: 0.5153  MAE: 0.6945 
2024-04-10 17:40:27,492 - MMSA [INFO] - VAL-(dicmor) >>  Acc_2: 0.6704  F1_score: 0.6308  Acc_7: 0.4639  MAE: 0.7282  Loss: 0.7281 
2024-04-10 17:41:01,334 - MMSA [INFO] - TEST-(dicmor) >>  Acc_2: 0.6701  F1_score: 0.6270  Acc_7: 0.4336  MAE: 0.7712  Loss: 0.7695 
2024-04-10 17:47:25,675 - MMSA [INFO] - TRAIN-(dicmor) [4/6/5] >> loss: 3.6739  Acc_2: 0.6982  F1_score: 0.6556  Acc_7: 0.5088  MAE: 0.7030 
2024-04-10 17:47:40,716 - MMSA [INFO] - VAL-(dicmor) >>  Acc_2: 0.6940  F1_score: 0.6603  Acc_7: 0.4570  MAE: 0.7160  Loss: 0.7162 
2024-04-10 17:48:14,290 - MMSA [INFO] - TEST-(dicmor) >>  Acc_2: 0.6695  F1_score: 0.6359  Acc_7: 0.4422  MAE: 0.7603  Loss: 0.7610 
2024-04-10 17:54:41,429 - MMSA [INFO] - TRAIN-(dicmor) [5/7/5] >> loss: 3.547  Acc_2: 0.7029  F1_score: 0.6658  Acc_7: 0.5197  MAE: 0.6880 
2024-04-10 17:54:56,428 - MMSA [INFO] - VAL-(dicmor) >>  Acc_2: 0.6898  F1_score: 0.6180  Acc_7: 0.4613  MAE: 0.7216  Loss: 0.7215 
2024-04-10 17:55:29,907 - MMSA [INFO] - TEST-(dicmor) >>  Acc_2: 0.6648  F1_score: 0.5790  Acc_7: 0.4323  MAE: 0.7787  Loss: 0.7778 
2024-04-10 18:01:52,832 - MMSA [INFO] - TRAIN-(dicmor) [6/8/5] >> loss: 3.384  Acc_2: 0.7033  F1_score: 0.6691  Acc_7: 0.5230  MAE: 0.6837 
2024-04-10 18:02:08,125 - MMSA [INFO] - VAL-(dicmor) >>  Acc_2: 0.6433  F1_score: 0.6392  Acc_7: 0.4629  MAE: 0.7204  Loss: 0.7204 
2024-04-10 18:02:42,587 - MMSA [INFO] - TEST-(dicmor) >>  Acc_2: 0.6709  F1_score: 0.6666  Acc_7: 0.4460  MAE: 0.7505  Loss: 0.7509 
2024-04-10 18:09:08,543 - MMSA [INFO] - TRAIN-(dicmor) [7/9/5] >> loss: 3.2793  Acc_2: 0.7102  F1_score: 0.6743  Acc_7: 0.5255  MAE: 0.6751 
2024-04-10 18:09:24,228 - MMSA [INFO] - VAL-(dicmor) >>  Acc_2: 0.7114  F1_score: 0.6713  Acc_7: 0.4666  MAE: 0.7070  Loss: 0.7073 
2024-04-10 18:09:58,769 - MMSA [INFO] - TEST-(dicmor) >>  Acc_2: 0.6794  F1_score: 0.6328  Acc_7: 0.4349  MAE: 0.7693  Loss: 0.7683 
2024-04-10 18:16:30,610 - MMSA [INFO] - TRAIN-(dicmor) [1/10/5] >> loss: 3.2286  Acc_2: 0.6980  F1_score: 0.6644  Acc_7: 0.5168  MAE: 0.6896 
2024-04-10 18:16:45,865 - MMSA [INFO] - VAL-(dicmor) >>  Acc_2: 0.6634  F1_score: 0.6515  Acc_7: 0.4586  MAE: 0.7263  Loss: 0.7264 
2024-04-10 18:17:20,731 - MMSA [INFO] - TEST-(dicmor) >>  Acc_2: 0.6695  F1_score: 0.6585  Acc_7: 0.4316  MAE: 0.7687  Loss: 0.7678 
2024-04-10 18:23:48,294 - MMSA [INFO] - TRAIN-(dicmor) [2/11/5] >> loss: 3.1464  Acc_2: 0.7100  F1_score: 0.6788  Acc_7: 0.5328  MAE: 0.6696 
2024-04-10 18:24:03,498 - MMSA [INFO] - VAL-(dicmor) >>  Acc_2: 0.6662  F1_score: 0.6598  Acc_7: 0.4768  MAE: 0.6912  Loss: 0.6912 
2024-04-10 18:24:37,638 - MMSA [INFO] - TEST-(dicmor) >>  Acc_2: 0.6574  F1_score: 0.6509  Acc_7: 0.4413  MAE: 0.7676  Loss: 0.7666 
2024-04-10 18:31:10,543 - MMSA [INFO] - TRAIN-(dicmor) [1/12/5] >> loss: 3.0916  Acc_2: 0.6995  F1_score: 0.6690  Acc_7: 0.5146  MAE: 0.6918 
2024-04-10 18:31:26,107 - MMSA [INFO] - VAL-(dicmor) >>  Acc_2: 0.6412  F1_score: 0.6355  Acc_7: 0.4661  MAE: 0.7281  Loss: 0.7280 
2024-04-10 18:32:00,770 - MMSA [INFO] - TEST-(dicmor) >>  Acc_2: 0.6632  F1_score: 0.6570  Acc_7: 0.4402  MAE: 0.7638  Loss: 0.7645 
2024-04-10 18:38:23,001 - MMSA [INFO] - TRAIN-(dicmor) [2/13/5] >> loss: 3.0424  Acc_2: 0.7077  F1_score: 0.6752  Acc_7: 0.5319  MAE: 0.6717 
2024-04-10 18:38:38,578 - MMSA [INFO] - VAL-(dicmor) >>  Acc_2: 0.6864  F1_score: 0.6447  Acc_7: 0.4618  MAE: 0.7226  Loss: 0.7225 
2024-04-10 18:39:12,538 - MMSA [INFO] - TEST-(dicmor) >>  Acc_2: 0.6800  F1_score: 0.6456  Acc_7: 0.4473  MAE: 0.7574  Loss: 0.7569 
2024-04-10 18:45:35,360 - MMSA [INFO] - TRAIN-(dicmor) [3/14/5] >> loss: 3.0016  Acc_2: 0.7078  F1_score: 0.6777  Acc_7: 0.5206  MAE: 0.6838 
2024-04-10 18:45:50,674 - MMSA [INFO] - VAL-(dicmor) >>  Acc_2: 0.6912  F1_score: 0.6162  Acc_7: 0.4698  MAE: 0.7165  Loss: 0.7166 
2024-04-10 18:46:24,926 - MMSA [INFO] - TEST-(dicmor) >>  Acc_2: 0.6725  F1_score: 0.6019  Acc_7: 0.4376  MAE: 0.7683  Loss: 0.7678 
2024-04-10 18:52:50,279 - MMSA [INFO] - TRAIN-(dicmor) [4/15/5] >> loss: 2.9307  Acc_2: 0.7041  F1_score: 0.6748  Acc_7: 0.5275  MAE: 0.6749 
2024-04-10 18:53:05,885 - MMSA [INFO] - VAL-(dicmor) >>  Acc_2: 0.6794  F1_score: 0.5915  Acc_7: 0.4623  MAE: 0.7283  Loss: 0.7283 
2024-04-10 18:53:40,116 - MMSA [INFO] - TEST-(dicmor) >>  Acc_2: 0.6783  F1_score: 0.6051  Acc_7: 0.4273  MAE: 0.7683  Loss: 0.7668 
2024-04-10 19:00:08,037 - MMSA [INFO] - TRAIN-(dicmor) [5/16/5] >> loss: 2.8653  Acc_2: 0.7054  F1_score: 0.6742  Acc_7: 0.5189  MAE: 0.6824 
2024-04-10 19:00:23,421 - MMSA [INFO] - VAL-(dicmor) >>  Acc_2: 0.6732  F1_score: 0.5864  Acc_7: 0.4661  MAE: 0.7327  Loss: 0.7327 
2024-04-10 19:00:57,871 - MMSA [INFO] - TEST-(dicmor) >>  Acc_2: 0.6692  F1_score: 0.5952  Acc_7: 0.4338  MAE: 0.7703  Loss: 0.7704 
2024-04-10 19:07:27,533 - MMSA [INFO] - TRAIN-(dicmor) [6/17/5] >> loss: 2.8036  Acc_2: 0.7080  F1_score: 0.6787  Acc_7: 0.5197  MAE: 0.6823 
2024-04-10 19:07:43,105 - MMSA [INFO] - VAL-(dicmor) >>  Acc_2: 0.6982  F1_score: 0.6809  Acc_7: 0.4613  MAE: 0.7152  Loss: 0.7152 
2024-04-10 19:08:17,675 - MMSA [INFO] - TEST-(dicmor) >>  Acc_2: 0.6841  F1_score: 0.6675  Acc_7: 0.4447  MAE: 0.7475  Loss: 0.7474 
2024-04-10 19:14:49,051 - MMSA [INFO] - TRAIN-(dicmor) [7/18/5] >> loss: 2.7684  Acc_2: 0.7104  F1_score: 0.6817  Acc_7: 0.5190  MAE: 0.6793 
2024-04-10 19:15:04,463 - MMSA [INFO] - VAL-(dicmor) >>  Acc_2: 0.6676  F1_score: 0.6507  Acc_7: 0.4570  MAE: 0.7230  Loss: 0.7231 
2024-04-10 19:15:39,307 - MMSA [INFO] - TEST-(dicmor) >>  Acc_2: 0.6747  F1_score: 0.6585  Acc_7: 0.4447  MAE: 0.7624  Loss: 0.7617 
2024-04-10 19:22:10,175 - MMSA [INFO] - TRAIN-(dicmor) [8/19/5] >> loss: 2.7548  Acc_2: 0.7130  F1_score: 0.6859  Acc_7: 0.5179  MAE: 0.6861 
2024-04-10 19:22:25,585 - MMSA [INFO] - VAL-(dicmor) >>  Acc_2: 0.6474  F1_score: 0.6380  Acc_7: 0.4666  MAE: 0.7226  Loss: 0.7227 
2024-04-10 19:23:00,206 - MMSA [INFO] - TEST-(dicmor) >>  Acc_2: 0.6637  F1_score: 0.6580  Acc_7: 0.4308  MAE: 0.7726  Loss: 0.7722 
2024-04-10 19:29:30,011 - MMSA [INFO] - TRAIN-(dicmor) [9/20/5] >> loss: 2.7081  Acc_2: 0.7206  F1_score: 0.6955  Acc_7: 0.5343  MAE: 0.6639 
2024-04-10 19:29:45,492 - MMSA [INFO] - VAL-(dicmor) >>  Acc_2: 0.6905  F1_score: 0.6347  Acc_7: 0.4629  MAE: 0.7263  Loss: 0.7263 
2024-04-10 19:30:20,558 - MMSA [INFO] - TEST-(dicmor) >>  Acc_2: 0.6805  F1_score: 0.6296  Acc_7: 0.4359  MAE: 0.7721  Loss: 0.7708 
2024-04-10 19:36:46,112 - MMSA [INFO] - TRAIN-(dicmor) [10/21/5] >> loss: 2.694  Acc_2: 0.7184  F1_score: 0.6956  Acc_7: 0.5280  MAE: 0.6700 
2024-04-10 19:37:01,667 - MMSA [INFO] - VAL-(dicmor) >>  Acc_2: 0.6968  F1_score: 0.6707  Acc_7: 0.4677  MAE: 0.7068  Loss: 0.7067 
2024-04-10 19:37:36,081 - MMSA [INFO] - TEST-(dicmor) >>  Acc_2: 0.6833  F1_score: 0.6636  Acc_7: 0.4389  MAE: 0.7579  Loss: 0.7572 
2024-04-10 19:38:14,691 - MMSA [INFO] - TEST-(dicmor) >>  Acc_2: 0.6469  F1_score: 0.6397  Acc_7: 0.4346  MAE: 0.7760  Loss: 0.7753 
2024-04-10 19:38:17,161 - MMSA [INFO] - train samples: (16326,)
2024-04-10 19:38:18,595 - MMSA [INFO] - valid samples: (1871,)
2024-04-10 19:38:20,016 - MMSA [INFO] - test samples: (4659,)
2024-04-10 19:44:35,739 - MMSA [INFO] - TRAIN-(dicmor) [1/1/6] >> loss: 5.2785  Acc_2: 0.6892  F1_score: 0.6573  Acc_7: 0.5118  MAE: 0.7006 
2024-04-10 19:44:50,607 - MMSA [INFO] - VAL-(dicmor) >>  Acc_2: 0.6940  F1_score: 0.6252  Acc_7: 0.4570  MAE: 0.7150  Loss: 0.7149 
2024-04-10 19:45:23,613 - MMSA [INFO] - TEST-(dicmor) >>  Acc_2: 0.6643  F1_score: 0.5761  Acc_7: 0.4349  MAE: 0.7846  Loss: 0.7829 
2024-04-10 19:51:46,469 - MMSA [INFO] - TRAIN-(dicmor) [1/2/6] >> loss: 4.4768  Acc_2: 0.6893  F1_score: 0.6437  Acc_7: 0.5062  MAE: 0.7081 
2024-04-10 19:52:01,395 - MMSA [INFO] - VAL-(dicmor) >>  Acc_2: 0.6363  F1_score: 0.6335  Acc_7: 0.4602  MAE: 0.7358  Loss: 0.7358 
2024-04-10 19:52:35,003 - MMSA [INFO] - TEST-(dicmor) >>  Acc_2: 0.6445  F1_score: 0.6433  Acc_7: 0.4374  MAE: 0.7682  Loss: 0.7673 
2024-04-10 19:58:58,280 - MMSA [INFO] - TRAIN-(dicmor) [2/3/6] >> loss: 4.1753  Acc_2: 0.6974  F1_score: 0.6607  Acc_7: 0.5141  MAE: 0.6956 
2024-04-10 19:59:13,632 - MMSA [INFO] - VAL-(dicmor) >>  Acc_2: 0.6947  F1_score: 0.6402  Acc_7: 0.4623  MAE: 0.7249  Loss: 0.7248 
2024-04-10 19:59:47,235 - MMSA [INFO] - TEST-(dicmor) >>  Acc_2: 0.6684  F1_score: 0.6066  Acc_7: 0.4325  MAE: 0.7752  Loss: 0.7756 
2024-04-10 20:06:08,361 - MMSA [INFO] - TRAIN-(dicmor) [3/4/6] >> loss: 3.9854  Acc_2: 0.6910  F1_score: 0.6503  Acc_7: 0.5110  MAE: 0.6995 
2024-04-10 20:06:23,272 - MMSA [INFO] - VAL-(dicmor) >>  Acc_2: 0.6794  F1_score: 0.6159  Acc_7: 0.4719  MAE: 0.7130  Loss: 0.7128 
2024-04-10 20:06:56,934 - MMSA [INFO] - TEST-(dicmor) >>  Acc_2: 0.6668  F1_score: 0.6068  Acc_7: 0.4402  MAE: 0.7708  Loss: 0.7702 
2024-04-10 20:13:25,924 - MMSA [INFO] - TRAIN-(dicmor) [1/5/6] >> loss: 3.8463  Acc_2: 0.6941  F1_score: 0.6526  Acc_7: 0.5130  MAE: 0.6981 
2024-04-10 20:13:40,991 - MMSA [INFO] - VAL-(dicmor) >>  Acc_2: 0.7003  F1_score: 0.6444  Acc_7: 0.4735  MAE: 0.7103  Loss: 0.7103 
2024-04-10 20:14:14,667 - MMSA [INFO] - TEST-(dicmor) >>  Acc_2: 0.6802  F1_score: 0.6262  Acc_7: 0.4407  MAE: 0.7548  Loss: 0.7541 
2024-04-10 20:20:42,349 - MMSA [INFO] - TRAIN-(dicmor) [1/6/6] >> loss: 3.6761  Acc_2: 0.6984  F1_score: 0.6615  Acc_7: 0.5197  MAE: 0.6869 
2024-04-10 20:20:57,465 - MMSA [INFO] - VAL-(dicmor) >>  Acc_2: 0.6898  F1_score: 0.6512  Acc_7: 0.4634  MAE: 0.7193  Loss: 0.7191 
2024-04-10 20:21:31,451 - MMSA [INFO] - TEST-(dicmor) >>  Acc_2: 0.6657  F1_score: 0.6150  Acc_7: 0.4297  MAE: 0.7753  Loss: 0.7748 
2024-04-10 20:27:55,454 - MMSA [INFO] - TRAIN-(dicmor) [2/7/6] >> loss: 3.5511  Acc_2: 0.6976  F1_score: 0.6603  Acc_7: 0.5251  MAE: 0.6798 
2024-04-10 20:28:10,701 - MMSA [INFO] - VAL-(dicmor) >>  Acc_2: 0.6940  F1_score: 0.6279  Acc_7: 0.4719  MAE: 0.7112  Loss: 0.7114 
2024-04-10 20:28:44,842 - MMSA [INFO] - TEST-(dicmor) >>  Acc_2: 0.6780  F1_score: 0.6128  Acc_7: 0.4323  MAE: 0.7670  Loss: 0.7660 
2024-04-10 20:35:12,756 - MMSA [INFO] - TRAIN-(dicmor) [3/8/6] >> loss: 3.4146  Acc_2: 0.6956  F1_score: 0.6609  Acc_7: 0.5115  MAE: 0.6984 
2024-04-10 20:35:27,832 - MMSA [INFO] - VAL-(dicmor) >>  Acc_2: 0.6836  F1_score: 0.6128  Acc_7: 0.4629  MAE: 0.7271  Loss: 0.7270 
2024-04-10 20:36:01,608 - MMSA [INFO] - TEST-(dicmor) >>  Acc_2: 0.6808  F1_score: 0.6130  Acc_7: 0.4432  MAE: 0.7562  Loss: 0.7556 
2024-04-10 20:42:28,518 - MMSA [INFO] - TRAIN-(dicmor) [4/9/6] >> loss: 3.2645  Acc_2: 0.6929  F1_score: 0.6547  Acc_7: 0.5162  MAE: 0.6948 
2024-04-10 20:42:43,753 - MMSA [INFO] - VAL-(dicmor) >>  Acc_2: 0.6537  F1_score: 0.6400  Acc_7: 0.4586  MAE: 0.7272  Loss: 0.7272 
2024-04-10 20:43:18,183 - MMSA [INFO] - TEST-(dicmor) >>  Acc_2: 0.6569  F1_score: 0.6472  Acc_7: 0.4338  MAE: 0.7696  Loss: 0.7687 
2024-04-10 20:49:43,559 - MMSA [INFO] - TRAIN-(dicmor) [5/10/6] >> loss: 3.159  Acc_2: 0.6977  F1_score: 0.6616  Acc_7: 0.5166  MAE: 0.6908 
2024-04-10 20:49:59,008 - MMSA [INFO] - VAL-(dicmor) >>  Acc_2: 0.6620  F1_score: 0.6487  Acc_7: 0.4677  MAE: 0.7117  Loss: 0.7116 
2024-04-10 20:50:33,653 - MMSA [INFO] - TEST-(dicmor) >>  Acc_2: 0.6615  F1_score: 0.6523  Acc_7: 0.4353  MAE: 0.7681  Loss: 0.7681 
2024-04-10 20:57:01,179 - MMSA [INFO] - TRAIN-(dicmor) [6/11/6] >> loss: 3.0257  Acc_2: 0.7071  F1_score: 0.6755  Acc_7: 0.5242  MAE: 0.6772 
2024-04-10 20:57:16,360 - MMSA [INFO] - VAL-(dicmor) >>  Acc_2: 0.6732  F1_score: 0.6320  Acc_7: 0.4607  MAE: 0.7266  Loss: 0.7265 
2024-04-10 20:57:51,267 - MMSA [INFO] - TEST-(dicmor) >>  Acc_2: 0.6877  F1_score: 0.6565  Acc_7: 0.4462  MAE: 0.7525  Loss: 0.7516 
2024-04-10 21:04:19,180 - MMSA [INFO] - TRAIN-(dicmor) [7/12/6] >> loss: 2.9156  Acc_2: 0.7188  F1_score: 0.6907  Acc_7: 0.5355  MAE: 0.6616 
2024-04-10 21:04:34,672 - MMSA [INFO] - VAL-(dicmor) >>  Acc_2: 0.6822  F1_score: 0.6579  Acc_7: 0.4639  MAE: 0.7201  Loss: 0.7202 
2024-04-10 21:05:09,439 - MMSA [INFO] - TEST-(dicmor) >>  Acc_2: 0.6780  F1_score: 0.6534  Acc_7: 0.4426  MAE: 0.7494  Loss: 0.7480 
2024-04-10 21:11:39,493 - MMSA [INFO] - TRAIN-(dicmor) [8/13/6] >> loss: 2.8652  Acc_2: 0.7051  F1_score: 0.6755  Acc_7: 0.5214  MAE: 0.6794 
2024-04-10 21:11:54,926 - MMSA [INFO] - VAL-(dicmor) >>  Acc_2: 0.7017  F1_score: 0.6786  Acc_7: 0.4757  MAE: 0.7006  Loss: 0.7005 
2024-04-10 21:12:29,419 - MMSA [INFO] - TEST-(dicmor) >>  Acc_2: 0.6813  F1_score: 0.6578  Acc_7: 0.4400  MAE: 0.7499  Loss: 0.7484 
2024-04-10 21:19:01,961 - MMSA [INFO] - TRAIN-(dicmor) [1/14/6] >> loss: 2.8083  Acc_2: 0.7118  F1_score: 0.6815  Acc_7: 0.5241  MAE: 0.6771 
2024-04-10 21:19:17,412 - MMSA [INFO] - VAL-(dicmor) >>  Acc_2: 0.6759  F1_score: 0.6647  Acc_7: 0.4645  MAE: 0.7150  Loss: 0.7149 
2024-04-10 21:19:51,985 - MMSA [INFO] - TEST-(dicmor) >>  Acc_2: 0.6728  F1_score: 0.6650  Acc_7: 0.4404  MAE: 0.7647  Loss: 0.7630 
2024-04-10 21:26:24,062 - MMSA [INFO] - TRAIN-(dicmor) [2/15/6] >> loss: 2.7316  Acc_2: 0.7021  F1_score: 0.6732  Acc_7: 0.5166  MAE: 0.6862 
2024-04-10 21:26:39,294 - MMSA [INFO] - VAL-(dicmor) >>  Acc_2: 0.6287  F1_score: 0.6255  Acc_7: 0.4607  MAE: 0.7312  Loss: 0.7311 
2024-04-10 21:27:13,568 - MMSA [INFO] - TEST-(dicmor) >>  Acc_2: 0.6580  F1_score: 0.6547  Acc_7: 0.4383  MAE: 0.7694  Loss: 0.7684 
2024-04-10 21:33:40,264 - MMSA [INFO] - TRAIN-(dicmor) [3/16/6] >> loss: 2.6881  Acc_2: 0.7084  F1_score: 0.6816  Acc_7: 0.5319  MAE: 0.6676 
2024-04-10 21:33:55,886 - MMSA [INFO] - VAL-(dicmor) >>  Acc_2: 0.6989  F1_score: 0.6791  Acc_7: 0.4725  MAE: 0.6957  Loss: 0.6956 
2024-04-10 21:34:30,093 - MMSA [INFO] - TEST-(dicmor) >>  Acc_2: 0.6709  F1_score: 0.6441  Acc_7: 0.4379  MAE: 0.7681  Loss: 0.7678 
2024-04-10 21:41:04,836 - MMSA [INFO] - TRAIN-(dicmor) [1/17/6] >> loss: 2.6439  Acc_2: 0.7172  F1_score: 0.6930  Acc_7: 0.5331  MAE: 0.6621 
2024-04-10 21:41:20,403 - MMSA [INFO] - VAL-(dicmor) >>  Acc_2: 0.6509  F1_score: 0.6529  Acc_7: 0.4789  MAE: 0.7007  Loss: 0.7009 
2024-04-10 21:41:55,167 - MMSA [INFO] - TEST-(dicmor) >>  Acc_2: 0.6734  F1_score: 0.6722  Acc_7: 0.4376  MAE: 0.7568  Loss: 0.7563 
2024-04-10 21:48:20,061 - MMSA [INFO] - TRAIN-(dicmor) [2/18/6] >> loss: 2.5909  Acc_2: 0.7181  F1_score: 0.6923  Acc_7: 0.5296  MAE: 0.6688 
2024-04-10 21:48:35,352 - MMSA [INFO] - VAL-(dicmor) >>  Acc_2: 0.6648  F1_score: 0.6513  Acc_7: 0.4682  MAE: 0.7220  Loss: 0.7220 
2024-04-10 21:49:10,347 - MMSA [INFO] - TEST-(dicmor) >>  Acc_2: 0.6731  F1_score: 0.6617  Acc_7: 0.4411  MAE: 0.7663  Loss: 0.7651 
2024-04-10 21:55:37,103 - MMSA [INFO] - TRAIN-(dicmor) [3/19/6] >> loss: 2.5373  Acc_2: 0.7280  F1_score: 0.7045  Acc_7: 0.5352  MAE: 0.6569 
2024-04-10 21:55:52,896 - MMSA [INFO] - VAL-(dicmor) >>  Acc_2: 0.6641  F1_score: 0.6431  Acc_7: 0.4751  MAE: 0.7140  Loss: 0.7139 
2024-04-10 21:56:27,775 - MMSA [INFO] - TEST-(dicmor) >>  Acc_2: 0.6679  F1_score: 0.6462  Acc_7: 0.4396  MAE: 0.7670  Loss: 0.7655 
2024-04-10 22:02:56,740 - MMSA [INFO] - TRAIN-(dicmor) [4/20/6] >> loss: 2.4975  Acc_2: 0.7120  F1_score: 0.6862  Acc_7: 0.5199  MAE: 0.6798 
2024-04-10 22:03:12,156 - MMSA [INFO] - VAL-(dicmor) >>  Acc_2: 0.6690  F1_score: 0.6273  Acc_7: 0.4666  MAE: 0.7275  Loss: 0.7276 
2024-04-10 22:03:46,107 - MMSA [INFO] - TEST-(dicmor) >>  Acc_2: 0.6794  F1_score: 0.6473  Acc_7: 0.4314  MAE: 0.7684  Loss: 0.7674 
2024-04-10 22:10:13,880 - MMSA [INFO] - TRAIN-(dicmor) [5/21/6] >> loss: 2.4751  Acc_2: 0.7083  F1_score: 0.6834  Acc_7: 0.5147  MAE: 0.6880 
2024-04-10 22:10:29,358 - MMSA [INFO] - VAL-(dicmor) >>  Acc_2: 0.7024  F1_score: 0.6889  Acc_7: 0.4816  MAE: 0.6905  Loss: 0.6905 
2024-04-10 22:11:04,043 - MMSA [INFO] - TEST-(dicmor) >>  Acc_2: 0.6838  F1_score: 0.6726  Acc_7: 0.4379  MAE: 0.7633  Loss: 0.7622 
2024-04-10 22:17:36,187 - MMSA [INFO] - TRAIN-(dicmor) [1/22/6] >> loss: 2.4065  Acc_2: 0.7218  F1_score: 0.6969  Acc_7: 0.5293  MAE: 0.6695 
2024-04-10 22:17:51,854 - MMSA [INFO] - VAL-(dicmor) >>  Acc_2: 0.6857  F1_score: 0.6298  Acc_7: 0.4751  MAE: 0.7198  Loss: 0.7198 
2024-04-10 22:18:26,262 - MMSA [INFO] - TEST-(dicmor) >>  Acc_2: 0.6753  F1_score: 0.6264  Acc_7: 0.4344  MAE: 0.7730  Loss: 0.7721 
2024-04-10 22:24:55,758 - MMSA [INFO] - TRAIN-(dicmor) [2/23/6] >> loss: 2.3621  Acc_2: 0.7081  F1_score: 0.6818  Acc_7: 0.5140  MAE: 0.6883 
2024-04-10 22:25:10,949 - MMSA [INFO] - VAL-(dicmor) >>  Acc_2: 0.6933  F1_score: 0.6457  Acc_7: 0.4613  MAE: 0.7264  Loss: 0.7263 
2024-04-10 22:25:44,810 - MMSA [INFO] - TEST-(dicmor) >>  Acc_2: 0.6717  F1_score: 0.6234  Acc_7: 0.4346  MAE: 0.7777  Loss: 0.7777 
2024-04-10 22:32:09,540 - MMSA [INFO] - TRAIN-(dicmor) [3/24/6] >> loss: 2.2888  Acc_2: 0.7170  F1_score: 0.6942  Acc_7: 0.5234  MAE: 0.6743 
2024-04-10 22:32:24,981 - MMSA [INFO] - VAL-(dicmor) >>  Acc_2: 0.6926  F1_score: 0.6497  Acc_7: 0.4559  MAE: 0.7307  Loss: 0.7305 
2024-04-10 22:32:59,229 - MMSA [INFO] - TEST-(dicmor) >>  Acc_2: 0.6764  F1_score: 0.6386  Acc_7: 0.4385  MAE: 0.7673  Loss: 0.7669 
2024-04-10 22:39:21,359 - MMSA [INFO] - TRAIN-(dicmor) [4/25/6] >> loss: 2.2732  Acc_2: 0.7206  F1_score: 0.6965  Acc_7: 0.5220  MAE: 0.6769 
2024-04-10 22:39:36,502 - MMSA [INFO] - VAL-(dicmor) >>  Acc_2: 0.6773  F1_score: 0.6566  Acc_7: 0.4570  MAE: 0.7180  Loss: 0.7181 
2024-04-10 22:40:10,766 - MMSA [INFO] - TEST-(dicmor) >>  Acc_2: 0.6835  F1_score: 0.6679  Acc_7: 0.4484  MAE: 0.7546  Loss: 0.7544 
2024-04-10 22:46:40,157 - MMSA [INFO] - TRAIN-(dicmor) [5/26/6] >> loss: 2.2234  Acc_2: 0.7130  F1_score: 0.6893  Acc_7: 0.5219  MAE: 0.6772 
2024-04-10 22:46:55,582 - MMSA [INFO] - VAL-(dicmor) >>  Acc_2: 0.6572  F1_score: 0.6409  Acc_7: 0.4511  MAE: 0.7342  Loss: 0.7341 
2024-04-10 22:47:29,770 - MMSA [INFO] - TEST-(dicmor) >>  Acc_2: 0.6855  F1_score: 0.6731  Acc_7: 0.4411  MAE: 0.7487  Loss: 0.7488 
2024-04-10 22:53:56,795 - MMSA [INFO] - TRAIN-(dicmor) [6/27/6] >> loss: 2.1833  Acc_2: 0.7239  F1_score: 0.7052  Acc_7: 0.5357  MAE: 0.6582 
2024-04-10 22:54:12,097 - MMSA [INFO] - VAL-(dicmor) >>  Acc_2: 0.6627  F1_score: 0.6086  Acc_7: 0.4479  MAE: 0.7359  Loss: 0.7359 
2024-04-10 22:54:46,670 - MMSA [INFO] - TEST-(dicmor) >>  Acc_2: 0.6838  F1_score: 0.6330  Acc_7: 0.4361  MAE: 0.7631  Loss: 0.7629 
2024-04-10 23:01:12,273 - MMSA [INFO] - TRAIN-(dicmor) [7/28/6] >> loss: 2.1378  Acc_2: 0.7219  F1_score: 0.6980  Acc_7: 0.5239  MAE: 0.6709 
2024-04-10 23:01:27,789 - MMSA [INFO] - VAL-(dicmor) >>  Acc_2: 0.7010  F1_score: 0.6527  Acc_7: 0.4661  MAE: 0.7125  Loss: 0.7124 
2024-04-10 23:02:01,831 - MMSA [INFO] - TEST-(dicmor) >>  Acc_2: 0.6835  F1_score: 0.6429  Acc_7: 0.4404  MAE: 0.7622  Loss: 0.7623 
2024-04-10 23:08:25,323 - MMSA [INFO] - TRAIN-(dicmor) [8/29/6] >> loss: 2.1318  Acc_2: 0.7353  F1_score: 0.7166  Acc_7: 0.5350  MAE: 0.6534 
2024-04-10 23:08:40,741 - MMSA [INFO] - VAL-(dicmor) >>  Acc_2: 0.6892  F1_score: 0.6629  Acc_7: 0.4468  MAE: 0.7240  Loss: 0.7241 
2024-04-10 23:09:14,911 - MMSA [INFO] - TEST-(dicmor) >>  Acc_2: 0.6797  F1_score: 0.6545  Acc_7: 0.4278  MAE: 0.7700  Loss: 0.7695 
2024-04-10 23:15:42,462 - MMSA [INFO] - TRAIN-(dicmor) [9/30/6] >> loss: 2.0838  Acc_2: 0.7303  F1_score: 0.7116  Acc_7: 0.5346  MAE: 0.6531 
2024-04-10 23:15:58,084 - MMSA [INFO] - VAL-(dicmor) >>  Acc_2: 0.6829  F1_score: 0.6370  Acc_7: 0.4554  MAE: 0.7268  Loss: 0.7268 
2024-04-10 23:16:32,474 - MMSA [INFO] - TEST-(dicmor) >>  Acc_2: 0.6780  F1_score: 0.6428  Acc_7: 0.4297  MAE: 0.7646  Loss: 0.7632 
2024-04-10 23:23:00,639 - MMSA [INFO] - TRAIN-(dicmor) [10/31/6] >> loss: 2.0818  Acc_2: 0.7264  F1_score: 0.7095  Acc_7: 0.5328  MAE: 0.6614 
2024-04-10 23:23:16,310 - MMSA [INFO] - VAL-(dicmor) >>  Acc_2: 0.6509  F1_score: 0.6487  Acc_7: 0.4677  MAE: 0.7147  Loss: 0.7147 
2024-04-10 23:23:50,607 - MMSA [INFO] - TEST-(dicmor) >>  Acc_2: 0.6574  F1_score: 0.6565  Acc_7: 0.4280  MAE: 0.7787  Loss: 0.7772 
2024-04-10 23:24:27,929 - MMSA [INFO] - TEST-(dicmor) >>  Acc_2: 0.6794  F1_score: 0.6670  Acc_7: 0.4398  MAE: 0.7529  Loss: 0.7515 
2024-04-10 23:24:30,375 - MMSA [INFO] - train samples: (16326,)
2024-04-10 23:24:31,792 - MMSA [INFO] - valid samples: (1871,)
2024-04-10 23:24:33,209 - MMSA [INFO] - test samples: (4659,)
2024-04-10 23:30:45,002 - MMSA [INFO] - TRAIN-(dicmor) [1/1/7] >> loss: 5.2715  Acc_2: 0.6830  F1_score: 0.6493  Acc_7: 0.5060  MAE: 0.7137 
2024-04-10 23:30:59,568 - MMSA [INFO] - VAL-(dicmor) >>  Acc_2: 0.6071  F1_score: 0.6061  Acc_7: 0.4580  MAE: 0.7288  Loss: 0.7289 
2024-04-10 23:31:33,518 - MMSA [INFO] - TEST-(dicmor) >>  Acc_2: 0.6277  F1_score: 0.6282  Acc_7: 0.4349  MAE: 0.7806  Loss: 0.7812 
2024-04-10 23:37:58,511 - MMSA [INFO] - TRAIN-(dicmor) [1/2/7] >> loss: 4.4447  Acc_2: 0.6925  F1_score: 0.6532  Acc_7: 0.5091  MAE: 0.7057 
2024-04-10 23:38:13,349 - MMSA [INFO] - VAL-(dicmor) >>  Acc_2: 0.6871  F1_score: 0.6343  Acc_7: 0.4639  MAE: 0.7157  Loss: 0.7158 
2024-04-10 23:38:46,476 - MMSA [INFO] - TEST-(dicmor) >>  Acc_2: 0.6640  F1_score: 0.6078  Acc_7: 0.4310  MAE: 0.7758  Loss: 0.7742 
2024-04-10 23:45:10,698 - MMSA [INFO] - TRAIN-(dicmor) [1/3/7] >> loss: 4.1855  Acc_2: 0.6994  F1_score: 0.6613  Acc_7: 0.5257  MAE: 0.6817 
2024-04-10 23:45:25,496 - MMSA [INFO] - VAL-(dicmor) >>  Acc_2: 0.6857  F1_score: 0.6178  Acc_7: 0.4714  MAE: 0.7200  Loss: 0.7199 
2024-04-10 23:45:59,060 - MMSA [INFO] - TEST-(dicmor) >>  Acc_2: 0.6706  F1_score: 0.5898  Acc_7: 0.4299  MAE: 0.7768  Loss: 0.7774 
2024-04-10 23:52:20,662 - MMSA [INFO] - TRAIN-(dicmor) [2/4/7] >> loss: 4.0099  Acc_2: 0.6886  F1_score: 0.6453  Acc_7: 0.5134  MAE: 0.7006 
2024-04-10 23:52:35,978 - MMSA [INFO] - VAL-(dicmor) >>  Acc_2: 0.6815  F1_score: 0.6106  Acc_7: 0.4634  MAE: 0.7201  Loss: 0.7200 
2024-04-10 23:53:09,358 - MMSA [INFO] - TEST-(dicmor) >>  Acc_2: 0.6687  F1_score: 0.5970  Acc_7: 0.4359  MAE: 0.7715  Loss: 0.7700 
2024-04-10 23:59:37,051 - MMSA [INFO] - TRAIN-(dicmor) [3/5/7] >> loss: 3.8661  Acc_2: 0.7007  F1_score: 0.6630  Acc_7: 0.5222  MAE: 0.6852 
2024-04-10 23:59:52,117 - MMSA [INFO] - VAL-(dicmor) >>  Acc_2: 0.6773  F1_score: 0.6337  Acc_7: 0.4634  MAE: 0.7187  Loss: 0.7187 
2024-04-11 00:00:26,112 - MMSA [INFO] - TEST-(dicmor) >>  Acc_2: 0.6816  F1_score: 0.6363  Acc_7: 0.4398  MAE: 0.7574  Loss: 0.7576 
2024-04-11 00:06:54,306 - MMSA [INFO] - TRAIN-(dicmor) [4/6/7] >> loss: 3.6903  Acc_2: 0.6937  F1_score: 0.6584  Acc_7: 0.5160  MAE: 0.6933 
2024-04-11 00:07:09,614 - MMSA [INFO] - VAL-(dicmor) >>  Acc_2: 0.6586  F1_score: 0.5950  Acc_7: 0.4634  MAE: 0.7321  Loss: 0.7320 
2024-04-11 00:07:43,855 - MMSA [INFO] - TEST-(dicmor) >>  Acc_2: 0.6648  F1_score: 0.6148  Acc_7: 0.4319  MAE: 0.7725  Loss: 0.7717 
2024-04-11 00:14:12,561 - MMSA [INFO] - TRAIN-(dicmor) [5/7/7] >> loss: 3.5431  Acc_2: 0.6905  F1_score: 0.6514  Acc_7: 0.5152  MAE: 0.6971 
2024-04-11 00:14:27,780 - MMSA [INFO] - VAL-(dicmor) >>  Acc_2: 0.6398  F1_score: 0.6345  Acc_7: 0.4703  MAE: 0.7057  Loss: 0.7056 
2024-04-11 00:15:01,747 - MMSA [INFO] - TEST-(dicmor) >>  Acc_2: 0.6497  F1_score: 0.6395  Acc_7: 0.4376  MAE: 0.7735  Loss: 0.7734 
2024-04-11 00:21:33,826 - MMSA [INFO] - TRAIN-(dicmor) [1/8/7] >> loss: 3.4213  Acc_2: 0.7021  F1_score: 0.6659  Acc_7: 0.5203  MAE: 0.6896 
2024-04-11 00:21:49,152 - MMSA [INFO] - VAL-(dicmor) >>  Acc_2: 0.6801  F1_score: 0.6435  Acc_7: 0.4479  MAE: 0.7267  Loss: 0.7266 
2024-04-11 00:22:23,001 - MMSA [INFO] - TEST-(dicmor) >>  Acc_2: 0.6736  F1_score: 0.6411  Acc_7: 0.4364  MAE: 0.7639  Loss: 0.7636 
2024-04-11 00:28:49,451 - MMSA [INFO] - TRAIN-(dicmor) [2/9/7] >> loss: 3.2797  Acc_2: 0.6946  F1_score: 0.6564  Acc_7: 0.5161  MAE: 0.6981 
2024-04-11 00:29:04,724 - MMSA [INFO] - VAL-(dicmor) >>  Acc_2: 0.6822  F1_score: 0.6465  Acc_7: 0.4661  MAE: 0.7131  Loss: 0.7131 
2024-04-11 00:29:39,017 - MMSA [INFO] - TEST-(dicmor) >>  Acc_2: 0.6593  F1_score: 0.6273  Acc_7: 0.4288  MAE: 0.7794  Loss: 0.7796 
2024-04-11 00:36:06,452 - MMSA [INFO] - TRAIN-(dicmor) [3/10/7] >> loss: 3.1451  Acc_2: 0.6987  F1_score: 0.6613  Acc_7: 0.5160  MAE: 0.6902 
2024-04-11 00:36:21,724 - MMSA [INFO] - VAL-(dicmor) >>  Acc_2: 0.6892  F1_score: 0.6538  Acc_7: 0.4543  MAE: 0.7191  Loss: 0.7191 
2024-04-11 00:36:56,292 - MMSA [INFO] - TEST-(dicmor) >>  Acc_2: 0.6635  F1_score: 0.6214  Acc_7: 0.4372  MAE: 0.7658  Loss: 0.7652 
2024-04-11 00:43:23,651 - MMSA [INFO] - TRAIN-(dicmor) [4/11/7] >> loss: 3.0216  Acc_2: 0.6935  F1_score: 0.6597  Acc_7: 0.5127  MAE: 0.6970 
2024-04-11 00:43:38,838 - MMSA [INFO] - VAL-(dicmor) >>  Acc_2: 0.6794  F1_score: 0.6344  Acc_7: 0.4532  MAE: 0.7266  Loss: 0.7266 
2024-04-11 00:44:12,985 - MMSA [INFO] - TEST-(dicmor) >>  Acc_2: 0.6780  F1_score: 0.6381  Acc_7: 0.4340  MAE: 0.7693  Loss: 0.7691 
2024-04-11 00:50:39,522 - MMSA [INFO] - TRAIN-(dicmor) [5/12/7] >> loss: 2.9192  Acc_2: 0.6979  F1_score: 0.6644  Acc_7: 0.5177  MAE: 0.6894 
2024-04-11 00:50:55,209 - MMSA [INFO] - VAL-(dicmor) >>  Acc_2: 0.6892  F1_score: 0.6124  Acc_7: 0.4447  MAE: 0.7293  Loss: 0.7292 
2024-04-11 00:51:29,990 - MMSA [INFO] - TEST-(dicmor) >>  Acc_2: 0.6750  F1_score: 0.5979  Acc_7: 0.4445  MAE: 0.7655  Loss: 0.7649 
2024-04-11 00:57:58,843 - MMSA [INFO] - TRAIN-(dicmor) [6/13/7] >> loss: 2.7829  Acc_2: 0.7052  F1_score: 0.6770  Acc_7: 0.5279  MAE: 0.6768 
2024-04-11 00:58:14,359 - MMSA [INFO] - VAL-(dicmor) >>  Acc_2: 0.6912  F1_score: 0.6218  Acc_7: 0.4543  MAE: 0.7222  Loss: 0.7222 
2024-04-11 00:58:48,797 - MMSA [INFO] - TEST-(dicmor) >>  Acc_2: 0.6668  F1_score: 0.5929  Acc_7: 0.4301  MAE: 0.7816  Loss: 0.7825 
2024-04-11 01:05:15,549 - MMSA [INFO] - TRAIN-(dicmor) [7/14/7] >> loss: 2.6868  Acc_2: 0.7120  F1_score: 0.6817  Acc_7: 0.5266  MAE: 0.6682 
2024-04-11 01:05:30,800 - MMSA [INFO] - VAL-(dicmor) >>  Acc_2: 0.6815  F1_score: 0.6370  Acc_7: 0.4618  MAE: 0.7277  Loss: 0.7276 
2024-04-11 01:06:04,855 - MMSA [INFO] - TEST-(dicmor) >>  Acc_2: 0.6725  F1_score: 0.6360  Acc_7: 0.4271  MAE: 0.7692  Loss: 0.7682 
2024-04-11 01:12:32,331 - MMSA [INFO] - TRAIN-(dicmor) [8/15/7] >> loss: 2.6433  Acc_2: 0.7067  F1_score: 0.6756  Acc_7: 0.5214  MAE: 0.6807 
2024-04-11 01:12:47,809 - MMSA [INFO] - VAL-(dicmor) >>  Acc_2: 0.6745  F1_score: 0.6622  Acc_7: 0.4586  MAE: 0.7162  Loss: 0.7163 
2024-04-11 01:13:22,648 - MMSA [INFO] - TEST-(dicmor) >>  Acc_2: 0.6613  F1_score: 0.6450  Acc_7: 0.4338  MAE: 0.7708  Loss: 0.7696 
2024-04-11 01:19:43,276 - MMSA [INFO] - TRAIN-(dicmor) [9/16/7] >> loss: 2.5919  Acc_2: 0.6994  F1_score: 0.6662  Acc_7: 0.5172  MAE: 0.6873 
2024-04-11 01:19:58,692 - MMSA [INFO] - VAL-(dicmor) >>  Acc_2: 0.6690  F1_score: 0.6513  Acc_7: 0.4490  MAE: 0.7249  Loss: 0.7250 
2024-04-11 01:20:33,054 - MMSA [INFO] - TEST-(dicmor) >>  Acc_2: 0.6731  F1_score: 0.6610  Acc_7: 0.4336  MAE: 0.7674  Loss: 0.7668 
2024-04-11 01:26:56,561 - MMSA [INFO] - TRAIN-(dicmor) [10/17/7] >> loss: 2.5446  Acc_2: 0.7036  F1_score: 0.6742  Acc_7: 0.5155  MAE: 0.6875 
2024-04-11 01:27:11,905 - MMSA [INFO] - VAL-(dicmor) >>  Acc_2: 0.6940  F1_score: 0.6232  Acc_7: 0.4532  MAE: 0.7285  Loss: 0.7286 
2024-04-11 01:27:46,426 - MMSA [INFO] - TEST-(dicmor) >>  Acc_2: 0.6786  F1_score: 0.6149  Acc_7: 0.4415  MAE: 0.7606  Loss: 0.7597 
2024-04-11 01:28:24,419 - MMSA [INFO] - TEST-(dicmor) >>  Acc_2: 0.6626  F1_score: 0.6551  Acc_7: 0.4392  MAE: 0.7556  Loss: 0.7546 
2024-04-11 01:28:26,871 - MMSA [INFO] - train samples: (16326,)
2024-04-11 01:28:28,296 - MMSA [INFO] - valid samples: (1871,)
2024-04-11 01:28:29,706 - MMSA [INFO] - test samples: (4659,)
2024-04-11 01:34:42,210 - MMSA [INFO] - TRAIN-(dicmor) [1/1/8] >> loss: 5.2948  Acc_2: 0.6819  F1_score: 0.6433  Acc_7: 0.5026  MAE: 0.7162 
2024-04-11 01:34:57,222 - MMSA [INFO] - VAL-(dicmor) >>  Acc_2: 0.6787  F1_score: 0.5849  Acc_7: 0.4570  MAE: 0.7331  Loss: 0.7331 
2024-04-11 01:35:30,778 - MMSA [INFO] - TEST-(dicmor) >>  Acc_2: 0.6767  F1_score: 0.5941  Acc_7: 0.4248  MAE: 0.7830  Loss: 0.7823 
2024-04-11 01:41:54,840 - MMSA [INFO] - TRAIN-(dicmor) [1/2/8] >> loss: 4.4904  Acc_2: 0.6891  F1_score: 0.6481  Acc_7: 0.5105  MAE: 0.6990 
2024-04-11 01:42:09,990 - MMSA [INFO] - VAL-(dicmor) >>  Acc_2: 0.6843  F1_score: 0.6068  Acc_7: 0.4661  MAE: 0.7228  Loss: 0.7229 
2024-04-11 01:42:43,371 - MMSA [INFO] - TEST-(dicmor) >>  Acc_2: 0.6659  F1_score: 0.5835  Acc_7: 0.4252  MAE: 0.7850  Loss: 0.7839 
2024-04-11 01:49:08,716 - MMSA [INFO] - TRAIN-(dicmor) [1/3/8] >> loss: 4.1484  Acc_2: 0.6896  F1_score: 0.6481  Acc_7: 0.5084  MAE: 0.7037 
2024-04-11 01:49:23,465 - MMSA [INFO] - VAL-(dicmor) >>  Acc_2: 0.6606  F1_score: 0.6285  Acc_7: 0.4618  MAE: 0.7146  Loss: 0.7146 
2024-04-11 01:49:57,017 - MMSA [INFO] - TEST-(dicmor) >>  Acc_2: 0.6585  F1_score: 0.6278  Acc_7: 0.4319  MAE: 0.7760  Loss: 0.7772 
2024-04-11 01:56:23,383 - MMSA [INFO] - TRAIN-(dicmor) [1/4/8] >> loss: 3.9814  Acc_2: 0.7021  F1_score: 0.6621  Acc_7: 0.5233  MAE: 0.6832 
2024-04-11 01:56:38,591 - MMSA [INFO] - VAL-(dicmor) >>  Acc_2: 0.6885  F1_score: 0.6134  Acc_7: 0.4575  MAE: 0.7290  Loss: 0.7290 
2024-04-11 01:57:12,147 - MMSA [INFO] - TEST-(dicmor) >>  Acc_2: 0.6668  F1_score: 0.5929  Acc_7: 0.4338  MAE: 0.7730  Loss: 0.7721 
2024-04-11 02:03:39,872 - MMSA [INFO] - TRAIN-(dicmor) [2/5/8] >> loss: 3.8156  Acc_2: 0.7040  F1_score: 0.6663  Acc_7: 0.5273  MAE: 0.6795 
2024-04-11 02:03:55,065 - MMSA [INFO] - VAL-(dicmor) >>  Acc_2: 0.6947  F1_score: 0.6565  Acc_7: 0.4677  MAE: 0.7095  Loss: 0.7097 
2024-04-11 02:04:29,182 - MMSA [INFO] - TEST-(dicmor) >>  Acc_2: 0.6797  F1_score: 0.6422  Acc_7: 0.4372  MAE: 0.7572  Loss: 0.7577 
2024-04-11 02:10:58,734 - MMSA [INFO] - TRAIN-(dicmor) [1/6/8] >> loss: 3.6684  Acc_2: 0.6974  F1_score: 0.6586  Acc_7: 0.5164  MAE: 0.6912 
2024-04-11 02:11:13,704 - MMSA [INFO] - VAL-(dicmor) >>  Acc_2: 0.6919  F1_score: 0.6698  Acc_7: 0.4580  MAE: 0.7104  Loss: 0.7102 
2024-04-11 02:11:47,263 - MMSA [INFO] - TEST-(dicmor) >>  Acc_2: 0.6706  F1_score: 0.6422  Acc_7: 0.4385  MAE: 0.7634  Loss: 0.7628 
2024-04-11 02:18:14,612 - MMSA [INFO] - TRAIN-(dicmor) [2/7/8] >> loss: 3.526  Acc_2: 0.6980  F1_score: 0.6619  Acc_7: 0.5167  MAE: 0.6915 
2024-04-11 02:18:29,786 - MMSA [INFO] - VAL-(dicmor) >>  Acc_2: 0.6648  F1_score: 0.6580  Acc_7: 0.4693  MAE: 0.7112  Loss: 0.7111 
2024-04-11 02:19:03,754 - MMSA [INFO] - TEST-(dicmor) >>  Acc_2: 0.6549  F1_score: 0.6480  Acc_7: 0.4396  MAE: 0.7701  Loss: 0.7695 
2024-04-11 02:25:33,990 - MMSA [INFO] - TRAIN-(dicmor) [3/8/8] >> loss: 3.4013  Acc_2: 0.6996  F1_score: 0.6657  Acc_7: 0.5158  MAE: 0.6928 
2024-04-11 02:25:49,100 - MMSA [INFO] - VAL-(dicmor) >>  Acc_2: 0.7065  F1_score: 0.6687  Acc_7: 0.4709  MAE: 0.7002  Loss: 0.7003 
2024-04-11 02:26:23,452 - MMSA [INFO] - TEST-(dicmor) >>  Acc_2: 0.6786  F1_score: 0.6337  Acc_7: 0.4351  MAE: 0.7673  Loss: 0.7661 
2024-04-11 02:32:54,774 - MMSA [INFO] - TRAIN-(dicmor) [1/9/8] >> loss: 3.268  Acc_2: 0.7008  F1_score: 0.6677  Acc_7: 0.5228  MAE: 0.6828 
2024-04-11 02:33:10,116 - MMSA [INFO] - VAL-(dicmor) >>  Acc_2: 0.6968  F1_score: 0.6345  Acc_7: 0.4682  MAE: 0.7099  Loss: 0.7099 
2024-04-11 02:33:44,031 - MMSA [INFO] - TEST-(dicmor) >>  Acc_2: 0.6714  F1_score: 0.6079  Acc_7: 0.4359  MAE: 0.7699  Loss: 0.7694 
2024-04-11 02:40:12,097 - MMSA [INFO] - TRAIN-(dicmor) [2/10/8] >> loss: 3.1477  Acc_2: 0.7001  F1_score: 0.6659  Acc_7: 0.5192  MAE: 0.6867 
2024-04-11 02:40:27,621 - MMSA [INFO] - VAL-(dicmor) >>  Acc_2: 0.6871  F1_score: 0.6382  Acc_7: 0.4607  MAE: 0.7231  Loss: 0.7231 
2024-04-11 02:41:01,910 - MMSA [INFO] - TEST-(dicmor) >>  Acc_2: 0.6811  F1_score: 0.6400  Acc_7: 0.4379  MAE: 0.7575  Loss: 0.7565 
2024-04-11 02:47:30,342 - MMSA [INFO] - TRAIN-(dicmor) [3/11/8] >> loss: 3.0184  Acc_2: 0.7011  F1_score: 0.6663  Acc_7: 0.5164  MAE: 0.6902 
2024-04-11 02:47:45,759 - MMSA [INFO] - VAL-(dicmor) >>  Acc_2: 0.6933  F1_score: 0.6254  Acc_7: 0.4623  MAE: 0.7184  Loss: 0.7183 
2024-04-11 02:48:20,520 - MMSA [INFO] - TEST-(dicmor) >>  Acc_2: 0.6717  F1_score: 0.5944  Acc_7: 0.4344  MAE: 0.7722  Loss: 0.7704 
2024-04-11 02:54:42,042 - MMSA [INFO] - TRAIN-(dicmor) [4/12/8] >> loss: 2.9068  Acc_2: 0.7197  F1_score: 0.6902  Acc_7: 0.5333  MAE: 0.6670 
2024-04-11 02:54:57,337 - MMSA [INFO] - VAL-(dicmor) >>  Acc_2: 0.7045  F1_score: 0.6453  Acc_7: 0.4682  MAE: 0.7063  Loss: 0.7064 
2024-04-11 02:55:32,147 - MMSA [INFO] - TEST-(dicmor) >>  Acc_2: 0.6745  F1_score: 0.6006  Acc_7: 0.4265  MAE: 0.7700  Loss: 0.7689 
2024-04-11 03:01:58,832 - MMSA [INFO] - TRAIN-(dicmor) [5/13/8] >> loss: 2.7944  Acc_2: 0.6946  F1_score: 0.6631  Acc_7: 0.5200  MAE: 0.6862 
2024-04-11 03:02:14,045 - MMSA [INFO] - VAL-(dicmor) >>  Acc_2: 0.6745  F1_score: 0.6364  Acc_7: 0.4570  MAE: 0.7260  Loss: 0.7259 
2024-04-11 03:02:48,012 - MMSA [INFO] - TEST-(dicmor) >>  Acc_2: 0.6684  F1_score: 0.6359  Acc_7: 0.4374  MAE: 0.7683  Loss: 0.7674 
2024-04-11 03:09:19,816 - MMSA [INFO] - TRAIN-(dicmor) [6/14/8] >> loss: 2.6717  Acc_2: 0.7071  F1_score: 0.6767  Acc_7: 0.5345  MAE: 0.6676 
2024-04-11 03:09:35,020 - MMSA [INFO] - VAL-(dicmor) >>  Acc_2: 0.6892  F1_score: 0.6294  Acc_7: 0.4719  MAE: 0.7088  Loss: 0.7090 
2024-04-11 03:10:09,059 - MMSA [INFO] - TEST-(dicmor) >>  Acc_2: 0.6868  F1_score: 0.6373  Acc_7: 0.4426  MAE: 0.7527  Loss: 0.7516 
2024-04-11 03:16:35,606 - MMSA [INFO] - TRAIN-(dicmor) [7/15/8] >> loss: 2.5955  Acc_2: 0.7102  F1_score: 0.6799  Acc_7: 0.5331  MAE: 0.6666 
2024-04-11 03:16:50,865 - MMSA [INFO] - VAL-(dicmor) >>  Acc_2: 0.7010  F1_score: 0.6638  Acc_7: 0.4794  MAE: 0.6953  Loss: 0.6952 
2024-04-11 03:17:25,251 - MMSA [INFO] - TEST-(dicmor) >>  Acc_2: 0.6868  F1_score: 0.6543  Acc_7: 0.4430  MAE: 0.7542  Loss: 0.7542 
2024-04-11 03:23:55,614 - MMSA [INFO] - TRAIN-(dicmor) [1/16/8] >> loss: 2.5372  Acc_2: 0.7136  F1_score: 0.6871  Acc_7: 0.5371  MAE: 0.6612 
2024-04-11 03:24:10,945 - MMSA [INFO] - VAL-(dicmor) >>  Acc_2: 0.6801  F1_score: 0.6502  Acc_7: 0.4682  MAE: 0.7076  Loss: 0.7075 
2024-04-11 03:24:45,641 - MMSA [INFO] - TEST-(dicmor) >>  Acc_2: 0.6681  F1_score: 0.6323  Acc_7: 0.4370  MAE: 0.7725  Loss: 0.7716 
2024-04-11 03:31:12,051 - MMSA [INFO] - TRAIN-(dicmor) [2/17/8] >> loss: 2.4856  Acc_2: 0.7102  F1_score: 0.6788  Acc_7: 0.5204  MAE: 0.6802 
2024-04-11 03:31:27,246 - MMSA [INFO] - VAL-(dicmor) >>  Acc_2: 0.6989  F1_score: 0.6702  Acc_7: 0.4591  MAE: 0.7105  Loss: 0.7105 
2024-04-11 03:32:00,887 - MMSA [INFO] - TEST-(dicmor) >>  Acc_2: 0.6692  F1_score: 0.6409  Acc_7: 0.4370  MAE: 0.7608  Loss: 0.7596 
2024-04-11 03:38:26,120 - MMSA [INFO] - TRAIN-(dicmor) [3/18/8] >> loss: 2.4374  Acc_2: 0.7134  F1_score: 0.6864  Acc_7: 0.5285  MAE: 0.6767 
2024-04-11 03:38:41,293 - MMSA [INFO] - VAL-(dicmor) >>  Acc_2: 0.7024  F1_score: 0.6640  Acc_7: 0.4789  MAE: 0.7116  Loss: 0.7117 
2024-04-11 03:39:15,834 - MMSA [INFO] - TEST-(dicmor) >>  Acc_2: 0.6783  F1_score: 0.6423  Acc_7: 0.4402  MAE: 0.7677  Loss: 0.7663 
2024-04-11 03:45:42,874 - MMSA [INFO] - TRAIN-(dicmor) [4/19/8] >> loss: 2.4131  Acc_2: 0.7124  F1_score: 0.6844  Acc_7: 0.5288  MAE: 0.6752 
2024-04-11 03:45:58,200 - MMSA [INFO] - VAL-(dicmor) >>  Acc_2: 0.6697  F1_score: 0.6490  Acc_7: 0.4634  MAE: 0.7192  Loss: 0.7191 
2024-04-11 03:46:32,515 - MMSA [INFO] - TEST-(dicmor) >>  Acc_2: 0.6648  F1_score: 0.6465  Acc_7: 0.4434  MAE: 0.7638  Loss: 0.7625 
2024-04-11 03:53:04,038 - MMSA [INFO] - TRAIN-(dicmor) [5/20/8] >> loss: 2.3171  Acc_2: 0.7256  F1_score: 0.7010  Acc_7: 0.5421  MAE: 0.6498 
2024-04-11 03:53:19,615 - MMSA [INFO] - VAL-(dicmor) >>  Acc_2: 0.7031  F1_score: 0.6608  Acc_7: 0.4693  MAE: 0.6939  Loss: 0.6941 
2024-04-11 03:53:54,594 - MMSA [INFO] - TEST-(dicmor) >>  Acc_2: 0.6769  F1_score: 0.6305  Acc_7: 0.4434  MAE: 0.7550  Loss: 0.7552 
2024-04-11 04:00:25,941 - MMSA [INFO] - TRAIN-(dicmor) [1/21/8] >> loss: 2.2955  Acc_2: 0.7143  F1_score: 0.6892  Acc_7: 0.5311  MAE: 0.6659 
2024-04-11 04:00:41,685 - MMSA [INFO] - VAL-(dicmor) >>  Acc_2: 0.6892  F1_score: 0.6551  Acc_7: 0.4709  MAE: 0.7067  Loss: 0.7067 
2024-04-11 04:01:16,362 - MMSA [INFO] - TEST-(dicmor) >>  Acc_2: 0.6868  F1_score: 0.6566  Acc_7: 0.4458  MAE: 0.7483  Loss: 0.7479 
2024-04-11 04:07:45,477 - MMSA [INFO] - TRAIN-(dicmor) [2/22/8] >> loss: 2.2884  Acc_2: 0.6980  F1_score: 0.6694  Acc_7: 0.5098  MAE: 0.7007 
2024-04-11 04:08:00,846 - MMSA [INFO] - VAL-(dicmor) >>  Acc_2: 0.6850  F1_score: 0.6407  Acc_7: 0.4768  MAE: 0.7107  Loss: 0.7107 
2024-04-11 04:08:35,063 - MMSA [INFO] - TEST-(dicmor) >>  Acc_2: 0.6824  F1_score: 0.6462  Acc_7: 0.4441  MAE: 0.7481  Loss: 0.7475 
2024-04-11 04:15:04,209 - MMSA [INFO] - TRAIN-(dicmor) [3/23/8] >> loss: 2.2057  Acc_2: 0.7148  F1_score: 0.6894  Acc_7: 0.5262  MAE: 0.6752 
2024-04-11 04:15:19,659 - MMSA [INFO] - VAL-(dicmor) >>  Acc_2: 0.6787  F1_score: 0.6591  Acc_7: 0.4650  MAE: 0.7224  Loss: 0.7224 
2024-04-11 04:15:54,384 - MMSA [INFO] - TEST-(dicmor) >>  Acc_2: 0.6855  F1_score: 0.6695  Acc_7: 0.4385  MAE: 0.7557  Loss: 0.7558 
2024-04-11 04:22:21,822 - MMSA [INFO] - TRAIN-(dicmor) [4/24/8] >> loss: 2.1713  Acc_2: 0.7247  F1_score: 0.7028  Acc_7: 0.5323  MAE: 0.6624 
2024-04-11 04:22:37,303 - MMSA [INFO] - VAL-(dicmor) >>  Acc_2: 0.6843  F1_score: 0.6440  Acc_7: 0.4580  MAE: 0.7225  Loss: 0.7226 
2024-04-11 04:23:11,756 - MMSA [INFO] - TEST-(dicmor) >>  Acc_2: 0.6844  F1_score: 0.6439  Acc_7: 0.4329  MAE: 0.7655  Loss: 0.7645 
2024-04-11 04:29:41,314 - MMSA [INFO] - TRAIN-(dicmor) [5/25/8] >> loss: 2.1254  Acc_2: 0.7221  F1_score: 0.6973  Acc_7: 0.5254  MAE: 0.6743 
2024-04-11 04:29:56,536 - MMSA [INFO] - VAL-(dicmor) >>  Acc_2: 0.6815  F1_score: 0.6514  Acc_7: 0.4623  MAE: 0.7150  Loss: 0.7152 
2024-04-11 04:30:31,189 - MMSA [INFO] - TEST-(dicmor) >>  Acc_2: 0.6846  F1_score: 0.6558  Acc_7: 0.4424  MAE: 0.7661  Loss: 0.7657 
2024-04-11 04:36:54,833 - MMSA [INFO] - TRAIN-(dicmor) [6/26/8] >> loss: 2.0796  Acc_2: 0.7129  F1_score: 0.6905  Acc_7: 0.5301  MAE: 0.6696 
2024-04-11 04:37:10,223 - MMSA [INFO] - VAL-(dicmor) >>  Acc_2: 0.6683  F1_score: 0.6579  Acc_7: 0.4693  MAE: 0.6982  Loss: 0.6981 
2024-04-11 04:37:44,048 - MMSA [INFO] - TEST-(dicmor) >>  Acc_2: 0.6698  F1_score: 0.6615  Acc_7: 0.4381  MAE: 0.7595  Loss: 0.7596 
2024-04-11 04:44:09,350 - MMSA [INFO] - TRAIN-(dicmor) [7/27/8] >> loss: 2.0761  Acc_2: 0.7209  F1_score: 0.6952  Acc_7: 0.5239  MAE: 0.6742 
2024-04-11 04:44:24,937 - MMSA [INFO] - VAL-(dicmor) >>  Acc_2: 0.6815  F1_score: 0.6419  Acc_7: 0.4703  MAE: 0.7248  Loss: 0.7250 
2024-04-11 04:44:59,638 - MMSA [INFO] - TEST-(dicmor) >>  Acc_2: 0.6970  F1_score: 0.6714  Acc_7: 0.4389  MAE: 0.7552  Loss: 0.7544 
2024-04-11 04:51:28,892 - MMSA [INFO] - TRAIN-(dicmor) [8/28/8] >> loss: 2.0617  Acc_2: 0.7194  F1_score: 0.6952  Acc_7: 0.5249  MAE: 0.6741 
2024-04-11 04:51:44,268 - MMSA [INFO] - VAL-(dicmor) >>  Acc_2: 0.7086  F1_score: 0.6767  Acc_7: 0.4778  MAE: 0.7000  Loss: 0.6999 
2024-04-11 04:52:18,664 - MMSA [INFO] - TEST-(dicmor) >>  Acc_2: 0.6849  F1_score: 0.6468  Acc_7: 0.4327  MAE: 0.7642  Loss: 0.7632 
2024-04-11 04:58:46,568 - MMSA [INFO] - TRAIN-(dicmor) [9/29/8] >> loss: 2.0206  Acc_2: 0.7268  F1_score: 0.7067  Acc_7: 0.5292  MAE: 0.6667 
2024-04-11 04:59:02,029 - MMSA [INFO] - VAL-(dicmor) >>  Acc_2: 0.6599  F1_score: 0.6403  Acc_7: 0.4645  MAE: 0.7167  Loss: 0.7168 
2024-04-11 04:59:36,510 - MMSA [INFO] - TEST-(dicmor) >>  Acc_2: 0.6747  F1_score: 0.6614  Acc_7: 0.4389  MAE: 0.7609  Loss: 0.7609 
2024-04-11 05:06:06,358 - MMSA [INFO] - TRAIN-(dicmor) [10/30/8] >> loss: 2.008  Acc_2: 0.7201  F1_score: 0.6999  Acc_7: 0.5283  MAE: 0.6697 
2024-04-11 05:06:21,947 - MMSA [INFO] - VAL-(dicmor) >>  Acc_2: 0.6850  F1_score: 0.6694  Acc_7: 0.4687  MAE: 0.7074  Loss: 0.7074 
2024-04-11 05:06:56,135 - MMSA [INFO] - TEST-(dicmor) >>  Acc_2: 0.6742  F1_score: 0.6595  Acc_7: 0.4342  MAE: 0.7651  Loss: 0.7642 
2024-04-11 05:07:34,559 - MMSA [INFO] - TEST-(dicmor) >>  Acc_2: 0.6805  F1_score: 0.6354  Acc_7: 0.4349  MAE: 0.7594  Loss: 0.7590 
2024-04-11 05:07:37,026 - MMSA [INFO] - train samples: (16326,)
2024-04-11 05:07:38,467 - MMSA [INFO] - valid samples: (1871,)
2024-04-11 05:07:39,889 - MMSA [INFO] - test samples: (4659,)
2024-04-11 05:13:54,320 - MMSA [INFO] - TRAIN-(dicmor) [1/1/9] >> loss: 5.3925  Acc_2: 0.6843  F1_score: 0.6509  Acc_7: 0.5131  MAE: 0.7000 
2024-04-11 05:14:09,264 - MMSA [INFO] - VAL-(dicmor) >>  Acc_2: 0.6787  F1_score: 0.6029  Acc_7: 0.4629  MAE: 0.7173  Loss: 0.7175 
2024-04-11 05:14:42,839 - MMSA [INFO] - TEST-(dicmor) >>  Acc_2: 0.6780  F1_score: 0.6110  Acc_7: 0.4443  MAE: 0.7610  Loss: 0.7604 
2024-04-11 05:21:06,617 - MMSA [INFO] - TRAIN-(dicmor) [1/2/9] >> loss: 4.4758  Acc_2: 0.6911  F1_score: 0.6518  Acc_7: 0.5110  MAE: 0.7014 
2024-04-11 05:21:21,793 - MMSA [INFO] - VAL-(dicmor) >>  Acc_2: 0.6752  F1_score: 0.5927  Acc_7: 0.4602  MAE: 0.7381  Loss: 0.7380 
2024-04-11 05:21:55,220 - MMSA [INFO] - TEST-(dicmor) >>  Acc_2: 0.6709  F1_score: 0.6036  Acc_7: 0.4261  MAE: 0.7724  Loss: 0.7713 
2024-04-11 05:28:17,257 - MMSA [INFO] - TRAIN-(dicmor) [2/3/9] >> loss: 4.1747  Acc_2: 0.6802  F1_score: 0.6399  Acc_7: 0.4999  MAE: 0.7166 
2024-04-11 05:28:32,239 - MMSA [INFO] - VAL-(dicmor) >>  Acc_2: 0.6697  F1_score: 0.6022  Acc_7: 0.4586  MAE: 0.7337  Loss: 0.7339 
2024-04-11 05:29:06,332 - MMSA [INFO] - TEST-(dicmor) >>  Acc_2: 0.6657  F1_score: 0.6074  Acc_7: 0.4314  MAE: 0.7739  Loss: 0.7719 
2024-04-11 05:35:31,651 - MMSA [INFO] - TRAIN-(dicmor) [3/4/9] >> loss: 3.9697  Acc_2: 0.7004  F1_score: 0.6629  Acc_7: 0.5246  MAE: 0.6810 
2024-04-11 05:35:46,861 - MMSA [INFO] - VAL-(dicmor) >>  Acc_2: 0.6864  F1_score: 0.6210  Acc_7: 0.4586  MAE: 0.7398  Loss: 0.7398 
2024-04-11 05:36:20,517 - MMSA [INFO] - TEST-(dicmor) >>  Acc_2: 0.6659  F1_score: 0.6052  Acc_7: 0.4269  MAE: 0.7824  Loss: 0.7811 
2024-04-11 05:42:47,797 - MMSA [INFO] - TRAIN-(dicmor) [4/5/9] >> loss: 3.8209  Acc_2: 0.6936  F1_score: 0.6528  Acc_7: 0.5115  MAE: 0.7012 
2024-04-11 05:43:02,901 - MMSA [INFO] - VAL-(dicmor) >>  Acc_2: 0.6815  F1_score: 0.6025  Acc_7: 0.4613  MAE: 0.7198  Loss: 0.7198 
2024-04-11 05:43:36,961 - MMSA [INFO] - TEST-(dicmor) >>  Acc_2: 0.6690  F1_score: 0.5944  Acc_7: 0.4319  MAE: 0.7754  Loss: 0.7750 
2024-04-11 05:50:03,762 - MMSA [INFO] - TRAIN-(dicmor) [5/6/9] >> loss: 3.6733  Acc_2: 0.6956  F1_score: 0.6572  Acc_7: 0.5195  MAE: 0.6872 
2024-04-11 05:50:19,038 - MMSA [INFO] - VAL-(dicmor) >>  Acc_2: 0.6947  F1_score: 0.6223  Acc_7: 0.4751  MAE: 0.6975  Loss: 0.6975 
2024-04-11 05:50:53,195 - MMSA [INFO] - TEST-(dicmor) >>  Acc_2: 0.6750  F1_score: 0.5999  Acc_7: 0.4340  MAE: 0.7660  Loss: 0.7643 
2024-04-11 05:57:25,009 - MMSA [INFO] - TRAIN-(dicmor) [1/7/9] >> loss: 3.5211  Acc_2: 0.7029  F1_score: 0.6671  Acc_7: 0.5261  MAE: 0.6784 
2024-04-11 05:57:40,207 - MMSA [INFO] - VAL-(dicmor) >>  Acc_2: 0.6759  F1_score: 0.6629  Acc_7: 0.4789  MAE: 0.7034  Loss: 0.7034 
2024-04-11 05:58:13,723 - MMSA [INFO] - TEST-(dicmor) >>  Acc_2: 0.6505  F1_score: 0.6365  Acc_7: 0.4366  MAE: 0.7735  Loss: 0.7734 
2024-04-11 06:04:35,770 - MMSA [INFO] - TRAIN-(dicmor) [2/8/9] >> loss: 3.3979  Acc_2: 0.7128  F1_score: 0.6819  Acc_7: 0.5398  MAE: 0.6612 
2024-04-11 06:04:51,077 - MMSA [INFO] - VAL-(dicmor) >>  Acc_2: 0.6273  F1_score: 0.6269  Acc_7: 0.4671  MAE: 0.7165  Loss: 0.7165 
2024-04-11 06:05:24,843 - MMSA [INFO] - TEST-(dicmor) >>  Acc_2: 0.6447  F1_score: 0.6429  Acc_7: 0.4443  MAE: 0.7680  Loss: 0.7681 
2024-04-11 06:11:51,287 - MMSA [INFO] - TRAIN-(dicmor) [3/9/9] >> loss: 3.2677  Acc_2: 0.7011  F1_score: 0.6698  Acc_7: 0.5213  MAE: 0.6846 
2024-04-11 06:12:06,472 - MMSA [INFO] - VAL-(dicmor) >>  Acc_2: 0.7017  F1_score: 0.6821  Acc_7: 0.4698  MAE: 0.7047  Loss: 0.7049 
2024-04-11 06:12:40,831 - MMSA [INFO] - TEST-(dicmor) >>  Acc_2: 0.6717  F1_score: 0.6485  Acc_7: 0.4349  MAE: 0.7653  Loss: 0.7656 
2024-04-11 06:19:09,258 - MMSA [INFO] - TRAIN-(dicmor) [4/10/9] >> loss: 3.1363  Acc_2: 0.7096  F1_score: 0.6770  Acc_7: 0.5336  MAE: 0.6652 
2024-04-11 06:19:24,727 - MMSA [INFO] - VAL-(dicmor) >>  Acc_2: 0.6968  F1_score: 0.6440  Acc_7: 0.4591  MAE: 0.7141  Loss: 0.7139 
2024-04-11 06:19:59,363 - MMSA [INFO] - TEST-(dicmor) >>  Acc_2: 0.6794  F1_score: 0.6279  Acc_7: 0.4319  MAE: 0.7710  Loss: 0.7705 
2024-04-11 06:26:29,624 - MMSA [INFO] - TRAIN-(dicmor) [5/11/9] >> loss: 3.0516  Acc_2: 0.6915  F1_score: 0.6543  Acc_7: 0.5081  MAE: 0.7025 
2024-04-11 06:26:45,065 - MMSA [INFO] - VAL-(dicmor) >>  Acc_2: 0.6759  F1_score: 0.6583  Acc_7: 0.4629  MAE: 0.7200  Loss: 0.7199 
2024-04-11 06:27:19,418 - MMSA [INFO] - TEST-(dicmor) >>  Acc_2: 0.6640  F1_score: 0.6502  Acc_7: 0.4374  MAE: 0.7596  Loss: 0.7594 
2024-04-11 06:33:43,878 - MMSA [INFO] - TRAIN-(dicmor) [6/12/9] >> loss: 2.9029  Acc_2: 0.7063  F1_score: 0.6759  Acc_7: 0.5262  MAE: 0.6726 
2024-04-11 06:33:59,241 - MMSA [INFO] - VAL-(dicmor) >>  Acc_2: 0.6864  F1_score: 0.6315  Acc_7: 0.4650  MAE: 0.7100  Loss: 0.7099 
2024-04-11 06:34:33,556 - MMSA [INFO] - TEST-(dicmor) >>  Acc_2: 0.6756  F1_score: 0.6262  Acc_7: 0.4413  MAE: 0.7607  Loss: 0.7599 
2024-04-11 06:41:00,668 - MMSA [INFO] - TRAIN-(dicmor) [7/13/9] >> loss: 2.8016  Acc_2: 0.7079  F1_score: 0.6750  Acc_7: 0.5195  MAE: 0.6863 
2024-04-11 06:41:16,111 - MMSA [INFO] - VAL-(dicmor) >>  Acc_2: 0.6711  F1_score: 0.6574  Acc_7: 0.4730  MAE: 0.6992  Loss: 0.6991 
2024-04-11 06:41:49,879 - MMSA [INFO] - TEST-(dicmor) >>  Acc_2: 0.6750  F1_score: 0.6614  Acc_7: 0.4357  MAE: 0.7693  Loss: 0.7698 
2024-04-11 06:48:18,459 - MMSA [INFO] - TRAIN-(dicmor) [8/14/9] >> loss: 2.7587  Acc_2: 0.6980  F1_score: 0.6674  Acc_7: 0.5138  MAE: 0.6921 
2024-04-11 06:48:33,937 - MMSA [INFO] - VAL-(dicmor) >>  Acc_2: 0.6752  F1_score: 0.6482  Acc_7: 0.4639  MAE: 0.7234  Loss: 0.7234 
2024-04-11 06:49:07,983 - MMSA [INFO] - TEST-(dicmor) >>  Acc_2: 0.6651  F1_score: 0.6384  Acc_7: 0.4310  MAE: 0.7722  Loss: 0.7708 
2024-04-11 06:55:38,987 - MMSA [INFO] - TRAIN-(dicmor) [9/15/9] >> loss: 2.6966  Acc_2: 0.6983  F1_score: 0.6664  Acc_7: 0.5104  MAE: 0.6953 
2024-04-11 06:55:54,275 - MMSA [INFO] - VAL-(dicmor) >>  Acc_2: 0.6502  F1_score: 0.6474  Acc_7: 0.4671  MAE: 0.7215  Loss: 0.7214 
2024-04-11 06:56:28,273 - MMSA [INFO] - TEST-(dicmor) >>  Acc_2: 0.6475  F1_score: 0.6443  Acc_7: 0.4306  MAE: 0.7787  Loss: 0.7784 
2024-04-11 07:02:56,488 - MMSA [INFO] - TRAIN-(dicmor) [10/16/9] >> loss: 2.6241  Acc_2: 0.7145  F1_score: 0.6856  Acc_7: 0.5338  MAE: 0.6693 
2024-04-11 07:03:12,066 - MMSA [INFO] - VAL-(dicmor) >>  Acc_2: 0.7065  F1_score: 0.6641  Acc_7: 0.4703  MAE: 0.7070  Loss: 0.7070 
2024-04-11 07:03:46,685 - MMSA [INFO] - TEST-(dicmor) >>  Acc_2: 0.6764  F1_score: 0.6282  Acc_7: 0.4387  MAE: 0.7623  Loss: 0.7610 
2024-04-11 07:04:25,757 - MMSA [INFO] - TEST-(dicmor) >>  Acc_2: 0.6662  F1_score: 0.5828  Acc_7: 0.4316  MAE: 0.7836  Loss: 0.7840 
2024-04-11 07:04:26,893 - MMSA [INFO] - Results saved to result/IIML/mr_07/226/normal/mosei.csv.
